-- Found ament_cmake: 2.5.4 (/opt/ros/jazzy/share/ament_cmake/cmake)
-- Found Python3: /home/jongbob/venv/arm_venv/bin/python3 (found version "3.12.3") found components: Interpreter 
-- Found rosidl_default_generators: 1.6.0 (/opt/ros/jazzy/share/rosidl_default_generators/cmake)
-- Using all available rosidl_typesupport_c: rosidl_typesupport_fastrtps_c;rosidl_typesupport_introspection_c
-- Using all available rosidl_typesupport_cpp: rosidl_typesupport_fastrtps_cpp;rosidl_typesupport_introspection_cpp
-- Found rosidl_adapter: 4.6.6 (/opt/ros/jazzy/share/rosidl_adapter/cmake)
-- Found ament_cmake_ros: 0.12.0 (/opt/ros/jazzy/share/ament_cmake_ros/cmake)
-- Using all available rosidl_typesupport_c: rosidl_typesupport_fastrtps_c;rosidl_typesupport_introspection_c
-- Using all available rosidl_typesupport_cpp: rosidl_typesupport_fastrtps_cpp;rosidl_typesupport_introspection_cpp
-- Found python_cmake_module: 0.11.1 (/opt/ros/jazzy/share/python_cmake_module/cmake)
-- Found Python3: /home/jongbob/venv/arm_venv/bin/python3 (found version "3.12.3") found components: Interpreter Development NumPy Development.Module Development.Embed 
-- Configuring done (0.8s)
-- Generating done (0.0s)
-- Build files have been written to: /home/jongbob/dev_ws/ros2-study/week1_ros2_basics/src/build/simple_communication
[  2%] Built target simple_communication__rosidl_generator_type_description
[  2%] Built target ament_cmake_python_copy_simple_communication
[  5%] Built target simple_communication__cpp
[ 20%] Built target simple_communication__rosidl_generator_c
[ 29%] Built target simple_communication__rosidl_typesupport_c
[ 38%] Built target simple_communication__rosidl_typesupport_cpp
[ 47%] Built target simple_communication__rosidl_typesupport_fastrtps_c
[ 55%] Built target simple_communication__rosidl_typesupport_fastrtps_cpp
[ 64%] Built target simple_communication__rosidl_typesupport_introspection_c
[ 73%] Built target simple_communication__rosidl_typesupport_introspection_cpp
[ 73%] Built target simple_communication
[ 76%] Built target simple_communication__py
[ 82%] Built target simple_communication__rosidl_generator_py
[ 88%] Built target simple_communication_s__rosidl_typesupport_c
[ 94%] Built target simple_communication_s__rosidl_typesupport_fastrtps_c
[100%] Built target simple_communication_s__rosidl_typesupport_introspection_c
running egg_info
writing simple_communication.egg-info/PKG-INFO
writing dependency_links to simple_communication.egg-info/dependency_links.txt
writing top-level names to simple_communication.egg-info/top_level.txt
reading manifest file 'simple_communication.egg-info/SOURCES.txt'
writing manifest file 'simple_communication.egg-info/SOURCES.txt'
[100%] Built target ament_cmake_python_build_simple_communication_egg
-- Install configuration: ""
-- Up-to-date: /home/jongbob/dev_ws/ros2-study/week1_ros2_basics/src/install/simple_communication/share/ament_index/resource_index/rosidl_interfaces/simple_communication
-- Up-to-date: /home/jongbob/dev_ws/ros2-study/week1_ros2_basics/src/install/simple_communication/share/simple_communication/srv/GetRobotInfo.json
-- Up-to-date: /home/jongbob/dev_ws/ros2-study/week1_ros2_basics/src/install/simple_communication/include/simple_communication/simple_communication
-- Up-to-date: /home/jongbob/dev_ws/ros2-study/week1_ros2_basics/src/install/simple_communication/include/simple_communication/simple_communication/msg
-- Up-to-date: /home/jongbob/dev_ws/ros2-study/week1_ros2_basics/src/install/simple_communication/include/simple_communication/simple_communication/msg/rosidl_generator_c__visibility_control.h
-- Up-to-date: /home/jongbob/dev_ws/ros2-study/week1_ros2_basics/src/install/simple_communication/include/simple_communication/simple_communication/srv
-- Up-to-date: /home/jongbob/dev_ws/ros2-study/week1_ros2_basics/src/install/simple_communication/include/simple_communication/simple_communication/srv/get_robot_info.h
-- Up-to-date: /home/jongbob/dev_ws/ros2-study/week1_ros2_basics/src/install/simple_communication/include/simple_communication/simple_communication/srv/detail
-- Up-to-date: /home/jongbob/dev_ws/ros2-study/week1_ros2_basics/src/install/simple_communication/include/simple_communication/simple_communication/srv/detail/get_robot_info__struct.h
-- Up-to-date: /home/jongbob/dev_ws/ros2-study/week1_ros2_basics/src/install/simple_communication/include/simple_communication/simple_communication/srv/detail/get_robot_info__type_support.c
-- Up-to-date: /home/jongbob/dev_ws/ros2-study/week1_ros2_basics/src/install/simple_communication/include/simple_communication/simple_communication/srv/detail/get_robot_info__functions.c
-- Up-to-date: /home/jongbob/dev_ws/ros2-study/week1_ros2_basics/src/install/simple_communication/include/simple_communication/simple_communication/srv/detail/get_robot_info__type_support.h
-- Up-to-date: /home/jongbob/dev_ws/ros2-study/week1_ros2_basics/src/install/simple_communication/include/simple_communication/simple_communication/srv/detail/get_robot_info__description.c
-- Up-to-date: /home/jongbob/dev_ws/ros2-study/week1_ros2_basics/src/install/simple_communication/include/simple_communication/simple_communication/srv/detail/get_robot_info__functions.h
-- Up-to-date: /home/jongbob/dev_ws/ros2-study/week1_ros2_basics/src/install/simple_communication/share/simple_communication/environment/library_path.sh
-- Up-to-date: /home/jongbob/dev_ws/ros2-study/week1_ros2_basics/src/install/simple_communication/share/simple_communication/environment/library_path.dsv
-- Up-to-date: /home/jongbob/dev_ws/ros2-study/week1_ros2_basics/src/install/simple_communication/lib/libsimple_communication__rosidl_generator_c.so
-- Up-to-date: /home/jongbob/dev_ws/ros2-study/week1_ros2_basics/src/install/simple_communication/include/simple_communication/simple_communication
-- Up-to-date: /home/jongbob/dev_ws/ros2-study/week1_ros2_basics/src/install/simple_communication/include/simple_communication/simple_communication/msg
-- Up-to-date: /home/jongbob/dev_ws/ros2-study/week1_ros2_basics/src/install/simple_communication/include/simple_communication/simple_communication/msg/rosidl_typesupport_fastrtps_c__visibility_control.h
-- Up-to-date: /home/jongbob/dev_ws/ros2-study/week1_ros2_basics/src/install/simple_communication/include/simple_communication/simple_communication/srv
-- Up-to-date: /home/jongbob/dev_ws/ros2-study/week1_ros2_basics/src/install/simple_communication/include/simple_communication/simple_communication/srv/detail
-- Up-to-date: /home/jongbob/dev_ws/ros2-study/week1_ros2_basics/src/install/simple_communication/include/simple_communication/simple_communication/srv/detail/get_robot_info__rosidl_typesupport_fastrtps_c.h
-- Up-to-date: /home/jongbob/dev_ws/ros2-study/week1_ros2_basics/src/install/simple_communication/lib/libsimple_communication__rosidl_typesupport_fastrtps_c.so
-- Up-to-date: /home/jongbob/dev_ws/ros2-study/week1_ros2_basics/src/install/simple_communication/include/simple_communication/simple_communication
-- Up-to-date: /home/jongbob/dev_ws/ros2-study/week1_ros2_basics/src/install/simple_communication/include/simple_communication/simple_communication/msg
-- Up-to-date: /home/jongbob/dev_ws/ros2-study/week1_ros2_basics/src/install/simple_communication/include/simple_communication/simple_communication/msg/rosidl_typesupport_introspection_c__visibility_control.h
-- Up-to-date: /home/jongbob/dev_ws/ros2-study/week1_ros2_basics/src/install/simple_communication/include/simple_communication/simple_communication/srv
-- Up-to-date: /home/jongbob/dev_ws/ros2-study/week1_ros2_basics/src/install/simple_communication/include/simple_communication/simple_communication/srv/detail
-- Up-to-date: /home/jongbob/dev_ws/ros2-study/week1_ros2_basics/src/install/simple_communication/include/simple_communication/simple_communication/srv/detail/get_robot_info__type_support.c
-- Up-to-date: /home/jongbob/dev_ws/ros2-study/week1_ros2_basics/src/install/simple_communication/include/simple_communication/simple_communication/srv/detail/get_robot_info__rosidl_typesupport_introspection_c.h
-- Up-to-date: /home/jongbob/dev_ws/ros2-study/week1_ros2_basics/src/install/simple_communication/lib/libsimple_communication__rosidl_typesupport_introspection_c.so
-- Up-to-date: /home/jongbob/dev_ws/ros2-study/week1_ros2_basics/src/install/simple_communication/lib/libsimple_communication__rosidl_typesupport_c.so
-- Up-to-date: /home/jongbob/dev_ws/ros2-study/week1_ros2_basics/src/install/simple_communication/include/simple_communication/simple_communication
-- Up-to-date: /home/jongbob/dev_ws/ros2-study/week1_ros2_basics/src/install/simple_communication/include/simple_communication/simple_communication/msg
-- Up-to-date: /home/jongbob/dev_ws/ros2-study/week1_ros2_basics/src/install/simple_communication/include/simple_communication/simple_communication/msg/rosidl_generator_cpp__visibility_control.hpp
-- Up-to-date: /home/jongbob/dev_ws/ros2-study/week1_ros2_basics/src/install/simple_communication/include/simple_communication/simple_communication/srv
-- Up-to-date: /home/jongbob/dev_ws/ros2-study/week1_ros2_basics/src/install/simple_communication/include/simple_communication/simple_communication/srv/detail
-- Up-to-date: /home/jongbob/dev_ws/ros2-study/week1_ros2_basics/src/install/simple_communication/include/simple_communication/simple_communication/srv/detail/get_robot_info__builder.hpp
-- Up-to-date: /home/jongbob/dev_ws/ros2-study/week1_ros2_basics/src/install/simple_communication/include/simple_communication/simple_communication/srv/detail/get_robot_info__traits.hpp
-- Up-to-date: /home/jongbob/dev_ws/ros2-study/week1_ros2_basics/src/install/simple_communication/include/simple_communication/simple_communication/srv/detail/get_robot_info__type_support.hpp
-- Up-to-date: /home/jongbob/dev_ws/ros2-study/week1_ros2_basics/src/install/simple_communication/include/simple_communication/simple_communication/srv/detail/get_robot_info__struct.hpp
-- Up-to-date: /home/jongbob/dev_ws/ros2-study/week1_ros2_basics/src/install/simple_communication/include/simple_communication/simple_communication/srv/get_robot_info.hpp
-- Up-to-date: /home/jongbob/dev_ws/ros2-study/week1_ros2_basics/src/install/simple_communication/include/simple_communication/simple_communication
-- Up-to-date: /home/jongbob/dev_ws/ros2-study/week1_ros2_basics/src/install/simple_communication/include/simple_communication/simple_communication/msg
-- Up-to-date: /home/jongbob/dev_ws/ros2-study/week1_ros2_basics/src/install/simple_communication/include/simple_communication/simple_communication/msg/rosidl_typesupport_fastrtps_cpp__visibility_control.h
-- Up-to-date: /home/jongbob/dev_ws/ros2-study/week1_ros2_basics/src/install/simple_communication/include/simple_communication/simple_communication/srv
-- Up-to-date: /home/jongbob/dev_ws/ros2-study/week1_ros2_basics/src/install/simple_communication/include/simple_communication/simple_communication/srv/detail
-- Up-to-date: /home/jongbob/dev_ws/ros2-study/week1_ros2_basics/src/install/simple_communication/include/simple_communication/simple_communication/srv/detail/dds_fastrtps
-- Up-to-date: /home/jongbob/dev_ws/ros2-study/week1_ros2_basics/src/install/simple_communication/include/simple_communication/simple_communication/srv/detail/get_robot_info__rosidl_typesupport_fastrtps_cpp.hpp
-- Up-to-date: /home/jongbob/dev_ws/ros2-study/week1_ros2_basics/src/install/simple_communication/lib/libsimple_communication__rosidl_typesupport_fastrtps_cpp.so
-- Up-to-date: /home/jongbob/dev_ws/ros2-study/week1_ros2_basics/src/install/simple_communication/include/simple_communication/simple_communication
-- Up-to-date: /home/jongbob/dev_ws/ros2-study/week1_ros2_basics/src/install/simple_communication/include/simple_communication/simple_communication/srv
-- Up-to-date: /home/jongbob/dev_ws/ros2-study/week1_ros2_basics/src/install/simple_communication/include/simple_communication/simple_communication/srv/detail
-- Up-to-date: /home/jongbob/dev_ws/ros2-study/week1_ros2_basics/src/install/simple_communication/include/simple_communication/simple_communication/srv/detail/get_robot_info__rosidl_typesupport_introspection_cpp.hpp
-- Up-to-date: /home/jongbob/dev_ws/ros2-study/week1_ros2_basics/src/install/simple_communication/include/simple_communication/simple_communication/srv/detail/get_robot_info__type_support.cpp
-- Up-to-date: /home/jongbob/dev_ws/ros2-study/week1_ros2_basics/src/install/simple_communication/lib/libsimple_communication__rosidl_typesupport_introspection_cpp.so
-- Up-to-date: /home/jongbob/dev_ws/ros2-study/week1_ros2_basics/src/install/simple_communication/lib/libsimple_communication__rosidl_typesupport_cpp.so
-- Up-to-date: /home/jongbob/dev_ws/ros2-study/week1_ros2_basics/src/install/simple_communication/share/simple_communication/environment/pythonpath.sh
-- Up-to-date: /home/jongbob/dev_ws/ros2-study/week1_ros2_basics/src/install/simple_communication/share/simple_communication/environment/pythonpath.dsv
-- Up-to-date: /home/jongbob/dev_ws/ros2-study/week1_ros2_basics/src/install/simple_communication/lib/python3.12/site-packages/simple_communication-0.0.0-py3.12.egg-info
-- Installing: /home/jongbob/dev_ws/ros2-study/week1_ros2_basics/src/install/simple_communication/lib/python3.12/site-packages/simple_communication-0.0.0-py3.12.egg-info/dependency_links.txt
-- Installing: /home/jongbob/dev_ws/ros2-study/week1_ros2_basics/src/install/simple_communication/lib/python3.12/site-packages/simple_communication-0.0.0-py3.12.egg-info/SOURCES.txt
-- Installing: /home/jongbob/dev_ws/ros2-study/week1_ros2_basics/src/install/simple_communication/lib/python3.12/site-packages/simple_communication-0.0.0-py3.12.egg-info/top_level.txt
-- Installing: /home/jongbob/dev_ws/ros2-study/week1_ros2_basics/src/install/simple_communication/lib/python3.12/site-packages/simple_communication-0.0.0-py3.12.egg-info/PKG-INFO
-- Up-to-date: /home/jongbob/dev_ws/ros2-study/week1_ros2_basics/src/install/simple_communication/lib/python3.12/site-packages/simple_communication
-- Up-to-date: /home/jongbob/dev_ws/ros2-study/week1_ros2_basics/src/install/simple_communication/lib/python3.12/site-packages/simple_communication/_simple_communication_s.ep.rosidl_typesupport_c.c
-- Installing: /home/jongbob/dev_ws/ros2-study/week1_ros2_basics/src/install/simple_communication/lib/python3.12/site-packages/simple_communication/__init__.py
-- Up-to-date: /home/jongbob/dev_ws/ros2-study/week1_ros2_basics/src/install/simple_communication/lib/python3.12/site-packages/simple_communication/simple_communication_s__rosidl_typesupport_fastrtps_c.so
-- Up-to-date: /home/jongbob/dev_ws/ros2-study/week1_ros2_basics/src/install/simple_communication/lib/python3.12/site-packages/simple_communication/_simple_communication_s.ep.rosidl_typesupport_fastrtps_c.c
-- Up-to-date: /home/jongbob/dev_ws/ros2-study/week1_ros2_basics/src/install/simple_communication/lib/python3.12/site-packages/simple_communication/simple_communication_s__rosidl_typesupport_c.so
-- Up-to-date: /home/jongbob/dev_ws/ros2-study/week1_ros2_basics/src/install/simple_communication/lib/python3.12/site-packages/simple_communication/srv
-- Up-to-date: /home/jongbob/dev_ws/ros2-study/week1_ros2_basics/src/install/simple_communication/lib/python3.12/site-packages/simple_communication/srv/_get_robot_info.py
-- Up-to-date: /home/jongbob/dev_ws/ros2-study/week1_ros2_basics/src/install/simple_communication/lib/python3.12/site-packages/simple_communication/srv/__init__.py
-- Up-to-date: /home/jongbob/dev_ws/ros2-study/week1_ros2_basics/src/install/simple_communication/lib/python3.12/site-packages/simple_communication/srv/_get_robot_info_s.c
-- Up-to-date: /home/jongbob/dev_ws/ros2-study/week1_ros2_basics/src/install/simple_communication/lib/python3.12/site-packages/simple_communication/simple_communication_s__rosidl_typesupport_introspection_c.so
-- Up-to-date: /home/jongbob/dev_ws/ros2-study/week1_ros2_basics/src/install/simple_communication/lib/python3.12/site-packages/simple_communication/_simple_communication_s.ep.rosidl_typesupport_introspection_c.c
Listing '/home/jongbob/dev_ws/ros2-study/week1_ros2_basics/src/install/simple_communication/lib/python3.12/site-packages/simple_communication'...
Compiling '/home/jongbob/dev_ws/ros2-study/week1_ros2_basics/src/install/simple_communication/lib/python3.12/site-packages/simple_communication/__init__.py'...
Listing '/home/jongbob/dev_ws/ros2-study/week1_ros2_basics/src/install/simple_communication/lib/python3.12/site-packages/simple_communication/srv'...
-- Up-to-date: /home/jongbob/dev_ws/ros2-study/week1_ros2_basics/src/install/simple_communication/lib/python3.12/site-packages/simple_communication/simple_communication_s__rosidl_typesupport_fastrtps_c.so
-- Up-to-date: /home/jongbob/dev_ws/ros2-study/week1_ros2_basics/src/install/simple_communication/lib/python3.12/site-packages/simple_communication/simple_communication_s__rosidl_typesupport_introspection_c.so
-- Up-to-date: /home/jongbob/dev_ws/ros2-study/week1_ros2_basics/src/install/simple_communication/lib/python3.12/site-packages/simple_communication/simple_communication_s__rosidl_typesupport_c.so
-- Up-to-date: /home/jongbob/dev_ws/ros2-study/week1_ros2_basics/src/install/simple_communication/lib/libsimple_communication__rosidl_generator_py.so
-- Up-to-date: /home/jongbob/dev_ws/ros2-study/week1_ros2_basics/src/install/simple_communication/share/simple_communication/srv/GetRobotInfo.idl
-- Up-to-date: /home/jongbob/dev_ws/ros2-study/week1_ros2_basics/src/install/simple_communication/share/simple_communication/srv/GetRobotInfo.srv
-- Installing: /home/jongbob/dev_ws/ros2-study/week1_ros2_basics/src/install/simple_communication/share/ament_index/resource_index/package_run_dependencies/simple_communication
-- Installing: /home/jongbob/dev_ws/ros2-study/week1_ros2_basics/src/install/simple_communication/share/ament_index/resource_index/parent_prefix_path/simple_communication
-- Up-to-date: /home/jongbob/dev_ws/ros2-study/week1_ros2_basics/src/install/simple_communication/share/simple_communication/environment/ament_prefix_path.sh
-- Up-to-date: /home/jongbob/dev_ws/ros2-study/week1_ros2_basics/src/install/simple_communication/share/simple_communication/environment/ament_prefix_path.dsv
-- Up-to-date: /home/jongbob/dev_ws/ros2-study/week1_ros2_basics/src/install/simple_communication/share/simple_communication/environment/path.sh
-- Up-to-date: /home/jongbob/dev_ws/ros2-study/week1_ros2_basics/src/install/simple_communication/share/simple_communication/environment/path.dsv
-- Up-to-date: /home/jongbob/dev_ws/ros2-study/week1_ros2_basics/src/install/simple_communication/share/simple_communication/local_setup.bash
-- Up-to-date: /home/jongbob/dev_ws/ros2-study/week1_ros2_basics/src/install/simple_communication/share/simple_communication/local_setup.sh
-- Up-to-date: /home/jongbob/dev_ws/ros2-study/week1_ros2_basics/src/install/simple_communication/share/simple_communication/local_setup.zsh
-- Up-to-date: /home/jongbob/dev_ws/ros2-study/week1_ros2_basics/src/install/simple_communication/share/simple_communication/local_setup.dsv
-- Installing: /home/jongbob/dev_ws/ros2-study/week1_ros2_basics/src/install/simple_communication/share/simple_communication/package.dsv
-- Up-to-date: /home/jongbob/dev_ws/ros2-study/week1_ros2_basics/src/install/simple_communication/share/ament_index/resource_index/packages/simple_communication
-- Up-to-date: /home/jongbob/dev_ws/ros2-study/week1_ros2_basics/src/install/simple_communication/share/simple_communication/cmake/export_simple_communication__rosidl_generator_cExport.cmake
-- Up-to-date: /home/jongbob/dev_ws/ros2-study/week1_ros2_basics/src/install/simple_communication/share/simple_communication/cmake/export_simple_communication__rosidl_generator_cExport-noconfig.cmake
-- Up-to-date: /home/jongbob/dev_ws/ros2-study/week1_ros2_basics/src/install/simple_communication/share/simple_communication/cmake/export_simple_communication__rosidl_typesupport_fastrtps_cExport.cmake
-- Up-to-date: /home/jongbob/dev_ws/ros2-study/week1_ros2_basics/src/install/simple_communication/share/simple_communication/cmake/export_simple_communication__rosidl_typesupport_fastrtps_cExport-noconfig.cmake
-- Up-to-date: /home/jongbob/dev_ws/ros2-study/week1_ros2_basics/src/install/simple_communication/share/simple_communication/cmake/simple_communication__rosidl_typesupport_introspection_cExport.cmake
-- Up-to-date: /home/jongbob/dev_ws/ros2-study/week1_ros2_basics/src/install/simple_communication/share/simple_communication/cmake/simple_communication__rosidl_typesupport_introspection_cExport-noconfig.cmake
-- Up-to-date: /home/jongbob/dev_ws/ros2-study/week1_ros2_basics/src/install/simple_communication/share/simple_communication/cmake/simple_communication__rosidl_typesupport_cExport.cmake
-- Up-to-date: /home/jongbob/dev_ws/ros2-study/week1_ros2_basics/src/install/simple_communication/share/simple_communication/cmake/simple_communication__rosidl_typesupport_cExport-noconfig.cmake
-- Up-to-date: /home/jongbob/dev_ws/ros2-study/week1_ros2_basics/src/install/simple_communication/share/simple_communication/cmake/export_simple_communication__rosidl_generator_cppExport.cmake
-- Up-to-date: /home/jongbob/dev_ws/ros2-study/week1_ros2_basics/src/install/simple_communication/share/simple_communication/cmake/export_simple_communication__rosidl_typesupport_fastrtps_cppExport.cmake
-- Up-to-date: /home/jongbob/dev_ws/ros2-study/week1_ros2_basics/src/install/simple_communication/share/simple_communication/cmake/export_simple_communication__rosidl_typesupport_fastrtps_cppExport-noconfig.cmake
-- Up-to-date: /home/jongbob/dev_ws/ros2-study/week1_ros2_basics/src/install/simple_communication/share/simple_communication/cmake/simple_communication__rosidl_typesupport_introspection_cppExport.cmake
-- Up-to-date: /home/jongbob/dev_ws/ros2-study/week1_ros2_basics/src/install/simple_communication/share/simple_communication/cmake/simple_communication__rosidl_typesupport_introspection_cppExport-noconfig.cmake
-- Up-to-date: /home/jongbob/dev_ws/ros2-study/week1_ros2_basics/src/install/simple_communication/share/simple_communication/cmake/simple_communication__rosidl_typesupport_cppExport.cmake
-- Up-to-date: /home/jongbob/dev_ws/ros2-study/week1_ros2_basics/src/install/simple_communication/share/simple_communication/cmake/simple_communication__rosidl_typesupport_cppExport-noconfig.cmake
-- Up-to-date: /home/jongbob/dev_ws/ros2-study/week1_ros2_basics/src/install/simple_communication/share/simple_communication/cmake/export_simple_communication__rosidl_generator_pyExport.cmake
-- Up-to-date: /home/jongbob/dev_ws/ros2-study/week1_ros2_basics/src/install/simple_communication/share/simple_communication/cmake/export_simple_communication__rosidl_generator_pyExport-noconfig.cmake
-- Up-to-date: /home/jongbob/dev_ws/ros2-study/week1_ros2_basics/src/install/simple_communication/share/simple_communication/cmake/rosidl_cmake-extras.cmake
-- Up-to-date: /home/jongbob/dev_ws/ros2-study/week1_ros2_basics/src/install/simple_communication/share/simple_communication/cmake/ament_cmake_export_dependencies-extras.cmake
-- Up-to-date: /home/jongbob/dev_ws/ros2-study/week1_ros2_basics/src/install/simple_communication/share/simple_communication/cmake/ament_cmake_export_include_directories-extras.cmake
-- Up-to-date: /home/jongbob/dev_ws/ros2-study/week1_ros2_basics/src/install/simple_communication/share/simple_communication/cmake/ament_cmake_export_libraries-extras.cmake
-- Up-to-date: /home/jongbob/dev_ws/ros2-study/week1_ros2_basics/src/install/simple_communication/share/simple_communication/cmake/ament_cmake_export_targets-extras.cmake
-- Up-to-date: /home/jongbob/dev_ws/ros2-study/week1_ros2_basics/src/install/simple_communication/share/simple_communication/cmake/rosidl_cmake_export_typesupport_targets-extras.cmake
-- Up-to-date: /home/jongbob/dev_ws/ros2-study/week1_ros2_basics/src/install/simple_communication/share/simple_communication/cmake/rosidl_cmake_export_typesupport_libraries-extras.cmake
-- Up-to-date: /home/jongbob/dev_ws/ros2-study/week1_ros2_basics/src/install/simple_communication/share/simple_communication/cmake/simple_communicationConfig.cmake
-- Up-to-date: /home/jongbob/dev_ws/ros2-study/week1_ros2_basics/src/install/simple_communication/share/simple_communication/cmake/simple_communicationConfig-version.cmake
-- Installing: /home/jongbob/dev_ws/ros2-study/week1_ros2_basics/src/install/simple_communication/share/simple_communication/package.xml
