[0.153s] Invoking command in '/home/jongbob/dev_ws/ros2-study/week1_ros2_basics/src/build/simple_communication': DEBUGINFOD_URLS=https://debuginfod.ubuntu.com PS1=(arm_venv) \[\e[1;34m\](ID: ${ROS_DOMAIN_ID:-0})\[\e[1;32m\]\u\[\e[0m\]:\[\e[1;34m\]\w\[\e[0m\]$ VIRTUAL_ENV_PROMPT=(arm_venv) /usr/bin/cmake --build /home/jongbob/dev_ws/ros2-study/week1_ros2_basics/src/build/simple_communication -- -j8 -l8
[0.171s] -- Found ament_cmake: 2.5.4 (/opt/ros/jazzy/share/ament_cmake/cmake)
[0.186s] -- Found Python3: /home/jongbob/venv/arm_venv/bin/python3 (found version "3.12.3") found components: Interpreter 
[0.243s] -- Found rosidl_default_generators: 1.6.0 (/opt/ros/jazzy/share/rosidl_default_generators/cmake)
[0.245s] -- Using all available rosidl_typesupport_c: rosidl_typesupport_fastrtps_c;rosidl_typesupport_introspection_c
[0.270s] -- Using all available rosidl_typesupport_cpp: rosidl_typesupport_fastrtps_cpp;rosidl_typesupport_introspection_cpp
[0.289s] -- Found rosidl_adapter: 4.6.6 (/opt/ros/jazzy/share/rosidl_adapter/cmake)
[0.490s] -- Found ament_cmake_ros: 0.12.0 (/opt/ros/jazzy/share/ament_cmake_ros/cmake)
[0.586s] -- Using all available rosidl_typesupport_c: rosidl_typesupport_fastrtps_c;rosidl_typesupport_introspection_c
[0.669s] -- Using all available rosidl_typesupport_cpp: rosidl_typesupport_fastrtps_cpp;rosidl_typesupport_introspection_cpp
[0.670s] -- Found python_cmake_module: 0.11.1 (/opt/ros/jazzy/share/python_cmake_module/cmake)
[0.933s] -- Found Python3: /home/jongbob/venv/arm_venv/bin/python3 (found version "3.12.3") found components: Interpreter Development NumPy Development.Module Development.Embed 
[0.943s] -- Configuring done (0.8s)
[0.964s] -- Generating done (0.0s)
[0.972s] -- Build files have been written to: /home/jongbob/dev_ws/ros2-study/week1_ros2_basics/src/build/simple_communication
[1.000s] [  2%] Built target simple_communication__rosidl_generator_type_description
[1.007s] [  2%] Built target ament_cmake_python_copy_simple_communication
[1.015s] [  5%] Built target simple_communication__cpp
[1.017s] [ 20%] Built target simple_communication__rosidl_generator_c
[1.043s] [ 29%] Built target simple_communication__rosidl_typesupport_c
[1.043s] [ 38%] Built target simple_communication__rosidl_typesupport_cpp
[1.044s] [ 47%] Built target simple_communication__rosidl_typesupport_fastrtps_c
[1.045s] [ 55%] Built target simple_communication__rosidl_typesupport_fastrtps_cpp
[1.045s] [ 64%] Built target simple_communication__rosidl_typesupport_introspection_c
[1.047s] [ 73%] Built target simple_communication__rosidl_typesupport_introspection_cpp
[1.062s] [ 73%] Built target simple_communication
[1.079s] [ 76%] Built target simple_communication__py
[1.099s] [ 82%] Built target simple_communication__rosidl_generator_py
[1.121s] [ 88%] Built target simple_communication_s__rosidl_typesupport_c
[1.123s] [ 94%] Built target simple_communication_s__rosidl_typesupport_fastrtps_c
[1.125s] [100%] Built target simple_communication_s__rosidl_typesupport_introspection_c
[1.299s] running egg_info
[1.323s] writing simple_communication.egg-info/PKG-INFO
[1.324s] writing dependency_links to simple_communication.egg-info/dependency_links.txt
[1.324s] writing top-level names to simple_communication.egg-info/top_level.txt
[1.386s] reading manifest file 'simple_communication.egg-info/SOURCES.txt'
[1.387s] writing manifest file 'simple_communication.egg-info/SOURCES.txt'
[1.420s] [100%] Built target ament_cmake_python_build_simple_communication_egg
[1.429s] Invoked command in '/home/jongbob/dev_ws/ros2-study/week1_ros2_basics/src/build/simple_communication' returned '0': DEBUGINFOD_URLS=https://debuginfod.ubuntu.com PS1=(arm_venv) \[\e[1;34m\](ID: ${ROS_DOMAIN_ID:-0})\[\e[1;32m\]\u\[\e[0m\]:\[\e[1;34m\]\w\[\e[0m\]$ VIRTUAL_ENV_PROMPT=(arm_venv) /usr/bin/cmake --build /home/jongbob/dev_ws/ros2-study/week1_ros2_basics/src/build/simple_communication -- -j8 -l8
[1.437s] Invoking command in '/home/jongbob/dev_ws/ros2-study/week1_ros2_basics/src/build/simple_communication': DEBUGINFOD_URLS=https://debuginfod.ubuntu.com PS1=(arm_venv) \[\e[1;34m\](ID: ${ROS_DOMAIN_ID:-0})\[\e[1;32m\]\u\[\e[0m\]:\[\e[1;34m\]\w\[\e[0m\]$ VIRTUAL_ENV_PROMPT=(arm_venv) /usr/bin/cmake --install /home/jongbob/dev_ws/ros2-study/week1_ros2_basics/src/build/simple_communication
[1.443s] -- Install configuration: ""
[1.443s] -- Up-to-date: /home/jongbob/dev_ws/ros2-study/week1_ros2_basics/src/install/simple_communication/share/ament_index/resource_index/rosidl_interfaces/simple_communication
[1.443s] -- Up-to-date: /home/jongbob/dev_ws/ros2-study/week1_ros2_basics/src/install/simple_communication/share/simple_communication/srv/GetRobotInfo.json
[1.443s] -- Up-to-date: /home/jongbob/dev_ws/ros2-study/week1_ros2_basics/src/install/simple_communication/include/simple_communication/simple_communication
[1.443s] -- Up-to-date: /home/jongbob/dev_ws/ros2-study/week1_ros2_basics/src/install/simple_communication/include/simple_communication/simple_communication/msg
[1.443s] -- Up-to-date: /home/jongbob/dev_ws/ros2-study/week1_ros2_basics/src/install/simple_communication/include/simple_communication/simple_communication/msg/rosidl_generator_c__visibility_control.h
[1.443s] -- Up-to-date: /home/jongbob/dev_ws/ros2-study/week1_ros2_basics/src/install/simple_communication/include/simple_communication/simple_communication/srv
[1.444s] -- Up-to-date: /home/jongbob/dev_ws/ros2-study/week1_ros2_basics/src/install/simple_communication/include/simple_communication/simple_communication/srv/get_robot_info.h
[1.444s] -- Up-to-date: /home/jongbob/dev_ws/ros2-study/week1_ros2_basics/src/install/simple_communication/include/simple_communication/simple_communication/srv/detail
[1.444s] -- Up-to-date: /home/jongbob/dev_ws/ros2-study/week1_ros2_basics/src/install/simple_communication/include/simple_communication/simple_communication/srv/detail/get_robot_info__struct.h
[1.444s] -- Up-to-date: /home/jongbob/dev_ws/ros2-study/week1_ros2_basics/src/install/simple_communication/include/simple_communication/simple_communication/srv/detail/get_robot_info__type_support.c
[1.444s] -- Up-to-date: /home/jongbob/dev_ws/ros2-study/week1_ros2_basics/src/install/simple_communication/include/simple_communication/simple_communication/srv/detail/get_robot_info__functions.c
[1.444s] -- Up-to-date: /home/jongbob/dev_ws/ros2-study/week1_ros2_basics/src/install/simple_communication/include/simple_communication/simple_communication/srv/detail/get_robot_info__type_support.h
[1.444s] -- Up-to-date: /home/jongbob/dev_ws/ros2-study/week1_ros2_basics/src/install/simple_communication/include/simple_communication/simple_communication/srv/detail/get_robot_info__description.c
[1.444s] -- Up-to-date: /home/jongbob/dev_ws/ros2-study/week1_ros2_basics/src/install/simple_communication/include/simple_communication/simple_communication/srv/detail/get_robot_info__functions.h
[1.444s] -- Up-to-date: /home/jongbob/dev_ws/ros2-study/week1_ros2_basics/src/install/simple_communication/share/simple_communication/environment/library_path.sh
[1.444s] -- Up-to-date: /home/jongbob/dev_ws/ros2-study/week1_ros2_basics/src/install/simple_communication/share/simple_communication/environment/library_path.dsv
[1.444s] -- Up-to-date: /home/jongbob/dev_ws/ros2-study/week1_ros2_basics/src/install/simple_communication/lib/libsimple_communication__rosidl_generator_c.so
[1.444s] -- Up-to-date: /home/jongbob/dev_ws/ros2-study/week1_ros2_basics/src/install/simple_communication/include/simple_communication/simple_communication
[1.444s] -- Up-to-date: /home/jongbob/dev_ws/ros2-study/week1_ros2_basics/src/install/simple_communication/include/simple_communication/simple_communication/msg
[1.444s] -- Up-to-date: /home/jongbob/dev_ws/ros2-study/week1_ros2_basics/src/install/simple_communication/include/simple_communication/simple_communication/msg/rosidl_typesupport_fastrtps_c__visibility_control.h
[1.445s] -- Up-to-date: /home/jongbob/dev_ws/ros2-study/week1_ros2_basics/src/install/simple_communication/include/simple_communication/simple_communication/srv
[1.445s] -- Up-to-date: /home/jongbob/dev_ws/ros2-study/week1_ros2_basics/src/install/simple_communication/include/simple_communication/simple_communication/srv/detail
[1.445s] -- Up-to-date: /home/jongbob/dev_ws/ros2-study/week1_ros2_basics/src/install/simple_communication/include/simple_communication/simple_communication/srv/detail/get_robot_info__rosidl_typesupport_fastrtps_c.h
[1.445s] -- Up-to-date: /home/jongbob/dev_ws/ros2-study/week1_ros2_basics/src/install/simple_communication/lib/libsimple_communication__rosidl_typesupport_fastrtps_c.so
[1.445s] -- Up-to-date: /home/jongbob/dev_ws/ros2-study/week1_ros2_basics/src/install/simple_communication/include/simple_communication/simple_communication
[1.445s] -- Up-to-date: /home/jongbob/dev_ws/ros2-study/week1_ros2_basics/src/install/simple_communication/include/simple_communication/simple_communication/msg
[1.445s] -- Up-to-date: /home/jongbob/dev_ws/ros2-study/week1_ros2_basics/src/install/simple_communication/include/simple_communication/simple_communication/msg/rosidl_typesupport_introspection_c__visibility_control.h
[1.445s] -- Up-to-date: /home/jongbob/dev_ws/ros2-study/week1_ros2_basics/src/install/simple_communication/include/simple_communication/simple_communication/srv
[1.445s] -- Up-to-date: /home/jongbob/dev_ws/ros2-study/week1_ros2_basics/src/install/simple_communication/include/simple_communication/simple_communication/srv/detail
[1.445s] -- Up-to-date: /home/jongbob/dev_ws/ros2-study/week1_ros2_basics/src/install/simple_communication/include/simple_communication/simple_communication/srv/detail/get_robot_info__type_support.c
[1.445s] -- Up-to-date: /home/jongbob/dev_ws/ros2-study/week1_ros2_basics/src/install/simple_communication/include/simple_communication/simple_communication/srv/detail/get_robot_info__rosidl_typesupport_introspection_c.h
[1.445s] -- Up-to-date: /home/jongbob/dev_ws/ros2-study/week1_ros2_basics/src/install/simple_communication/lib/libsimple_communication__rosidl_typesupport_introspection_c.so
[1.445s] -- Up-to-date: /home/jongbob/dev_ws/ros2-study/week1_ros2_basics/src/install/simple_communication/lib/libsimple_communication__rosidl_typesupport_c.so
[1.445s] -- Up-to-date: /home/jongbob/dev_ws/ros2-study/week1_ros2_basics/src/install/simple_communication/include/simple_communication/simple_communication
[1.446s] -- Up-to-date: /home/jongbob/dev_ws/ros2-study/week1_ros2_basics/src/install/simple_communication/include/simple_communication/simple_communication/msg
[1.446s] -- Up-to-date: /home/jongbob/dev_ws/ros2-study/week1_ros2_basics/src/install/simple_communication/include/simple_communication/simple_communication/msg/rosidl_generator_cpp__visibility_control.hpp
[1.446s] -- Up-to-date: /home/jongbob/dev_ws/ros2-study/week1_ros2_basics/src/install/simple_communication/include/simple_communication/simple_communication/srv
[1.446s] -- Up-to-date: /home/jongbob/dev_ws/ros2-study/week1_ros2_basics/src/install/simple_communication/include/simple_communication/simple_communication/srv/detail
[1.446s] -- Up-to-date: /home/jongbob/dev_ws/ros2-study/week1_ros2_basics/src/install/simple_communication/include/simple_communication/simple_communication/srv/detail/get_robot_info__builder.hpp
[1.446s] -- Up-to-date: /home/jongbob/dev_ws/ros2-study/week1_ros2_basics/src/install/simple_communication/include/simple_communication/simple_communication/srv/detail/get_robot_info__traits.hpp
[1.446s] -- Up-to-date: /home/jongbob/dev_ws/ros2-study/week1_ros2_basics/src/install/simple_communication/include/simple_communication/simple_communication/srv/detail/get_robot_info__type_support.hpp
[1.446s] -- Up-to-date: /home/jongbob/dev_ws/ros2-study/week1_ros2_basics/src/install/simple_communication/include/simple_communication/simple_communication/srv/detail/get_robot_info__struct.hpp
[1.446s] -- Up-to-date: /home/jongbob/dev_ws/ros2-study/week1_ros2_basics/src/install/simple_communication/include/simple_communication/simple_communication/srv/get_robot_info.hpp
[1.446s] -- Up-to-date: /home/jongbob/dev_ws/ros2-study/week1_ros2_basics/src/install/simple_communication/include/simple_communication/simple_communication
[1.446s] -- Up-to-date: /home/jongbob/dev_ws/ros2-study/week1_ros2_basics/src/install/simple_communication/include/simple_communication/simple_communication/msg
[1.446s] -- Up-to-date: /home/jongbob/dev_ws/ros2-study/week1_ros2_basics/src/install/simple_communication/include/simple_communication/simple_communication/msg/rosidl_typesupport_fastrtps_cpp__visibility_control.h
[1.446s] -- Up-to-date: /home/jongbob/dev_ws/ros2-study/week1_ros2_basics/src/install/simple_communication/include/simple_communication/simple_communication/srv
[1.446s] -- Up-to-date: /home/jongbob/dev_ws/ros2-study/week1_ros2_basics/src/install/simple_communication/include/simple_communication/simple_communication/srv/detail
[1.446s] -- Up-to-date: /home/jongbob/dev_ws/ros2-study/week1_ros2_basics/src/install/simple_communication/include/simple_communication/simple_communication/srv/detail/dds_fastrtps
[1.446s] -- Up-to-date: /home/jongbob/dev_ws/ros2-study/week1_ros2_basics/src/install/simple_communication/include/simple_communication/simple_communication/srv/detail/get_robot_info__rosidl_typesupport_fastrtps_cpp.hpp
[1.446s] -- Up-to-date: /home/jongbob/dev_ws/ros2-study/week1_ros2_basics/src/install/simple_communication/lib/libsimple_communication__rosidl_typesupport_fastrtps_cpp.so
[1.446s] -- Up-to-date: /home/jongbob/dev_ws/ros2-study/week1_ros2_basics/src/install/simple_communication/include/simple_communication/simple_communication
[1.446s] -- Up-to-date: /home/jongbob/dev_ws/ros2-study/week1_ros2_basics/src/install/simple_communication/include/simple_communication/simple_communication/srv
[1.446s] -- Up-to-date: /home/jongbob/dev_ws/ros2-study/week1_ros2_basics/src/install/simple_communication/include/simple_communication/simple_communication/srv/detail
[1.446s] -- Up-to-date: /home/jongbob/dev_ws/ros2-study/week1_ros2_basics/src/install/simple_communication/include/simple_communication/simple_communication/srv/detail/get_robot_info__rosidl_typesupport_introspection_cpp.hpp
[1.447s] -- Up-to-date: /home/jongbob/dev_ws/ros2-study/week1_ros2_basics/src/install/simple_communication/include/simple_communication/simple_communication/srv/detail/get_robot_info__type_support.cpp
[1.447s] -- Up-to-date: /home/jongbob/dev_ws/ros2-study/week1_ros2_basics/src/install/simple_communication/lib/libsimple_communication__rosidl_typesupport_introspection_cpp.so
[1.447s] -- Up-to-date: /home/jongbob/dev_ws/ros2-study/week1_ros2_basics/src/install/simple_communication/lib/libsimple_communication__rosidl_typesupport_cpp.so
[1.447s] -- Up-to-date: /home/jongbob/dev_ws/ros2-study/week1_ros2_basics/src/install/simple_communication/share/simple_communication/environment/pythonpath.sh
[1.447s] -- Up-to-date: /home/jongbob/dev_ws/ros2-study/week1_ros2_basics/src/install/simple_communication/share/simple_communication/environment/pythonpath.dsv
[1.447s] -- Up-to-date: /home/jongbob/dev_ws/ros2-study/week1_ros2_basics/src/install/simple_communication/lib/python3.12/site-packages/simple_communication-0.0.0-py3.12.egg-info
[1.447s] -- Installing: /home/jongbob/dev_ws/ros2-study/week1_ros2_basics/src/install/simple_communication/lib/python3.12/site-packages/simple_communication-0.0.0-py3.12.egg-info/dependency_links.txt
[1.447s] -- Installing: /home/jongbob/dev_ws/ros2-study/week1_ros2_basics/src/install/simple_communication/lib/python3.12/site-packages/simple_communication-0.0.0-py3.12.egg-info/SOURCES.txt
[1.447s] -- Installing: /home/jongbob/dev_ws/ros2-study/week1_ros2_basics/src/install/simple_communication/lib/python3.12/site-packages/simple_communication-0.0.0-py3.12.egg-info/top_level.txt
[1.447s] -- Installing: /home/jongbob/dev_ws/ros2-study/week1_ros2_basics/src/install/simple_communication/lib/python3.12/site-packages/simple_communication-0.0.0-py3.12.egg-info/PKG-INFO
[1.447s] -- Up-to-date: /home/jongbob/dev_ws/ros2-study/week1_ros2_basics/src/install/simple_communication/lib/python3.12/site-packages/simple_communication
[1.447s] -- Up-to-date: /home/jongbob/dev_ws/ros2-study/week1_ros2_basics/src/install/simple_communication/lib/python3.12/site-packages/simple_communication/_simple_communication_s.ep.rosidl_typesupport_c.c
[1.447s] -- Installing: /home/jongbob/dev_ws/ros2-study/week1_ros2_basics/src/install/simple_communication/lib/python3.12/site-packages/simple_communication/__init__.py
[1.447s] -- Up-to-date: /home/jongbob/dev_ws/ros2-study/week1_ros2_basics/src/install/simple_communication/lib/python3.12/site-packages/simple_communication/simple_communication_s__rosidl_typesupport_fastrtps_c.so
[1.447s] -- Up-to-date: /home/jongbob/dev_ws/ros2-study/week1_ros2_basics/src/install/simple_communication/lib/python3.12/site-packages/simple_communication/_simple_communication_s.ep.rosidl_typesupport_fastrtps_c.c
[1.447s] -- Up-to-date: /home/jongbob/dev_ws/ros2-study/week1_ros2_basics/src/install/simple_communication/lib/python3.12/site-packages/simple_communication/simple_communication_s__rosidl_typesupport_c.so
[1.447s] -- Up-to-date: /home/jongbob/dev_ws/ros2-study/week1_ros2_basics/src/install/simple_communication/lib/python3.12/site-packages/simple_communication/srv
[1.447s] -- Up-to-date: /home/jongbob/dev_ws/ros2-study/week1_ros2_basics/src/install/simple_communication/lib/python3.12/site-packages/simple_communication/srv/_get_robot_info.py
[1.447s] -- Up-to-date: /home/jongbob/dev_ws/ros2-study/week1_ros2_basics/src/install/simple_communication/lib/python3.12/site-packages/simple_communication/srv/__init__.py
[1.447s] -- Up-to-date: /home/jongbob/dev_ws/ros2-study/week1_ros2_basics/src/install/simple_communication/lib/python3.12/site-packages/simple_communication/srv/_get_robot_info_s.c
[1.447s] -- Up-to-date: /home/jongbob/dev_ws/ros2-study/week1_ros2_basics/src/install/simple_communication/lib/python3.12/site-packages/simple_communication/simple_communication_s__rosidl_typesupport_introspection_c.so
[1.448s] -- Up-to-date: /home/jongbob/dev_ws/ros2-study/week1_ros2_basics/src/install/simple_communication/lib/python3.12/site-packages/simple_communication/_simple_communication_s.ep.rosidl_typesupport_introspection_c.c
[1.473s] Listing '/home/jongbob/dev_ws/ros2-study/week1_ros2_basics/src/install/simple_communication/lib/python3.12/site-packages/simple_communication'...
[1.473s] Compiling '/home/jongbob/dev_ws/ros2-study/week1_ros2_basics/src/install/simple_communication/lib/python3.12/site-packages/simple_communication/__init__.py'...
[1.473s] Listing '/home/jongbob/dev_ws/ros2-study/week1_ros2_basics/src/install/simple_communication/lib/python3.12/site-packages/simple_communication/srv'...
[1.479s] -- Up-to-date: /home/jongbob/dev_ws/ros2-study/week1_ros2_basics/src/install/simple_communication/lib/python3.12/site-packages/simple_communication/simple_communication_s__rosidl_typesupport_fastrtps_c.so
[1.479s] -- Up-to-date: /home/jongbob/dev_ws/ros2-study/week1_ros2_basics/src/install/simple_communication/lib/python3.12/site-packages/simple_communication/simple_communication_s__rosidl_typesupport_introspection_c.so
[1.479s] -- Up-to-date: /home/jongbob/dev_ws/ros2-study/week1_ros2_basics/src/install/simple_communication/lib/python3.12/site-packages/simple_communication/simple_communication_s__rosidl_typesupport_c.so
[1.479s] -- Up-to-date: /home/jongbob/dev_ws/ros2-study/week1_ros2_basics/src/install/simple_communication/lib/libsimple_communication__rosidl_generator_py.so
[1.479s] -- Up-to-date: /home/jongbob/dev_ws/ros2-study/week1_ros2_basics/src/install/simple_communication/share/simple_communication/srv/GetRobotInfo.idl
[1.479s] -- Up-to-date: /home/jongbob/dev_ws/ros2-study/week1_ros2_basics/src/install/simple_communication/share/simple_communication/srv/GetRobotInfo.srv
[1.479s] -- Installing: /home/jongbob/dev_ws/ros2-study/week1_ros2_basics/src/install/simple_communication/share/ament_index/resource_index/package_run_dependencies/simple_communication
[1.480s] -- Installing: /home/jongbob/dev_ws/ros2-study/week1_ros2_basics/src/install/simple_communication/share/ament_index/resource_index/parent_prefix_path/simple_communication
[1.480s] -- Up-to-date: /home/jongbob/dev_ws/ros2-study/week1_ros2_basics/src/install/simple_communication/share/simple_communication/environment/ament_prefix_path.sh
[1.480s] -- Up-to-date: /home/jongbob/dev_ws/ros2-study/week1_ros2_basics/src/install/simple_communication/share/simple_communication/environment/ament_prefix_path.dsv
[1.480s] -- Up-to-date: /home/jongbob/dev_ws/ros2-study/week1_ros2_basics/src/install/simple_communication/share/simple_communication/environment/path.sh
[1.480s] -- Up-to-date: /home/jongbob/dev_ws/ros2-study/week1_ros2_basics/src/install/simple_communication/share/simple_communication/environment/path.dsv
[1.480s] -- Up-to-date: /home/jongbob/dev_ws/ros2-study/week1_ros2_basics/src/install/simple_communication/share/simple_communication/local_setup.bash
[1.480s] -- Up-to-date: /home/jongbob/dev_ws/ros2-study/week1_ros2_basics/src/install/simple_communication/share/simple_communication/local_setup.sh
[1.480s] -- Up-to-date: /home/jongbob/dev_ws/ros2-study/week1_ros2_basics/src/install/simple_communication/share/simple_communication/local_setup.zsh
[1.480s] -- Up-to-date: /home/jongbob/dev_ws/ros2-study/week1_ros2_basics/src/install/simple_communication/share/simple_communication/local_setup.dsv
[1.480s] -- Installing: /home/jongbob/dev_ws/ros2-study/week1_ros2_basics/src/install/simple_communication/share/simple_communication/package.dsv
[1.481s] -- Up-to-date: /home/jongbob/dev_ws/ros2-study/week1_ros2_basics/src/install/simple_communication/share/ament_index/resource_index/packages/simple_communication
[1.481s] -- Up-to-date: /home/jongbob/dev_ws/ros2-study/week1_ros2_basics/src/install/simple_communication/share/simple_communication/cmake/export_simple_communication__rosidl_generator_cExport.cmake
[1.481s] -- Up-to-date: /home/jongbob/dev_ws/ros2-study/week1_ros2_basics/src/install/simple_communication/share/simple_communication/cmake/export_simple_communication__rosidl_generator_cExport-noconfig.cmake
[1.481s] -- Up-to-date: /home/jongbob/dev_ws/ros2-study/week1_ros2_basics/src/install/simple_communication/share/simple_communication/cmake/export_simple_communication__rosidl_typesupport_fastrtps_cExport.cmake
[1.482s] -- Up-to-date: /home/jongbob/dev_ws/ros2-study/week1_ros2_basics/src/install/simple_communication/share/simple_communication/cmake/export_simple_communication__rosidl_typesupport_fastrtps_cExport-noconfig.cmake
[1.482s] -- Up-to-date: /home/jongbob/dev_ws/ros2-study/week1_ros2_basics/src/install/simple_communication/share/simple_communication/cmake/simple_communication__rosidl_typesupport_introspection_cExport.cmake
[1.482s] -- Up-to-date: /home/jongbob/dev_ws/ros2-study/week1_ros2_basics/src/install/simple_communication/share/simple_communication/cmake/simple_communication__rosidl_typesupport_introspection_cExport-noconfig.cmake
[1.482s] -- Up-to-date: /home/jongbob/dev_ws/ros2-study/week1_ros2_basics/src/install/simple_communication/share/simple_communication/cmake/simple_communication__rosidl_typesupport_cExport.cmake
[1.482s] -- Up-to-date: /home/jongbob/dev_ws/ros2-study/week1_ros2_basics/src/install/simple_communication/share/simple_communication/cmake/simple_communication__rosidl_typesupport_cExport-noconfig.cmake
[1.482s] -- Up-to-date: /home/jongbob/dev_ws/ros2-study/week1_ros2_basics/src/install/simple_communication/share/simple_communication/cmake/export_simple_communication__rosidl_generator_cppExport.cmake
[1.482s] -- Up-to-date: /home/jongbob/dev_ws/ros2-study/week1_ros2_basics/src/install/simple_communication/share/simple_communication/cmake/export_simple_communication__rosidl_typesupport_fastrtps_cppExport.cmake
[1.482s] -- Up-to-date: /home/jongbob/dev_ws/ros2-study/week1_ros2_basics/src/install/simple_communication/share/simple_communication/cmake/export_simple_communication__rosidl_typesupport_fastrtps_cppExport-noconfig.cmake
[1.482s] -- Up-to-date: /home/jongbob/dev_ws/ros2-study/week1_ros2_basics/src/install/simple_communication/share/simple_communication/cmake/simple_communication__rosidl_typesupport_introspection_cppExport.cmake
[1.482s] -- Up-to-date: /home/jongbob/dev_ws/ros2-study/week1_ros2_basics/src/install/simple_communication/share/simple_communication/cmake/simple_communication__rosidl_typesupport_introspection_cppExport-noconfig.cmake
[1.482s] -- Up-to-date: /home/jongbob/dev_ws/ros2-study/week1_ros2_basics/src/install/simple_communication/share/simple_communication/cmake/simple_communication__rosidl_typesupport_cppExport.cmake
[1.482s] -- Up-to-date: /home/jongbob/dev_ws/ros2-study/week1_ros2_basics/src/install/simple_communication/share/simple_communication/cmake/simple_communication__rosidl_typesupport_cppExport-noconfig.cmake
[1.482s] -- Up-to-date: /home/jongbob/dev_ws/ros2-study/week1_ros2_basics/src/install/simple_communication/share/simple_communication/cmake/export_simple_communication__rosidl_generator_pyExport.cmake
[1.483s] -- Up-to-date: /home/jongbob/dev_ws/ros2-study/week1_ros2_basics/src/install/simple_communication/share/simple_communication/cmake/export_simple_communication__rosidl_generator_pyExport-noconfig.cmake
[1.483s] -- Up-to-date: /home/jongbob/dev_ws/ros2-study/week1_ros2_basics/src/install/simple_communication/share/simple_communication/cmake/rosidl_cmake-extras.cmake
[1.483s] -- Up-to-date: /home/jongbob/dev_ws/ros2-study/week1_ros2_basics/src/install/simple_communication/share/simple_communication/cmake/ament_cmake_export_dependencies-extras.cmake
[1.483s] -- Up-to-date: /home/jongbob/dev_ws/ros2-study/week1_ros2_basics/src/install/simple_communication/share/simple_communication/cmake/ament_cmake_export_include_directories-extras.cmake
[1.483s] -- Up-to-date: /home/jongbob/dev_ws/ros2-study/week1_ros2_basics/src/install/simple_communication/share/simple_communication/cmake/ament_cmake_export_libraries-extras.cmake
[1.483s] -- Up-to-date: /home/jongbob/dev_ws/ros2-study/week1_ros2_basics/src/install/simple_communication/share/simple_communication/cmake/ament_cmake_export_targets-extras.cmake
[1.483s] -- Up-to-date: /home/jongbob/dev_ws/ros2-study/week1_ros2_basics/src/install/simple_communication/share/simple_communication/cmake/rosidl_cmake_export_typesupport_targets-extras.cmake
[1.483s] -- Up-to-date: /home/jongbob/dev_ws/ros2-study/week1_ros2_basics/src/install/simple_communication/share/simple_communication/cmake/rosidl_cmake_export_typesupport_libraries-extras.cmake
[1.483s] -- Up-to-date: /home/jongbob/dev_ws/ros2-study/week1_ros2_basics/src/install/simple_communication/share/simple_communication/cmake/simple_communicationConfig.cmake
[1.483s] -- Up-to-date: /home/jongbob/dev_ws/ros2-study/week1_ros2_basics/src/install/simple_communication/share/simple_communication/cmake/simple_communicationConfig-version.cmake
[1.483s] -- Installing: /home/jongbob/dev_ws/ros2-study/week1_ros2_basics/src/install/simple_communication/share/simple_communication/package.xml
[1.484s] Invoked command in '/home/jongbob/dev_ws/ros2-study/week1_ros2_basics/src/build/simple_communication' returned '0': DEBUGINFOD_URLS=https://debuginfod.ubuntu.com PS1=(arm_venv) \[\e[1;34m\](ID: ${ROS_DOMAIN_ID:-0})\[\e[1;32m\]\u\[\e[0m\]:\[\e[1;34m\]\w\[\e[0m\]$ VIRTUAL_ENV_PROMPT=(arm_venv) /usr/bin/cmake --install /home/jongbob/dev_ws/ros2-study/week1_ros2_basics/src/build/simple_communication
