[0.010s] Invoking command in '/home/jongbob/dev_ws/ros2-study/week2_slam/build/vicpinky_gazebo': CMAKE_PREFIX_PATH=/home/jongbob/dev_ws/ros2-study/week2_slam/install/vicpinky_description:/home/jongbob/dev_ws/ros2-study/week2_slam/install/vicpinky_navigation:/home/jongbob/dev_ws/ros2-study/week2_slam/install/vicpinky_gazebo:/home/jongbob/dev_ws/ros2-study/week1_ros2_basics/install/vicpinky_navigation:/home/jongbob/dev_ws/ros2-study/week1_ros2_basics/install/vicpinky_gazebo:/home/jongbob/dev_ws/ros2-study/week1_ros2_basics/install/vicpinky_description:/home/jongbob/dev_ws/ros2-study/week1_ros2_basics/install/sllidar_ros2:/home/jongbob/dev_ws/ros2-study/week2_slam/install/vicpinky_bringup:/home/jongbob/dev_ws/ros2-study/week1_ros2_basics/install/vicpinky_bringup:/home/jongbob/dev_ws/ros2-study/week1_ros2_basics/install/robot_communication:/opt/ros/jazzy:/home/jongbob/dev_ws/ros2-study/week1_ros2_basics/install/simple_communication:/opt/ros/jazzy/opt/gz_sim_vendor:/opt/ros/jazzy/opt/gz_sensors_vendor:/opt/ros/jazzy/opt/gz_physics_vendor:/opt/ros/jazzy/opt/sdformat_vendor:/opt/ros/jazzy/opt/gz_gui_vendor:/opt/ros/jazzy/opt/gz_transport_vendor:/opt/ros/jazzy/opt/gz_rendering_vendor:/opt/ros/jazzy/opt/gz_plugin_vendor:/opt/ros/jazzy/opt/gz_fuel_tools_vendor:/opt/ros/jazzy/opt/gz_msgs_vendor:/opt/ros/jazzy/opt/gz_common_vendor:/opt/ros/jazzy/opt/gz_math_vendor:/opt/ros/jazzy/opt/gz_utils_vendor:/opt/ros/jazzy/opt/gz_tools_vendor:/opt/ros/jazzy/opt/gz_ogre_next_vendor:/opt/ros/jazzy/opt/gz_dartsim_vendor:/opt/ros/jazzy/opt/gz_cmake_vendor DEBUGINFOD_URLS=https://debuginfod.ubuntu.com /usr/bin/cmake /home/jongbob/dev_ws/ros2-study/week2_slam/src/vic_pinky_VSLAM/vicpinky_gazebo -DCMAKE_INSTALL_PREFIX=/home/jongbob/dev_ws/ros2-study/week2_slam/install/vicpinky_gazebo
[0.054s] -- The C compiler identification is GNU 13.3.0
[0.099s] -- The CXX compiler identification is GNU 13.3.0
[0.110s] -- Detecting C compiler ABI info
[0.177s] -- Detecting C compiler ABI info - done
[0.189s] -- Check for working C compiler: /usr/bin/cc - skipped
[0.189s] -- Detecting C compile features
[0.190s] -- Detecting C compile features - done
[0.198s] -- Detecting CXX compiler ABI info
[0.273s] -- Detecting CXX compiler ABI info - done
[0.285s] -- Check for working CXX compiler: /usr/bin/c++ - skipped
[0.286s] -- Detecting CXX compile features
[0.286s] -- Detecting CXX compile features - done
[0.289s] -- Found ament_cmake: 2.5.4 (/opt/ros/jazzy/share/ament_cmake/cmake)
[0.410s] -- Found Python3: /usr/bin/python3 (found version "3.12.3") found components: Interpreter 
[0.508s] -- Found ament_lint_auto: 0.17.3 (/opt/ros/jazzy/share/ament_lint_auto/cmake)
[0.586s] -- Added test 'lint_cmake' to check CMake code style
[0.588s] -- Added test 'xmllint' to check XML markup files
[0.589s] -- Configuring done (0.6s)
[0.591s] -- Generating done (0.0s)
[0.592s] -- Build files have been written to: /home/jongbob/dev_ws/ros2-study/week2_slam/build/vicpinky_gazebo
[0.596s] Invoked command in '/home/jongbob/dev_ws/ros2-study/week2_slam/build/vicpinky_gazebo' returned '0': CMAKE_PREFIX_PATH=/home/jongbob/dev_ws/ros2-study/week2_slam/install/vicpinky_description:/home/jongbob/dev_ws/ros2-study/week2_slam/install/vicpinky_navigation:/home/jongbob/dev_ws/ros2-study/week2_slam/install/vicpinky_gazebo:/home/jongbob/dev_ws/ros2-study/week1_ros2_basics/install/vicpinky_navigation:/home/jongbob/dev_ws/ros2-study/week1_ros2_basics/install/vicpinky_gazebo:/home/jongbob/dev_ws/ros2-study/week1_ros2_basics/install/vicpinky_description:/home/jongbob/dev_ws/ros2-study/week1_ros2_basics/install/sllidar_ros2:/home/jongbob/dev_ws/ros2-study/week2_slam/install/vicpinky_bringup:/home/jongbob/dev_ws/ros2-study/week1_ros2_basics/install/vicpinky_bringup:/home/jongbob/dev_ws/ros2-study/week1_ros2_basics/install/robot_communication:/opt/ros/jazzy:/home/jongbob/dev_ws/ros2-study/week1_ros2_basics/install/simple_communication:/opt/ros/jazzy/opt/gz_sim_vendor:/opt/ros/jazzy/opt/gz_sensors_vendor:/opt/ros/jazzy/opt/gz_physics_vendor:/opt/ros/jazzy/opt/sdformat_vendor:/opt/ros/jazzy/opt/gz_gui_vendor:/opt/ros/jazzy/opt/gz_transport_vendor:/opt/ros/jazzy/opt/gz_rendering_vendor:/opt/ros/jazzy/opt/gz_plugin_vendor:/opt/ros/jazzy/opt/gz_fuel_tools_vendor:/opt/ros/jazzy/opt/gz_msgs_vendor:/opt/ros/jazzy/opt/gz_common_vendor:/opt/ros/jazzy/opt/gz_math_vendor:/opt/ros/jazzy/opt/gz_utils_vendor:/opt/ros/jazzy/opt/gz_tools_vendor:/opt/ros/jazzy/opt/gz_ogre_next_vendor:/opt/ros/jazzy/opt/gz_dartsim_vendor:/opt/ros/jazzy/opt/gz_cmake_vendor DEBUGINFOD_URLS=https://debuginfod.ubuntu.com /usr/bin/cmake /home/jongbob/dev_ws/ros2-study/week2_slam/src/vic_pinky_VSLAM/vicpinky_gazebo -DCMAKE_INSTALL_PREFIX=/home/jongbob/dev_ws/ros2-study/week2_slam/install/vicpinky_gazebo
[0.597s] Invoking command in '/home/jongbob/dev_ws/ros2-study/week2_slam/build/vicpinky_gazebo': CMAKE_PREFIX_PATH=/home/jongbob/dev_ws/ros2-study/week2_slam/install/vicpinky_description:/home/jongbob/dev_ws/ros2-study/week2_slam/install/vicpinky_navigation:/home/jongbob/dev_ws/ros2-study/week2_slam/install/vicpinky_gazebo:/home/jongbob/dev_ws/ros2-study/week1_ros2_basics/install/vicpinky_navigation:/home/jongbob/dev_ws/ros2-study/week1_ros2_basics/install/vicpinky_gazebo:/home/jongbob/dev_ws/ros2-study/week1_ros2_basics/install/vicpinky_description:/home/jongbob/dev_ws/ros2-study/week1_ros2_basics/install/sllidar_ros2:/home/jongbob/dev_ws/ros2-study/week2_slam/install/vicpinky_bringup:/home/jongbob/dev_ws/ros2-study/week1_ros2_basics/install/vicpinky_bringup:/home/jongbob/dev_ws/ros2-study/week1_ros2_basics/install/robot_communication:/opt/ros/jazzy:/home/jongbob/dev_ws/ros2-study/week1_ros2_basics/install/simple_communication:/opt/ros/jazzy/opt/gz_sim_vendor:/opt/ros/jazzy/opt/gz_sensors_vendor:/opt/ros/jazzy/opt/gz_physics_vendor:/opt/ros/jazzy/opt/sdformat_vendor:/opt/ros/jazzy/opt/gz_gui_vendor:/opt/ros/jazzy/opt/gz_transport_vendor:/opt/ros/jazzy/opt/gz_rendering_vendor:/opt/ros/jazzy/opt/gz_plugin_vendor:/opt/ros/jazzy/opt/gz_fuel_tools_vendor:/opt/ros/jazzy/opt/gz_msgs_vendor:/opt/ros/jazzy/opt/gz_common_vendor:/opt/ros/jazzy/opt/gz_math_vendor:/opt/ros/jazzy/opt/gz_utils_vendor:/opt/ros/jazzy/opt/gz_tools_vendor:/opt/ros/jazzy/opt/gz_ogre_next_vendor:/opt/ros/jazzy/opt/gz_dartsim_vendor:/opt/ros/jazzy/opt/gz_cmake_vendor DEBUGINFOD_URLS=https://debuginfod.ubuntu.com /usr/bin/cmake --build /home/jongbob/dev_ws/ros2-study/week2_slam/build/vicpinky_gazebo -- -j8 -l8
[0.625s] Invoked command in '/home/jongbob/dev_ws/ros2-study/week2_slam/build/vicpinky_gazebo' returned '0': CMAKE_PREFIX_PATH=/home/jongbob/dev_ws/ros2-study/week2_slam/install/vicpinky_description:/home/jongbob/dev_ws/ros2-study/week2_slam/install/vicpinky_navigation:/home/jongbob/dev_ws/ros2-study/week2_slam/install/vicpinky_gazebo:/home/jongbob/dev_ws/ros2-study/week1_ros2_basics/install/vicpinky_navigation:/home/jongbob/dev_ws/ros2-study/week1_ros2_basics/install/vicpinky_gazebo:/home/jongbob/dev_ws/ros2-study/week1_ros2_basics/install/vicpinky_description:/home/jongbob/dev_ws/ros2-study/week1_ros2_basics/install/sllidar_ros2:/home/jongbob/dev_ws/ros2-study/week2_slam/install/vicpinky_bringup:/home/jongbob/dev_ws/ros2-study/week1_ros2_basics/install/vicpinky_bringup:/home/jongbob/dev_ws/ros2-study/week1_ros2_basics/install/robot_communication:/opt/ros/jazzy:/home/jongbob/dev_ws/ros2-study/week1_ros2_basics/install/simple_communication:/opt/ros/jazzy/opt/gz_sim_vendor:/opt/ros/jazzy/opt/gz_sensors_vendor:/opt/ros/jazzy/opt/gz_physics_vendor:/opt/ros/jazzy/opt/sdformat_vendor:/opt/ros/jazzy/opt/gz_gui_vendor:/opt/ros/jazzy/opt/gz_transport_vendor:/opt/ros/jazzy/opt/gz_rendering_vendor:/opt/ros/jazzy/opt/gz_plugin_vendor:/opt/ros/jazzy/opt/gz_fuel_tools_vendor:/opt/ros/jazzy/opt/gz_msgs_vendor:/opt/ros/jazzy/opt/gz_common_vendor:/opt/ros/jazzy/opt/gz_math_vendor:/opt/ros/jazzy/opt/gz_utils_vendor:/opt/ros/jazzy/opt/gz_tools_vendor:/opt/ros/jazzy/opt/gz_ogre_next_vendor:/opt/ros/jazzy/opt/gz_dartsim_vendor:/opt/ros/jazzy/opt/gz_cmake_vendor DEBUGINFOD_URLS=https://debuginfod.ubuntu.com /usr/bin/cmake --build /home/jongbob/dev_ws/ros2-study/week2_slam/build/vicpinky_gazebo -- -j8 -l8
[0.625s] Invoking command in '/home/jongbob/dev_ws/ros2-study/week2_slam/build/vicpinky_gazebo': CMAKE_PREFIX_PATH=/home/jongbob/dev_ws/ros2-study/week2_slam/install/vicpinky_description:/home/jongbob/dev_ws/ros2-study/week2_slam/install/vicpinky_navigation:/home/jongbob/dev_ws/ros2-study/week2_slam/install/vicpinky_gazebo:/home/jongbob/dev_ws/ros2-study/week1_ros2_basics/install/vicpinky_navigation:/home/jongbob/dev_ws/ros2-study/week1_ros2_basics/install/vicpinky_gazebo:/home/jongbob/dev_ws/ros2-study/week1_ros2_basics/install/vicpinky_description:/home/jongbob/dev_ws/ros2-study/week1_ros2_basics/install/sllidar_ros2:/home/jongbob/dev_ws/ros2-study/week2_slam/install/vicpinky_bringup:/home/jongbob/dev_ws/ros2-study/week1_ros2_basics/install/vicpinky_bringup:/home/jongbob/dev_ws/ros2-study/week1_ros2_basics/install/robot_communication:/opt/ros/jazzy:/home/jongbob/dev_ws/ros2-study/week1_ros2_basics/install/simple_communication:/opt/ros/jazzy/opt/gz_sim_vendor:/opt/ros/jazzy/opt/gz_sensors_vendor:/opt/ros/jazzy/opt/gz_physics_vendor:/opt/ros/jazzy/opt/sdformat_vendor:/opt/ros/jazzy/opt/gz_gui_vendor:/opt/ros/jazzy/opt/gz_transport_vendor:/opt/ros/jazzy/opt/gz_rendering_vendor:/opt/ros/jazzy/opt/gz_plugin_vendor:/opt/ros/jazzy/opt/gz_fuel_tools_vendor:/opt/ros/jazzy/opt/gz_msgs_vendor:/opt/ros/jazzy/opt/gz_common_vendor:/opt/ros/jazzy/opt/gz_math_vendor:/opt/ros/jazzy/opt/gz_utils_vendor:/opt/ros/jazzy/opt/gz_tools_vendor:/opt/ros/jazzy/opt/gz_ogre_next_vendor:/opt/ros/jazzy/opt/gz_dartsim_vendor:/opt/ros/jazzy/opt/gz_cmake_vendor DEBUGINFOD_URLS=https://debuginfod.ubuntu.com /usr/bin/cmake --install /home/jongbob/dev_ws/ros2-study/week2_slam/build/vicpinky_gazebo
[0.632s] -- Install configuration: ""
[0.632s] -- Installing: /home/jongbob/dev_ws/ros2-study/week2_slam/install/vicpinky_gazebo/share/vicpinky_gazebo/launch
[0.632s] -- Installing: /home/jongbob/dev_ws/ros2-study/week2_slam/install/vicpinky_gazebo/share/vicpinky_gazebo/launch/launch_sim.launch.xml
[0.632s] -- Installing: /home/jongbob/dev_ws/ros2-study/week2_slam/install/vicpinky_gazebo/share/vicpinky_gazebo/launch/spawn.launch.xml
[0.632s] -- Installing: /home/jongbob/dev_ws/ros2-study/week2_slam/install/vicpinky_gazebo/share/vicpinky_gazebo/worlds
[0.632s] -- Installing: /home/jongbob/dev_ws/ros2-study/week2_slam/install/vicpinky_gazebo/share/vicpinky_gazebo/worlds/factory_L1.world
[0.632s] -- Installing: /home/jongbob/dev_ws/ros2-study/week2_slam/install/vicpinky_gazebo/share/vicpinky_gazebo/worlds/empty.world
[0.632s] -- Installing: /home/jongbob/dev_ws/ros2-study/week2_slam/install/vicpinky_gazebo/share/vicpinky_gazebo/models
[0.632s] -- Installing: /home/jongbob/dev_ws/ros2-study/week2_slam/install/vicpinky_gazebo/share/vicpinky_gazebo/models/img
[0.633s] -- Installing: /home/jongbob/dev_ws/ros2-study/week2_slam/install/vicpinky_gazebo/share/vicpinky_gazebo/models/img/pinklab.jpg
[0.633s] -- Installing: /home/jongbob/dev_ws/ros2-study/week2_slam/install/vicpinky_gazebo/share/vicpinky_gazebo/models/img/pinklab_half.jpg
[0.633s] -- Installing: /home/jongbob/dev_ws/ros2-study/week2_slam/install/vicpinky_gazebo/share/vicpinky_gazebo/models/shelf
[0.633s] -- Installing: /home/jongbob/dev_ws/ros2-study/week2_slam/install/vicpinky_gazebo/share/vicpinky_gazebo/models/shelf/model.sdf
[0.633s] -- Installing: /home/jongbob/dev_ws/ros2-study/week2_slam/install/vicpinky_gazebo/share/vicpinky_gazebo/models/shelf/thumbnails
[0.633s] -- Installing: /home/jongbob/dev_ws/ros2-study/week2_slam/install/vicpinky_gazebo/share/vicpinky_gazebo/models/shelf/thumbnails/1.png
[0.633s] -- Installing: /home/jongbob/dev_ws/ros2-study/week2_slam/install/vicpinky_gazebo/share/vicpinky_gazebo/models/shelf/meshes
[0.633s] -- Installing: /home/jongbob/dev_ws/ros2-study/week2_slam/install/vicpinky_gazebo/share/vicpinky_gazebo/models/shelf/meshes/Box_paper_04_1_Base_Color.png
[0.634s] -- Installing: /home/jongbob/dev_ws/ros2-study/week2_slam/install/vicpinky_gazebo/share/vicpinky_gazebo/models/shelf/meshes/shelf_big_movai.dae
[0.635s] -- Installing: /home/jongbob/dev_ws/ros2-study/week2_slam/install/vicpinky_gazebo/share/vicpinky_gazebo/models/shelf/model.config
[0.635s] -- Installing: /home/jongbob/dev_ws/ros2-study/week2_slam/install/vicpinky_gazebo/share/vicpinky_gazebo/models/shelf/original_modl.sdf
[0.635s] -- Installing: /home/jongbob/dev_ws/ros2-study/week2_slam/install/vicpinky_gazebo/share/vicpinky_gazebo/models/desk
[0.635s] -- Installing: /home/jongbob/dev_ws/ros2-study/week2_slam/install/vicpinky_gazebo/share/vicpinky_gazebo/models/desk/model.sdf
[0.635s] -- Installing: /home/jongbob/dev_ws/ros2-study/week2_slam/install/vicpinky_gazebo/share/vicpinky_gazebo/models/desk/thumbnails
[0.635s] -- Installing: /home/jongbob/dev_ws/ros2-study/week2_slam/install/vicpinky_gazebo/share/vicpinky_gazebo/models/desk/thumbnails/5.png
[0.635s] -- Installing: /home/jongbob/dev_ws/ros2-study/week2_slam/install/vicpinky_gazebo/share/vicpinky_gazebo/models/desk/thumbnails/4.png
[0.635s] -- Installing: /home/jongbob/dev_ws/ros2-study/week2_slam/install/vicpinky_gazebo/share/vicpinky_gazebo/models/desk/thumbnails/1.png
[0.635s] -- Installing: /home/jongbob/dev_ws/ros2-study/week2_slam/install/vicpinky_gazebo/share/vicpinky_gazebo/models/desk/thumbnails/3.png
[0.635s] -- Installing: /home/jongbob/dev_ws/ros2-study/week2_slam/install/vicpinky_gazebo/share/vicpinky_gazebo/models/desk/thumbnails/2.png
[0.635s] -- Installing: /home/jongbob/dev_ws/ros2-study/week2_slam/install/vicpinky_gazebo/share/vicpinky_gazebo/models/desk/meshes
[0.635s] -- Installing: /home/jongbob/dev_ws/ros2-study/week2_slam/install/vicpinky_gazebo/share/vicpinky_gazebo/models/desk/meshes/desk.obj
[0.635s] -- Installing: /home/jongbob/dev_ws/ros2-study/week2_slam/install/vicpinky_gazebo/share/vicpinky_gazebo/models/desk/meshes/Desk_Diffuse.png
[0.636s] -- Installing: /home/jongbob/dev_ws/ros2-study/week2_slam/install/vicpinky_gazebo/share/vicpinky_gazebo/models/desk/meshes/desk.mtl
[0.636s] -- Installing: /home/jongbob/dev_ws/ros2-study/week2_slam/install/vicpinky_gazebo/share/vicpinky_gazebo/models/desk/model.config
[0.636s] -- Installing: /home/jongbob/dev_ws/ros2-study/week2_slam/install/vicpinky_gazebo/share/vicpinky_gazebo/models/factory_L1
[0.636s] -- Installing: /home/jongbob/dev_ws/ros2-study/week2_slam/install/vicpinky_gazebo/share/vicpinky_gazebo/models/factory_L1/model.sdf
[0.636s] -- Installing: /home/jongbob/dev_ws/ros2-study/week2_slam/install/vicpinky_gazebo/share/vicpinky_gazebo/models/factory_L1/meshes
[0.636s] -- Installing: /home/jongbob/dev_ws/ros2-study/week2_slam/install/vicpinky_gazebo/share/vicpinky_gazebo/models/factory_L1/meshes/concrete2.png
[0.636s] -- Installing: /home/jongbob/dev_ws/ros2-study/week2_slam/install/vicpinky_gazebo/share/vicpinky_gazebo/models/factory_L1/meshes/model.material
[0.636s] -- Installing: /home/jongbob/dev_ws/ros2-study/week2_slam/install/vicpinky_gazebo/share/vicpinky_gazebo/models/factory_L1/meshes/floor_1.mtl
[0.636s] -- Installing: /home/jongbob/dev_ws/ros2-study/week2_slam/install/vicpinky_gazebo/share/vicpinky_gazebo/models/factory_L1/meshes/default.png
[0.636s] -- Installing: /home/jongbob/dev_ws/ros2-study/week2_slam/install/vicpinky_gazebo/share/vicpinky_gazebo/models/factory_L1/meshes/wall_3.obj
[0.636s] -- Installing: /home/jongbob/dev_ws/ros2-study/week2_slam/install/vicpinky_gazebo/share/vicpinky_gazebo/models/factory_L1/meshes/wall_2.obj
[0.637s] -- Installing: /home/jongbob/dev_ws/ros2-study/week2_slam/install/vicpinky_gazebo/share/vicpinky_gazebo/models/factory_L1/meshes/wall_3.mtl
[0.637s] -- Installing: /home/jongbob/dev_ws/ros2-study/week2_slam/install/vicpinky_gazebo/share/vicpinky_gazebo/models/factory_L1/meshes/wall_1.obj
[0.637s] -- Installing: /home/jongbob/dev_ws/ros2-study/week2_slam/install/vicpinky_gazebo/share/vicpinky_gazebo/models/factory_L1/meshes/wall_1.mtl
[0.637s] -- Installing: /home/jongbob/dev_ws/ros2-study/week2_slam/install/vicpinky_gazebo/share/vicpinky_gazebo/models/factory_L1/meshes/floor_1.obj
[0.637s] -- Installing: /home/jongbob/dev_ws/ros2-study/week2_slam/install/vicpinky_gazebo/share/vicpinky_gazebo/models/factory_L1/meshes/wall_2.mtl
[0.637s] -- Installing: /home/jongbob/dev_ws/ros2-study/week2_slam/install/vicpinky_gazebo/share/vicpinky_gazebo/models/factory_L1/meshes/blue_linoleum.png
[0.637s] -- Installing: /home/jongbob/dev_ws/ros2-study/week2_slam/install/vicpinky_gazebo/share/vicpinky_gazebo/models/factory_L1/model.config
[0.637s] -- Installing: /home/jongbob/dev_ws/ros2-study/week2_slam/install/vicpinky_gazebo/share/vicpinky_gazebo/params
[0.637s] -- Installing: /home/jongbob/dev_ws/ros2-study/week2_slam/install/vicpinky_gazebo/share/vicpinky_gazebo/params/pinky_bridge.yaml
[0.637s] -- Installing: /home/jongbob/dev_ws/ros2-study/week2_slam/install/vicpinky_gazebo/share/ament_index/resource_index/package_run_dependencies/vicpinky_gazebo
[0.637s] -- Installing: /home/jongbob/dev_ws/ros2-study/week2_slam/install/vicpinky_gazebo/share/ament_index/resource_index/parent_prefix_path/vicpinky_gazebo
[0.637s] -- Installing: /home/jongbob/dev_ws/ros2-study/week2_slam/install/vicpinky_gazebo/share/vicpinky_gazebo/environment/ament_prefix_path.sh
[0.637s] -- Installing: /home/jongbob/dev_ws/ros2-study/week2_slam/install/vicpinky_gazebo/share/vicpinky_gazebo/environment/ament_prefix_path.dsv
[0.638s] -- Installing: /home/jongbob/dev_ws/ros2-study/week2_slam/install/vicpinky_gazebo/share/vicpinky_gazebo/environment/path.sh
[0.638s] -- Installing: /home/jongbob/dev_ws/ros2-study/week2_slam/install/vicpinky_gazebo/share/vicpinky_gazebo/environment/path.dsv
[0.638s] -- Installing: /home/jongbob/dev_ws/ros2-study/week2_slam/install/vicpinky_gazebo/share/vicpinky_gazebo/local_setup.bash
[0.638s] -- Installing: /home/jongbob/dev_ws/ros2-study/week2_slam/install/vicpinky_gazebo/share/vicpinky_gazebo/local_setup.sh
[0.638s] -- Installing: /home/jongbob/dev_ws/ros2-study/week2_slam/install/vicpinky_gazebo/share/vicpinky_gazebo/local_setup.zsh
[0.638s] -- Installing: /home/jongbob/dev_ws/ros2-study/week2_slam/install/vicpinky_gazebo/share/vicpinky_gazebo/local_setup.dsv
[0.638s] -- Installing: /home/jongbob/dev_ws/ros2-study/week2_slam/install/vicpinky_gazebo/share/vicpinky_gazebo/package.dsv
[0.638s] -- Installing: /home/jongbob/dev_ws/ros2-study/week2_slam/install/vicpinky_gazebo/share/ament_index/resource_index/packages/vicpinky_gazebo
[0.638s] -- Installing: /home/jongbob/dev_ws/ros2-study/week2_slam/install/vicpinky_gazebo/share/vicpinky_gazebo/cmake/vicpinky_gazeboConfig.cmake
[0.638s] -- Installing: /home/jongbob/dev_ws/ros2-study/week2_slam/install/vicpinky_gazebo/share/vicpinky_gazebo/cmake/vicpinky_gazeboConfig-version.cmake
[0.638s] -- Installing: /home/jongbob/dev_ws/ros2-study/week2_slam/install/vicpinky_gazebo/share/vicpinky_gazebo/package.xml
[0.640s] Invoked command in '/home/jongbob/dev_ws/ros2-study/week2_slam/build/vicpinky_gazebo' returned '0': CMAKE_PREFIX_PATH=/home/jongbob/dev_ws/ros2-study/week2_slam/install/vicpinky_description:/home/jongbob/dev_ws/ros2-study/week2_slam/install/vicpinky_navigation:/home/jongbob/dev_ws/ros2-study/week2_slam/install/vicpinky_gazebo:/home/jongbob/dev_ws/ros2-study/week1_ros2_basics/install/vicpinky_navigation:/home/jongbob/dev_ws/ros2-study/week1_ros2_basics/install/vicpinky_gazebo:/home/jongbob/dev_ws/ros2-study/week1_ros2_basics/install/vicpinky_description:/home/jongbob/dev_ws/ros2-study/week1_ros2_basics/install/sllidar_ros2:/home/jongbob/dev_ws/ros2-study/week2_slam/install/vicpinky_bringup:/home/jongbob/dev_ws/ros2-study/week1_ros2_basics/install/vicpinky_bringup:/home/jongbob/dev_ws/ros2-study/week1_ros2_basics/install/robot_communication:/opt/ros/jazzy:/home/jongbob/dev_ws/ros2-study/week1_ros2_basics/install/simple_communication:/opt/ros/jazzy/opt/gz_sim_vendor:/opt/ros/jazzy/opt/gz_sensors_vendor:/opt/ros/jazzy/opt/gz_physics_vendor:/opt/ros/jazzy/opt/sdformat_vendor:/opt/ros/jazzy/opt/gz_gui_vendor:/opt/ros/jazzy/opt/gz_transport_vendor:/opt/ros/jazzy/opt/gz_rendering_vendor:/opt/ros/jazzy/opt/gz_plugin_vendor:/opt/ros/jazzy/opt/gz_fuel_tools_vendor:/opt/ros/jazzy/opt/gz_msgs_vendor:/opt/ros/jazzy/opt/gz_common_vendor:/opt/ros/jazzy/opt/gz_math_vendor:/opt/ros/jazzy/opt/gz_utils_vendor:/opt/ros/jazzy/opt/gz_tools_vendor:/opt/ros/jazzy/opt/gz_ogre_next_vendor:/opt/ros/jazzy/opt/gz_dartsim_vendor:/opt/ros/jazzy/opt/gz_cmake_vendor DEBUGINFOD_URLS=https://debuginfod.ubuntu.com /usr/bin/cmake --install /home/jongbob/dev_ws/ros2-study/week2_slam/build/vicpinky_gazebo
