[0.079s] DEBUG:colcon:Command line arguments: ['/usr/bin/colcon', 'build']
[0.079s] DEBUG:colcon:Parsed command line arguments: Namespace(log_base=None, log_level=None, verb_name='build', build_base='build', install_base='install', merge_install=False, symlink_install=False, test_result_base=None, continue_on_error=False, executor='parallel', parallel_workers=8, event_handlers=None, ignore_user_meta=False, metas=['./colcon.meta'], base_paths=['.'], packages_ignore=None, packages_ignore_regex=None, paths=None, packages_up_to=None, packages_up_to_regex=None, packages_above=None, packages_above_and_dependencies=None, packages_above_depth=None, packages_select_by_dep=None, packages_skip_by_dep=None, packages_skip_up_to=None, packages_select_build_failed=False, packages_skip_build_finished=False, packages_select_test_failures=False, packages_skip_test_passed=False, packages_select=None, packages_skip=None, packages_select_regex=None, packages_skip_regex=None, packages_start=None, packages_end=None, allow_overriding=[], cmake_args=None, cmake_target=None, cmake_target_skip_unavailable=False, cmake_clean_cache=False, cmake_clean_first=False, cmake_force_configure=False, ament_cmake_args=None, catkin_cmake_args=None, catkin_skip_building_tests=False, mixin_files=None, mixin=None, verb_parser=<colcon_mixin.mixin.mixin_argument.MixinArgumentDecorator object at 0x7132245413a0>, verb_extension=<colcon_core.verb.build.BuildVerb object at 0x713224312900>, main=<bound method BuildVerb.main of <colcon_core.verb.build.BuildVerb object at 0x713224312900>>, mixin_verb=('build',))
[0.108s] Level 1:colcon.colcon_core.package_discovery:discover_packages(colcon_meta) check parameters
[0.108s] Level 1:colcon.colcon_core.package_discovery:discover_packages(recursive) check parameters
[0.108s] Level 1:colcon.colcon_core.package_discovery:discover_packages(ignore) check parameters
[0.108s] Level 1:colcon.colcon_core.package_discovery:discover_packages(path) check parameters
[0.108s] Level 1:colcon.colcon_core.package_discovery:discover_packages(colcon_meta) discover
[0.108s] Level 1:colcon.colcon_core.package_discovery:discover_packages(recursive) discover
[0.108s] INFO:colcon.colcon_core.package_discovery:Crawling recursively for packages in '/home/jongbob/dev_ws/ros2-study/week1_ros2_basics/src'
[0.108s] Level 1:colcon.colcon_core.package_identification:_identify(.) by extensions ['ignore', 'ignore_ament_install']
[0.108s] Level 1:colcon.colcon_core.package_identification:_identify(.) by extension 'ignore'
[0.108s] Level 1:colcon.colcon_core.package_identification:_identify(.) by extension 'ignore_ament_install'
[0.108s] Level 1:colcon.colcon_core.package_identification:_identify(.) by extensions ['colcon_pkg']
[0.108s] Level 1:colcon.colcon_core.package_identification:_identify(.) by extension 'colcon_pkg'
[0.108s] Level 1:colcon.colcon_core.package_identification:_identify(.) by extensions ['colcon_meta']
[0.108s] Level 1:colcon.colcon_core.package_identification:_identify(.) by extension 'colcon_meta'
[0.108s] Level 1:colcon.colcon_core.package_identification:_identify(.) by extensions ['ros']
[0.108s] Level 1:colcon.colcon_core.package_identification:_identify(.) by extension 'ros'
[0.128s] Level 1:colcon.colcon_core.package_identification:_identify(.) by extensions ['cmake', 'python']
[0.128s] Level 1:colcon.colcon_core.package_identification:_identify(.) by extension 'cmake'
[0.128s] Level 1:colcon.colcon_core.package_identification:_identify(.) by extension 'python'
[0.128s] Level 1:colcon.colcon_core.package_identification:_identify(.) by extensions ['python_setup_py']
[0.128s] Level 1:colcon.colcon_core.package_identification:_identify(.) by extension 'python_setup_py'
[0.128s] Level 1:colcon.colcon_core.package_identification:_identify(build) by extensions ['ignore', 'ignore_ament_install']
[0.128s] Level 1:colcon.colcon_core.package_identification:_identify(build) by extension 'ignore'
[0.128s] Level 1:colcon.colcon_core.package_identification:_identify(build) ignored
[0.128s] Level 1:colcon.colcon_core.package_identification:_identify(install) by extensions ['ignore', 'ignore_ament_install']
[0.128s] Level 1:colcon.colcon_core.package_identification:_identify(install) by extension 'ignore'
[0.128s] Level 1:colcon.colcon_core.package_identification:_identify(install) ignored
[0.128s] Level 1:colcon.colcon_core.package_identification:_identify(log) by extensions ['ignore', 'ignore_ament_install']
[0.128s] Level 1:colcon.colcon_core.package_identification:_identify(log) by extension 'ignore'
[0.128s] Level 1:colcon.colcon_core.package_identification:_identify(log) ignored
[0.128s] Level 1:colcon.colcon_core.package_identification:_identify(simple_communication) by extensions ['ignore', 'ignore_ament_install']
[0.128s] Level 1:colcon.colcon_core.package_identification:_identify(simple_communication) by extension 'ignore'
[0.128s] Level 1:colcon.colcon_core.package_identification:_identify(simple_communication) by extension 'ignore_ament_install'
[0.128s] Level 1:colcon.colcon_core.package_identification:_identify(simple_communication) by extensions ['colcon_pkg']
[0.128s] Level 1:colcon.colcon_core.package_identification:_identify(simple_communication) by extension 'colcon_pkg'
[0.128s] Level 1:colcon.colcon_core.package_identification:_identify(simple_communication) by extensions ['colcon_meta']
[0.128s] Level 1:colcon.colcon_core.package_identification:_identify(simple_communication) by extension 'colcon_meta'
[0.128s] Level 1:colcon.colcon_core.package_identification:_identify(simple_communication) by extensions ['ros']
[0.128s] Level 1:colcon.colcon_core.package_identification:_identify(simple_communication) by extension 'ros'
[0.130s] DEBUG:colcon.colcon_core.package_identification:Package 'simple_communication' with type 'ros.catkin' and name 'simple_communication'
[0.130s] Level 1:colcon.colcon_core.package_discovery:discover_packages(recursive) using defaults
[0.130s] Level 1:colcon.colcon_core.package_discovery:discover_packages(ignore) discover
[0.130s] Level 1:colcon.colcon_core.package_discovery:discover_packages(ignore) using defaults
[0.130s] Level 1:colcon.colcon_core.package_discovery:discover_packages(path) discover
[0.130s] Level 1:colcon.colcon_core.package_discovery:discover_packages(path) using defaults
[0.145s] Level 1:colcon.colcon_core.package_discovery:discover_packages(prefix_path) check parameters
[0.145s] Level 1:colcon.colcon_core.package_discovery:discover_packages(prefix_path) discover
[0.146s] DEBUG:colcon.colcon_installed_package_information.package_discovery:Found 1 installed packages in /home/jongbob/dev_ws/ros2-study/week1_ros2_basics/install
[0.147s] DEBUG:colcon.colcon_installed_package_information.package_discovery:Found 391 installed packages in /opt/ros/jazzy
[0.148s] Level 1:colcon.colcon_core.package_discovery:discover_packages(prefix_path) using defaults
[0.185s] Level 5:colcon.colcon_core.verb:set package 'simple_communication' build argument 'cmake_args' from command line to 'None'
[0.185s] Level 5:colcon.colcon_core.verb:set package 'simple_communication' build argument 'cmake_target' from command line to 'None'
[0.185s] Level 5:colcon.colcon_core.verb:set package 'simple_communication' build argument 'cmake_target_skip_unavailable' from command line to 'False'
[0.186s] Level 5:colcon.colcon_core.verb:set package 'simple_communication' build argument 'cmake_clean_cache' from command line to 'False'
[0.186s] Level 5:colcon.colcon_core.verb:set package 'simple_communication' build argument 'cmake_clean_first' from command line to 'False'
[0.186s] Level 5:colcon.colcon_core.verb:set package 'simple_communication' build argument 'cmake_force_configure' from command line to 'False'
[0.186s] Level 5:colcon.colcon_core.verb:set package 'simple_communication' build argument 'ament_cmake_args' from command line to 'None'
[0.186s] Level 5:colcon.colcon_core.verb:set package 'simple_communication' build argument 'catkin_cmake_args' from command line to 'None'
[0.186s] Level 5:colcon.colcon_core.verb:set package 'simple_communication' build argument 'catkin_skip_building_tests' from command line to 'False'
[0.186s] DEBUG:colcon.colcon_core.verb:Building package 'simple_communication' with the following arguments: {'ament_cmake_args': None, 'build_base': '/home/jongbob/dev_ws/ros2-study/week1_ros2_basics/src/build/simple_communication', 'catkin_cmake_args': None, 'catkin_skip_building_tests': False, 'cmake_args': None, 'cmake_clean_cache': False, 'cmake_clean_first': False, 'cmake_force_configure': False, 'cmake_target': None, 'cmake_target_skip_unavailable': False, 'install_base': '/home/jongbob/dev_ws/ros2-study/week1_ros2_basics/src/install/simple_communication', 'merge_install': False, 'path': '/home/jongbob/dev_ws/ros2-study/week1_ros2_basics/src/simple_communication', 'symlink_install': False, 'test_result_base': None}
[0.186s] INFO:colcon.colcon_core.executor:Executing jobs using 'parallel' executor
[0.186s] DEBUG:colcon.colcon_parallel_executor.executor.parallel:run_until_complete
[0.187s] INFO:colcon.colcon_ros.task.catkin.build:Building ROS package in '/home/jongbob/dev_ws/ros2-study/week1_ros2_basics/src/simple_communication' with build type 'catkin'
[0.187s] INFO:colcon.colcon_cmake.task.cmake.build:Building CMake package in '/home/jongbob/dev_ws/ros2-study/week1_ros2_basics/src/simple_communication'
[0.188s] INFO:colcon.colcon_core.plugin_system:Skipping extension 'colcon_core.shell.bat': Not used on non-Windows systems
[0.188s] INFO:colcon.colcon_core.shell:Skip shell extension 'powershell' for command environment: Not usable outside of PowerShell
[0.188s] DEBUG:colcon.colcon_core.shell:Skip shell extension 'dsv' for command environment
[0.194s] DEBUG:colcon.colcon_core.event_handler.log_command:Invoking command in '/home/jongbob/dev_ws/ros2-study/week1_ros2_basics/src/build/simple_communication': DEBUGINFOD_URLS=https://debuginfod.ubuntu.com PS1=(arm_venv) \[\e[1;34m\](ID: ${ROS_DOMAIN_ID:-0})\[\e[1;32m\]\u\[\e[0m\]:\[\e[1;34m\]\w\[\e[0m\]$ VIRTUAL_ENV_PROMPT=(arm_venv) /usr/bin/cmake /home/jongbob/dev_ws/ros2-study/week1_ros2_basics/src/simple_communication -DCATKIN_INSTALL_INTO_PREFIX_ROOT=0 -DCMAKE_INSTALL_PREFIX=/home/jongbob/dev_ws/ros2-study/week1_ros2_basics/src/install/simple_communication
[2.306s] DEBUG:colcon.colcon_core.event_handler.log_command:Invoked command in '/home/jongbob/dev_ws/ros2-study/week1_ros2_basics/src/build/simple_communication' returned '0': DEBUGINFOD_URLS=https://debuginfod.ubuntu.com PS1=(arm_venv) \[\e[1;34m\](ID: ${ROS_DOMAIN_ID:-0})\[\e[1;32m\]\u\[\e[0m\]:\[\e[1;34m\]\w\[\e[0m\]$ VIRTUAL_ENV_PROMPT=(arm_venv) /usr/bin/cmake /home/jongbob/dev_ws/ros2-study/week1_ros2_basics/src/simple_communication -DCATKIN_INSTALL_INTO_PREFIX_ROOT=0 -DCMAKE_INSTALL_PREFIX=/home/jongbob/dev_ws/ros2-study/week1_ros2_basics/src/install/simple_communication
[2.307s] DEBUG:colcon.colcon_core.event_handler.log_command:Invoking command in '/home/jongbob/dev_ws/ros2-study/week1_ros2_basics/src/build/simple_communication': DEBUGINFOD_URLS=https://debuginfod.ubuntu.com PS1=(arm_venv) \[\e[1;34m\](ID: ${ROS_DOMAIN_ID:-0})\[\e[1;32m\]\u\[\e[0m\]:\[\e[1;34m\]\w\[\e[0m\]$ VIRTUAL_ENV_PROMPT=(arm_venv) /usr/bin/cmake --build /home/jongbob/dev_ws/ros2-study/week1_ros2_basics/src/build/simple_communication -- -j8 -l8
[4.562s] DEBUG:colcon.colcon_core.event_handler.log_command:Invoked command in '/home/jongbob/dev_ws/ros2-study/week1_ros2_basics/src/build/simple_communication' returned '0': DEBUGINFOD_URLS=https://debuginfod.ubuntu.com PS1=(arm_venv) \[\e[1;34m\](ID: ${ROS_DOMAIN_ID:-0})\[\e[1;32m\]\u\[\e[0m\]:\[\e[1;34m\]\w\[\e[0m\]$ VIRTUAL_ENV_PROMPT=(arm_venv) /usr/bin/cmake --build /home/jongbob/dev_ws/ros2-study/week1_ros2_basics/src/build/simple_communication -- -j8 -l8
[4.571s] DEBUG:colcon.colcon_core.event_handler.log_command:Invoking command in '/home/jongbob/dev_ws/ros2-study/week1_ros2_basics/src/build/simple_communication': DEBUGINFOD_URLS=https://debuginfod.ubuntu.com PS1=(arm_venv) \[\e[1;34m\](ID: ${ROS_DOMAIN_ID:-0})\[\e[1;32m\]\u\[\e[0m\]:\[\e[1;34m\]\w\[\e[0m\]$ VIRTUAL_ENV_PROMPT=(arm_venv) /usr/bin/cmake --install /home/jongbob/dev_ws/ros2-study/week1_ros2_basics/src/build/simple_communication
[4.667s] DEBUG:colcon.colcon_core.event_handler.log_command:Invoked command in '/home/jongbob/dev_ws/ros2-study/week1_ros2_basics/src/build/simple_communication' returned '0': DEBUGINFOD_URLS=https://debuginfod.ubuntu.com PS1=(arm_venv) \[\e[1;34m\](ID: ${ROS_DOMAIN_ID:-0})\[\e[1;32m\]\u\[\e[0m\]:\[\e[1;34m\]\w\[\e[0m\]$ VIRTUAL_ENV_PROMPT=(arm_venv) /usr/bin/cmake --install /home/jongbob/dev_ws/ros2-study/week1_ros2_basics/src/build/simple_communication
[4.668s] Level 1:colcon.colcon_core.shell:create_environment_hook('simple_communication', 'ros_package_path')
[4.668s] INFO:colcon.colcon_core.shell:Creating environment hook '/home/jongbob/dev_ws/ros2-study/week1_ros2_basics/src/install/simple_communication/share/simple_communication/hook/ros_package_path.ps1'
[4.669s] INFO:colcon.colcon_core.shell:Creating environment descriptor '/home/jongbob/dev_ws/ros2-study/week1_ros2_basics/src/install/simple_communication/share/simple_communication/hook/ros_package_path.dsv'
[4.669s] INFO:colcon.colcon_core.shell:Creating environment hook '/home/jongbob/dev_ws/ros2-study/week1_ros2_basics/src/install/simple_communication/share/simple_communication/hook/ros_package_path.sh'
[4.670s] Level 1:colcon.colcon_ros.task.catkin:checking '/home/jongbob/dev_ws/ros2-study/week1_ros2_basics/src/install/simple_communication/lib/python3.12/site-packages'
[4.670s] Level 1:colcon.colcon_core.shell:create_environment_hook('simple_communication', 'catkin_pythonpath')
[4.670s] INFO:colcon.colcon_core.shell:Creating environment hook '/home/jongbob/dev_ws/ros2-study/week1_ros2_basics/src/install/simple_communication/share/simple_communication/hook/catkin_pythonpath.ps1'
[4.671s] INFO:colcon.colcon_core.shell:Creating environment descriptor '/home/jongbob/dev_ws/ros2-study/week1_ros2_basics/src/install/simple_communication/share/simple_communication/hook/catkin_pythonpath.dsv'
[4.671s] INFO:colcon.colcon_core.shell:Creating environment hook '/home/jongbob/dev_ws/ros2-study/week1_ros2_basics/src/install/simple_communication/share/simple_communication/hook/catkin_pythonpath.sh'
[4.671s] Level 1:colcon.colcon_core.shell:create_environment_hook('simple_communication', 'pkg_config_path')
[4.671s] INFO:colcon.colcon_core.shell:Creating environment hook '/home/jongbob/dev_ws/ros2-study/week1_ros2_basics/src/install/simple_communication/share/simple_communication/hook/pkg_config_path.ps1'
[4.671s] INFO:colcon.colcon_core.shell:Creating environment descriptor '/home/jongbob/dev_ws/ros2-study/week1_ros2_basics/src/install/simple_communication/share/simple_communication/hook/pkg_config_path.dsv'
[4.672s] INFO:colcon.colcon_core.shell:Creating environment hook '/home/jongbob/dev_ws/ros2-study/week1_ros2_basics/src/install/simple_communication/share/simple_communication/hook/pkg_config_path.sh'
[4.674s] Level 1:colcon.colcon_core.shell:create_environment_hook('simple_communication', 'pkg_config_path_multiarch')
[4.674s] INFO:colcon.colcon_core.shell:Creating environment hook '/home/jongbob/dev_ws/ros2-study/week1_ros2_basics/src/install/simple_communication/share/simple_communication/hook/pkg_config_path_multiarch.ps1'
[4.674s] INFO:colcon.colcon_core.shell:Creating environment descriptor '/home/jongbob/dev_ws/ros2-study/week1_ros2_basics/src/install/simple_communication/share/simple_communication/hook/pkg_config_path_multiarch.dsv'
[4.675s] INFO:colcon.colcon_core.shell:Creating environment hook '/home/jongbob/dev_ws/ros2-study/week1_ros2_basics/src/install/simple_communication/share/simple_communication/hook/pkg_config_path_multiarch.sh'
[4.676s] Level 1:colcon.colcon_core.environment:create_environment_scripts_only(simple_communication)
[4.678s] Level 1:colcon.colcon_core.environment:checking '/home/jongbob/dev_ws/ros2-study/week1_ros2_basics/src/install/simple_communication' for CMake module files
[4.678s] Level 1:colcon.colcon_core.environment:checking '/home/jongbob/dev_ws/ros2-study/week1_ros2_basics/src/install/simple_communication' for CMake config files
[4.679s] Level 1:colcon.colcon_core.shell:create_environment_hook('simple_communication', 'cmake_prefix_path')
[4.679s] INFO:colcon.colcon_core.shell:Creating environment hook '/home/jongbob/dev_ws/ros2-study/week1_ros2_basics/src/install/simple_communication/share/simple_communication/hook/cmake_prefix_path.ps1'
[4.679s] INFO:colcon.colcon_core.shell:Creating environment descriptor '/home/jongbob/dev_ws/ros2-study/week1_ros2_basics/src/install/simple_communication/share/simple_communication/hook/cmake_prefix_path.dsv'
[4.680s] INFO:colcon.colcon_core.shell:Creating environment hook '/home/jongbob/dev_ws/ros2-study/week1_ros2_basics/src/install/simple_communication/share/simple_communication/hook/cmake_prefix_path.sh'
[4.680s] Level 1:colcon.colcon_core.environment:checking '/home/jongbob/dev_ws/ros2-study/week1_ros2_basics/src/install/simple_communication/lib'
[4.680s] Level 1:colcon.colcon_core.shell:create_environment_hook('simple_communication', 'ld_library_path_lib')
[4.681s] INFO:colcon.colcon_core.shell:Creating environment hook '/home/jongbob/dev_ws/ros2-study/week1_ros2_basics/src/install/simple_communication/share/simple_communication/hook/ld_library_path_lib.ps1'
[4.681s] INFO:colcon.colcon_core.shell:Creating environment descriptor '/home/jongbob/dev_ws/ros2-study/week1_ros2_basics/src/install/simple_communication/share/simple_communication/hook/ld_library_path_lib.dsv'
[4.681s] INFO:colcon.colcon_core.shell:Creating environment hook '/home/jongbob/dev_ws/ros2-study/week1_ros2_basics/src/install/simple_communication/share/simple_communication/hook/ld_library_path_lib.sh'
[4.682s] Level 1:colcon.colcon_core.environment:checking '/home/jongbob/dev_ws/ros2-study/week1_ros2_basics/src/install/simple_communication/bin'
[4.682s] Level 1:colcon.colcon_core.environment:checking '/home/jongbob/dev_ws/ros2-study/week1_ros2_basics/src/install/simple_communication/lib/pkgconfig/simple_communication.pc'
[4.682s] Level 1:colcon.colcon_core.environment:checking '/home/jongbob/dev_ws/ros2-study/week1_ros2_basics/src/install/simple_communication/lib/python3.12/site-packages'
[4.682s] Level 1:colcon.colcon_core.shell:create_environment_hook('simple_communication', 'pythonpath')
[4.682s] INFO:colcon.colcon_core.shell:Creating environment hook '/home/jongbob/dev_ws/ros2-study/week1_ros2_basics/src/install/simple_communication/share/simple_communication/hook/pythonpath.ps1'
[4.683s] INFO:colcon.colcon_core.shell:Creating environment descriptor '/home/jongbob/dev_ws/ros2-study/week1_ros2_basics/src/install/simple_communication/share/simple_communication/hook/pythonpath.dsv'
[4.683s] INFO:colcon.colcon_core.shell:Creating environment hook '/home/jongbob/dev_ws/ros2-study/week1_ros2_basics/src/install/simple_communication/share/simple_communication/hook/pythonpath.sh'
[4.683s] Level 1:colcon.colcon_core.environment:checking '/home/jongbob/dev_ws/ros2-study/week1_ros2_basics/src/install/simple_communication/bin'
[4.684s] INFO:colcon.colcon_core.shell:Creating package script '/home/jongbob/dev_ws/ros2-study/week1_ros2_basics/src/install/simple_communication/share/simple_communication/package.ps1'
[4.685s] INFO:colcon.colcon_core.shell:Creating package descriptor '/home/jongbob/dev_ws/ros2-study/week1_ros2_basics/src/install/simple_communication/share/simple_communication/package.dsv'
[4.686s] INFO:colcon.colcon_core.shell:Creating package script '/home/jongbob/dev_ws/ros2-study/week1_ros2_basics/src/install/simple_communication/share/simple_communication/package.sh'
[4.689s] INFO:colcon.colcon_core.shell:Creating package script '/home/jongbob/dev_ws/ros2-study/week1_ros2_basics/src/install/simple_communication/share/simple_communication/package.bash'
[4.690s] INFO:colcon.colcon_core.shell:Creating package script '/home/jongbob/dev_ws/ros2-study/week1_ros2_basics/src/install/simple_communication/share/simple_communication/package.zsh'
[4.691s] Level 1:colcon.colcon_core.environment:create_file_with_runtime_dependencies(/home/jongbob/dev_ws/ros2-study/week1_ros2_basics/src/install/simple_communication/share/colcon-core/packages/simple_communication)
[4.691s] DEBUG:colcon.colcon_parallel_executor.executor.parallel:closing loop
[4.692s] DEBUG:colcon.colcon_parallel_executor.executor.parallel:loop closed
[4.692s] DEBUG:colcon.colcon_parallel_executor.executor.parallel:run_until_complete finished with '0'
[4.692s] DEBUG:colcon.colcon_core.event_reactor:joining thread
[4.700s] INFO:colcon.colcon_core.plugin_system:Skipping extension 'colcon_notification.desktop_notification.terminal_notifier': Not used on non-Darwin systems
[4.700s] INFO:colcon.colcon_core.plugin_system:Skipping extension 'colcon_notification.desktop_notification.win32': Not used on non-Windows systems
[4.700s] INFO:colcon.colcon_notification.desktop_notification:Sending desktop notification using 'notify2'
[4.717s] DEBUG:colcon.colcon_core.event_reactor:joined thread
[4.718s] INFO:colcon.colcon_core.shell:Creating prefix script '/home/jongbob/dev_ws/ros2-study/week1_ros2_basics/src/install/local_setup.ps1'
[4.719s] INFO:colcon.colcon_core.shell:Creating prefix util module '/home/jongbob/dev_ws/ros2-study/week1_ros2_basics/src/install/_local_setup_util_ps1.py'
[4.721s] INFO:colcon.colcon_core.shell:Creating prefix chain script '/home/jongbob/dev_ws/ros2-study/week1_ros2_basics/src/install/setup.ps1'
[4.722s] INFO:colcon.colcon_core.shell:Creating prefix script '/home/jongbob/dev_ws/ros2-study/week1_ros2_basics/src/install/local_setup.sh'
[4.722s] INFO:colcon.colcon_core.shell:Creating prefix util module '/home/jongbob/dev_ws/ros2-study/week1_ros2_basics/src/install/_local_setup_util_sh.py'
[4.723s] INFO:colcon.colcon_core.shell:Creating prefix chain script '/home/jongbob/dev_ws/ros2-study/week1_ros2_basics/src/install/setup.sh'
[4.725s] INFO:colcon.colcon_core.shell:Creating prefix script '/home/jongbob/dev_ws/ros2-study/week1_ros2_basics/src/install/local_setup.bash'
[4.725s] INFO:colcon.colcon_core.shell:Creating prefix chain script '/home/jongbob/dev_ws/ros2-study/week1_ros2_basics/src/install/setup.bash'
[4.726s] INFO:colcon.colcon_core.shell:Creating prefix script '/home/jongbob/dev_ws/ros2-study/week1_ros2_basics/src/install/local_setup.zsh'
[4.726s] INFO:colcon.colcon_core.shell:Creating prefix chain script '/home/jongbob/dev_ws/ros2-study/week1_ros2_basics/src/install/setup.zsh'
