[0.957s] Invoking command in '/home/jongbob/dev_ws/ros2-study/week1_ros2_basics/src/simple_communication': DEBUGINFOD_URLS=https://debuginfod.ubuntu.com PYTHONPATH=/home/jongbob/dev_ws/ros2-study/week1_ros2_basics/build/simple_communication/prefix_override:/usr/lib/python3/dist-packages/colcon_core/task/python/colcon_distutils_commands:/home/jongbob/dev_ws/ros2-study/week1_ros2_basics/install/simple_communication/lib/python3.12/site-packages:${PYTHONPATH} /usr/bin/python3 -W ignore:setup.py install is deprecated -W ignore:easy_install command is deprecated setup.py egg_info --egg-base ../../build/simple_communication build --build-base /home/jongbob/dev_ws/ros2-study/week1_ros2_basics/build/simple_communication/build install --record /home/jongbob/dev_ws/ros2-study/week1_ros2_basics/build/simple_communication/install.log --single-version-externally-managed install_data
[1.240s] running egg_info
[1.261s] writing ../../build/simple_communication/simple_communication.egg-info/PKG-INFO
[1.261s] writing dependency_links to ../../build/simple_communication/simple_communication.egg-info/dependency_links.txt
[1.261s] writing entry points to ../../build/simple_communication/simple_communication.egg-info/entry_points.txt
[1.262s] writing requirements to ../../build/simple_communication/simple_communication.egg-info/requires.txt
[1.262s] writing top-level names to ../../build/simple_communication/simple_communication.egg-info/top_level.txt
[1.303s] reading manifest file '../../build/simple_communication/simple_communication.egg-info/SOURCES.txt'
[1.304s] writing manifest file '../../build/simple_communication/simple_communication.egg-info/SOURCES.txt'
[1.304s] running build
[1.304s] running build_py
[1.305s] copying simple_communication/robot_status_subscriber.py -> /home/jongbob/dev_ws/ros2-study/week1_ros2_basics/build/simple_communication/build/lib/simple_communication
[1.305s] running install
[1.312s] running install_lib
[1.333s] copying /home/jongbob/dev_ws/ros2-study/week1_ros2_basics/build/simple_communication/build/lib/simple_communication/robot_status_subscriber.py -> /home/jongbob/dev_ws/ros2-study/week1_ros2_basics/install/simple_communication/lib/python3.12/site-packages/simple_communication
[1.334s] byte-compiling /home/jongbob/dev_ws/ros2-study/week1_ros2_basics/install/simple_communication/lib/python3.12/site-packages/simple_communication/robot_status_subscriber.py to robot_status_subscriber.cpython-312.pyc
[1.335s] running install_data
[1.335s] running install_egg_info
[1.356s] removing '/home/jongbob/dev_ws/ros2-study/week1_ros2_basics/install/simple_communication/lib/python3.12/site-packages/simple_communication-0.0.0-py3.12.egg-info' (and everything under it)
[1.357s] Copying ../../build/simple_communication/simple_communication.egg-info to /home/jongbob/dev_ws/ros2-study/week1_ros2_basics/install/simple_communication/lib/python3.12/site-packages/simple_communication-0.0.0-py3.12.egg-info
[1.357s] running install_scripts
[1.497s] Installing robot_status_publisher script to /home/jongbob/dev_ws/ros2-study/week1_ros2_basics/install/simple_communication/lib/simple_communication
[1.497s] Installing robot_status_subscriber script to /home/jongbob/dev_ws/ros2-study/week1_ros2_basics/install/simple_communication/lib/simple_communication
[1.497s] writing list of installed files to '/home/jongbob/dev_ws/ros2-study/week1_ros2_basics/build/simple_communication/install.log'
[1.529s] Invoked command in '/home/jongbob/dev_ws/ros2-study/week1_ros2_basics/src/simple_communication' returned '0': DEBUGINFOD_URLS=https://debuginfod.ubuntu.com PYTHONPATH=/home/jongbob/dev_ws/ros2-study/week1_ros2_basics/build/simple_communication/prefix_override:/usr/lib/python3/dist-packages/colcon_core/task/python/colcon_distutils_commands:/home/jongbob/dev_ws/ros2-study/week1_ros2_basics/install/simple_communication/lib/python3.12/site-packages:${PYTHONPATH} /usr/bin/python3 -W ignore:setup.py install is deprecated -W ignore:easy_install command is deprecated setup.py egg_info --egg-base ../../build/simple_communication build --build-base /home/jongbob/dev_ws/ros2-study/week1_ros2_basics/build/simple_communication/build install --record /home/jongbob/dev_ws/ros2-study/week1_ros2_basics/build/simple_communication/install.log --single-version-externally-managed install_data
