[0.108s] DEBUG:colcon:Command line arguments: ['/usr/bin/colcon', 'build']
[0.108s] DEBUG:colcon:Parsed command line arguments: Namespace(log_base=None, log_level=None, verb_name='build', build_base='build', install_base='install', merge_install=False, symlink_install=False, test_result_base=None, continue_on_error=False, executor='parallel', parallel_workers=8, event_handlers=None, ignore_user_meta=False, metas=['./colcon.meta'], base_paths=['.'], packages_ignore=None, packages_ignore_regex=None, paths=None, packages_up_to=None, packages_up_to_regex=None, packages_above=None, packages_above_and_dependencies=None, packages_above_depth=None, packages_select_by_dep=None, packages_skip_by_dep=None, packages_skip_up_to=None, packages_select_build_failed=False, packages_skip_build_finished=False, packages_select_test_failures=False, packages_skip_test_passed=False, packages_select=None, packages_skip=None, packages_select_regex=None, packages_skip_regex=None, packages_start=None, packages_end=None, allow_overriding=[], cmake_args=None, cmake_target=None, cmake_target_skip_unavailable=False, cmake_clean_cache=False, cmake_clean_first=False, cmake_force_configure=False, ament_cmake_args=None, catkin_cmake_args=None, catkin_skip_building_tests=False, mixin_files=None, mixin=None, verb_parser=<colcon_mixin.mixin.mixin_argument.MixinArgumentDecorator object at 0x7d308dc9ce90>, verb_extension=<colcon_core.verb.build.BuildVerb object at 0x7d308dc2ab70>, main=<bound method BuildVerb.main of <colcon_core.verb.build.BuildVerb object at 0x7d308dc2ab70>>, mixin_verb=('build',))
[0.146s] Level 1:colcon.colcon_core.package_discovery:discover_packages(colcon_meta) check parameters
[0.146s] Level 1:colcon.colcon_core.package_discovery:discover_packages(recursive) check parameters
[0.146s] Level 1:colcon.colcon_core.package_discovery:discover_packages(ignore) check parameters
[0.146s] Level 1:colcon.colcon_core.package_discovery:discover_packages(path) check parameters
[0.146s] Level 1:colcon.colcon_core.package_discovery:discover_packages(colcon_meta) discover
[0.146s] Level 1:colcon.colcon_core.package_discovery:discover_packages(recursive) discover
[0.146s] INFO:colcon.colcon_core.package_discovery:Crawling recursively for packages in '/home/jongbob/dev_ws/ros2-study/week2_slam'
[0.146s] Level 1:colcon.colcon_core.package_identification:_identify(.) by extensions ['ignore', 'ignore_ament_install']
[0.146s] Level 1:colcon.colcon_core.package_identification:_identify(.) by extension 'ignore'
[0.146s] Level 1:colcon.colcon_core.package_identification:_identify(.) by extension 'ignore_ament_install'
[0.146s] Level 1:colcon.colcon_core.package_identification:_identify(.) by extensions ['colcon_pkg']
[0.146s] Level 1:colcon.colcon_core.package_identification:_identify(.) by extension 'colcon_pkg'
[0.146s] Level 1:colcon.colcon_core.package_identification:_identify(.) by extensions ['colcon_meta']
[0.147s] Level 1:colcon.colcon_core.package_identification:_identify(.) by extension 'colcon_meta'
[0.147s] Level 1:colcon.colcon_core.package_identification:_identify(.) by extensions ['ros']
[0.147s] Level 1:colcon.colcon_core.package_identification:_identify(.) by extension 'ros'
[0.172s] Level 1:colcon.colcon_core.package_identification:_identify(.) by extensions ['cmake', 'python']
[0.172s] Level 1:colcon.colcon_core.package_identification:_identify(.) by extension 'cmake'
[0.172s] Level 1:colcon.colcon_core.package_identification:_identify(.) by extension 'python'
[0.172s] Level 1:colcon.colcon_core.package_identification:_identify(.) by extensions ['python_setup_py']
[0.173s] Level 1:colcon.colcon_core.package_identification:_identify(.) by extension 'python_setup_py'
[0.173s] Level 1:colcon.colcon_core.package_identification:_identify(build) by extensions ['ignore', 'ignore_ament_install']
[0.173s] Level 1:colcon.colcon_core.package_identification:_identify(build) by extension 'ignore'
[0.173s] Level 1:colcon.colcon_core.package_identification:_identify(build) ignored
[0.173s] Level 1:colcon.colcon_core.package_identification:_identify(install) by extensions ['ignore', 'ignore_ament_install']
[0.173s] Level 1:colcon.colcon_core.package_identification:_identify(install) by extension 'ignore'
[0.173s] Level 1:colcon.colcon_core.package_identification:_identify(install) ignored
[0.173s] Level 1:colcon.colcon_core.package_identification:_identify(log) by extensions ['ignore', 'ignore_ament_install']
[0.173s] Level 1:colcon.colcon_core.package_identification:_identify(log) by extension 'ignore'
[0.173s] Level 1:colcon.colcon_core.package_identification:_identify(log) ignored
[0.173s] Level 1:colcon.colcon_core.package_identification:_identify(src) by extensions ['ignore', 'ignore_ament_install']
[0.173s] Level 1:colcon.colcon_core.package_identification:_identify(src) by extension 'ignore'
[0.173s] Level 1:colcon.colcon_core.package_identification:_identify(src) by extension 'ignore_ament_install'
[0.173s] Level 1:colcon.colcon_core.package_identification:_identify(src) by extensions ['colcon_pkg']
[0.174s] Level 1:colcon.colcon_core.package_identification:_identify(src) by extension 'colcon_pkg'
[0.174s] Level 1:colcon.colcon_core.package_identification:_identify(src) by extensions ['colcon_meta']
[0.174s] Level 1:colcon.colcon_core.package_identification:_identify(src) by extension 'colcon_meta'
[0.174s] Level 1:colcon.colcon_core.package_identification:_identify(src) by extensions ['ros']
[0.174s] Level 1:colcon.colcon_core.package_identification:_identify(src) by extension 'ros'
[0.174s] Level 1:colcon.colcon_core.package_identification:_identify(src) by extensions ['cmake', 'python']
[0.174s] Level 1:colcon.colcon_core.package_identification:_identify(src) by extension 'cmake'
[0.174s] Level 1:colcon.colcon_core.package_identification:_identify(src) by extension 'python'
[0.174s] Level 1:colcon.colcon_core.package_identification:_identify(src) by extensions ['python_setup_py']
[0.174s] Level 1:colcon.colcon_core.package_identification:_identify(src) by extension 'python_setup_py'
[0.174s] Level 1:colcon.colcon_core.package_identification:_identify(src/vic_pinky_VSLAM) by extensions ['ignore', 'ignore_ament_install']
[0.174s] Level 1:colcon.colcon_core.package_identification:_identify(src/vic_pinky_VSLAM) by extension 'ignore'
[0.174s] Level 1:colcon.colcon_core.package_identification:_identify(src/vic_pinky_VSLAM) by extension 'ignore_ament_install'
[0.174s] Level 1:colcon.colcon_core.package_identification:_identify(src/vic_pinky_VSLAM) by extensions ['colcon_pkg']
[0.174s] Level 1:colcon.colcon_core.package_identification:_identify(src/vic_pinky_VSLAM) by extension 'colcon_pkg'
[0.174s] Level 1:colcon.colcon_core.package_identification:_identify(src/vic_pinky_VSLAM) by extensions ['colcon_meta']
[0.174s] Level 1:colcon.colcon_core.package_identification:_identify(src/vic_pinky_VSLAM) by extension 'colcon_meta'
[0.174s] Level 1:colcon.colcon_core.package_identification:_identify(src/vic_pinky_VSLAM) by extensions ['ros']
[0.174s] Level 1:colcon.colcon_core.package_identification:_identify(src/vic_pinky_VSLAM) by extension 'ros'
[0.174s] Level 1:colcon.colcon_core.package_identification:_identify(src/vic_pinky_VSLAM) by extensions ['cmake', 'python']
[0.174s] Level 1:colcon.colcon_core.package_identification:_identify(src/vic_pinky_VSLAM) by extension 'cmake'
[0.174s] Level 1:colcon.colcon_core.package_identification:_identify(src/vic_pinky_VSLAM) by extension 'python'
[0.174s] Level 1:colcon.colcon_core.package_identification:_identify(src/vic_pinky_VSLAM) by extensions ['python_setup_py']
[0.174s] Level 1:colcon.colcon_core.package_identification:_identify(src/vic_pinky_VSLAM) by extension 'python_setup_py'
[0.175s] Level 1:colcon.colcon_core.package_identification:_identify(src/vic_pinky_VSLAM/doc) by extensions ['ignore', 'ignore_ament_install']
[0.175s] Level 1:colcon.colcon_core.package_identification:_identify(src/vic_pinky_VSLAM/doc) by extension 'ignore'
[0.175s] Level 1:colcon.colcon_core.package_identification:_identify(src/vic_pinky_VSLAM/doc) by extension 'ignore_ament_install'
[0.175s] Level 1:colcon.colcon_core.package_identification:_identify(src/vic_pinky_VSLAM/doc) by extensions ['colcon_pkg']
[0.175s] Level 1:colcon.colcon_core.package_identification:_identify(src/vic_pinky_VSLAM/doc) by extension 'colcon_pkg'
[0.175s] Level 1:colcon.colcon_core.package_identification:_identify(src/vic_pinky_VSLAM/doc) by extensions ['colcon_meta']
[0.175s] Level 1:colcon.colcon_core.package_identification:_identify(src/vic_pinky_VSLAM/doc) by extension 'colcon_meta'
[0.175s] Level 1:colcon.colcon_core.package_identification:_identify(src/vic_pinky_VSLAM/doc) by extensions ['ros']
[0.175s] Level 1:colcon.colcon_core.package_identification:_identify(src/vic_pinky_VSLAM/doc) by extension 'ros'
[0.175s] Level 1:colcon.colcon_core.package_identification:_identify(src/vic_pinky_VSLAM/doc) by extensions ['cmake', 'python']
[0.175s] Level 1:colcon.colcon_core.package_identification:_identify(src/vic_pinky_VSLAM/doc) by extension 'cmake'
[0.175s] Level 1:colcon.colcon_core.package_identification:_identify(src/vic_pinky_VSLAM/doc) by extension 'python'
[0.175s] Level 1:colcon.colcon_core.package_identification:_identify(src/vic_pinky_VSLAM/doc) by extensions ['python_setup_py']
[0.175s] Level 1:colcon.colcon_core.package_identification:_identify(src/vic_pinky_VSLAM/doc) by extension 'python_setup_py'
[0.175s] Level 1:colcon.colcon_core.package_identification:_identify(src/vic_pinky_VSLAM/vicpinky_bringup) by extensions ['ignore', 'ignore_ament_install']
[0.175s] Level 1:colcon.colcon_core.package_identification:_identify(src/vic_pinky_VSLAM/vicpinky_bringup) by extension 'ignore'
[0.175s] Level 1:colcon.colcon_core.package_identification:_identify(src/vic_pinky_VSLAM/vicpinky_bringup) by extension 'ignore_ament_install'
[0.175s] Level 1:colcon.colcon_core.package_identification:_identify(src/vic_pinky_VSLAM/vicpinky_bringup) by extensions ['colcon_pkg']
[0.175s] Level 1:colcon.colcon_core.package_identification:_identify(src/vic_pinky_VSLAM/vicpinky_bringup) by extension 'colcon_pkg'
[0.175s] Level 1:colcon.colcon_core.package_identification:_identify(src/vic_pinky_VSLAM/vicpinky_bringup) by extensions ['colcon_meta']
[0.175s] Level 1:colcon.colcon_core.package_identification:_identify(src/vic_pinky_VSLAM/vicpinky_bringup) by extension 'colcon_meta'
[0.175s] Level 1:colcon.colcon_core.package_identification:_identify(src/vic_pinky_VSLAM/vicpinky_bringup) by extensions ['ros']
[0.176s] Level 1:colcon.colcon_core.package_identification:_identify(src/vic_pinky_VSLAM/vicpinky_bringup) by extension 'ros'
[0.178s] DEBUG:colcon.colcon_core.package_identification:Package 'src/vic_pinky_VSLAM/vicpinky_bringup' with type 'ros.ament_python' and name 'vicpinky_bringup'
[0.178s] Level 1:colcon.colcon_core.package_identification:_identify(src/vic_pinky_VSLAM/vicpinky_description) by extensions ['ignore', 'ignore_ament_install']
[0.178s] Level 1:colcon.colcon_core.package_identification:_identify(src/vic_pinky_VSLAM/vicpinky_description) by extension 'ignore'
[0.178s] Level 1:colcon.colcon_core.package_identification:_identify(src/vic_pinky_VSLAM/vicpinky_description) by extension 'ignore_ament_install'
[0.178s] Level 1:colcon.colcon_core.package_identification:_identify(src/vic_pinky_VSLAM/vicpinky_description) by extensions ['colcon_pkg']
[0.178s] Level 1:colcon.colcon_core.package_identification:_identify(src/vic_pinky_VSLAM/vicpinky_description) by extension 'colcon_pkg'
[0.178s] Level 1:colcon.colcon_core.package_identification:_identify(src/vic_pinky_VSLAM/vicpinky_description) by extensions ['colcon_meta']
[0.178s] Level 1:colcon.colcon_core.package_identification:_identify(src/vic_pinky_VSLAM/vicpinky_description) by extension 'colcon_meta'
[0.178s] Level 1:colcon.colcon_core.package_identification:_identify(src/vic_pinky_VSLAM/vicpinky_description) by extensions ['ros']
[0.178s] Level 1:colcon.colcon_core.package_identification:_identify(src/vic_pinky_VSLAM/vicpinky_description) by extension 'ros'
[0.179s] DEBUG:colcon.colcon_core.package_identification:Package 'src/vic_pinky_VSLAM/vicpinky_description' with type 'ros.ament_cmake' and name 'vicpinky_description'
[0.179s] Level 1:colcon.colcon_core.package_identification:_identify(src/vic_pinky_VSLAM/vicpinky_gazebo) by extensions ['ignore', 'ignore_ament_install']
[0.179s] Level 1:colcon.colcon_core.package_identification:_identify(src/vic_pinky_VSLAM/vicpinky_gazebo) by extension 'ignore'
[0.179s] Level 1:colcon.colcon_core.package_identification:_identify(src/vic_pinky_VSLAM/vicpinky_gazebo) by extension 'ignore_ament_install'
[0.179s] Level 1:colcon.colcon_core.package_identification:_identify(src/vic_pinky_VSLAM/vicpinky_gazebo) by extensions ['colcon_pkg']
[0.179s] Level 1:colcon.colcon_core.package_identification:_identify(src/vic_pinky_VSLAM/vicpinky_gazebo) by extension 'colcon_pkg'
[0.180s] Level 1:colcon.colcon_core.package_identification:_identify(src/vic_pinky_VSLAM/vicpinky_gazebo) by extensions ['colcon_meta']
[0.180s] Level 1:colcon.colcon_core.package_identification:_identify(src/vic_pinky_VSLAM/vicpinky_gazebo) by extension 'colcon_meta'
[0.180s] Level 1:colcon.colcon_core.package_identification:_identify(src/vic_pinky_VSLAM/vicpinky_gazebo) by extensions ['ros']
[0.180s] Level 1:colcon.colcon_core.package_identification:_identify(src/vic_pinky_VSLAM/vicpinky_gazebo) by extension 'ros'
[0.180s] DEBUG:colcon.colcon_core.package_identification:Package 'src/vic_pinky_VSLAM/vicpinky_gazebo' with type 'ros.ament_cmake' and name 'vicpinky_gazebo'
[0.180s] Level 1:colcon.colcon_core.package_identification:_identify(src/vic_pinky_VSLAM/vicpinky_navigation) by extensions ['ignore', 'ignore_ament_install']
[0.180s] Level 1:colcon.colcon_core.package_identification:_identify(src/vic_pinky_VSLAM/vicpinky_navigation) by extension 'ignore'
[0.180s] Level 1:colcon.colcon_core.package_identification:_identify(src/vic_pinky_VSLAM/vicpinky_navigation) by extension 'ignore_ament_install'
[0.180s] Level 1:colcon.colcon_core.package_identification:_identify(src/vic_pinky_VSLAM/vicpinky_navigation) by extensions ['colcon_pkg']
[0.181s] Level 1:colcon.colcon_core.package_identification:_identify(src/vic_pinky_VSLAM/vicpinky_navigation) by extension 'colcon_pkg'
[0.181s] Level 1:colcon.colcon_core.package_identification:_identify(src/vic_pinky_VSLAM/vicpinky_navigation) by extensions ['colcon_meta']
[0.181s] Level 1:colcon.colcon_core.package_identification:_identify(src/vic_pinky_VSLAM/vicpinky_navigation) by extension 'colcon_meta'
[0.181s] Level 1:colcon.colcon_core.package_identification:_identify(src/vic_pinky_VSLAM/vicpinky_navigation) by extensions ['ros']
[0.181s] Level 1:colcon.colcon_core.package_identification:_identify(src/vic_pinky_VSLAM/vicpinky_navigation) by extension 'ros'
[0.181s] DEBUG:colcon.colcon_core.package_identification:Package 'src/vic_pinky_VSLAM/vicpinky_navigation' with type 'ros.ament_cmake' and name 'vicpinky_navigation'
[0.181s] Level 1:colcon.colcon_core.package_discovery:discover_packages(recursive) using defaults
[0.181s] Level 1:colcon.colcon_core.package_discovery:discover_packages(ignore) discover
[0.181s] Level 1:colcon.colcon_core.package_discovery:discover_packages(ignore) using defaults
[0.181s] Level 1:colcon.colcon_core.package_discovery:discover_packages(path) discover
[0.181s] Level 1:colcon.colcon_core.package_discovery:discover_packages(path) using defaults
[0.200s] Level 1:colcon.colcon_core.package_discovery:discover_packages(prefix_path) check parameters
[0.200s] Level 1:colcon.colcon_core.package_discovery:discover_packages(prefix_path) discover
[0.202s] DEBUG:colcon.colcon_installed_package_information.package_discovery:Found 4 installed packages in /home/jongbob/dev_ws/ros2-study/week2_slam/install
[0.202s] DEBUG:colcon.colcon_installed_package_information.package_discovery:Found 7 installed packages in /home/jongbob/dev_ws/ros2-study/week1_ros2_basics/install
[0.204s] DEBUG:colcon.colcon_installed_package_information.package_discovery:Found 397 installed packages in /opt/ros/jazzy
[0.206s] Level 1:colcon.colcon_core.package_discovery:discover_packages(prefix_path) using defaults
[0.257s] Level 5:colcon.colcon_core.verb:set package 'vicpinky_bringup' build argument 'cmake_args' from command line to 'None'
[0.257s] Level 5:colcon.colcon_core.verb:set package 'vicpinky_bringup' build argument 'cmake_target' from command line to 'None'
[0.257s] Level 5:colcon.colcon_core.verb:set package 'vicpinky_bringup' build argument 'cmake_target_skip_unavailable' from command line to 'False'
[0.257s] Level 5:colcon.colcon_core.verb:set package 'vicpinky_bringup' build argument 'cmake_clean_cache' from command line to 'False'
[0.257s] Level 5:colcon.colcon_core.verb:set package 'vicpinky_bringup' build argument 'cmake_clean_first' from command line to 'False'
[0.257s] Level 5:colcon.colcon_core.verb:set package 'vicpinky_bringup' build argument 'cmake_force_configure' from command line to 'False'
[0.257s] Level 5:colcon.colcon_core.verb:set package 'vicpinky_bringup' build argument 'ament_cmake_args' from command line to 'None'
[0.257s] Level 5:colcon.colcon_core.verb:set package 'vicpinky_bringup' build argument 'catkin_cmake_args' from command line to 'None'
[0.257s] Level 5:colcon.colcon_core.verb:set package 'vicpinky_bringup' build argument 'catkin_skip_building_tests' from command line to 'False'
[0.257s] DEBUG:colcon.colcon_core.verb:Building package 'vicpinky_bringup' with the following arguments: {'ament_cmake_args': None, 'build_base': '/home/jongbob/dev_ws/ros2-study/week2_slam/build/vicpinky_bringup', 'catkin_cmake_args': None, 'catkin_skip_building_tests': False, 'cmake_args': None, 'cmake_clean_cache': False, 'cmake_clean_first': False, 'cmake_force_configure': False, 'cmake_target': None, 'cmake_target_skip_unavailable': False, 'install_base': '/home/jongbob/dev_ws/ros2-study/week2_slam/install/vicpinky_bringup', 'merge_install': False, 'path': '/home/jongbob/dev_ws/ros2-study/week2_slam/src/vic_pinky_VSLAM/vicpinky_bringup', 'symlink_install': False, 'test_result_base': None}
[0.257s] Level 5:colcon.colcon_core.verb:set package 'vicpinky_description' build argument 'cmake_args' from command line to 'None'
[0.257s] Level 5:colcon.colcon_core.verb:set package 'vicpinky_description' build argument 'cmake_target' from command line to 'None'
[0.257s] Level 5:colcon.colcon_core.verb:set package 'vicpinky_description' build argument 'cmake_target_skip_unavailable' from command line to 'False'
[0.257s] Level 5:colcon.colcon_core.verb:set package 'vicpinky_description' build argument 'cmake_clean_cache' from command line to 'False'
[0.257s] Level 5:colcon.colcon_core.verb:set package 'vicpinky_description' build argument 'cmake_clean_first' from command line to 'False'
[0.257s] Level 5:colcon.colcon_core.verb:set package 'vicpinky_description' build argument 'cmake_force_configure' from command line to 'False'
[0.257s] Level 5:colcon.colcon_core.verb:set package 'vicpinky_description' build argument 'ament_cmake_args' from command line to 'None'
[0.258s] Level 5:colcon.colcon_core.verb:set package 'vicpinky_description' build argument 'catkin_cmake_args' from command line to 'None'
[0.258s] Level 5:colcon.colcon_core.verb:set package 'vicpinky_description' build argument 'catkin_skip_building_tests' from command line to 'False'
[0.258s] DEBUG:colcon.colcon_core.verb:Building package 'vicpinky_description' with the following arguments: {'ament_cmake_args': None, 'build_base': '/home/jongbob/dev_ws/ros2-study/week2_slam/build/vicpinky_description', 'catkin_cmake_args': None, 'catkin_skip_building_tests': False, 'cmake_args': None, 'cmake_clean_cache': False, 'cmake_clean_first': False, 'cmake_force_configure': False, 'cmake_target': None, 'cmake_target_skip_unavailable': False, 'install_base': '/home/jongbob/dev_ws/ros2-study/week2_slam/install/vicpinky_description', 'merge_install': False, 'path': '/home/jongbob/dev_ws/ros2-study/week2_slam/src/vic_pinky_VSLAM/vicpinky_description', 'symlink_install': False, 'test_result_base': None}
[0.258s] Level 5:colcon.colcon_core.verb:set package 'vicpinky_navigation' build argument 'cmake_args' from command line to 'None'
[0.258s] Level 5:colcon.colcon_core.verb:set package 'vicpinky_navigation' build argument 'cmake_target' from command line to 'None'
[0.258s] Level 5:colcon.colcon_core.verb:set package 'vicpinky_navigation' build argument 'cmake_target_skip_unavailable' from command line to 'False'
[0.258s] Level 5:colcon.colcon_core.verb:set package 'vicpinky_navigation' build argument 'cmake_clean_cache' from command line to 'False'
[0.258s] Level 5:colcon.colcon_core.verb:set package 'vicpinky_navigation' build argument 'cmake_clean_first' from command line to 'False'
[0.258s] Level 5:colcon.colcon_core.verb:set package 'vicpinky_navigation' build argument 'cmake_force_configure' from command line to 'False'
[0.258s] Level 5:colcon.colcon_core.verb:set package 'vicpinky_navigation' build argument 'ament_cmake_args' from command line to 'None'
[0.258s] Level 5:colcon.colcon_core.verb:set package 'vicpinky_navigation' build argument 'catkin_cmake_args' from command line to 'None'
[0.258s] Level 5:colcon.colcon_core.verb:set package 'vicpinky_navigation' build argument 'catkin_skip_building_tests' from command line to 'False'
[0.258s] DEBUG:colcon.colcon_core.verb:Building package 'vicpinky_navigation' with the following arguments: {'ament_cmake_args': None, 'build_base': '/home/jongbob/dev_ws/ros2-study/week2_slam/build/vicpinky_navigation', 'catkin_cmake_args': None, 'catkin_skip_building_tests': False, 'cmake_args': None, 'cmake_clean_cache': False, 'cmake_clean_first': False, 'cmake_force_configure': False, 'cmake_target': None, 'cmake_target_skip_unavailable': False, 'install_base': '/home/jongbob/dev_ws/ros2-study/week2_slam/install/vicpinky_navigation', 'merge_install': False, 'path': '/home/jongbob/dev_ws/ros2-study/week2_slam/src/vic_pinky_VSLAM/vicpinky_navigation', 'symlink_install': False, 'test_result_base': None}
[0.258s] Level 5:colcon.colcon_core.verb:set package 'vicpinky_gazebo' build argument 'cmake_args' from command line to 'None'
[0.258s] Level 5:colcon.colcon_core.verb:set package 'vicpinky_gazebo' build argument 'cmake_target' from command line to 'None'
[0.258s] Level 5:colcon.colcon_core.verb:set package 'vicpinky_gazebo' build argument 'cmake_target_skip_unavailable' from command line to 'False'
[0.258s] Level 5:colcon.colcon_core.verb:set package 'vicpinky_gazebo' build argument 'cmake_clean_cache' from command line to 'False'
[0.258s] Level 5:colcon.colcon_core.verb:set package 'vicpinky_gazebo' build argument 'cmake_clean_first' from command line to 'False'
[0.258s] Level 5:colcon.colcon_core.verb:set package 'vicpinky_gazebo' build argument 'cmake_force_configure' from command line to 'False'
[0.258s] Level 5:colcon.colcon_core.verb:set package 'vicpinky_gazebo' build argument 'ament_cmake_args' from command line to 'None'
[0.258s] Level 5:colcon.colcon_core.verb:set package 'vicpinky_gazebo' build argument 'catkin_cmake_args' from command line to 'None'
[0.258s] Level 5:colcon.colcon_core.verb:set package 'vicpinky_gazebo' build argument 'catkin_skip_building_tests' from command line to 'False'
[0.258s] DEBUG:colcon.colcon_core.verb:Building package 'vicpinky_gazebo' with the following arguments: {'ament_cmake_args': None, 'build_base': '/home/jongbob/dev_ws/ros2-study/week2_slam/build/vicpinky_gazebo', 'catkin_cmake_args': None, 'catkin_skip_building_tests': False, 'cmake_args': None, 'cmake_clean_cache': False, 'cmake_clean_first': False, 'cmake_force_configure': False, 'cmake_target': None, 'cmake_target_skip_unavailable': False, 'install_base': '/home/jongbob/dev_ws/ros2-study/week2_slam/install/vicpinky_gazebo', 'merge_install': False, 'path': '/home/jongbob/dev_ws/ros2-study/week2_slam/src/vic_pinky_VSLAM/vicpinky_gazebo', 'symlink_install': False, 'test_result_base': None}
[0.259s] INFO:colcon.colcon_core.executor:Executing jobs using 'parallel' executor
[0.259s] DEBUG:colcon.colcon_parallel_executor.executor.parallel:run_until_complete
[0.260s] INFO:colcon.colcon_ros.task.ament_cmake.build:Building ROS package in '/home/jongbob/dev_ws/ros2-study/week2_slam/src/vic_pinky_VSLAM/vicpinky_description' with build type 'ament_cmake'
[0.260s] INFO:colcon.colcon_cmake.task.cmake.build:Building CMake package in '/home/jongbob/dev_ws/ros2-study/week2_slam/src/vic_pinky_VSLAM/vicpinky_description'
[0.262s] INFO:colcon.colcon_core.plugin_system:Skipping extension 'colcon_core.shell.bat': Not used on non-Windows systems
[0.262s] INFO:colcon.colcon_core.shell:Skip shell extension 'powershell' for command environment: Not usable outside of PowerShell
[0.262s] DEBUG:colcon.colcon_core.shell:Skip shell extension 'dsv' for command environment
[0.267s] INFO:colcon.colcon_ros.task.ament_python.build:Building ROS package in '/home/jongbob/dev_ws/ros2-study/week2_slam/src/vic_pinky_VSLAM/vicpinky_bringup' with build type 'ament_python'
[0.267s] Level 1:colcon.colcon_core.shell:create_environment_hook('vicpinky_bringup', 'ament_prefix_path')
[0.267s] INFO:colcon.colcon_core.shell:Creating environment hook '/home/jongbob/dev_ws/ros2-study/week2_slam/install/vicpinky_bringup/share/vicpinky_bringup/hook/ament_prefix_path.ps1'
[0.269s] INFO:colcon.colcon_core.shell:Creating environment descriptor '/home/jongbob/dev_ws/ros2-study/week2_slam/install/vicpinky_bringup/share/vicpinky_bringup/hook/ament_prefix_path.dsv'
[0.269s] INFO:colcon.colcon_core.shell:Creating environment hook '/home/jongbob/dev_ws/ros2-study/week2_slam/install/vicpinky_bringup/share/vicpinky_bringup/hook/ament_prefix_path.sh'
[0.270s] INFO:colcon.colcon_core.shell:Skip shell extension 'powershell' for command environment: Not usable outside of PowerShell
[0.270s] DEBUG:colcon.colcon_core.shell:Skip shell extension 'dsv' for command environment
[0.274s] INFO:colcon.colcon_ros.task.ament_cmake.build:Building ROS package in '/home/jongbob/dev_ws/ros2-study/week2_slam/src/vic_pinky_VSLAM/vicpinky_navigation' with build type 'ament_cmake'
[0.274s] INFO:colcon.colcon_cmake.task.cmake.build:Building CMake package in '/home/jongbob/dev_ws/ros2-study/week2_slam/src/vic_pinky_VSLAM/vicpinky_navigation'
[0.274s] INFO:colcon.colcon_core.shell:Skip shell extension 'powershell' for command environment: Not usable outside of PowerShell
[0.274s] DEBUG:colcon.colcon_core.shell:Skip shell extension 'dsv' for command environment
[0.283s] DEBUG:colcon.colcon_core.event_handler.log_command:Invoking command in '/home/jongbob/dev_ws/ros2-study/week2_slam/build/vicpinky_description': CMAKE_PREFIX_PATH=/home/jongbob/dev_ws/ros2-study/week2_slam/install/vicpinky_navigation:/home/jongbob/dev_ws/ros2-study/week2_slam/install/vicpinky_gazebo:/home/jongbob/dev_ws/ros2-study/week2_slam/install/vicpinky_description:/home/jongbob/dev_ws/ros2-study/week1_ros2_basics/install/vicpinky_navigation:/home/jongbob/dev_ws/ros2-study/week1_ros2_basics/install/vicpinky_gazebo:/home/jongbob/dev_ws/ros2-study/week1_ros2_basics/install/vicpinky_description:/home/jongbob/dev_ws/ros2-study/week1_ros2_basics/install/sllidar_ros2:/home/jongbob/dev_ws/ros2-study/week2_slam/install/vicpinky_bringup:/home/jongbob/dev_ws/ros2-study/week1_ros2_basics/install/vicpinky_bringup:/home/jongbob/dev_ws/ros2-study/week1_ros2_basics/install/robot_communication:/opt/ros/jazzy:/home/jongbob/dev_ws/ros2-study/week1_ros2_basics/install/simple_communication:/opt/ros/jazzy/opt/gz_sim_vendor:/opt/ros/jazzy/opt/gz_sensors_vendor:/opt/ros/jazzy/opt/gz_physics_vendor:/opt/ros/jazzy/opt/sdformat_vendor:/opt/ros/jazzy/opt/gz_gui_vendor:/opt/ros/jazzy/opt/gz_transport_vendor:/opt/ros/jazzy/opt/gz_rendering_vendor:/opt/ros/jazzy/opt/gz_plugin_vendor:/opt/ros/jazzy/opt/gz_fuel_tools_vendor:/opt/ros/jazzy/opt/gz_msgs_vendor:/opt/ros/jazzy/opt/gz_common_vendor:/opt/ros/jazzy/opt/gz_math_vendor:/opt/ros/jazzy/opt/gz_utils_vendor:/opt/ros/jazzy/opt/gz_tools_vendor:/opt/ros/jazzy/opt/gz_ogre_next_vendor:/opt/ros/jazzy/opt/gz_dartsim_vendor:/opt/ros/jazzy/opt/gz_cmake_vendor DEBUGINFOD_URLS=https://debuginfod.ubuntu.com /usr/bin/cmake --build /home/jongbob/dev_ws/ros2-study/week2_slam/build/vicpinky_description -- -j8 -l8
[0.517s] INFO:colcon.colcon_core.task.python.build:Building Python package in '/home/jongbob/dev_ws/ros2-study/week2_slam/src/vic_pinky_VSLAM/vicpinky_bringup'
[0.518s] INFO:colcon.colcon_core.shell:Skip shell extension 'powershell' for command environment: Not usable outside of PowerShell
[0.518s] DEBUG:colcon.colcon_core.shell:Skip shell extension 'dsv' for command environment
[0.524s] DEBUG:colcon.colcon_core.event_handler.log_command:Invoked command in '/home/jongbob/dev_ws/ros2-study/week2_slam/build/vicpinky_description' returned '0': CMAKE_PREFIX_PATH=/home/jongbob/dev_ws/ros2-study/week2_slam/install/vicpinky_navigation:/home/jongbob/dev_ws/ros2-study/week2_slam/install/vicpinky_gazebo:/home/jongbob/dev_ws/ros2-study/week2_slam/install/vicpinky_description:/home/jongbob/dev_ws/ros2-study/week1_ros2_basics/install/vicpinky_navigation:/home/jongbob/dev_ws/ros2-study/week1_ros2_basics/install/vicpinky_gazebo:/home/jongbob/dev_ws/ros2-study/week1_ros2_basics/install/vicpinky_description:/home/jongbob/dev_ws/ros2-study/week1_ros2_basics/install/sllidar_ros2:/home/jongbob/dev_ws/ros2-study/week2_slam/install/vicpinky_bringup:/home/jongbob/dev_ws/ros2-study/week1_ros2_basics/install/vicpinky_bringup:/home/jongbob/dev_ws/ros2-study/week1_ros2_basics/install/robot_communication:/opt/ros/jazzy:/home/jongbob/dev_ws/ros2-study/week1_ros2_basics/install/simple_communication:/opt/ros/jazzy/opt/gz_sim_vendor:/opt/ros/jazzy/opt/gz_sensors_vendor:/opt/ros/jazzy/opt/gz_physics_vendor:/opt/ros/jazzy/opt/sdformat_vendor:/opt/ros/jazzy/opt/gz_gui_vendor:/opt/ros/jazzy/opt/gz_transport_vendor:/opt/ros/jazzy/opt/gz_rendering_vendor:/opt/ros/jazzy/opt/gz_plugin_vendor:/opt/ros/jazzy/opt/gz_fuel_tools_vendor:/opt/ros/jazzy/opt/gz_msgs_vendor:/opt/ros/jazzy/opt/gz_common_vendor:/opt/ros/jazzy/opt/gz_math_vendor:/opt/ros/jazzy/opt/gz_utils_vendor:/opt/ros/jazzy/opt/gz_tools_vendor:/opt/ros/jazzy/opt/gz_ogre_next_vendor:/opt/ros/jazzy/opt/gz_dartsim_vendor:/opt/ros/jazzy/opt/gz_cmake_vendor DEBUGINFOD_URLS=https://debuginfod.ubuntu.com /usr/bin/cmake --build /home/jongbob/dev_ws/ros2-study/week2_slam/build/vicpinky_description -- -j8 -l8
[0.534s] DEBUG:colcon.colcon_core.event_handler.log_command:Invoking command in '/home/jongbob/dev_ws/ros2-study/week2_slam/build/vicpinky_description': CMAKE_PREFIX_PATH=/home/jongbob/dev_ws/ros2-study/week2_slam/install/vicpinky_navigation:/home/jongbob/dev_ws/ros2-study/week2_slam/install/vicpinky_gazebo:/home/jongbob/dev_ws/ros2-study/week2_slam/install/vicpinky_description:/home/jongbob/dev_ws/ros2-study/week1_ros2_basics/install/vicpinky_navigation:/home/jongbob/dev_ws/ros2-study/week1_ros2_basics/install/vicpinky_gazebo:/home/jongbob/dev_ws/ros2-study/week1_ros2_basics/install/vicpinky_description:/home/jongbob/dev_ws/ros2-study/week1_ros2_basics/install/sllidar_ros2:/home/jongbob/dev_ws/ros2-study/week2_slam/install/vicpinky_bringup:/home/jongbob/dev_ws/ros2-study/week1_ros2_basics/install/vicpinky_bringup:/home/jongbob/dev_ws/ros2-study/week1_ros2_basics/install/robot_communication:/opt/ros/jazzy:/home/jongbob/dev_ws/ros2-study/week1_ros2_basics/install/simple_communication:/opt/ros/jazzy/opt/gz_sim_vendor:/opt/ros/jazzy/opt/gz_sensors_vendor:/opt/ros/jazzy/opt/gz_physics_vendor:/opt/ros/jazzy/opt/sdformat_vendor:/opt/ros/jazzy/opt/gz_gui_vendor:/opt/ros/jazzy/opt/gz_transport_vendor:/opt/ros/jazzy/opt/gz_rendering_vendor:/opt/ros/jazzy/opt/gz_plugin_vendor:/opt/ros/jazzy/opt/gz_fuel_tools_vendor:/opt/ros/jazzy/opt/gz_msgs_vendor:/opt/ros/jazzy/opt/gz_common_vendor:/opt/ros/jazzy/opt/gz_math_vendor:/opt/ros/jazzy/opt/gz_utils_vendor:/opt/ros/jazzy/opt/gz_tools_vendor:/opt/ros/jazzy/opt/gz_ogre_next_vendor:/opt/ros/jazzy/opt/gz_dartsim_vendor:/opt/ros/jazzy/opt/gz_cmake_vendor DEBUGINFOD_URLS=https://debuginfod.ubuntu.com /usr/bin/cmake --install /home/jongbob/dev_ws/ros2-study/week2_slam/build/vicpinky_description
[0.538s] DEBUG:colcon.colcon_core.event_handler.log_command:Invoking command in '/home/jongbob/dev_ws/ros2-study/week2_slam/build/vicpinky_navigation': CMAKE_PREFIX_PATH=/home/jongbob/dev_ws/ros2-study/week2_slam/install/vicpinky_navigation:/home/jongbob/dev_ws/ros2-study/week2_slam/install/vicpinky_gazebo:/home/jongbob/dev_ws/ros2-study/week2_slam/install/vicpinky_description:/home/jongbob/dev_ws/ros2-study/week1_ros2_basics/install/vicpinky_navigation:/home/jongbob/dev_ws/ros2-study/week1_ros2_basics/install/vicpinky_gazebo:/home/jongbob/dev_ws/ros2-study/week1_ros2_basics/install/vicpinky_description:/home/jongbob/dev_ws/ros2-study/week1_ros2_basics/install/sllidar_ros2:/home/jongbob/dev_ws/ros2-study/week2_slam/install/vicpinky_bringup:/home/jongbob/dev_ws/ros2-study/week1_ros2_basics/install/vicpinky_bringup:/home/jongbob/dev_ws/ros2-study/week1_ros2_basics/install/robot_communication:/opt/ros/jazzy:/home/jongbob/dev_ws/ros2-study/week1_ros2_basics/install/simple_communication:/opt/ros/jazzy/opt/gz_sim_vendor:/opt/ros/jazzy/opt/gz_sensors_vendor:/opt/ros/jazzy/opt/gz_physics_vendor:/opt/ros/jazzy/opt/sdformat_vendor:/opt/ros/jazzy/opt/gz_gui_vendor:/opt/ros/jazzy/opt/gz_transport_vendor:/opt/ros/jazzy/opt/gz_rendering_vendor:/opt/ros/jazzy/opt/gz_plugin_vendor:/opt/ros/jazzy/opt/gz_fuel_tools_vendor:/opt/ros/jazzy/opt/gz_msgs_vendor:/opt/ros/jazzy/opt/gz_common_vendor:/opt/ros/jazzy/opt/gz_math_vendor:/opt/ros/jazzy/opt/gz_utils_vendor:/opt/ros/jazzy/opt/gz_tools_vendor:/opt/ros/jazzy/opt/gz_ogre_next_vendor:/opt/ros/jazzy/opt/gz_dartsim_vendor:/opt/ros/jazzy/opt/gz_cmake_vendor DEBUGINFOD_URLS=https://debuginfod.ubuntu.com /usr/bin/cmake --build /home/jongbob/dev_ws/ros2-study/week2_slam/build/vicpinky_navigation -- -j8 -l8
[0.551s] Level 1:colcon.colcon_core.environment:create_environment_scripts_only(vicpinky_description)
[0.552s] DEBUG:colcon.colcon_core.event_handler.log_command:Invoked command in '/home/jongbob/dev_ws/ros2-study/week2_slam/build/vicpinky_description' returned '0': CMAKE_PREFIX_PATH=/home/jongbob/dev_ws/ros2-study/week2_slam/install/vicpinky_navigation:/home/jongbob/dev_ws/ros2-study/week2_slam/install/vicpinky_gazebo:/home/jongbob/dev_ws/ros2-study/week2_slam/install/vicpinky_description:/home/jongbob/dev_ws/ros2-study/week1_ros2_basics/install/vicpinky_navigation:/home/jongbob/dev_ws/ros2-study/week1_ros2_basics/install/vicpinky_gazebo:/home/jongbob/dev_ws/ros2-study/week1_ros2_basics/install/vicpinky_description:/home/jongbob/dev_ws/ros2-study/week1_ros2_basics/install/sllidar_ros2:/home/jongbob/dev_ws/ros2-study/week2_slam/install/vicpinky_bringup:/home/jongbob/dev_ws/ros2-study/week1_ros2_basics/install/vicpinky_bringup:/home/jongbob/dev_ws/ros2-study/week1_ros2_basics/install/robot_communication:/opt/ros/jazzy:/home/jongbob/dev_ws/ros2-study/week1_ros2_basics/install/simple_communication:/opt/ros/jazzy/opt/gz_sim_vendor:/opt/ros/jazzy/opt/gz_sensors_vendor:/opt/ros/jazzy/opt/gz_physics_vendor:/opt/ros/jazzy/opt/sdformat_vendor:/opt/ros/jazzy/opt/gz_gui_vendor:/opt/ros/jazzy/opt/gz_transport_vendor:/opt/ros/jazzy/opt/gz_rendering_vendor:/opt/ros/jazzy/opt/gz_plugin_vendor:/opt/ros/jazzy/opt/gz_fuel_tools_vendor:/opt/ros/jazzy/opt/gz_msgs_vendor:/opt/ros/jazzy/opt/gz_common_vendor:/opt/ros/jazzy/opt/gz_math_vendor:/opt/ros/jazzy/opt/gz_utils_vendor:/opt/ros/jazzy/opt/gz_tools_vendor:/opt/ros/jazzy/opt/gz_ogre_next_vendor:/opt/ros/jazzy/opt/gz_dartsim_vendor:/opt/ros/jazzy/opt/gz_cmake_vendor DEBUGINFOD_URLS=https://debuginfod.ubuntu.com /usr/bin/cmake --install /home/jongbob/dev_ws/ros2-study/week2_slam/build/vicpinky_description
[0.555s] Level 1:colcon.colcon_core.environment:checking '/home/jongbob/dev_ws/ros2-study/week2_slam/install/vicpinky_description' for CMake module files
[0.555s] Level 1:colcon.colcon_core.environment:checking '/home/jongbob/dev_ws/ros2-study/week2_slam/install/vicpinky_description' for CMake config files
[0.555s] Level 1:colcon.colcon_core.shell:create_environment_hook('vicpinky_description', 'cmake_prefix_path')
[0.556s] INFO:colcon.colcon_core.shell:Creating environment hook '/home/jongbob/dev_ws/ros2-study/week2_slam/install/vicpinky_description/share/vicpinky_description/hook/cmake_prefix_path.ps1'
[0.556s] INFO:colcon.colcon_core.shell:Creating environment descriptor '/home/jongbob/dev_ws/ros2-study/week2_slam/install/vicpinky_description/share/vicpinky_description/hook/cmake_prefix_path.dsv'
[0.557s] INFO:colcon.colcon_core.shell:Creating environment hook '/home/jongbob/dev_ws/ros2-study/week2_slam/install/vicpinky_description/share/vicpinky_description/hook/cmake_prefix_path.sh'
[0.557s] Level 1:colcon.colcon_core.environment:checking '/home/jongbob/dev_ws/ros2-study/week2_slam/install/vicpinky_description/bin'
[0.558s] Level 1:colcon.colcon_core.environment:checking '/home/jongbob/dev_ws/ros2-study/week2_slam/install/vicpinky_description/lib/pkgconfig/vicpinky_description.pc'
[0.558s] Level 1:colcon.colcon_core.environment:checking '/home/jongbob/dev_ws/ros2-study/week2_slam/install/vicpinky_description/lib/python3.12/site-packages'
[0.558s] Level 1:colcon.colcon_core.environment:checking '/home/jongbob/dev_ws/ros2-study/week2_slam/install/vicpinky_description/bin'
[0.558s] INFO:colcon.colcon_core.shell:Creating package script '/home/jongbob/dev_ws/ros2-study/week2_slam/install/vicpinky_description/share/vicpinky_description/package.ps1'
[0.559s] INFO:colcon.colcon_core.shell:Creating package descriptor '/home/jongbob/dev_ws/ros2-study/week2_slam/install/vicpinky_description/share/vicpinky_description/package.dsv'
[0.560s] INFO:colcon.colcon_core.shell:Creating package script '/home/jongbob/dev_ws/ros2-study/week2_slam/install/vicpinky_description/share/vicpinky_description/package.sh'
[0.561s] INFO:colcon.colcon_core.shell:Creating package script '/home/jongbob/dev_ws/ros2-study/week2_slam/install/vicpinky_description/share/vicpinky_description/package.bash'
[0.562s] INFO:colcon.colcon_core.shell:Creating package script '/home/jongbob/dev_ws/ros2-study/week2_slam/install/vicpinky_description/share/vicpinky_description/package.zsh'
[0.563s] Level 1:colcon.colcon_core.environment:create_file_with_runtime_dependencies(/home/jongbob/dev_ws/ros2-study/week2_slam/install/vicpinky_description/share/colcon-core/packages/vicpinky_description)
[0.563s] Level 1:colcon.colcon_core.environment:create_environment_scripts_only(vicpinky_description)
[0.564s] Level 1:colcon.colcon_core.environment:checking '/home/jongbob/dev_ws/ros2-study/week2_slam/install/vicpinky_description' for CMake module files
[0.564s] Level 1:colcon.colcon_core.environment:checking '/home/jongbob/dev_ws/ros2-study/week2_slam/install/vicpinky_description' for CMake config files
[0.564s] Level 1:colcon.colcon_core.shell:create_environment_hook('vicpinky_description', 'cmake_prefix_path')
[0.565s] INFO:colcon.colcon_core.shell:Creating environment hook '/home/jongbob/dev_ws/ros2-study/week2_slam/install/vicpinky_description/share/vicpinky_description/hook/cmake_prefix_path.ps1'
[0.565s] INFO:colcon.colcon_core.shell:Creating environment descriptor '/home/jongbob/dev_ws/ros2-study/week2_slam/install/vicpinky_description/share/vicpinky_description/hook/cmake_prefix_path.dsv'
[0.566s] INFO:colcon.colcon_core.shell:Creating environment hook '/home/jongbob/dev_ws/ros2-study/week2_slam/install/vicpinky_description/share/vicpinky_description/hook/cmake_prefix_path.sh'
[0.566s] Level 1:colcon.colcon_core.environment:checking '/home/jongbob/dev_ws/ros2-study/week2_slam/install/vicpinky_description/bin'
[0.566s] Level 1:colcon.colcon_core.environment:checking '/home/jongbob/dev_ws/ros2-study/week2_slam/install/vicpinky_description/lib/pkgconfig/vicpinky_description.pc'
[0.567s] Level 1:colcon.colcon_core.environment:checking '/home/jongbob/dev_ws/ros2-study/week2_slam/install/vicpinky_description/lib/python3.12/site-packages'
[0.567s] Level 1:colcon.colcon_core.environment:checking '/home/jongbob/dev_ws/ros2-study/week2_slam/install/vicpinky_description/bin'
[0.567s] INFO:colcon.colcon_core.shell:Creating package script '/home/jongbob/dev_ws/ros2-study/week2_slam/install/vicpinky_description/share/vicpinky_description/package.ps1'
[0.568s] INFO:colcon.colcon_core.shell:Creating package descriptor '/home/jongbob/dev_ws/ros2-study/week2_slam/install/vicpinky_description/share/vicpinky_description/package.dsv'
[0.568s] INFO:colcon.colcon_core.shell:Creating package script '/home/jongbob/dev_ws/ros2-study/week2_slam/install/vicpinky_description/share/vicpinky_description/package.sh'
[0.569s] INFO:colcon.colcon_core.shell:Creating package script '/home/jongbob/dev_ws/ros2-study/week2_slam/install/vicpinky_description/share/vicpinky_description/package.bash'
[0.569s] INFO:colcon.colcon_core.shell:Creating package script '/home/jongbob/dev_ws/ros2-study/week2_slam/install/vicpinky_description/share/vicpinky_description/package.zsh'
[0.569s] Level 1:colcon.colcon_core.environment:create_file_with_runtime_dependencies(/home/jongbob/dev_ws/ros2-study/week2_slam/install/vicpinky_description/share/colcon-core/packages/vicpinky_description)
[0.570s] INFO:colcon.colcon_ros.task.ament_cmake.build:Building ROS package in '/home/jongbob/dev_ws/ros2-study/week2_slam/src/vic_pinky_VSLAM/vicpinky_gazebo' with build type 'ament_cmake'
[0.570s] INFO:colcon.colcon_cmake.task.cmake.build:Building CMake package in '/home/jongbob/dev_ws/ros2-study/week2_slam/src/vic_pinky_VSLAM/vicpinky_gazebo'
[0.570s] INFO:colcon.colcon_core.shell:Skip shell extension 'powershell' for command environment: Not usable outside of PowerShell
[0.570s] DEBUG:colcon.colcon_core.shell:Skip shell extension 'dsv' for command environment
[0.579s] DEBUG:colcon.colcon_core.event_handler.log_command:Invoking command in '/home/jongbob/dev_ws/ros2-study/week2_slam/build/vicpinky_gazebo': CMAKE_PREFIX_PATH=/home/jongbob/dev_ws/ros2-study/week2_slam/install/vicpinky_description:/home/jongbob/dev_ws/ros2-study/week2_slam/install/vicpinky_navigation:/home/jongbob/dev_ws/ros2-study/week2_slam/install/vicpinky_gazebo:/home/jongbob/dev_ws/ros2-study/week1_ros2_basics/install/vicpinky_navigation:/home/jongbob/dev_ws/ros2-study/week1_ros2_basics/install/vicpinky_gazebo:/home/jongbob/dev_ws/ros2-study/week1_ros2_basics/install/vicpinky_description:/home/jongbob/dev_ws/ros2-study/week1_ros2_basics/install/sllidar_ros2:/home/jongbob/dev_ws/ros2-study/week2_slam/install/vicpinky_bringup:/home/jongbob/dev_ws/ros2-study/week1_ros2_basics/install/vicpinky_bringup:/home/jongbob/dev_ws/ros2-study/week1_ros2_basics/install/robot_communication:/opt/ros/jazzy:/home/jongbob/dev_ws/ros2-study/week1_ros2_basics/install/simple_communication:/opt/ros/jazzy/opt/gz_sim_vendor:/opt/ros/jazzy/opt/gz_sensors_vendor:/opt/ros/jazzy/opt/gz_physics_vendor:/opt/ros/jazzy/opt/sdformat_vendor:/opt/ros/jazzy/opt/gz_gui_vendor:/opt/ros/jazzy/opt/gz_transport_vendor:/opt/ros/jazzy/opt/gz_rendering_vendor:/opt/ros/jazzy/opt/gz_plugin_vendor:/opt/ros/jazzy/opt/gz_fuel_tools_vendor:/opt/ros/jazzy/opt/gz_msgs_vendor:/opt/ros/jazzy/opt/gz_common_vendor:/opt/ros/jazzy/opt/gz_math_vendor:/opt/ros/jazzy/opt/gz_utils_vendor:/opt/ros/jazzy/opt/gz_tools_vendor:/opt/ros/jazzy/opt/gz_ogre_next_vendor:/opt/ros/jazzy/opt/gz_dartsim_vendor:/opt/ros/jazzy/opt/gz_cmake_vendor DEBUGINFOD_URLS=https://debuginfod.ubuntu.com /usr/bin/cmake --build /home/jongbob/dev_ws/ros2-study/week2_slam/build/vicpinky_gazebo -- -j8 -l8
[0.593s] DEBUG:colcon.colcon_core.event_handler.log_command:Invoked command in '/home/jongbob/dev_ws/ros2-study/week2_slam/build/vicpinky_navigation' returned '0': CMAKE_PREFIX_PATH=/home/jongbob/dev_ws/ros2-study/week2_slam/install/vicpinky_navigation:/home/jongbob/dev_ws/ros2-study/week2_slam/install/vicpinky_gazebo:/home/jongbob/dev_ws/ros2-study/week2_slam/install/vicpinky_description:/home/jongbob/dev_ws/ros2-study/week1_ros2_basics/install/vicpinky_navigation:/home/jongbob/dev_ws/ros2-study/week1_ros2_basics/install/vicpinky_gazebo:/home/jongbob/dev_ws/ros2-study/week1_ros2_basics/install/vicpinky_description:/home/jongbob/dev_ws/ros2-study/week1_ros2_basics/install/sllidar_ros2:/home/jongbob/dev_ws/ros2-study/week2_slam/install/vicpinky_bringup:/home/jongbob/dev_ws/ros2-study/week1_ros2_basics/install/vicpinky_bringup:/home/jongbob/dev_ws/ros2-study/week1_ros2_basics/install/robot_communication:/opt/ros/jazzy:/home/jongbob/dev_ws/ros2-study/week1_ros2_basics/install/simple_communication:/opt/ros/jazzy/opt/gz_sim_vendor:/opt/ros/jazzy/opt/gz_sensors_vendor:/opt/ros/jazzy/opt/gz_physics_vendor:/opt/ros/jazzy/opt/sdformat_vendor:/opt/ros/jazzy/opt/gz_gui_vendor:/opt/ros/jazzy/opt/gz_transport_vendor:/opt/ros/jazzy/opt/gz_rendering_vendor:/opt/ros/jazzy/opt/gz_plugin_vendor:/opt/ros/jazzy/opt/gz_fuel_tools_vendor:/opt/ros/jazzy/opt/gz_msgs_vendor:/opt/ros/jazzy/opt/gz_common_vendor:/opt/ros/jazzy/opt/gz_math_vendor:/opt/ros/jazzy/opt/gz_utils_vendor:/opt/ros/jazzy/opt/gz_tools_vendor:/opt/ros/jazzy/opt/gz_ogre_next_vendor:/opt/ros/jazzy/opt/gz_dartsim_vendor:/opt/ros/jazzy/opt/gz_cmake_vendor DEBUGINFOD_URLS=https://debuginfod.ubuntu.com /usr/bin/cmake --build /home/jongbob/dev_ws/ros2-study/week2_slam/build/vicpinky_navigation -- -j8 -l8
[0.594s] DEBUG:colcon.colcon_core.event_handler.log_command:Invoking command in '/home/jongbob/dev_ws/ros2-study/week2_slam/build/vicpinky_navigation': CMAKE_PREFIX_PATH=/home/jongbob/dev_ws/ros2-study/week2_slam/install/vicpinky_navigation:/home/jongbob/dev_ws/ros2-study/week2_slam/install/vicpinky_gazebo:/home/jongbob/dev_ws/ros2-study/week2_slam/install/vicpinky_description:/home/jongbob/dev_ws/ros2-study/week1_ros2_basics/install/vicpinky_navigation:/home/jongbob/dev_ws/ros2-study/week1_ros2_basics/install/vicpinky_gazebo:/home/jongbob/dev_ws/ros2-study/week1_ros2_basics/install/vicpinky_description:/home/jongbob/dev_ws/ros2-study/week1_ros2_basics/install/sllidar_ros2:/home/jongbob/dev_ws/ros2-study/week2_slam/install/vicpinky_bringup:/home/jongbob/dev_ws/ros2-study/week1_ros2_basics/install/vicpinky_bringup:/home/jongbob/dev_ws/ros2-study/week1_ros2_basics/install/robot_communication:/opt/ros/jazzy:/home/jongbob/dev_ws/ros2-study/week1_ros2_basics/install/simple_communication:/opt/ros/jazzy/opt/gz_sim_vendor:/opt/ros/jazzy/opt/gz_sensors_vendor:/opt/ros/jazzy/opt/gz_physics_vendor:/opt/ros/jazzy/opt/sdformat_vendor:/opt/ros/jazzy/opt/gz_gui_vendor:/opt/ros/jazzy/opt/gz_transport_vendor:/opt/ros/jazzy/opt/gz_rendering_vendor:/opt/ros/jazzy/opt/gz_plugin_vendor:/opt/ros/jazzy/opt/gz_fuel_tools_vendor:/opt/ros/jazzy/opt/gz_msgs_vendor:/opt/ros/jazzy/opt/gz_common_vendor:/opt/ros/jazzy/opt/gz_math_vendor:/opt/ros/jazzy/opt/gz_utils_vendor:/opt/ros/jazzy/opt/gz_tools_vendor:/opt/ros/jazzy/opt/gz_ogre_next_vendor:/opt/ros/jazzy/opt/gz_dartsim_vendor:/opt/ros/jazzy/opt/gz_cmake_vendor DEBUGINFOD_URLS=https://debuginfod.ubuntu.com /usr/bin/cmake --install /home/jongbob/dev_ws/ros2-study/week2_slam/build/vicpinky_navigation
[0.605s] Level 1:colcon.colcon_core.environment:create_environment_scripts_only(vicpinky_navigation)
[0.606s] Level 1:colcon.colcon_core.environment:checking '/home/jongbob/dev_ws/ros2-study/week2_slam/install/vicpinky_navigation' for CMake module files
[0.608s] Level 1:colcon.colcon_core.environment:checking '/home/jongbob/dev_ws/ros2-study/week2_slam/install/vicpinky_navigation' for CMake config files
[0.610s] DEBUG:colcon.colcon_core.event_handler.log_command:Invoked command in '/home/jongbob/dev_ws/ros2-study/week2_slam/build/vicpinky_navigation' returned '0': CMAKE_PREFIX_PATH=/home/jongbob/dev_ws/ros2-study/week2_slam/install/vicpinky_navigation:/home/jongbob/dev_ws/ros2-study/week2_slam/install/vicpinky_gazebo:/home/jongbob/dev_ws/ros2-study/week2_slam/install/vicpinky_description:/home/jongbob/dev_ws/ros2-study/week1_ros2_basics/install/vicpinky_navigation:/home/jongbob/dev_ws/ros2-study/week1_ros2_basics/install/vicpinky_gazebo:/home/jongbob/dev_ws/ros2-study/week1_ros2_basics/install/vicpinky_description:/home/jongbob/dev_ws/ros2-study/week1_ros2_basics/install/sllidar_ros2:/home/jongbob/dev_ws/ros2-study/week2_slam/install/vicpinky_bringup:/home/jongbob/dev_ws/ros2-study/week1_ros2_basics/install/vicpinky_bringup:/home/jongbob/dev_ws/ros2-study/week1_ros2_basics/install/robot_communication:/opt/ros/jazzy:/home/jongbob/dev_ws/ros2-study/week1_ros2_basics/install/simple_communication:/opt/ros/jazzy/opt/gz_sim_vendor:/opt/ros/jazzy/opt/gz_sensors_vendor:/opt/ros/jazzy/opt/gz_physics_vendor:/opt/ros/jazzy/opt/sdformat_vendor:/opt/ros/jazzy/opt/gz_gui_vendor:/opt/ros/jazzy/opt/gz_transport_vendor:/opt/ros/jazzy/opt/gz_rendering_vendor:/opt/ros/jazzy/opt/gz_plugin_vendor:/opt/ros/jazzy/opt/gz_fuel_tools_vendor:/opt/ros/jazzy/opt/gz_msgs_vendor:/opt/ros/jazzy/opt/gz_common_vendor:/opt/ros/jazzy/opt/gz_math_vendor:/opt/ros/jazzy/opt/gz_utils_vendor:/opt/ros/jazzy/opt/gz_tools_vendor:/opt/ros/jazzy/opt/gz_ogre_next_vendor:/opt/ros/jazzy/opt/gz_dartsim_vendor:/opt/ros/jazzy/opt/gz_cmake_vendor DEBUGINFOD_URLS=https://debuginfod.ubuntu.com /usr/bin/cmake --install /home/jongbob/dev_ws/ros2-study/week2_slam/build/vicpinky_navigation
[0.610s] Level 1:colcon.colcon_core.shell:create_environment_hook('vicpinky_navigation', 'cmake_prefix_path')
[0.610s] INFO:colcon.colcon_core.shell:Creating environment hook '/home/jongbob/dev_ws/ros2-study/week2_slam/install/vicpinky_navigation/share/vicpinky_navigation/hook/cmake_prefix_path.ps1'
[0.611s] INFO:colcon.colcon_core.shell:Creating environment descriptor '/home/jongbob/dev_ws/ros2-study/week2_slam/install/vicpinky_navigation/share/vicpinky_navigation/hook/cmake_prefix_path.dsv'
[0.611s] INFO:colcon.colcon_core.shell:Creating environment hook '/home/jongbob/dev_ws/ros2-study/week2_slam/install/vicpinky_navigation/share/vicpinky_navigation/hook/cmake_prefix_path.sh'
[0.612s] Level 1:colcon.colcon_core.environment:checking '/home/jongbob/dev_ws/ros2-study/week2_slam/install/vicpinky_navigation/bin'
[0.612s] Level 1:colcon.colcon_core.environment:checking '/home/jongbob/dev_ws/ros2-study/week2_slam/install/vicpinky_navigation/lib/pkgconfig/vicpinky_navigation.pc'
[0.613s] Level 1:colcon.colcon_core.environment:checking '/home/jongbob/dev_ws/ros2-study/week2_slam/install/vicpinky_navigation/lib/python3.12/site-packages'
[0.613s] Level 1:colcon.colcon_core.environment:checking '/home/jongbob/dev_ws/ros2-study/week2_slam/install/vicpinky_navigation/bin'
[0.613s] INFO:colcon.colcon_core.shell:Creating package script '/home/jongbob/dev_ws/ros2-study/week2_slam/install/vicpinky_navigation/share/vicpinky_navigation/package.ps1'
[0.614s] INFO:colcon.colcon_core.shell:Creating package descriptor '/home/jongbob/dev_ws/ros2-study/week2_slam/install/vicpinky_navigation/share/vicpinky_navigation/package.dsv'
[0.614s] INFO:colcon.colcon_core.shell:Creating package script '/home/jongbob/dev_ws/ros2-study/week2_slam/install/vicpinky_navigation/share/vicpinky_navigation/package.sh'
[0.614s] INFO:colcon.colcon_core.shell:Creating package script '/home/jongbob/dev_ws/ros2-study/week2_slam/install/vicpinky_navigation/share/vicpinky_navigation/package.bash'
[0.615s] INFO:colcon.colcon_core.shell:Creating package script '/home/jongbob/dev_ws/ros2-study/week2_slam/install/vicpinky_navigation/share/vicpinky_navigation/package.zsh'
[0.615s] Level 1:colcon.colcon_core.environment:create_file_with_runtime_dependencies(/home/jongbob/dev_ws/ros2-study/week2_slam/install/vicpinky_navigation/share/colcon-core/packages/vicpinky_navigation)
[0.615s] Level 1:colcon.colcon_core.environment:create_environment_scripts_only(vicpinky_navigation)
[0.615s] Level 1:colcon.colcon_core.environment:checking '/home/jongbob/dev_ws/ros2-study/week2_slam/install/vicpinky_navigation' for CMake module files
[0.616s] Level 1:colcon.colcon_core.environment:checking '/home/jongbob/dev_ws/ros2-study/week2_slam/install/vicpinky_navigation' for CMake config files
[0.616s] Level 1:colcon.colcon_core.shell:create_environment_hook('vicpinky_navigation', 'cmake_prefix_path')
[0.616s] INFO:colcon.colcon_core.shell:Creating environment hook '/home/jongbob/dev_ws/ros2-study/week2_slam/install/vicpinky_navigation/share/vicpinky_navigation/hook/cmake_prefix_path.ps1'
[0.616s] INFO:colcon.colcon_core.shell:Creating environment descriptor '/home/jongbob/dev_ws/ros2-study/week2_slam/install/vicpinky_navigation/share/vicpinky_navigation/hook/cmake_prefix_path.dsv'
[0.617s] INFO:colcon.colcon_core.shell:Creating environment hook '/home/jongbob/dev_ws/ros2-study/week2_slam/install/vicpinky_navigation/share/vicpinky_navigation/hook/cmake_prefix_path.sh'
[0.617s] Level 1:colcon.colcon_core.environment:checking '/home/jongbob/dev_ws/ros2-study/week2_slam/install/vicpinky_navigation/bin'
[0.617s] Level 1:colcon.colcon_core.environment:checking '/home/jongbob/dev_ws/ros2-study/week2_slam/install/vicpinky_navigation/lib/pkgconfig/vicpinky_navigation.pc'
[0.617s] Level 1:colcon.colcon_core.environment:checking '/home/jongbob/dev_ws/ros2-study/week2_slam/install/vicpinky_navigation/lib/python3.12/site-packages'
[0.618s] Level 1:colcon.colcon_core.environment:checking '/home/jongbob/dev_ws/ros2-study/week2_slam/install/vicpinky_navigation/bin'
[0.618s] INFO:colcon.colcon_core.shell:Creating package script '/home/jongbob/dev_ws/ros2-study/week2_slam/install/vicpinky_navigation/share/vicpinky_navigation/package.ps1'
[0.618s] INFO:colcon.colcon_core.shell:Creating package descriptor '/home/jongbob/dev_ws/ros2-study/week2_slam/install/vicpinky_navigation/share/vicpinky_navigation/package.dsv'
[0.619s] INFO:colcon.colcon_core.shell:Creating package script '/home/jongbob/dev_ws/ros2-study/week2_slam/install/vicpinky_navigation/share/vicpinky_navigation/package.sh'
[0.619s] INFO:colcon.colcon_core.shell:Creating package script '/home/jongbob/dev_ws/ros2-study/week2_slam/install/vicpinky_navigation/share/vicpinky_navigation/package.bash'
[0.619s] INFO:colcon.colcon_core.shell:Creating package script '/home/jongbob/dev_ws/ros2-study/week2_slam/install/vicpinky_navigation/share/vicpinky_navigation/package.zsh'
[0.620s] Level 1:colcon.colcon_core.environment:create_file_with_runtime_dependencies(/home/jongbob/dev_ws/ros2-study/week2_slam/install/vicpinky_navigation/share/colcon-core/packages/vicpinky_navigation)
[0.625s] DEBUG:colcon.colcon_core.event_handler.log_command:Invoked command in '/home/jongbob/dev_ws/ros2-study/week2_slam/build/vicpinky_gazebo' returned '0': CMAKE_PREFIX_PATH=/home/jongbob/dev_ws/ros2-study/week2_slam/install/vicpinky_description:/home/jongbob/dev_ws/ros2-study/week2_slam/install/vicpinky_navigation:/home/jongbob/dev_ws/ros2-study/week2_slam/install/vicpinky_gazebo:/home/jongbob/dev_ws/ros2-study/week1_ros2_basics/install/vicpinky_navigation:/home/jongbob/dev_ws/ros2-study/week1_ros2_basics/install/vicpinky_gazebo:/home/jongbob/dev_ws/ros2-study/week1_ros2_basics/install/vicpinky_description:/home/jongbob/dev_ws/ros2-study/week1_ros2_basics/install/sllidar_ros2:/home/jongbob/dev_ws/ros2-study/week2_slam/install/vicpinky_bringup:/home/jongbob/dev_ws/ros2-study/week1_ros2_basics/install/vicpinky_bringup:/home/jongbob/dev_ws/ros2-study/week1_ros2_basics/install/robot_communication:/opt/ros/jazzy:/home/jongbob/dev_ws/ros2-study/week1_ros2_basics/install/simple_communication:/opt/ros/jazzy/opt/gz_sim_vendor:/opt/ros/jazzy/opt/gz_sensors_vendor:/opt/ros/jazzy/opt/gz_physics_vendor:/opt/ros/jazzy/opt/sdformat_vendor:/opt/ros/jazzy/opt/gz_gui_vendor:/opt/ros/jazzy/opt/gz_transport_vendor:/opt/ros/jazzy/opt/gz_rendering_vendor:/opt/ros/jazzy/opt/gz_plugin_vendor:/opt/ros/jazzy/opt/gz_fuel_tools_vendor:/opt/ros/jazzy/opt/gz_msgs_vendor:/opt/ros/jazzy/opt/gz_common_vendor:/opt/ros/jazzy/opt/gz_math_vendor:/opt/ros/jazzy/opt/gz_utils_vendor:/opt/ros/jazzy/opt/gz_tools_vendor:/opt/ros/jazzy/opt/gz_ogre_next_vendor:/opt/ros/jazzy/opt/gz_dartsim_vendor:/opt/ros/jazzy/opt/gz_cmake_vendor DEBUGINFOD_URLS=https://debuginfod.ubuntu.com /usr/bin/cmake --build /home/jongbob/dev_ws/ros2-study/week2_slam/build/vicpinky_gazebo -- -j8 -l8
[0.626s] DEBUG:colcon.colcon_core.event_handler.log_command:Invoking command in '/home/jongbob/dev_ws/ros2-study/week2_slam/build/vicpinky_gazebo': CMAKE_PREFIX_PATH=/home/jongbob/dev_ws/ros2-study/week2_slam/install/vicpinky_description:/home/jongbob/dev_ws/ros2-study/week2_slam/install/vicpinky_navigation:/home/jongbob/dev_ws/ros2-study/week2_slam/install/vicpinky_gazebo:/home/jongbob/dev_ws/ros2-study/week1_ros2_basics/install/vicpinky_navigation:/home/jongbob/dev_ws/ros2-study/week1_ros2_basics/install/vicpinky_gazebo:/home/jongbob/dev_ws/ros2-study/week1_ros2_basics/install/vicpinky_description:/home/jongbob/dev_ws/ros2-study/week1_ros2_basics/install/sllidar_ros2:/home/jongbob/dev_ws/ros2-study/week2_slam/install/vicpinky_bringup:/home/jongbob/dev_ws/ros2-study/week1_ros2_basics/install/vicpinky_bringup:/home/jongbob/dev_ws/ros2-study/week1_ros2_basics/install/robot_communication:/opt/ros/jazzy:/home/jongbob/dev_ws/ros2-study/week1_ros2_basics/install/simple_communication:/opt/ros/jazzy/opt/gz_sim_vendor:/opt/ros/jazzy/opt/gz_sensors_vendor:/opt/ros/jazzy/opt/gz_physics_vendor:/opt/ros/jazzy/opt/sdformat_vendor:/opt/ros/jazzy/opt/gz_gui_vendor:/opt/ros/jazzy/opt/gz_transport_vendor:/opt/ros/jazzy/opt/gz_rendering_vendor:/opt/ros/jazzy/opt/gz_plugin_vendor:/opt/ros/jazzy/opt/gz_fuel_tools_vendor:/opt/ros/jazzy/opt/gz_msgs_vendor:/opt/ros/jazzy/opt/gz_common_vendor:/opt/ros/jazzy/opt/gz_math_vendor:/opt/ros/jazzy/opt/gz_utils_vendor:/opt/ros/jazzy/opt/gz_tools_vendor:/opt/ros/jazzy/opt/gz_ogre_next_vendor:/opt/ros/jazzy/opt/gz_dartsim_vendor:/opt/ros/jazzy/opt/gz_cmake_vendor DEBUGINFOD_URLS=https://debuginfod.ubuntu.com /usr/bin/cmake --install /home/jongbob/dev_ws/ros2-study/week2_slam/build/vicpinky_gazebo
[0.642s] Level 1:colcon.colcon_core.environment:create_environment_scripts_only(vicpinky_gazebo)
[0.642s] Level 1:colcon.colcon_core.environment:checking '/home/jongbob/dev_ws/ros2-study/week2_slam/install/vicpinky_gazebo' for CMake module files
[0.642s] DEBUG:colcon.colcon_core.event_handler.log_command:Invoked command in '/home/jongbob/dev_ws/ros2-study/week2_slam/build/vicpinky_gazebo' returned '0': CMAKE_PREFIX_PATH=/home/jongbob/dev_ws/ros2-study/week2_slam/install/vicpinky_description:/home/jongbob/dev_ws/ros2-study/week2_slam/install/vicpinky_navigation:/home/jongbob/dev_ws/ros2-study/week2_slam/install/vicpinky_gazebo:/home/jongbob/dev_ws/ros2-study/week1_ros2_basics/install/vicpinky_navigation:/home/jongbob/dev_ws/ros2-study/week1_ros2_basics/install/vicpinky_gazebo:/home/jongbob/dev_ws/ros2-study/week1_ros2_basics/install/vicpinky_description:/home/jongbob/dev_ws/ros2-study/week1_ros2_basics/install/sllidar_ros2:/home/jongbob/dev_ws/ros2-study/week2_slam/install/vicpinky_bringup:/home/jongbob/dev_ws/ros2-study/week1_ros2_basics/install/vicpinky_bringup:/home/jongbob/dev_ws/ros2-study/week1_ros2_basics/install/robot_communication:/opt/ros/jazzy:/home/jongbob/dev_ws/ros2-study/week1_ros2_basics/install/simple_communication:/opt/ros/jazzy/opt/gz_sim_vendor:/opt/ros/jazzy/opt/gz_sensors_vendor:/opt/ros/jazzy/opt/gz_physics_vendor:/opt/ros/jazzy/opt/sdformat_vendor:/opt/ros/jazzy/opt/gz_gui_vendor:/opt/ros/jazzy/opt/gz_transport_vendor:/opt/ros/jazzy/opt/gz_rendering_vendor:/opt/ros/jazzy/opt/gz_plugin_vendor:/opt/ros/jazzy/opt/gz_fuel_tools_vendor:/opt/ros/jazzy/opt/gz_msgs_vendor:/opt/ros/jazzy/opt/gz_common_vendor:/opt/ros/jazzy/opt/gz_math_vendor:/opt/ros/jazzy/opt/gz_utils_vendor:/opt/ros/jazzy/opt/gz_tools_vendor:/opt/ros/jazzy/opt/gz_ogre_next_vendor:/opt/ros/jazzy/opt/gz_dartsim_vendor:/opt/ros/jazzy/opt/gz_cmake_vendor DEBUGINFOD_URLS=https://debuginfod.ubuntu.com /usr/bin/cmake --install /home/jongbob/dev_ws/ros2-study/week2_slam/build/vicpinky_gazebo
[0.643s] Level 1:colcon.colcon_core.environment:checking '/home/jongbob/dev_ws/ros2-study/week2_slam/install/vicpinky_gazebo' for CMake config files
[0.643s] Level 1:colcon.colcon_core.shell:create_environment_hook('vicpinky_gazebo', 'cmake_prefix_path')
[0.643s] INFO:colcon.colcon_core.shell:Creating environment hook '/home/jongbob/dev_ws/ros2-study/week2_slam/install/vicpinky_gazebo/share/vicpinky_gazebo/hook/cmake_prefix_path.ps1'
[0.643s] INFO:colcon.colcon_core.shell:Creating environment descriptor '/home/jongbob/dev_ws/ros2-study/week2_slam/install/vicpinky_gazebo/share/vicpinky_gazebo/hook/cmake_prefix_path.dsv'
[0.644s] INFO:colcon.colcon_core.shell:Creating environment hook '/home/jongbob/dev_ws/ros2-study/week2_slam/install/vicpinky_gazebo/share/vicpinky_gazebo/hook/cmake_prefix_path.sh'
[0.644s] Level 1:colcon.colcon_core.environment:checking '/home/jongbob/dev_ws/ros2-study/week2_slam/install/vicpinky_gazebo/bin'
[0.644s] Level 1:colcon.colcon_core.environment:checking '/home/jongbob/dev_ws/ros2-study/week2_slam/install/vicpinky_gazebo/lib/pkgconfig/vicpinky_gazebo.pc'
[0.645s] Level 1:colcon.colcon_core.environment:checking '/home/jongbob/dev_ws/ros2-study/week2_slam/install/vicpinky_gazebo/lib/python3.12/site-packages'
[0.645s] Level 1:colcon.colcon_core.environment:checking '/home/jongbob/dev_ws/ros2-study/week2_slam/install/vicpinky_gazebo/bin'
[0.645s] INFO:colcon.colcon_core.shell:Creating package script '/home/jongbob/dev_ws/ros2-study/week2_slam/install/vicpinky_gazebo/share/vicpinky_gazebo/package.ps1'
[0.645s] INFO:colcon.colcon_core.shell:Creating package descriptor '/home/jongbob/dev_ws/ros2-study/week2_slam/install/vicpinky_gazebo/share/vicpinky_gazebo/package.dsv'
[0.646s] INFO:colcon.colcon_core.shell:Creating package script '/home/jongbob/dev_ws/ros2-study/week2_slam/install/vicpinky_gazebo/share/vicpinky_gazebo/package.sh'
[0.646s] INFO:colcon.colcon_core.shell:Creating package script '/home/jongbob/dev_ws/ros2-study/week2_slam/install/vicpinky_gazebo/share/vicpinky_gazebo/package.bash'
[0.646s] INFO:colcon.colcon_core.shell:Creating package script '/home/jongbob/dev_ws/ros2-study/week2_slam/install/vicpinky_gazebo/share/vicpinky_gazebo/package.zsh'
[0.646s] Level 1:colcon.colcon_core.environment:create_file_with_runtime_dependencies(/home/jongbob/dev_ws/ros2-study/week2_slam/install/vicpinky_gazebo/share/colcon-core/packages/vicpinky_gazebo)
[0.647s] Level 1:colcon.colcon_core.environment:create_environment_scripts_only(vicpinky_gazebo)
[0.647s] Level 1:colcon.colcon_core.environment:checking '/home/jongbob/dev_ws/ros2-study/week2_slam/install/vicpinky_gazebo' for CMake module files
[0.647s] Level 1:colcon.colcon_core.environment:checking '/home/jongbob/dev_ws/ros2-study/week2_slam/install/vicpinky_gazebo' for CMake config files
[0.648s] Level 1:colcon.colcon_core.shell:create_environment_hook('vicpinky_gazebo', 'cmake_prefix_path')
[0.648s] INFO:colcon.colcon_core.shell:Creating environment hook '/home/jongbob/dev_ws/ros2-study/week2_slam/install/vicpinky_gazebo/share/vicpinky_gazebo/hook/cmake_prefix_path.ps1'
[0.648s] INFO:colcon.colcon_core.shell:Creating environment descriptor '/home/jongbob/dev_ws/ros2-study/week2_slam/install/vicpinky_gazebo/share/vicpinky_gazebo/hook/cmake_prefix_path.dsv'
[0.648s] INFO:colcon.colcon_core.shell:Creating environment hook '/home/jongbob/dev_ws/ros2-study/week2_slam/install/vicpinky_gazebo/share/vicpinky_gazebo/hook/cmake_prefix_path.sh'
[0.649s] Level 1:colcon.colcon_core.environment:checking '/home/jongbob/dev_ws/ros2-study/week2_slam/install/vicpinky_gazebo/bin'
[0.649s] Level 1:colcon.colcon_core.environment:checking '/home/jongbob/dev_ws/ros2-study/week2_slam/install/vicpinky_gazebo/lib/pkgconfig/vicpinky_gazebo.pc'
[0.649s] Level 1:colcon.colcon_core.environment:checking '/home/jongbob/dev_ws/ros2-study/week2_slam/install/vicpinky_gazebo/lib/python3.12/site-packages'
[0.649s] Level 1:colcon.colcon_core.environment:checking '/home/jongbob/dev_ws/ros2-study/week2_slam/install/vicpinky_gazebo/bin'
[0.649s] INFO:colcon.colcon_core.shell:Creating package script '/home/jongbob/dev_ws/ros2-study/week2_slam/install/vicpinky_gazebo/share/vicpinky_gazebo/package.ps1'
[0.650s] INFO:colcon.colcon_core.shell:Creating package descriptor '/home/jongbob/dev_ws/ros2-study/week2_slam/install/vicpinky_gazebo/share/vicpinky_gazebo/package.dsv'
[0.650s] INFO:colcon.colcon_core.shell:Creating package script '/home/jongbob/dev_ws/ros2-study/week2_slam/install/vicpinky_gazebo/share/vicpinky_gazebo/package.sh'
[0.651s] INFO:colcon.colcon_core.shell:Creating package script '/home/jongbob/dev_ws/ros2-study/week2_slam/install/vicpinky_gazebo/share/vicpinky_gazebo/package.bash'
[0.651s] INFO:colcon.colcon_core.shell:Creating package script '/home/jongbob/dev_ws/ros2-study/week2_slam/install/vicpinky_gazebo/share/vicpinky_gazebo/package.zsh'
[0.651s] Level 1:colcon.colcon_core.environment:create_file_with_runtime_dependencies(/home/jongbob/dev_ws/ros2-study/week2_slam/install/vicpinky_gazebo/share/colcon-core/packages/vicpinky_gazebo)
[1.173s] DEBUG:colcon.colcon_core.event_handler.log_command:Invoking command in '/home/jongbob/dev_ws/ros2-study/week2_slam/src/vic_pinky_VSLAM/vicpinky_bringup': DEBUGINFOD_URLS=https://debuginfod.ubuntu.com PYTHONPATH=/home/jongbob/dev_ws/ros2-study/week2_slam/build/vicpinky_bringup/prefix_override:/usr/lib/python3/dist-packages/colcon_core/task/python/colcon_distutils_commands:/home/jongbob/dev_ws/ros2-study/week2_slam/install/vicpinky_bringup/lib/python3.12/site-packages:${PYTHONPATH} /usr/bin/python3 -W ignore:setup.py install is deprecated -W ignore:easy_install command is deprecated setup.py egg_info --egg-base ../../../build/vicpinky_bringup build --build-base /home/jongbob/dev_ws/ros2-study/week2_slam/build/vicpinky_bringup/build install --record /home/jongbob/dev_ws/ros2-study/week2_slam/build/vicpinky_bringup/install.log --single-version-externally-managed install_data
[1.754s] Level 1:colcon.colcon_core.environment:checking '/home/jongbob/dev_ws/ros2-study/week2_slam/install/vicpinky_bringup' for CMake module files
[1.755s] DEBUG:colcon.colcon_core.event_handler.log_command:Invoked command in '/home/jongbob/dev_ws/ros2-study/week2_slam/src/vic_pinky_VSLAM/vicpinky_bringup' returned '0': DEBUGINFOD_URLS=https://debuginfod.ubuntu.com PYTHONPATH=/home/jongbob/dev_ws/ros2-study/week2_slam/build/vicpinky_bringup/prefix_override:/usr/lib/python3/dist-packages/colcon_core/task/python/colcon_distutils_commands:/home/jongbob/dev_ws/ros2-study/week2_slam/install/vicpinky_bringup/lib/python3.12/site-packages:${PYTHONPATH} /usr/bin/python3 -W ignore:setup.py install is deprecated -W ignore:easy_install command is deprecated setup.py egg_info --egg-base ../../../build/vicpinky_bringup build --build-base /home/jongbob/dev_ws/ros2-study/week2_slam/build/vicpinky_bringup/build install --record /home/jongbob/dev_ws/ros2-study/week2_slam/build/vicpinky_bringup/install.log --single-version-externally-managed install_data
[1.755s] Level 1:colcon.colcon_core.environment:checking '/home/jongbob/dev_ws/ros2-study/week2_slam/install/vicpinky_bringup' for CMake config files
[1.755s] Level 1:colcon.colcon_core.environment:checking '/home/jongbob/dev_ws/ros2-study/week2_slam/install/vicpinky_bringup/lib'
[1.756s] Level 1:colcon.colcon_core.environment:checking '/home/jongbob/dev_ws/ros2-study/week2_slam/install/vicpinky_bringup/bin'
[1.756s] Level 1:colcon.colcon_core.environment:checking '/home/jongbob/dev_ws/ros2-study/week2_slam/install/vicpinky_bringup/lib/pkgconfig/vicpinky_bringup.pc'
[1.756s] Level 1:colcon.colcon_core.environment:checking '/home/jongbob/dev_ws/ros2-study/week2_slam/install/vicpinky_bringup/lib/python3.12/site-packages'
[1.756s] Level 1:colcon.colcon_core.shell:create_environment_hook('vicpinky_bringup', 'pythonpath')
[1.756s] INFO:colcon.colcon_core.shell:Creating environment hook '/home/jongbob/dev_ws/ros2-study/week2_slam/install/vicpinky_bringup/share/vicpinky_bringup/hook/pythonpath.ps1'
[1.757s] INFO:colcon.colcon_core.shell:Creating environment descriptor '/home/jongbob/dev_ws/ros2-study/week2_slam/install/vicpinky_bringup/share/vicpinky_bringup/hook/pythonpath.dsv'
[1.757s] INFO:colcon.colcon_core.shell:Creating environment hook '/home/jongbob/dev_ws/ros2-study/week2_slam/install/vicpinky_bringup/share/vicpinky_bringup/hook/pythonpath.sh'
[1.757s] Level 1:colcon.colcon_core.environment:checking '/home/jongbob/dev_ws/ros2-study/week2_slam/install/vicpinky_bringup/bin'
[1.758s] Level 1:colcon.colcon_core.environment:create_environment_scripts_only(vicpinky_bringup)
[1.758s] INFO:colcon.colcon_core.shell:Creating package script '/home/jongbob/dev_ws/ros2-study/week2_slam/install/vicpinky_bringup/share/vicpinky_bringup/package.ps1'
[1.758s] INFO:colcon.colcon_core.shell:Creating package descriptor '/home/jongbob/dev_ws/ros2-study/week2_slam/install/vicpinky_bringup/share/vicpinky_bringup/package.dsv'
[1.759s] INFO:colcon.colcon_core.shell:Creating package script '/home/jongbob/dev_ws/ros2-study/week2_slam/install/vicpinky_bringup/share/vicpinky_bringup/package.sh'
[1.759s] INFO:colcon.colcon_core.shell:Creating package script '/home/jongbob/dev_ws/ros2-study/week2_slam/install/vicpinky_bringup/share/vicpinky_bringup/package.bash'
[1.759s] INFO:colcon.colcon_core.shell:Creating package script '/home/jongbob/dev_ws/ros2-study/week2_slam/install/vicpinky_bringup/share/vicpinky_bringup/package.zsh'
[1.759s] Level 1:colcon.colcon_core.environment:create_file_with_runtime_dependencies(/home/jongbob/dev_ws/ros2-study/week2_slam/install/vicpinky_bringup/share/colcon-core/packages/vicpinky_bringup)
[1.760s] DEBUG:colcon.colcon_parallel_executor.executor.parallel:closing loop
[1.760s] DEBUG:colcon.colcon_parallel_executor.executor.parallel:loop closed
[1.760s] DEBUG:colcon.colcon_parallel_executor.executor.parallel:run_until_complete finished with '0'
[1.760s] DEBUG:colcon.colcon_core.event_reactor:joining thread
[1.767s] INFO:colcon.colcon_core.plugin_system:Skipping extension 'colcon_notification.desktop_notification.terminal_notifier': Not used on non-Darwin systems
[1.767s] INFO:colcon.colcon_core.plugin_system:Skipping extension 'colcon_notification.desktop_notification.win32': Not used on non-Windows systems
[1.767s] INFO:colcon.colcon_notification.desktop_notification:Sending desktop notification using 'notify2'
[1.785s] DEBUG:colcon.colcon_core.event_reactor:joined thread
[1.785s] INFO:colcon.colcon_core.shell:Creating prefix script '/home/jongbob/dev_ws/ros2-study/week2_slam/install/local_setup.ps1'
[1.787s] INFO:colcon.colcon_core.shell:Creating prefix util module '/home/jongbob/dev_ws/ros2-study/week2_slam/install/_local_setup_util_ps1.py'
[1.790s] INFO:colcon.colcon_core.shell:Creating prefix chain script '/home/jongbob/dev_ws/ros2-study/week2_slam/install/setup.ps1'
[1.794s] INFO:colcon.colcon_core.shell:Creating prefix script '/home/jongbob/dev_ws/ros2-study/week2_slam/install/local_setup.sh'
[1.795s] INFO:colcon.colcon_core.shell:Creating prefix util module '/home/jongbob/dev_ws/ros2-study/week2_slam/install/_local_setup_util_sh.py'
[1.797s] INFO:colcon.colcon_core.shell:Creating prefix chain script '/home/jongbob/dev_ws/ros2-study/week2_slam/install/setup.sh'
[1.801s] INFO:colcon.colcon_core.shell:Creating prefix script '/home/jongbob/dev_ws/ros2-study/week2_slam/install/local_setup.bash'
[1.802s] INFO:colcon.colcon_core.shell:Creating prefix chain script '/home/jongbob/dev_ws/ros2-study/week2_slam/install/setup.bash'
[1.806s] INFO:colcon.colcon_core.shell:Creating prefix script '/home/jongbob/dev_ws/ros2-study/week2_slam/install/local_setup.zsh'
[1.807s] INFO:colcon.colcon_core.shell:Creating prefix chain script '/home/jongbob/dev_ws/ros2-study/week2_slam/install/setup.zsh'
