-- The C compiler identification is GNU 13.3.0
-- The CXX compiler identification is GNU 13.3.0
-- Detecting C compiler ABI info
-- Detecting C compiler ABI info - done
-- Check for working C compiler: /usr/bin/cc - skipped
-- Detecting C compile features
-- Detecting C compile features - done
-- Detecting CXX compiler ABI info
-- Detecting CXX compiler ABI info - done
-- Check for working CXX compiler: /usr/bin/c++ - skipped
-- Detecting CXX compile features
-- Detecting CXX compile features - done
-- Found ament_cmake: 2.5.4 (/opt/ros/jazzy/share/ament_cmake/cmake)
-- Found Python3: /home/jongbob/venv/arm_venv/bin/python3 (found version "3.12.3") found components: Interpreter 
-- Found rosidl_default_generators: 1.6.0 (/opt/ros/jazzy/share/rosidl_default_generators/cmake)
-- Using all available rosidl_typesupport_c: rosidl_typesupport_fastrtps_c;rosidl_typesupport_introspection_c
-- Using all available rosidl_typesupport_cpp: rosidl_typesupport_fastrtps_cpp;rosidl_typesupport_introspection_cpp
-- Found rosidl_adapter: 4.6.6 (/opt/ros/jazzy/share/rosidl_adapter/cmake)
-- Found ament_cmake_ros: 0.12.0 (/opt/ros/jazzy/share/ament_cmake_ros/cmake)
-- Using all available rosidl_typesupport_c: rosidl_typesupport_fastrtps_c;rosidl_typesupport_introspection_c
-- Using all available rosidl_typesupport_cpp: rosidl_typesupport_fastrtps_cpp;rosidl_typesupport_introspection_cpp
-- Found python_cmake_module: 0.11.1 (/opt/ros/jazzy/share/python_cmake_module/cmake)
-- Found PythonExtra: /home/jongbob/venv/arm_venv/bin/python3  
-- Found Python3: /home/jongbob/venv/arm_venv/bin/python3 (found version "3.12.3") found components: Interpreter Development NumPy Development.Module Development.Embed 
-- Configuring done (4.3s)
-- Generating done (0.0s)
-- Build files have been written to: /home/jongbob/dev_ws/ros2-study/week1_ros2_basics/build/simple_communication
[  2%] [34m[1mGenerating type hashes for ROS interfaces[0m
[  2%] Built target ament_cmake_python_copy_simple_communication
[  2%] Built target simple_communication__rosidl_generator_type_description
[  5%] [34m[1mGenerating C code for ROS interfaces[0m
[  8%] [34m[1mGenerating C++ code for ROS interfaces[0m
running egg_info
creating simple_communication.egg-info
writing simple_communication.egg-info/PKG-INFO
writing dependency_links to simple_communication.egg-info/dependency_links.txt
writing top-level names to simple_communication.egg-info/top_level.txt
writing manifest file 'simple_communication.egg-info/SOURCES.txt'
reading manifest file 'simple_communication.egg-info/SOURCES.txt'
writing manifest file 'simple_communication.egg-info/SOURCES.txt'
[  8%] Built target ament_cmake_python_build_simple_communication_egg
[  8%] Built target simple_communication__cpp
[ 11%] [32mBuilding C object CMakeFiles/simple_communication__rosidl_generator_c.dir/rosidl_generator_c/simple_communication/srv/detail/get_robot_info__functions.c.o[0m
[ 14%] [32mBuilding C object CMakeFiles/simple_communication__rosidl_generator_c.dir/rosidl_generator_c/simple_communication/srv/detail/get_robot_info__description.c.o[0m
[ 17%] [32mBuilding C object CMakeFiles/simple_communication__rosidl_generator_c.dir/rosidl_generator_c/simple_communication/srv/detail/get_robot_info__type_support.c.o[0m
[ 20%] [32m[1mLinking C shared library libsimple_communication__rosidl_generator_c.so[0m
[ 20%] Built target simple_communication__rosidl_generator_c
[ 26%] [34m[1mGenerating C++ type support for eProsima Fast-RTPS[0m
[ 26%] [34m[1mGenerating C++ type support dispatch for ROS interfaces[0m
[ 29%] [34m[1mGenerating C type support dispatch for ROS interfaces[0m
[ 32%] [34m[1mGenerating C introspection for ROS interfaces[0m
[ 35%] [34m[1mGenerating C++ introspection for ROS interfaces[0m
[ 38%] [34m[1mGenerating C type support for eProsima Fast-RTPS[0m
[ 41%] [32mBuilding CXX object CMakeFiles/simple_communication__rosidl_typesupport_c.dir/rosidl_typesupport_c/simple_communication/srv/get_robot_info__type_support.cpp.o[0m
[ 44%] [32mBuilding CXX object CMakeFiles/simple_communication__rosidl_typesupport_introspection_cpp.dir/rosidl_typesupport_introspection_cpp/simple_communication/srv/detail/get_robot_info__type_support.cpp.o[0m
[ 47%] [32mBuilding CXX object CMakeFiles/simple_communication__rosidl_typesupport_cpp.dir/rosidl_typesupport_cpp/simple_communication/srv/get_robot_info__type_support.cpp.o[0m
[ 50%] [32m[1mLinking CXX shared library libsimple_communication__rosidl_typesupport_c.so[0m
[ 52%] [32mBuilding CXX object CMakeFiles/simple_communication__rosidl_typesupport_fastrtps_c.dir/rosidl_typesupport_fastrtps_c/simple_communication/srv/detail/get_robot_info__type_support_c.cpp.o[0m
[ 55%] [32mBuilding C object CMakeFiles/simple_communication__rosidl_typesupport_introspection_c.dir/rosidl_typesupport_introspection_c/simple_communication/srv/detail/get_robot_info__type_support.c.o[0m
[ 55%] Built target simple_communication__rosidl_typesupport_c
[ 58%] [32m[1mLinking C shared library libsimple_communication__rosidl_typesupport_introspection_c.so[0m
[ 61%] [32mBuilding CXX object CMakeFiles/simple_communication__rosidl_typesupport_fastrtps_cpp.dir/rosidl_typesupport_fastrtps_cpp/simple_communication/srv/detail/dds_fastrtps/get_robot_info__type_support.cpp.o[0m
[ 61%] Built target simple_communication__rosidl_typesupport_introspection_c
[ 64%] [32m[1mLinking CXX shared library libsimple_communication__rosidl_typesupport_introspection_cpp.so[0m
[ 67%] [32m[1mLinking CXX shared library libsimple_communication__rosidl_typesupport_cpp.so[0m
[ 67%] Built target simple_communication__rosidl_typesupport_introspection_cpp
[ 67%] Built target simple_communication__rosidl_typesupport_cpp
[ 70%] [32m[1mLinking CXX shared library libsimple_communication__rosidl_typesupport_fastrtps_c.so[0m
[ 70%] Built target simple_communication__rosidl_typesupport_fastrtps_c
[ 73%] [32m[1mLinking CXX shared library libsimple_communication__rosidl_typesupport_fastrtps_cpp.so[0m
[ 73%] Built target simple_communication__rosidl_typesupport_fastrtps_cpp
[ 73%] Built target simple_communication
[ 76%] [34m[1mGenerating Python code for ROS interfaces[0m
[ 76%] Built target simple_communication__py
[ 79%] [32mBuilding C object CMakeFiles/simple_communication__rosidl_generator_py.dir/rosidl_generator_py/simple_communication/srv/_get_robot_info_s.c.o[0m
[ 82%] [32m[1mLinking C shared library libsimple_communication__rosidl_generator_py.so[0m
[ 82%] Built target simple_communication__rosidl_generator_py
[ 85%] [32mBuilding C object CMakeFiles/simple_communication_s__rosidl_typesupport_fastrtps_c.dir/rosidl_generator_py/simple_communication/_simple_communication_s.ep.rosidl_typesupport_fastrtps_c.c.o[0m
[ 88%] [32mBuilding C object CMakeFiles/simple_communication_s__rosidl_typesupport_c.dir/rosidl_generator_py/simple_communication/_simple_communication_s.ep.rosidl_typesupport_c.c.o[0m
[ 91%] [32mBuilding C object CMakeFiles/simple_communication_s__rosidl_typesupport_introspection_c.dir/rosidl_generator_py/simple_communication/_simple_communication_s.ep.rosidl_typesupport_introspection_c.c.o[0m
[ 94%] [32m[1mLinking C shared module rosidl_generator_py/simple_communication/simple_communication_s__rosidl_typesupport_introspection_c.so[0m
[ 97%] [32m[1mLinking C shared module rosidl_generator_py/simple_communication/simple_communication_s__rosidl_typesupport_fastrtps_c.so[0m
[ 97%] Built target simple_communication_s__rosidl_typesupport_fastrtps_c
[ 97%] Built target simple_communication_s__rosidl_typesupport_introspection_c
[100%] [32m[1mLinking C shared module rosidl_generator_py/simple_communication/simple_communication_s__rosidl_typesupport_c.so[0m
[100%] Built target simple_communication_s__rosidl_typesupport_c
-- Install configuration: ""
-- Installing: /home/jongbob/dev_ws/ros2-study/week1_ros2_basics/install/simple_communication/share/ament_index/resource_index/rosidl_interfaces/simple_communication
-- Installing: /home/jongbob/dev_ws/ros2-study/week1_ros2_basics/install/simple_communication/share/simple_communication/srv/GetRobotInfo.json
-- Installing: /home/jongbob/dev_ws/ros2-study/week1_ros2_basics/install/simple_communication/include/simple_communication/simple_communication
-- Installing: /home/jongbob/dev_ws/ros2-study/week1_ros2_basics/install/simple_communication/include/simple_communication/simple_communication/msg
-- Installing: /home/jongbob/dev_ws/ros2-study/week1_ros2_basics/install/simple_communication/include/simple_communication/simple_communication/msg/rosidl_generator_c__visibility_control.h
-- Installing: /home/jongbob/dev_ws/ros2-study/week1_ros2_basics/install/simple_communication/include/simple_communication/simple_communication/srv
-- Installing: /home/jongbob/dev_ws/ros2-study/week1_ros2_basics/install/simple_communication/include/simple_communication/simple_communication/srv/get_robot_info.h
-- Installing: /home/jongbob/dev_ws/ros2-study/week1_ros2_basics/install/simple_communication/include/simple_communication/simple_communication/srv/detail
-- Installing: /home/jongbob/dev_ws/ros2-study/week1_ros2_basics/install/simple_communication/include/simple_communication/simple_communication/srv/detail/get_robot_info__struct.h
-- Installing: /home/jongbob/dev_ws/ros2-study/week1_ros2_basics/install/simple_communication/include/simple_communication/simple_communication/srv/detail/get_robot_info__type_support.c
-- Installing: /home/jongbob/dev_ws/ros2-study/week1_ros2_basics/install/simple_communication/include/simple_communication/simple_communication/srv/detail/get_robot_info__functions.c
-- Installing: /home/jongbob/dev_ws/ros2-study/week1_ros2_basics/install/simple_communication/include/simple_communication/simple_communication/srv/detail/get_robot_info__type_support.h
-- Installing: /home/jongbob/dev_ws/ros2-study/week1_ros2_basics/install/simple_communication/include/simple_communication/simple_communication/srv/detail/get_robot_info__description.c
-- Installing: /home/jongbob/dev_ws/ros2-study/week1_ros2_basics/install/simple_communication/include/simple_communication/simple_communication/srv/detail/get_robot_info__functions.h
-- Installing: /home/jongbob/dev_ws/ros2-study/week1_ros2_basics/install/simple_communication/share/simple_communication/environment/library_path.sh
-- Installing: /home/jongbob/dev_ws/ros2-study/week1_ros2_basics/install/simple_communication/share/simple_communication/environment/library_path.dsv
-- Installing: /home/jongbob/dev_ws/ros2-study/week1_ros2_basics/install/simple_communication/lib/libsimple_communication__rosidl_generator_c.so
-- Set non-toolchain portion of runtime path of "/home/jongbob/dev_ws/ros2-study/week1_ros2_basics/install/simple_communication/lib/libsimple_communication__rosidl_generator_c.so" to ""
-- Up-to-date: /home/jongbob/dev_ws/ros2-study/week1_ros2_basics/install/simple_communication/include/simple_communication/simple_communication
-- Up-to-date: /home/jongbob/dev_ws/ros2-study/week1_ros2_basics/install/simple_communication/include/simple_communication/simple_communication/msg
-- Installing: /home/jongbob/dev_ws/ros2-study/week1_ros2_basics/install/simple_communication/include/simple_communication/simple_communication/msg/rosidl_typesupport_fastrtps_c__visibility_control.h
-- Up-to-date: /home/jongbob/dev_ws/ros2-study/week1_ros2_basics/install/simple_communication/include/simple_communication/simple_communication/srv
-- Up-to-date: /home/jongbob/dev_ws/ros2-study/week1_ros2_basics/install/simple_communication/include/simple_communication/simple_communication/srv/detail
-- Installing: /home/jongbob/dev_ws/ros2-study/week1_ros2_basics/install/simple_communication/include/simple_communication/simple_communication/srv/detail/get_robot_info__rosidl_typesupport_fastrtps_c.h
-- Installing: /home/jongbob/dev_ws/ros2-study/week1_ros2_basics/install/simple_communication/lib/libsimple_communication__rosidl_typesupport_fastrtps_c.so
-- Set non-toolchain portion of runtime path of "/home/jongbob/dev_ws/ros2-study/week1_ros2_basics/install/simple_communication/lib/libsimple_communication__rosidl_typesupport_fastrtps_c.so" to ""
-- Up-to-date: /home/jongbob/dev_ws/ros2-study/week1_ros2_basics/install/simple_communication/include/simple_communication/simple_communication
-- Up-to-date: /home/jongbob/dev_ws/ros2-study/week1_ros2_basics/install/simple_communication/include/simple_communication/simple_communication/msg
-- Installing: /home/jongbob/dev_ws/ros2-study/week1_ros2_basics/install/simple_communication/include/simple_communication/simple_communication/msg/rosidl_typesupport_introspection_c__visibility_control.h
-- Up-to-date: /home/jongbob/dev_ws/ros2-study/week1_ros2_basics/install/simple_communication/include/simple_communication/simple_communication/srv
-- Up-to-date: /home/jongbob/dev_ws/ros2-study/week1_ros2_basics/install/simple_communication/include/simple_communication/simple_communication/srv/detail
-- Installing: /home/jongbob/dev_ws/ros2-study/week1_ros2_basics/install/simple_communication/include/simple_communication/simple_communication/srv/detail/get_robot_info__type_support.c
-- Installing: /home/jongbob/dev_ws/ros2-study/week1_ros2_basics/install/simple_communication/include/simple_communication/simple_communication/srv/detail/get_robot_info__rosidl_typesupport_introspection_c.h
-- Installing: /home/jongbob/dev_ws/ros2-study/week1_ros2_basics/install/simple_communication/lib/libsimple_communication__rosidl_typesupport_introspection_c.so
-- Set non-toolchain portion of runtime path of "/home/jongbob/dev_ws/ros2-study/week1_ros2_basics/install/simple_communication/lib/libsimple_communication__rosidl_typesupport_introspection_c.so" to ""
-- Installing: /home/jongbob/dev_ws/ros2-study/week1_ros2_basics/install/simple_communication/lib/libsimple_communication__rosidl_typesupport_c.so
-- Set non-toolchain portion of runtime path of "/home/jongbob/dev_ws/ros2-study/week1_ros2_basics/install/simple_communication/lib/libsimple_communication__rosidl_typesupport_c.so" to ""
-- Up-to-date: /home/jongbob/dev_ws/ros2-study/week1_ros2_basics/install/simple_communication/include/simple_communication/simple_communication
-- Up-to-date: /home/jongbob/dev_ws/ros2-study/week1_ros2_basics/install/simple_communication/include/simple_communication/simple_communication/msg
-- Installing: /home/jongbob/dev_ws/ros2-study/week1_ros2_basics/install/simple_communication/include/simple_communication/simple_communication/msg/rosidl_generator_cpp__visibility_control.hpp
-- Up-to-date: /home/jongbob/dev_ws/ros2-study/week1_ros2_basics/install/simple_communication/include/simple_communication/simple_communication/srv
-- Up-to-date: /home/jongbob/dev_ws/ros2-study/week1_ros2_basics/install/simple_communication/include/simple_communication/simple_communication/srv/detail
-- Installing: /home/jongbob/dev_ws/ros2-study/week1_ros2_basics/install/simple_communication/include/simple_communication/simple_communication/srv/detail/get_robot_info__builder.hpp
-- Installing: /home/jongbob/dev_ws/ros2-study/week1_ros2_basics/install/simple_communication/include/simple_communication/simple_communication/srv/detail/get_robot_info__traits.hpp
-- Installing: /home/jongbob/dev_ws/ros2-study/week1_ros2_basics/install/simple_communication/include/simple_communication/simple_communication/srv/detail/get_robot_info__type_support.hpp
-- Installing: /home/jongbob/dev_ws/ros2-study/week1_ros2_basics/install/simple_communication/include/simple_communication/simple_communication/srv/detail/get_robot_info__struct.hpp
-- Installing: /home/jongbob/dev_ws/ros2-study/week1_ros2_basics/install/simple_communication/include/simple_communication/simple_communication/srv/get_robot_info.hpp
-- Up-to-date: /home/jongbob/dev_ws/ros2-study/week1_ros2_basics/install/simple_communication/include/simple_communication/simple_communication
-- Up-to-date: /home/jongbob/dev_ws/ros2-study/week1_ros2_basics/install/simple_communication/include/simple_communication/simple_communication/msg
-- Installing: /home/jongbob/dev_ws/ros2-study/week1_ros2_basics/install/simple_communication/include/simple_communication/simple_communication/msg/rosidl_typesupport_fastrtps_cpp__visibility_control.h
-- Up-to-date: /home/jongbob/dev_ws/ros2-study/week1_ros2_basics/install/simple_communication/include/simple_communication/simple_communication/srv
-- Up-to-date: /home/jongbob/dev_ws/ros2-study/week1_ros2_basics/install/simple_communication/include/simple_communication/simple_communication/srv/detail
-- Installing: /home/jongbob/dev_ws/ros2-study/week1_ros2_basics/install/simple_communication/include/simple_communication/simple_communication/srv/detail/dds_fastrtps
-- Installing: /home/jongbob/dev_ws/ros2-study/week1_ros2_basics/install/simple_communication/include/simple_communication/simple_communication/srv/detail/get_robot_info__rosidl_typesupport_fastrtps_cpp.hpp
-- Installing: /home/jongbob/dev_ws/ros2-study/week1_ros2_basics/install/simple_communication/lib/libsimple_communication__rosidl_typesupport_fastrtps_cpp.so
-- Set non-toolchain portion of runtime path of "/home/jongbob/dev_ws/ros2-study/week1_ros2_basics/install/simple_communication/lib/libsimple_communication__rosidl_typesupport_fastrtps_cpp.so" to ""
-- Up-to-date: /home/jongbob/dev_ws/ros2-study/week1_ros2_basics/install/simple_communication/include/simple_communication/simple_communication
-- Up-to-date: /home/jongbob/dev_ws/ros2-study/week1_ros2_basics/install/simple_communication/include/simple_communication/simple_communication/srv
-- Up-to-date: /home/jongbob/dev_ws/ros2-study/week1_ros2_basics/install/simple_communication/include/simple_communication/simple_communication/srv/detail
-- Installing: /home/jongbob/dev_ws/ros2-study/week1_ros2_basics/install/simple_communication/include/simple_communication/simple_communication/srv/detail/get_robot_info__rosidl_typesupport_introspection_cpp.hpp
-- Installing: /home/jongbob/dev_ws/ros2-study/week1_ros2_basics/install/simple_communication/include/simple_communication/simple_communication/srv/detail/get_robot_info__type_support.cpp
-- Installing: /home/jongbob/dev_ws/ros2-study/week1_ros2_basics/install/simple_communication/lib/libsimple_communication__rosidl_typesupport_introspection_cpp.so
-- Set non-toolchain portion of runtime path of "/home/jongbob/dev_ws/ros2-study/week1_ros2_basics/install/simple_communication/lib/libsimple_communication__rosidl_typesupport_introspection_cpp.so" to ""
-- Installing: /home/jongbob/dev_ws/ros2-study/week1_ros2_basics/install/simple_communication/lib/libsimple_communication__rosidl_typesupport_cpp.so
-- Set non-toolchain portion of runtime path of "/home/jongbob/dev_ws/ros2-study/week1_ros2_basics/install/simple_communication/lib/libsimple_communication__rosidl_typesupport_cpp.so" to ""
-- Installing: /home/jongbob/dev_ws/ros2-study/week1_ros2_basics/install/simple_communication/share/simple_communication/environment/pythonpath.sh
-- Installing: /home/jongbob/dev_ws/ros2-study/week1_ros2_basics/install/simple_communication/share/simple_communication/environment/pythonpath.dsv
-- Installing: /home/jongbob/dev_ws/ros2-study/week1_ros2_basics/install/simple_communication/lib/python3.12/site-packages/simple_communication-0.0.0-py3.12.egg-info
-- Installing: /home/jongbob/dev_ws/ros2-study/week1_ros2_basics/install/simple_communication/lib/python3.12/site-packages/simple_communication-0.0.0-py3.12.egg-info/dependency_links.txt
-- Installing: /home/jongbob/dev_ws/ros2-study/week1_ros2_basics/install/simple_communication/lib/python3.12/site-packages/simple_communication-0.0.0-py3.12.egg-info/SOURCES.txt
-- Installing: /home/jongbob/dev_ws/ros2-study/week1_ros2_basics/install/simple_communication/lib/python3.12/site-packages/simple_communication-0.0.0-py3.12.egg-info/top_level.txt
-- Installing: /home/jongbob/dev_ws/ros2-study/week1_ros2_basics/install/simple_communication/lib/python3.12/site-packages/simple_communication-0.0.0-py3.12.egg-info/PKG-INFO
-- Installing: /home/jongbob/dev_ws/ros2-study/week1_ros2_basics/install/simple_communication/lib/python3.12/site-packages/simple_communication
-- Installing: /home/jongbob/dev_ws/ros2-study/week1_ros2_basics/install/simple_communication/lib/python3.12/site-packages/simple_communication/_simple_communication_s.ep.rosidl_typesupport_c.c
-- Installing: /home/jongbob/dev_ws/ros2-study/week1_ros2_basics/install/simple_communication/lib/python3.12/site-packages/simple_communication/__init__.py
-- Installing: /home/jongbob/dev_ws/ros2-study/week1_ros2_basics/install/simple_communication/lib/python3.12/site-packages/simple_communication/simple_communication_s__rosidl_typesupport_fastrtps_c.so
-- Installing: /home/jongbob/dev_ws/ros2-study/week1_ros2_basics/install/simple_communication/lib/python3.12/site-packages/simple_communication/_simple_communication_s.ep.rosidl_typesupport_fastrtps_c.c
-- Installing: /home/jongbob/dev_ws/ros2-study/week1_ros2_basics/install/simple_communication/lib/python3.12/site-packages/simple_communication/simple_communication_s__rosidl_typesupport_c.so
-- Installing: /home/jongbob/dev_ws/ros2-study/week1_ros2_basics/install/simple_communication/lib/python3.12/site-packages/simple_communication/srv
-- Installing: /home/jongbob/dev_ws/ros2-study/week1_ros2_basics/install/simple_communication/lib/python3.12/site-packages/simple_communication/srv/_get_robot_info.py
-- Installing: /home/jongbob/dev_ws/ros2-study/week1_ros2_basics/install/simple_communication/lib/python3.12/site-packages/simple_communication/srv/__init__.py
-- Installing: /home/jongbob/dev_ws/ros2-study/week1_ros2_basics/install/simple_communication/lib/python3.12/site-packages/simple_communication/srv/_get_robot_info_s.c
-- Installing: /home/jongbob/dev_ws/ros2-study/week1_ros2_basics/install/simple_communication/lib/python3.12/site-packages/simple_communication/simple_communication_s__rosidl_typesupport_introspection_c.so
-- Installing: /home/jongbob/dev_ws/ros2-study/week1_ros2_basics/install/simple_communication/lib/python3.12/site-packages/simple_communication/_simple_communication_s.ep.rosidl_typesupport_introspection_c.c
Listing '/home/jongbob/dev_ws/ros2-study/week1_ros2_basics/install/simple_communication/lib/python3.12/site-packages/simple_communication'...
Compiling '/home/jongbob/dev_ws/ros2-study/week1_ros2_basics/install/simple_communication/lib/python3.12/site-packages/simple_communication/__init__.py'...
Listing '/home/jongbob/dev_ws/ros2-study/week1_ros2_basics/install/simple_communication/lib/python3.12/site-packages/simple_communication/srv'...
Compiling '/home/jongbob/dev_ws/ros2-study/week1_ros2_basics/install/simple_communication/lib/python3.12/site-packages/simple_communication/srv/__init__.py'...
Compiling '/home/jongbob/dev_ws/ros2-study/week1_ros2_basics/install/simple_communication/lib/python3.12/site-packages/simple_communication/srv/_get_robot_info.py'...
-- Installing: /home/jongbob/dev_ws/ros2-study/week1_ros2_basics/install/simple_communication/lib/python3.12/site-packages/simple_communication/simple_communication_s__rosidl_typesupport_fastrtps_c.so
-- Set non-toolchain portion of runtime path of "/home/jongbob/dev_ws/ros2-study/week1_ros2_basics/install/simple_communication/lib/python3.12/site-packages/simple_communication/simple_communication_s__rosidl_typesupport_fastrtps_c.so" to ""
-- Installing: /home/jongbob/dev_ws/ros2-study/week1_ros2_basics/install/simple_communication/lib/python3.12/site-packages/simple_communication/simple_communication_s__rosidl_typesupport_introspection_c.so
-- Set non-toolchain portion of runtime path of "/home/jongbob/dev_ws/ros2-study/week1_ros2_basics/install/simple_communication/lib/python3.12/site-packages/simple_communication/simple_communication_s__rosidl_typesupport_introspection_c.so" to ""
-- Installing: /home/jongbob/dev_ws/ros2-study/week1_ros2_basics/install/simple_communication/lib/python3.12/site-packages/simple_communication/simple_communication_s__rosidl_typesupport_c.so
-- Set non-toolchain portion of runtime path of "/home/jongbob/dev_ws/ros2-study/week1_ros2_basics/install/simple_communication/lib/python3.12/site-packages/simple_communication/simple_communication_s__rosidl_typesupport_c.so" to ""
-- Installing: /home/jongbob/dev_ws/ros2-study/week1_ros2_basics/install/simple_communication/lib/libsimple_communication__rosidl_generator_py.so
-- Set non-toolchain portion of runtime path of "/home/jongbob/dev_ws/ros2-study/week1_ros2_basics/install/simple_communication/lib/libsimple_communication__rosidl_generator_py.so" to ""
-- Installing: /home/jongbob/dev_ws/ros2-study/week1_ros2_basics/install/simple_communication/share/simple_communication/srv/GetRobotInfo.idl
-- Installing: /home/jongbob/dev_ws/ros2-study/week1_ros2_basics/install/simple_communication/share/simple_communication/srv/GetRobotInfo.srv
-- Installing: /home/jongbob/dev_ws/ros2-study/week1_ros2_basics/install/simple_communication/share/ament_index/resource_index/package_run_dependencies/simple_communication
-- Installing: /home/jongbob/dev_ws/ros2-study/week1_ros2_basics/install/simple_communication/share/ament_index/resource_index/parent_prefix_path/simple_communication
-- Installing: /home/jongbob/dev_ws/ros2-study/week1_ros2_basics/install/simple_communication/share/simple_communication/environment/ament_prefix_path.sh
-- Installing: /home/jongbob/dev_ws/ros2-study/week1_ros2_basics/install/simple_communication/share/simple_communication/environment/ament_prefix_path.dsv
-- Installing: /home/jongbob/dev_ws/ros2-study/week1_ros2_basics/install/simple_communication/share/simple_communication/environment/path.sh
-- Installing: /home/jongbob/dev_ws/ros2-study/week1_ros2_basics/install/simple_communication/share/simple_communication/environment/path.dsv
-- Installing: /home/jongbob/dev_ws/ros2-study/week1_ros2_basics/install/simple_communication/share/simple_communication/local_setup.bash
-- Installing: /home/jongbob/dev_ws/ros2-study/week1_ros2_basics/install/simple_communication/share/simple_communication/local_setup.sh
-- Installing: /home/jongbob/dev_ws/ros2-study/week1_ros2_basics/install/simple_communication/share/simple_communication/local_setup.zsh
-- Installing: /home/jongbob/dev_ws/ros2-study/week1_ros2_basics/install/simple_communication/share/simple_communication/local_setup.dsv
-- Installing: /home/jongbob/dev_ws/ros2-study/week1_ros2_basics/install/simple_communication/share/simple_communication/package.dsv
-- Installing: /home/jongbob/dev_ws/ros2-study/week1_ros2_basics/install/simple_communication/share/ament_index/resource_index/packages/simple_communication
-- Installing: /home/jongbob/dev_ws/ros2-study/week1_ros2_basics/install/simple_communication/share/simple_communication/cmake/export_simple_communication__rosidl_generator_cExport.cmake
-- Installing: /home/jongbob/dev_ws/ros2-study/week1_ros2_basics/install/simple_communication/share/simple_communication/cmake/export_simple_communication__rosidl_generator_cExport-noconfig.cmake
-- Installing: /home/jongbob/dev_ws/ros2-study/week1_ros2_basics/install/simple_communication/share/simple_communication/cmake/export_simple_communication__rosidl_typesupport_fastrtps_cExport.cmake
-- Installing: /home/jongbob/dev_ws/ros2-study/week1_ros2_basics/install/simple_communication/share/simple_communication/cmake/export_simple_communication__rosidl_typesupport_fastrtps_cExport-noconfig.cmake
-- Installing: /home/jongbob/dev_ws/ros2-study/week1_ros2_basics/install/simple_communication/share/simple_communication/cmake/simple_communication__rosidl_typesupport_introspection_cExport.cmake
-- Installing: /home/jongbob/dev_ws/ros2-study/week1_ros2_basics/install/simple_communication/share/simple_communication/cmake/simple_communication__rosidl_typesupport_introspection_cExport-noconfig.cmake
-- Installing: /home/jongbob/dev_ws/ros2-study/week1_ros2_basics/install/simple_communication/share/simple_communication/cmake/simple_communication__rosidl_typesupport_cExport.cmake
-- Installing: /home/jongbob/dev_ws/ros2-study/week1_ros2_basics/install/simple_communication/share/simple_communication/cmake/simple_communication__rosidl_typesupport_cExport-noconfig.cmake
-- Installing: /home/jongbob/dev_ws/ros2-study/week1_ros2_basics/install/simple_communication/share/simple_communication/cmake/export_simple_communication__rosidl_generator_cppExport.cmake
-- Installing: /home/jongbob/dev_ws/ros2-study/week1_ros2_basics/install/simple_communication/share/simple_communication/cmake/export_simple_communication__rosidl_typesupport_fastrtps_cppExport.cmake
-- Installing: /home/jongbob/dev_ws/ros2-study/week1_ros2_basics/install/simple_communication/share/simple_communication/cmake/export_simple_communication__rosidl_typesupport_fastrtps_cppExport-noconfig.cmake
-- Installing: /home/jongbob/dev_ws/ros2-study/week1_ros2_basics/install/simple_communication/share/simple_communication/cmake/simple_communication__rosidl_typesupport_introspection_cppExport.cmake
-- Installing: /home/jongbob/dev_ws/ros2-study/week1_ros2_basics/install/simple_communication/share/simple_communication/cmake/simple_communication__rosidl_typesupport_introspection_cppExport-noconfig.cmake
-- Installing: /home/jongbob/dev_ws/ros2-study/week1_ros2_basics/install/simple_communication/share/simple_communication/cmake/simple_communication__rosidl_typesupport_cppExport.cmake
-- Installing: /home/jongbob/dev_ws/ros2-study/week1_ros2_basics/install/simple_communication/share/simple_communication/cmake/simple_communication__rosidl_typesupport_cppExport-noconfig.cmake
-- Installing: /home/jongbob/dev_ws/ros2-study/week1_ros2_basics/install/simple_communication/share/simple_communication/cmake/export_simple_communication__rosidl_generator_pyExport.cmake
-- Installing: /home/jongbob/dev_ws/ros2-study/week1_ros2_basics/install/simple_communication/share/simple_communication/cmake/export_simple_communication__rosidl_generator_pyExport-noconfig.cmake
-- Installing: /home/jongbob/dev_ws/ros2-study/week1_ros2_basics/install/simple_communication/share/simple_communication/cmake/rosidl_cmake-extras.cmake
-- Installing: /home/jongbob/dev_ws/ros2-study/week1_ros2_basics/install/simple_communication/share/simple_communication/cmake/ament_cmake_export_dependencies-extras.cmake
-- Installing: /home/jongbob/dev_ws/ros2-study/week1_ros2_basics/install/simple_communication/share/simple_communication/cmake/ament_cmake_export_include_directories-extras.cmake
-- Installing: /home/jongbob/dev_ws/ros2-study/week1_ros2_basics/install/simple_communication/share/simple_communication/cmake/ament_cmake_export_libraries-extras.cmake
-- Installing: /home/jongbob/dev_ws/ros2-study/week1_ros2_basics/install/simple_communication/share/simple_communication/cmake/ament_cmake_export_targets-extras.cmake
-- Installing: /home/jongbob/dev_ws/ros2-study/week1_ros2_basics/install/simple_communication/share/simple_communication/cmake/rosidl_cmake_export_typesupport_targets-extras.cmake
-- Installing: /home/jongbob/dev_ws/ros2-study/week1_ros2_basics/install/simple_communication/share/simple_communication/cmake/rosidl_cmake_export_typesupport_libraries-extras.cmake
-- Installing: /home/jongbob/dev_ws/ros2-study/week1_ros2_basics/install/simple_communication/share/simple_communication/cmake/simple_communicationConfig.cmake
-- Installing: /home/jongbob/dev_ws/ros2-study/week1_ros2_basics/install/simple_communication/share/simple_communication/cmake/simple_communicationConfig-version.cmake
-- Installing: /home/jongbob/dev_ws/ros2-study/week1_ros2_basics/install/simple_communication/share/simple_communication/package.xml
