[0.182s] Invoking command in '/home/jongbob/dev_ws/ros2-study/week1_ros2_basics/build/simple_communication': DEBUGINFOD_URLS=https://debuginfod.ubuntu.com PS1=(arm_venv) \[\e[1;34m\](ID: ${ROS_DOMAIN_ID:-0})\[\e[1;32m\]\u\[\e[0m\]:\[\e[1;34m\]\w\[\e[0m\]$ VIRTUAL_ENV_PROMPT=(arm_venv) /usr/bin/cmake /home/jongbob/dev_ws/ros2-study/week1_ros2_basics/src/simple_communication -DCATKIN_INSTALL_INTO_PREFIX_ROOT=0 -DCMAKE_INSTALL_PREFIX=/home/jongbob/dev_ws/ros2-study/week1_ros2_basics/install/simple_communication
[0.382s] -- The C compiler identification is GNU 13.3.0
[0.382s] -- The CXX compiler identification is GNU 13.3.0
[0.382s] -- Detecting C compiler ABI info
[0.382s] -- Detecting C compiler ABI info - done
[0.382s] -- Check for working C compiler: /usr/bin/cc - skipped
[0.382s] -- Detecting C compile features
[0.382s] -- Detecting C compile features - done
[0.383s] -- Detecting CXX compiler ABI info
[0.481s] -- Detecting CXX compiler ABI info - done
[0.494s] -- Check for working CXX compiler: /usr/bin/c++ - skipped
[0.495s] -- Detecting CXX compile features
[0.495s] -- Detecting CXX compile features - done
[0.500s] -- Found ament_cmake: 2.5.4 (/opt/ros/jazzy/share/ament_cmake/cmake)
[0.683s] -- Found Python3: /home/jongbob/venv/arm_venv/bin/python3 (found version "3.12.3") found components: Interpreter 
[0.831s] -- Found rosidl_default_generators: 1.6.0 (/opt/ros/jazzy/share/rosidl_default_generators/cmake)
[0.839s] -- Using all available rosidl_typesupport_c: rosidl_typesupport_fastrtps_c;rosidl_typesupport_introspection_c
[0.905s] -- Using all available rosidl_typesupport_cpp: rosidl_typesupport_fastrtps_cpp;rosidl_typesupport_introspection_cpp
[0.961s] -- Found rosidl_adapter: 4.6.6 (/opt/ros/jazzy/share/rosidl_adapter/cmake)
[1.774s] -- Found ament_cmake_ros: 0.12.0 (/opt/ros/jazzy/share/ament_cmake_ros/cmake)
[2.657s] -- Using all available rosidl_typesupport_c: rosidl_typesupport_fastrtps_c;rosidl_typesupport_introspection_c
[3.711s] -- Using all available rosidl_typesupport_cpp: rosidl_typesupport_fastrtps_cpp;rosidl_typesupport_introspection_cpp
[3.727s] -- Found python_cmake_module: 0.11.1 (/opt/ros/jazzy/share/python_cmake_module/cmake)
[3.975s] -- Found PythonExtra: /home/jongbob/venv/arm_venv/bin/python3  
[4.467s] -- Found Python3: /home/jongbob/venv/arm_venv/bin/python3 (found version "3.12.3") found components: Interpreter Development NumPy Development.Module Development.Embed 
[4.512s] -- Configuring done (4.3s)
[4.555s] -- Generating done (0.0s)
[4.559s] [33mCMake Warning:
[4.559s]   Manually-specified variables were not used by the project:
[4.559s] 
[4.559s]     CATKIN_INSTALL_INTO_PREFIX_ROOT
[4.559s] 
[4.559s] [0m
[4.570s] -- Build files have been written to: /home/jongbob/dev_ws/ros2-study/week1_ros2_basics/build/simple_communication
[4.586s] Invoked command in '/home/jongbob/dev_ws/ros2-study/week1_ros2_basics/build/simple_communication' returned '0': DEBUGINFOD_URLS=https://debuginfod.ubuntu.com PS1=(arm_venv) \[\e[1;34m\](ID: ${ROS_DOMAIN_ID:-0})\[\e[1;32m\]\u\[\e[0m\]:\[\e[1;34m\]\w\[\e[0m\]$ VIRTUAL_ENV_PROMPT=(arm_venv) /usr/bin/cmake /home/jongbob/dev_ws/ros2-study/week1_ros2_basics/src/simple_communication -DCATKIN_INSTALL_INTO_PREFIX_ROOT=0 -DCMAKE_INSTALL_PREFIX=/home/jongbob/dev_ws/ros2-study/week1_ros2_basics/install/simple_communication
[4.587s] Invoking command in '/home/jongbob/dev_ws/ros2-study/week1_ros2_basics/build/simple_communication': DEBUGINFOD_URLS=https://debuginfod.ubuntu.com PS1=(arm_venv) \[\e[1;34m\](ID: ${ROS_DOMAIN_ID:-0})\[\e[1;32m\]\u\[\e[0m\]:\[\e[1;34m\]\w\[\e[0m\]$ VIRTUAL_ENV_PROMPT=(arm_venv) /usr/bin/cmake --build /home/jongbob/dev_ws/ros2-study/week1_ros2_basics/build/simple_communication -- -j8 -l8
[4.646s] [  2%] [34m[1mGenerating type hashes for ROS interfaces[0m
[4.658s] [  2%] Built target ament_cmake_python_copy_simple_communication
[4.835s] [  2%] Built target simple_communication__rosidl_generator_type_description
[4.847s] [  5%] [34m[1mGenerating C code for ROS interfaces[0m
[4.854s] [  8%] [34m[1mGenerating C++ code for ROS interfaces[0m
[4.876s] running egg_info
[4.892s] creating simple_communication.egg-info
[4.892s] writing simple_communication.egg-info/PKG-INFO
[4.892s] writing dependency_links to simple_communication.egg-info/dependency_links.txt
[4.892s] writing top-level names to simple_communication.egg-info/top_level.txt
[4.892s] writing manifest file 'simple_communication.egg-info/SOURCES.txt'
[4.940s] reading manifest file 'simple_communication.egg-info/SOURCES.txt'
[4.941s] writing manifest file 'simple_communication.egg-info/SOURCES.txt'
[4.977s] [  8%] Built target ament_cmake_python_build_simple_communication_egg
[5.130s] [  8%] Built target simple_communication__cpp
[5.240s] [ 11%] [32mBuilding C object CMakeFiles/simple_communication__rosidl_generator_c.dir/rosidl_generator_c/simple_communication/srv/detail/get_robot_info__functions.c.o[0m
[5.241s] [ 14%] [32mBuilding C object CMakeFiles/simple_communication__rosidl_generator_c.dir/rosidl_generator_c/simple_communication/srv/detail/get_robot_info__description.c.o[0m
[5.242s] [ 17%] [32mBuilding C object CMakeFiles/simple_communication__rosidl_generator_c.dir/rosidl_generator_c/simple_communication/srv/detail/get_robot_info__type_support.c.o[0m
[5.304s] [ 20%] [32m[1mLinking C shared library libsimple_communication__rosidl_generator_c.so[0m
[5.390s] [ 20%] Built target simple_communication__rosidl_generator_c
[5.413s] [ 26%] [34m[1mGenerating C++ type support for eProsima Fast-RTPS[0m
[5.414s] [ 26%] [34m[1mGenerating C++ type support dispatch for ROS interfaces[0m
[5.416s] [ 29%] [34m[1mGenerating C type support dispatch for ROS interfaces[0m
[5.420s] [ 32%] [34m[1mGenerating C introspection for ROS interfaces[0m
[5.421s] [ 35%] [34m[1mGenerating C++ introspection for ROS interfaces[0m
[5.433s] [ 38%] [34m[1mGenerating C type support for eProsima Fast-RTPS[0m
[5.908s] [ 41%] [32mBuilding CXX object CMakeFiles/simple_communication__rosidl_typesupport_c.dir/rosidl_typesupport_c/simple_communication/srv/get_robot_info__type_support.cpp.o[0m
[5.917s] [ 44%] [32mBuilding CXX object CMakeFiles/simple_communication__rosidl_typesupport_introspection_cpp.dir/rosidl_typesupport_introspection_cpp/simple_communication/srv/detail/get_robot_info__type_support.cpp.o[0m
[5.962s] [ 47%] [32mBuilding CXX object CMakeFiles/simple_communication__rosidl_typesupport_cpp.dir/rosidl_typesupport_cpp/simple_communication/srv/get_robot_info__type_support.cpp.o[0m
[5.986s] [ 50%] [32m[1mLinking CXX shared library libsimple_communication__rosidl_typesupport_c.so[0m
[6.034s] [ 52%] [32mBuilding CXX object CMakeFiles/simple_communication__rosidl_typesupport_fastrtps_c.dir/rosidl_typesupport_fastrtps_c/simple_communication/srv/detail/get_robot_info__type_support_c.cpp.o[0m
[6.084s] [ 55%] [32mBuilding C object CMakeFiles/simple_communication__rosidl_typesupport_introspection_c.dir/rosidl_typesupport_introspection_c/simple_communication/srv/detail/get_robot_info__type_support.c.o[0m
[6.089s] [ 55%] Built target simple_communication__rosidl_typesupport_c
[6.150s] [ 58%] [32m[1mLinking C shared library libsimple_communication__rosidl_typesupport_introspection_c.so[0m
[6.179s] [ 61%] [32mBuilding CXX object CMakeFiles/simple_communication__rosidl_typesupport_fastrtps_cpp.dir/rosidl_typesupport_fastrtps_cpp/simple_communication/srv/detail/dds_fastrtps/get_robot_info__type_support.cpp.o[0m
[6.182s] [ 61%] Built target simple_communication__rosidl_typesupport_introspection_c
[6.420s] [ 64%] [32m[1mLinking CXX shared library libsimple_communication__rosidl_typesupport_introspection_cpp.so[0m
[6.492s] [ 67%] [32m[1mLinking CXX shared library libsimple_communication__rosidl_typesupport_cpp.so[0m
[6.571s] [ 67%] Built target simple_communication__rosidl_typesupport_introspection_cpp
[6.589s] [ 67%] Built target simple_communication__rosidl_typesupport_cpp
[6.663s] [ 70%] [32m[1mLinking CXX shared library libsimple_communication__rosidl_typesupport_fastrtps_c.so[0m
[6.768s] [ 70%] Built target simple_communication__rosidl_typesupport_fastrtps_c
[6.884s] [ 73%] [32m[1mLinking CXX shared library libsimple_communication__rosidl_typesupport_fastrtps_cpp.so[0m
[6.947s] [ 73%] Built target simple_communication__rosidl_typesupport_fastrtps_cpp
[6.964s] [ 73%] Built target simple_communication
[6.980s] [ 76%] [34m[1mGenerating Python code for ROS interfaces[0m
[7.319s] [ 76%] Built target simple_communication__py
[7.337s] [ 79%] [32mBuilding C object CMakeFiles/simple_communication__rosidl_generator_py.dir/rosidl_generator_py/simple_communication/srv/_get_robot_info_s.c.o[0m
[7.452s] [ 82%] [32m[1mLinking C shared library libsimple_communication__rosidl_generator_py.so[0m
[7.486s] [ 82%] Built target simple_communication__rosidl_generator_py
[7.504s] [ 85%] [32mBuilding C object CMakeFiles/simple_communication_s__rosidl_typesupport_fastrtps_c.dir/rosidl_generator_py/simple_communication/_simple_communication_s.ep.rosidl_typesupport_fastrtps_c.c.o[0m
[7.504s] [ 88%] [32mBuilding C object CMakeFiles/simple_communication_s__rosidl_typesupport_c.dir/rosidl_generator_py/simple_communication/_simple_communication_s.ep.rosidl_typesupport_c.c.o[0m
[7.505s] [ 91%] [32mBuilding C object CMakeFiles/simple_communication_s__rosidl_typesupport_introspection_c.dir/rosidl_generator_py/simple_communication/_simple_communication_s.ep.rosidl_typesupport_introspection_c.c.o[0m
[7.590s] [ 94%] [32m[1mLinking C shared module rosidl_generator_py/simple_communication/simple_communication_s__rosidl_typesupport_introspection_c.so[0m
[7.590s] [ 97%] [32m[1mLinking C shared module rosidl_generator_py/simple_communication/simple_communication_s__rosidl_typesupport_fastrtps_c.so[0m
[7.618s] [ 97%] Built target simple_communication_s__rosidl_typesupport_fastrtps_c
[7.618s] [ 97%] Built target simple_communication_s__rosidl_typesupport_introspection_c
[7.627s] [100%] [32m[1mLinking C shared module rosidl_generator_py/simple_communication/simple_communication_s__rosidl_typesupport_c.so[0m
[7.654s] [100%] Built target simple_communication_s__rosidl_typesupport_c
[7.664s] Invoked command in '/home/jongbob/dev_ws/ros2-study/week1_ros2_basics/build/simple_communication' returned '0': DEBUGINFOD_URLS=https://debuginfod.ubuntu.com PS1=(arm_venv) \[\e[1;34m\](ID: ${ROS_DOMAIN_ID:-0})\[\e[1;32m\]\u\[\e[0m\]:\[\e[1;34m\]\w\[\e[0m\]$ VIRTUAL_ENV_PROMPT=(arm_venv) /usr/bin/cmake --build /home/jongbob/dev_ws/ros2-study/week1_ros2_basics/build/simple_communication -- -j8 -l8
[7.666s] Invoking command in '/home/jongbob/dev_ws/ros2-study/week1_ros2_basics/build/simple_communication': DEBUGINFOD_URLS=https://debuginfod.ubuntu.com PS1=(arm_venv) \[\e[1;34m\](ID: ${ROS_DOMAIN_ID:-0})\[\e[1;32m\]\u\[\e[0m\]:\[\e[1;34m\]\w\[\e[0m\]$ VIRTUAL_ENV_PROMPT=(arm_venv) /usr/bin/cmake --install /home/jongbob/dev_ws/ros2-study/week1_ros2_basics/build/simple_communication
[7.674s] -- Install configuration: ""
[7.674s] -- Installing: /home/jongbob/dev_ws/ros2-study/week1_ros2_basics/install/simple_communication/share/ament_index/resource_index/rosidl_interfaces/simple_communication
[7.674s] -- Installing: /home/jongbob/dev_ws/ros2-study/week1_ros2_basics/install/simple_communication/share/simple_communication/srv/GetRobotInfo.json
[7.674s] -- Installing: /home/jongbob/dev_ws/ros2-study/week1_ros2_basics/install/simple_communication/include/simple_communication/simple_communication
[7.674s] -- Installing: /home/jongbob/dev_ws/ros2-study/week1_ros2_basics/install/simple_communication/include/simple_communication/simple_communication/msg
[7.674s] -- Installing: /home/jongbob/dev_ws/ros2-study/week1_ros2_basics/install/simple_communication/include/simple_communication/simple_communication/msg/rosidl_generator_c__visibility_control.h
[7.674s] -- Installing: /home/jongbob/dev_ws/ros2-study/week1_ros2_basics/install/simple_communication/include/simple_communication/simple_communication/srv
[7.674s] -- Installing: /home/jongbob/dev_ws/ros2-study/week1_ros2_basics/install/simple_communication/include/simple_communication/simple_communication/srv/get_robot_info.h
[7.674s] -- Installing: /home/jongbob/dev_ws/ros2-study/week1_ros2_basics/install/simple_communication/include/simple_communication/simple_communication/srv/detail
[7.675s] -- Installing: /home/jongbob/dev_ws/ros2-study/week1_ros2_basics/install/simple_communication/include/simple_communication/simple_communication/srv/detail/get_robot_info__struct.h
[7.675s] -- Installing: /home/jongbob/dev_ws/ros2-study/week1_ros2_basics/install/simple_communication/include/simple_communication/simple_communication/srv/detail/get_robot_info__type_support.c
[7.675s] -- Installing: /home/jongbob/dev_ws/ros2-study/week1_ros2_basics/install/simple_communication/include/simple_communication/simple_communication/srv/detail/get_robot_info__functions.c
[7.675s] -- Installing: /home/jongbob/dev_ws/ros2-study/week1_ros2_basics/install/simple_communication/include/simple_communication/simple_communication/srv/detail/get_robot_info__type_support.h
[7.675s] -- Installing: /home/jongbob/dev_ws/ros2-study/week1_ros2_basics/install/simple_communication/include/simple_communication/simple_communication/srv/detail/get_robot_info__description.c
[7.675s] -- Installing: /home/jongbob/dev_ws/ros2-study/week1_ros2_basics/install/simple_communication/include/simple_communication/simple_communication/srv/detail/get_robot_info__functions.h
[7.675s] -- Installing: /home/jongbob/dev_ws/ros2-study/week1_ros2_basics/install/simple_communication/share/simple_communication/environment/library_path.sh
[7.675s] -- Installing: /home/jongbob/dev_ws/ros2-study/week1_ros2_basics/install/simple_communication/share/simple_communication/environment/library_path.dsv
[7.675s] -- Installing: /home/jongbob/dev_ws/ros2-study/week1_ros2_basics/install/simple_communication/lib/libsimple_communication__rosidl_generator_c.so
[7.675s] -- Set non-toolchain portion of runtime path of "/home/jongbob/dev_ws/ros2-study/week1_ros2_basics/install/simple_communication/lib/libsimple_communication__rosidl_generator_c.so" to ""
[7.675s] -- Up-to-date: /home/jongbob/dev_ws/ros2-study/week1_ros2_basics/install/simple_communication/include/simple_communication/simple_communication
[7.675s] -- Up-to-date: /home/jongbob/dev_ws/ros2-study/week1_ros2_basics/install/simple_communication/include/simple_communication/simple_communication/msg
[7.675s] -- Installing: /home/jongbob/dev_ws/ros2-study/week1_ros2_basics/install/simple_communication/include/simple_communication/simple_communication/msg/rosidl_typesupport_fastrtps_c__visibility_control.h
[7.676s] -- Up-to-date: /home/jongbob/dev_ws/ros2-study/week1_ros2_basics/install/simple_communication/include/simple_communication/simple_communication/srv
[7.676s] -- Up-to-date: /home/jongbob/dev_ws/ros2-study/week1_ros2_basics/install/simple_communication/include/simple_communication/simple_communication/srv/detail
[7.676s] -- Installing: /home/jongbob/dev_ws/ros2-study/week1_ros2_basics/install/simple_communication/include/simple_communication/simple_communication/srv/detail/get_robot_info__rosidl_typesupport_fastrtps_c.h
[7.676s] -- Installing: /home/jongbob/dev_ws/ros2-study/week1_ros2_basics/install/simple_communication/lib/libsimple_communication__rosidl_typesupport_fastrtps_c.so
[7.676s] -- Set non-toolchain portion of runtime path of "/home/jongbob/dev_ws/ros2-study/week1_ros2_basics/install/simple_communication/lib/libsimple_communication__rosidl_typesupport_fastrtps_c.so" to ""
[7.676s] -- Up-to-date: /home/jongbob/dev_ws/ros2-study/week1_ros2_basics/install/simple_communication/include/simple_communication/simple_communication
[7.676s] -- Up-to-date: /home/jongbob/dev_ws/ros2-study/week1_ros2_basics/install/simple_communication/include/simple_communication/simple_communication/msg
[7.676s] -- Installing: /home/jongbob/dev_ws/ros2-study/week1_ros2_basics/install/simple_communication/include/simple_communication/simple_communication/msg/rosidl_typesupport_introspection_c__visibility_control.h
[7.676s] -- Up-to-date: /home/jongbob/dev_ws/ros2-study/week1_ros2_basics/install/simple_communication/include/simple_communication/simple_communication/srv
[7.676s] -- Up-to-date: /home/jongbob/dev_ws/ros2-study/week1_ros2_basics/install/simple_communication/include/simple_communication/simple_communication/srv/detail
[7.676s] -- Installing: /home/jongbob/dev_ws/ros2-study/week1_ros2_basics/install/simple_communication/include/simple_communication/simple_communication/srv/detail/get_robot_info__type_support.c
[7.676s] -- Installing: /home/jongbob/dev_ws/ros2-study/week1_ros2_basics/install/simple_communication/include/simple_communication/simple_communication/srv/detail/get_robot_info__rosidl_typesupport_introspection_c.h
[7.677s] -- Installing: /home/jongbob/dev_ws/ros2-study/week1_ros2_basics/install/simple_communication/lib/libsimple_communication__rosidl_typesupport_introspection_c.so
[7.677s] -- Set non-toolchain portion of runtime path of "/home/jongbob/dev_ws/ros2-study/week1_ros2_basics/install/simple_communication/lib/libsimple_communication__rosidl_typesupport_introspection_c.so" to ""
[7.677s] -- Installing: /home/jongbob/dev_ws/ros2-study/week1_ros2_basics/install/simple_communication/lib/libsimple_communication__rosidl_typesupport_c.so
[7.677s] -- Set non-toolchain portion of runtime path of "/home/jongbob/dev_ws/ros2-study/week1_ros2_basics/install/simple_communication/lib/libsimple_communication__rosidl_typesupport_c.so" to ""
[7.677s] -- Up-to-date: /home/jongbob/dev_ws/ros2-study/week1_ros2_basics/install/simple_communication/include/simple_communication/simple_communication
[7.677s] -- Up-to-date: /home/jongbob/dev_ws/ros2-study/week1_ros2_basics/install/simple_communication/include/simple_communication/simple_communication/msg
[7.677s] -- Installing: /home/jongbob/dev_ws/ros2-study/week1_ros2_basics/install/simple_communication/include/simple_communication/simple_communication/msg/rosidl_generator_cpp__visibility_control.hpp
[7.677s] -- Up-to-date: /home/jongbob/dev_ws/ros2-study/week1_ros2_basics/install/simple_communication/include/simple_communication/simple_communication/srv
[7.677s] -- Up-to-date: /home/jongbob/dev_ws/ros2-study/week1_ros2_basics/install/simple_communication/include/simple_communication/simple_communication/srv/detail
[7.677s] -- Installing: /home/jongbob/dev_ws/ros2-study/week1_ros2_basics/install/simple_communication/include/simple_communication/simple_communication/srv/detail/get_robot_info__builder.hpp
[7.677s] -- Installing: /home/jongbob/dev_ws/ros2-study/week1_ros2_basics/install/simple_communication/include/simple_communication/simple_communication/srv/detail/get_robot_info__traits.hpp
[7.677s] -- Installing: /home/jongbob/dev_ws/ros2-study/week1_ros2_basics/install/simple_communication/include/simple_communication/simple_communication/srv/detail/get_robot_info__type_support.hpp
[7.677s] -- Installing: /home/jongbob/dev_ws/ros2-study/week1_ros2_basics/install/simple_communication/include/simple_communication/simple_communication/srv/detail/get_robot_info__struct.hpp
[7.678s] -- Installing: /home/jongbob/dev_ws/ros2-study/week1_ros2_basics/install/simple_communication/include/simple_communication/simple_communication/srv/get_robot_info.hpp
[7.678s] -- Up-to-date: /home/jongbob/dev_ws/ros2-study/week1_ros2_basics/install/simple_communication/include/simple_communication/simple_communication
[7.678s] -- Up-to-date: /home/jongbob/dev_ws/ros2-study/week1_ros2_basics/install/simple_communication/include/simple_communication/simple_communication/msg
[7.678s] -- Installing: /home/jongbob/dev_ws/ros2-study/week1_ros2_basics/install/simple_communication/include/simple_communication/simple_communication/msg/rosidl_typesupport_fastrtps_cpp__visibility_control.h
[7.678s] -- Up-to-date: /home/jongbob/dev_ws/ros2-study/week1_ros2_basics/install/simple_communication/include/simple_communication/simple_communication/srv
[7.678s] -- Up-to-date: /home/jongbob/dev_ws/ros2-study/week1_ros2_basics/install/simple_communication/include/simple_communication/simple_communication/srv/detail
[7.678s] -- Installing: /home/jongbob/dev_ws/ros2-study/week1_ros2_basics/install/simple_communication/include/simple_communication/simple_communication/srv/detail/dds_fastrtps
[7.678s] -- Installing: /home/jongbob/dev_ws/ros2-study/week1_ros2_basics/install/simple_communication/include/simple_communication/simple_communication/srv/detail/get_robot_info__rosidl_typesupport_fastrtps_cpp.hpp
[7.678s] -- Installing: /home/jongbob/dev_ws/ros2-study/week1_ros2_basics/install/simple_communication/lib/libsimple_communication__rosidl_typesupport_fastrtps_cpp.so
[7.678s] -- Set non-toolchain portion of runtime path of "/home/jongbob/dev_ws/ros2-study/week1_ros2_basics/install/simple_communication/lib/libsimple_communication__rosidl_typesupport_fastrtps_cpp.so" to ""
[7.678s] -- Up-to-date: /home/jongbob/dev_ws/ros2-study/week1_ros2_basics/install/simple_communication/include/simple_communication/simple_communication
[7.678s] -- Up-to-date: /home/jongbob/dev_ws/ros2-study/week1_ros2_basics/install/simple_communication/include/simple_communication/simple_communication/srv
[7.678s] -- Up-to-date: /home/jongbob/dev_ws/ros2-study/week1_ros2_basics/install/simple_communication/include/simple_communication/simple_communication/srv/detail
[7.679s] -- Installing: /home/jongbob/dev_ws/ros2-study/week1_ros2_basics/install/simple_communication/include/simple_communication/simple_communication/srv/detail/get_robot_info__rosidl_typesupport_introspection_cpp.hpp
[7.679s] -- Installing: /home/jongbob/dev_ws/ros2-study/week1_ros2_basics/install/simple_communication/include/simple_communication/simple_communication/srv/detail/get_robot_info__type_support.cpp
[7.679s] -- Installing: /home/jongbob/dev_ws/ros2-study/week1_ros2_basics/install/simple_communication/lib/libsimple_communication__rosidl_typesupport_introspection_cpp.so
[7.679s] -- Set non-toolchain portion of runtime path of "/home/jongbob/dev_ws/ros2-study/week1_ros2_basics/install/simple_communication/lib/libsimple_communication__rosidl_typesupport_introspection_cpp.so" to ""
[7.679s] -- Installing: /home/jongbob/dev_ws/ros2-study/week1_ros2_basics/install/simple_communication/lib/libsimple_communication__rosidl_typesupport_cpp.so
[7.679s] -- Set non-toolchain portion of runtime path of "/home/jongbob/dev_ws/ros2-study/week1_ros2_basics/install/simple_communication/lib/libsimple_communication__rosidl_typesupport_cpp.so" to ""
[7.679s] -- Installing: /home/jongbob/dev_ws/ros2-study/week1_ros2_basics/install/simple_communication/share/simple_communication/environment/pythonpath.sh
[7.679s] -- Installing: /home/jongbob/dev_ws/ros2-study/week1_ros2_basics/install/simple_communication/share/simple_communication/environment/pythonpath.dsv
[7.679s] -- Installing: /home/jongbob/dev_ws/ros2-study/week1_ros2_basics/install/simple_communication/lib/python3.12/site-packages/simple_communication-0.0.0-py3.12.egg-info
[7.679s] -- Installing: /home/jongbob/dev_ws/ros2-study/week1_ros2_basics/install/simple_communication/lib/python3.12/site-packages/simple_communication-0.0.0-py3.12.egg-info/dependency_links.txt
[7.679s] -- Installing: /home/jongbob/dev_ws/ros2-study/week1_ros2_basics/install/simple_communication/lib/python3.12/site-packages/simple_communication-0.0.0-py3.12.egg-info/SOURCES.txt
[7.679s] -- Installing: /home/jongbob/dev_ws/ros2-study/week1_ros2_basics/install/simple_communication/lib/python3.12/site-packages/simple_communication-0.0.0-py3.12.egg-info/top_level.txt
[7.679s] -- Installing: /home/jongbob/dev_ws/ros2-study/week1_ros2_basics/install/simple_communication/lib/python3.12/site-packages/simple_communication-0.0.0-py3.12.egg-info/PKG-INFO
[7.679s] -- Installing: /home/jongbob/dev_ws/ros2-study/week1_ros2_basics/install/simple_communication/lib/python3.12/site-packages/simple_communication
[7.680s] -- Installing: /home/jongbob/dev_ws/ros2-study/week1_ros2_basics/install/simple_communication/lib/python3.12/site-packages/simple_communication/_simple_communication_s.ep.rosidl_typesupport_c.c
[7.680s] -- Installing: /home/jongbob/dev_ws/ros2-study/week1_ros2_basics/install/simple_communication/lib/python3.12/site-packages/simple_communication/__init__.py
[7.680s] -- Installing: /home/jongbob/dev_ws/ros2-study/week1_ros2_basics/install/simple_communication/lib/python3.12/site-packages/simple_communication/simple_communication_s__rosidl_typesupport_fastrtps_c.so
[7.680s] -- Installing: /home/jongbob/dev_ws/ros2-study/week1_ros2_basics/install/simple_communication/lib/python3.12/site-packages/simple_communication/_simple_communication_s.ep.rosidl_typesupport_fastrtps_c.c
[7.680s] -- Installing: /home/jongbob/dev_ws/ros2-study/week1_ros2_basics/install/simple_communication/lib/python3.12/site-packages/simple_communication/simple_communication_s__rosidl_typesupport_c.so
[7.680s] -- Installing: /home/jongbob/dev_ws/ros2-study/week1_ros2_basics/install/simple_communication/lib/python3.12/site-packages/simple_communication/srv
[7.680s] -- Installing: /home/jongbob/dev_ws/ros2-study/week1_ros2_basics/install/simple_communication/lib/python3.12/site-packages/simple_communication/srv/_get_robot_info.py
[7.680s] -- Installing: /home/jongbob/dev_ws/ros2-study/week1_ros2_basics/install/simple_communication/lib/python3.12/site-packages/simple_communication/srv/__init__.py
[7.680s] -- Installing: /home/jongbob/dev_ws/ros2-study/week1_ros2_basics/install/simple_communication/lib/python3.12/site-packages/simple_communication/srv/_get_robot_info_s.c
[7.680s] -- Installing: /home/jongbob/dev_ws/ros2-study/week1_ros2_basics/install/simple_communication/lib/python3.12/site-packages/simple_communication/simple_communication_s__rosidl_typesupport_introspection_c.so
[7.680s] -- Installing: /home/jongbob/dev_ws/ros2-study/week1_ros2_basics/install/simple_communication/lib/python3.12/site-packages/simple_communication/_simple_communication_s.ep.rosidl_typesupport_introspection_c.c
[7.712s] Listing '/home/jongbob/dev_ws/ros2-study/week1_ros2_basics/install/simple_communication/lib/python3.12/site-packages/simple_communication'...
[7.712s] Compiling '/home/jongbob/dev_ws/ros2-study/week1_ros2_basics/install/simple_communication/lib/python3.12/site-packages/simple_communication/__init__.py'...
[7.712s] Listing '/home/jongbob/dev_ws/ros2-study/week1_ros2_basics/install/simple_communication/lib/python3.12/site-packages/simple_communication/srv'...
[7.712s] Compiling '/home/jongbob/dev_ws/ros2-study/week1_ros2_basics/install/simple_communication/lib/python3.12/site-packages/simple_communication/srv/__init__.py'...
[7.712s] Compiling '/home/jongbob/dev_ws/ros2-study/week1_ros2_basics/install/simple_communication/lib/python3.12/site-packages/simple_communication/srv/_get_robot_info.py'...
[7.717s] -- Installing: /home/jongbob/dev_ws/ros2-study/week1_ros2_basics/install/simple_communication/lib/python3.12/site-packages/simple_communication/simple_communication_s__rosidl_typesupport_fastrtps_c.so
[7.717s] -- Set non-toolchain portion of runtime path of "/home/jongbob/dev_ws/ros2-study/week1_ros2_basics/install/simple_communication/lib/python3.12/site-packages/simple_communication/simple_communication_s__rosidl_typesupport_fastrtps_c.so" to ""
[7.717s] -- Installing: /home/jongbob/dev_ws/ros2-study/week1_ros2_basics/install/simple_communication/lib/python3.12/site-packages/simple_communication/simple_communication_s__rosidl_typesupport_introspection_c.so
[7.718s] -- Set non-toolchain portion of runtime path of "/home/jongbob/dev_ws/ros2-study/week1_ros2_basics/install/simple_communication/lib/python3.12/site-packages/simple_communication/simple_communication_s__rosidl_typesupport_introspection_c.so" to ""
[7.718s] -- Installing: /home/jongbob/dev_ws/ros2-study/week1_ros2_basics/install/simple_communication/lib/python3.12/site-packages/simple_communication/simple_communication_s__rosidl_typesupport_c.so
[7.718s] -- Set non-toolchain portion of runtime path of "/home/jongbob/dev_ws/ros2-study/week1_ros2_basics/install/simple_communication/lib/python3.12/site-packages/simple_communication/simple_communication_s__rosidl_typesupport_c.so" to ""
[7.718s] -- Installing: /home/jongbob/dev_ws/ros2-study/week1_ros2_basics/install/simple_communication/lib/libsimple_communication__rosidl_generator_py.so
[7.718s] -- Set non-toolchain portion of runtime path of "/home/jongbob/dev_ws/ros2-study/week1_ros2_basics/install/simple_communication/lib/libsimple_communication__rosidl_generator_py.so" to ""
[7.718s] -- Installing: /home/jongbob/dev_ws/ros2-study/week1_ros2_basics/install/simple_communication/share/simple_communication/srv/GetRobotInfo.idl
[7.718s] -- Installing: /home/jongbob/dev_ws/ros2-study/week1_ros2_basics/install/simple_communication/share/simple_communication/srv/GetRobotInfo.srv
[7.718s] -- Installing: /home/jongbob/dev_ws/ros2-study/week1_ros2_basics/install/simple_communication/share/ament_index/resource_index/package_run_dependencies/simple_communication
[7.718s] -- Installing: /home/jongbob/dev_ws/ros2-study/week1_ros2_basics/install/simple_communication/share/ament_index/resource_index/parent_prefix_path/simple_communication
[7.718s] -- Installing: /home/jongbob/dev_ws/ros2-study/week1_ros2_basics/install/simple_communication/share/simple_communication/environment/ament_prefix_path.sh
[7.719s] -- Installing: /home/jongbob/dev_ws/ros2-study/week1_ros2_basics/install/simple_communication/share/simple_communication/environment/ament_prefix_path.dsv
[7.719s] -- Installing: /home/jongbob/dev_ws/ros2-study/week1_ros2_basics/install/simple_communication/share/simple_communication/environment/path.sh
[7.719s] -- Installing: /home/jongbob/dev_ws/ros2-study/week1_ros2_basics/install/simple_communication/share/simple_communication/environment/path.dsv
[7.719s] -- Installing: /home/jongbob/dev_ws/ros2-study/week1_ros2_basics/install/simple_communication/share/simple_communication/local_setup.bash
[7.719s] -- Installing: /home/jongbob/dev_ws/ros2-study/week1_ros2_basics/install/simple_communication/share/simple_communication/local_setup.sh
[7.719s] -- Installing: /home/jongbob/dev_ws/ros2-study/week1_ros2_basics/install/simple_communication/share/simple_communication/local_setup.zsh
[7.719s] -- Installing: /home/jongbob/dev_ws/ros2-study/week1_ros2_basics/install/simple_communication/share/simple_communication/local_setup.dsv
[7.719s] -- Installing: /home/jongbob/dev_ws/ros2-study/week1_ros2_basics/install/simple_communication/share/simple_communication/package.dsv
[7.719s] -- Installing: /home/jongbob/dev_ws/ros2-study/week1_ros2_basics/install/simple_communication/share/ament_index/resource_index/packages/simple_communication
[7.719s] -- Installing: /home/jongbob/dev_ws/ros2-study/week1_ros2_basics/install/simple_communication/share/simple_communication/cmake/export_simple_communication__rosidl_generator_cExport.cmake
[7.719s] -- Installing: /home/jongbob/dev_ws/ros2-study/week1_ros2_basics/install/simple_communication/share/simple_communication/cmake/export_simple_communication__rosidl_generator_cExport-noconfig.cmake
[7.719s] -- Installing: /home/jongbob/dev_ws/ros2-study/week1_ros2_basics/install/simple_communication/share/simple_communication/cmake/export_simple_communication__rosidl_typesupport_fastrtps_cExport.cmake
[7.719s] -- Installing: /home/jongbob/dev_ws/ros2-study/week1_ros2_basics/install/simple_communication/share/simple_communication/cmake/export_simple_communication__rosidl_typesupport_fastrtps_cExport-noconfig.cmake
[7.720s] -- Installing: /home/jongbob/dev_ws/ros2-study/week1_ros2_basics/install/simple_communication/share/simple_communication/cmake/simple_communication__rosidl_typesupport_introspection_cExport.cmake
[7.720s] -- Installing: /home/jongbob/dev_ws/ros2-study/week1_ros2_basics/install/simple_communication/share/simple_communication/cmake/simple_communication__rosidl_typesupport_introspection_cExport-noconfig.cmake
[7.720s] -- Installing: /home/jongbob/dev_ws/ros2-study/week1_ros2_basics/install/simple_communication/share/simple_communication/cmake/simple_communication__rosidl_typesupport_cExport.cmake
[7.720s] -- Installing: /home/jongbob/dev_ws/ros2-study/week1_ros2_basics/install/simple_communication/share/simple_communication/cmake/simple_communication__rosidl_typesupport_cExport-noconfig.cmake
[7.720s] -- Installing: /home/jongbob/dev_ws/ros2-study/week1_ros2_basics/install/simple_communication/share/simple_communication/cmake/export_simple_communication__rosidl_generator_cppExport.cmake
[7.720s] -- Installing: /home/jongbob/dev_ws/ros2-study/week1_ros2_basics/install/simple_communication/share/simple_communication/cmake/export_simple_communication__rosidl_typesupport_fastrtps_cppExport.cmake
[7.720s] -- Installing: /home/jongbob/dev_ws/ros2-study/week1_ros2_basics/install/simple_communication/share/simple_communication/cmake/export_simple_communication__rosidl_typesupport_fastrtps_cppExport-noconfig.cmake
[7.720s] -- Installing: /home/jongbob/dev_ws/ros2-study/week1_ros2_basics/install/simple_communication/share/simple_communication/cmake/simple_communication__rosidl_typesupport_introspection_cppExport.cmake
[7.720s] -- Installing: /home/jongbob/dev_ws/ros2-study/week1_ros2_basics/install/simple_communication/share/simple_communication/cmake/simple_communication__rosidl_typesupport_introspection_cppExport-noconfig.cmake
[7.720s] -- Installing: /home/jongbob/dev_ws/ros2-study/week1_ros2_basics/install/simple_communication/share/simple_communication/cmake/simple_communication__rosidl_typesupport_cppExport.cmake
[7.720s] -- Installing: /home/jongbob/dev_ws/ros2-study/week1_ros2_basics/install/simple_communication/share/simple_communication/cmake/simple_communication__rosidl_typesupport_cppExport-noconfig.cmake
[7.720s] -- Installing: /home/jongbob/dev_ws/ros2-study/week1_ros2_basics/install/simple_communication/share/simple_communication/cmake/export_simple_communication__rosidl_generator_pyExport.cmake
[7.720s] -- Installing: /home/jongbob/dev_ws/ros2-study/week1_ros2_basics/install/simple_communication/share/simple_communication/cmake/export_simple_communication__rosidl_generator_pyExport-noconfig.cmake
[7.721s] -- Installing: /home/jongbob/dev_ws/ros2-study/week1_ros2_basics/install/simple_communication/share/simple_communication/cmake/rosidl_cmake-extras.cmake
[7.721s] -- Installing: /home/jongbob/dev_ws/ros2-study/week1_ros2_basics/install/simple_communication/share/simple_communication/cmake/ament_cmake_export_dependencies-extras.cmake
[7.721s] -- Installing: /home/jongbob/dev_ws/ros2-study/week1_ros2_basics/install/simple_communication/share/simple_communication/cmake/ament_cmake_export_include_directories-extras.cmake
[7.721s] -- Installing: /home/jongbob/dev_ws/ros2-study/week1_ros2_basics/install/simple_communication/share/simple_communication/cmake/ament_cmake_export_libraries-extras.cmake
[7.721s] -- Installing: /home/jongbob/dev_ws/ros2-study/week1_ros2_basics/install/simple_communication/share/simple_communication/cmake/ament_cmake_export_targets-extras.cmake
[7.721s] -- Installing: /home/jongbob/dev_ws/ros2-study/week1_ros2_basics/install/simple_communication/share/simple_communication/cmake/rosidl_cmake_export_typesupport_targets-extras.cmake
[7.721s] -- Installing: /home/jongbob/dev_ws/ros2-study/week1_ros2_basics/install/simple_communication/share/simple_communication/cmake/rosidl_cmake_export_typesupport_libraries-extras.cmake
[7.721s] -- Installing: /home/jongbob/dev_ws/ros2-study/week1_ros2_basics/install/simple_communication/share/simple_communication/cmake/simple_communicationConfig.cmake
[7.721s] -- Installing: /home/jongbob/dev_ws/ros2-study/week1_ros2_basics/install/simple_communication/share/simple_communication/cmake/simple_communicationConfig-version.cmake
[7.721s] -- Installing: /home/jongbob/dev_ws/ros2-study/week1_ros2_basics/install/simple_communication/share/simple_communication/package.xml
[7.723s] Invoked command in '/home/jongbob/dev_ws/ros2-study/week1_ros2_basics/build/simple_communication' returned '0': DEBUGINFOD_URLS=https://debuginfod.ubuntu.com PS1=(arm_venv) \[\e[1;34m\](ID: ${ROS_DOMAIN_ID:-0})\[\e[1;32m\]\u\[\e[0m\]:\[\e[1;34m\]\w\[\e[0m\]$ VIRTUAL_ENV_PROMPT=(arm_venv) /usr/bin/cmake --install /home/jongbob/dev_ws/ros2-study/week1_ros2_basics/build/simple_communication
