[0.025s] Invoking command in '/home/jongbob/dev_ws/ros2-study/week1_ros2_basics/build/vicpinky_description': CMAKE_PREFIX_PATH=/home/jongbob/dev_ws/ros2-study/week1_ros2_basics/install/vicpinky_navigation:/home/jongbob/dev_ws/ros2-study/week1_ros2_basics/install/vicpinky_gazebo:/home/jongbob/dev_ws/ros2-study/week1_ros2_basics/install/vicpinky_description:/home/jongbob/dev_ws/ros2-study/week1_ros2_basics/install/simple_communication:/home/jongbob/dev_ws/ros2-study/week1_ros2_basics/install/vicpinky_bringup:/home/jongbob/dev_ws/ros2-study/week1_ros2_basics/install/robot_communication:/home/jongbob/dev_ws/ros2-study/week1_ros2_basics/src/install/robot_communication:/opt/ros/jazzy:/home/jongbob/dev_ws/ros2-study/week1_ros2_basics/src/install/simple_communication:/opt/ros/jazzy/opt/gz_sim_vendor:/opt/ros/jazzy/opt/gz_sensors_vendor:/opt/ros/jazzy/opt/gz_physics_vendor:/opt/ros/jazzy/opt/sdformat_vendor:/opt/ros/jazzy/opt/gz_gui_vendor:/opt/ros/jazzy/opt/gz_transport_vendor:/opt/ros/jazzy/opt/gz_rendering_vendor:/opt/ros/jazzy/opt/gz_plugin_vendor:/opt/ros/jazzy/opt/gz_fuel_tools_vendor:/opt/ros/jazzy/opt/gz_msgs_vendor:/opt/ros/jazzy/opt/gz_common_vendor:/opt/ros/jazzy/opt/gz_math_vendor:/opt/ros/jazzy/opt/gz_utils_vendor:/opt/ros/jazzy/opt/gz_tools_vendor:/opt/ros/jazzy/opt/gz_ogre_next_vendor:/opt/ros/jazzy/opt/gz_dartsim_vendor:/opt/ros/jazzy/opt/gz_cmake_vendor DEBUGINFOD_URLS=https://debuginfod.ubuntu.com PS1=(arm_venv) \[\e[1;34m\](ID: ${ROS_DOMAIN_ID:-0})\[\e[1;32m\]\u\[\e[0m\]:\[\e[1;34m\]\w\[\e[0m\]$ VIRTUAL_ENV_PROMPT=(arm_venv) /usr/bin/cmake /home/jongbob/dev_ws/ros2-study/week1_ros2_basics/src/vic_pinky/vicpinky_description -DCMAKE_INSTALL_PREFIX=/home/jongbob/dev_ws/ros2-study/week1_ros2_basics/install/vicpinky_description
[0.392s] -- The C compiler identification is GNU 13.3.0
[0.392s] -- The CXX compiler identification is GNU 13.3.0
[0.393s] -- Detecting C compiler ABI info
[0.393s] -- Detecting C compiler ABI info - done
[0.393s] -- Check for working C compiler: /usr/bin/cc - skipped
[0.393s] -- Detecting C compile features
[0.393s] -- Detecting C compile features - done
[0.393s] -- Detecting CXX compiler ABI info
[0.393s] -- Detecting CXX compiler ABI info - done
[0.393s] -- Check for working CXX compiler: /usr/bin/c++ - skipped
[0.393s] -- Detecting CXX compile features
[0.393s] -- Detecting CXX compile features - done
[0.393s] -- Found ament_cmake: 2.5.4 (/opt/ros/jazzy/share/ament_cmake/cmake)
[0.393s] -- Found Python3: /home/jongbob/venv/arm_venv/bin/python3 (found version "3.12.3") found components: Interpreter 
[0.504s] -- Found ament_lint_auto: 0.17.3 (/opt/ros/jazzy/share/ament_lint_auto/cmake)
[0.683s] -- Added test 'lint_cmake' to check CMake code style
[0.685s] -- Added test 'xmllint' to check XML markup files
[0.690s] -- Configuring done (0.7s)
[0.699s] -- Generating done (0.0s)
[0.702s] -- Build files have been written to: /home/jongbob/dev_ws/ros2-study/week1_ros2_basics/build/vicpinky_description
[0.709s] Invoked command in '/home/jongbob/dev_ws/ros2-study/week1_ros2_basics/build/vicpinky_description' returned '0': CMAKE_PREFIX_PATH=/home/jongbob/dev_ws/ros2-study/week1_ros2_basics/install/vicpinky_navigation:/home/jongbob/dev_ws/ros2-study/week1_ros2_basics/install/vicpinky_gazebo:/home/jongbob/dev_ws/ros2-study/week1_ros2_basics/install/vicpinky_description:/home/jongbob/dev_ws/ros2-study/week1_ros2_basics/install/simple_communication:/home/jongbob/dev_ws/ros2-study/week1_ros2_basics/install/vicpinky_bringup:/home/jongbob/dev_ws/ros2-study/week1_ros2_basics/install/robot_communication:/home/jongbob/dev_ws/ros2-study/week1_ros2_basics/src/install/robot_communication:/opt/ros/jazzy:/home/jongbob/dev_ws/ros2-study/week1_ros2_basics/src/install/simple_communication:/opt/ros/jazzy/opt/gz_sim_vendor:/opt/ros/jazzy/opt/gz_sensors_vendor:/opt/ros/jazzy/opt/gz_physics_vendor:/opt/ros/jazzy/opt/sdformat_vendor:/opt/ros/jazzy/opt/gz_gui_vendor:/opt/ros/jazzy/opt/gz_transport_vendor:/opt/ros/jazzy/opt/gz_rendering_vendor:/opt/ros/jazzy/opt/gz_plugin_vendor:/opt/ros/jazzy/opt/gz_fuel_tools_vendor:/opt/ros/jazzy/opt/gz_msgs_vendor:/opt/ros/jazzy/opt/gz_common_vendor:/opt/ros/jazzy/opt/gz_math_vendor:/opt/ros/jazzy/opt/gz_utils_vendor:/opt/ros/jazzy/opt/gz_tools_vendor:/opt/ros/jazzy/opt/gz_ogre_next_vendor:/opt/ros/jazzy/opt/gz_dartsim_vendor:/opt/ros/jazzy/opt/gz_cmake_vendor DEBUGINFOD_URLS=https://debuginfod.ubuntu.com PS1=(arm_venv) \[\e[1;34m\](ID: ${ROS_DOMAIN_ID:-0})\[\e[1;32m\]\u\[\e[0m\]:\[\e[1;34m\]\w\[\e[0m\]$ VIRTUAL_ENV_PROMPT=(arm_venv) /usr/bin/cmake /home/jongbob/dev_ws/ros2-study/week1_ros2_basics/src/vic_pinky/vicpinky_description -DCMAKE_INSTALL_PREFIX=/home/jongbob/dev_ws/ros2-study/week1_ros2_basics/install/vicpinky_description
[0.712s] Invoking command in '/home/jongbob/dev_ws/ros2-study/week1_ros2_basics/build/vicpinky_description': CMAKE_PREFIX_PATH=/home/jongbob/dev_ws/ros2-study/week1_ros2_basics/install/vicpinky_navigation:/home/jongbob/dev_ws/ros2-study/week1_ros2_basics/install/vicpinky_gazebo:/home/jongbob/dev_ws/ros2-study/week1_ros2_basics/install/vicpinky_description:/home/jongbob/dev_ws/ros2-study/week1_ros2_basics/install/simple_communication:/home/jongbob/dev_ws/ros2-study/week1_ros2_basics/install/vicpinky_bringup:/home/jongbob/dev_ws/ros2-study/week1_ros2_basics/install/robot_communication:/home/jongbob/dev_ws/ros2-study/week1_ros2_basics/src/install/robot_communication:/opt/ros/jazzy:/home/jongbob/dev_ws/ros2-study/week1_ros2_basics/src/install/simple_communication:/opt/ros/jazzy/opt/gz_sim_vendor:/opt/ros/jazzy/opt/gz_sensors_vendor:/opt/ros/jazzy/opt/gz_physics_vendor:/opt/ros/jazzy/opt/sdformat_vendor:/opt/ros/jazzy/opt/gz_gui_vendor:/opt/ros/jazzy/opt/gz_transport_vendor:/opt/ros/jazzy/opt/gz_rendering_vendor:/opt/ros/jazzy/opt/gz_plugin_vendor:/opt/ros/jazzy/opt/gz_fuel_tools_vendor:/opt/ros/jazzy/opt/gz_msgs_vendor:/opt/ros/jazzy/opt/gz_common_vendor:/opt/ros/jazzy/opt/gz_math_vendor:/opt/ros/jazzy/opt/gz_utils_vendor:/opt/ros/jazzy/opt/gz_tools_vendor:/opt/ros/jazzy/opt/gz_ogre_next_vendor:/opt/ros/jazzy/opt/gz_dartsim_vendor:/opt/ros/jazzy/opt/gz_cmake_vendor DEBUGINFOD_URLS=https://debuginfod.ubuntu.com PS1=(arm_venv) \[\e[1;34m\](ID: ${ROS_DOMAIN_ID:-0})\[\e[1;32m\]\u\[\e[0m\]:\[\e[1;34m\]\w\[\e[0m\]$ VIRTUAL_ENV_PROMPT=(arm_venv) /usr/bin/cmake --build /home/jongbob/dev_ws/ros2-study/week1_ros2_basics/build/vicpinky_description -- -j8 -l8
[0.754s] Invoked command in '/home/jongbob/dev_ws/ros2-study/week1_ros2_basics/build/vicpinky_description' returned '0': CMAKE_PREFIX_PATH=/home/jongbob/dev_ws/ros2-study/week1_ros2_basics/install/vicpinky_navigation:/home/jongbob/dev_ws/ros2-study/week1_ros2_basics/install/vicpinky_gazebo:/home/jongbob/dev_ws/ros2-study/week1_ros2_basics/install/vicpinky_description:/home/jongbob/dev_ws/ros2-study/week1_ros2_basics/install/simple_communication:/home/jongbob/dev_ws/ros2-study/week1_ros2_basics/install/vicpinky_bringup:/home/jongbob/dev_ws/ros2-study/week1_ros2_basics/install/robot_communication:/home/jongbob/dev_ws/ros2-study/week1_ros2_basics/src/install/robot_communication:/opt/ros/jazzy:/home/jongbob/dev_ws/ros2-study/week1_ros2_basics/src/install/simple_communication:/opt/ros/jazzy/opt/gz_sim_vendor:/opt/ros/jazzy/opt/gz_sensors_vendor:/opt/ros/jazzy/opt/gz_physics_vendor:/opt/ros/jazzy/opt/sdformat_vendor:/opt/ros/jazzy/opt/gz_gui_vendor:/opt/ros/jazzy/opt/gz_transport_vendor:/opt/ros/jazzy/opt/gz_rendering_vendor:/opt/ros/jazzy/opt/gz_plugin_vendor:/opt/ros/jazzy/opt/gz_fuel_tools_vendor:/opt/ros/jazzy/opt/gz_msgs_vendor:/opt/ros/jazzy/opt/gz_common_vendor:/opt/ros/jazzy/opt/gz_math_vendor:/opt/ros/jazzy/opt/gz_utils_vendor:/opt/ros/jazzy/opt/gz_tools_vendor:/opt/ros/jazzy/opt/gz_ogre_next_vendor:/opt/ros/jazzy/opt/gz_dartsim_vendor:/opt/ros/jazzy/opt/gz_cmake_vendor DEBUGINFOD_URLS=https://debuginfod.ubuntu.com PS1=(arm_venv) \[\e[1;34m\](ID: ${ROS_DOMAIN_ID:-0})\[\e[1;32m\]\u\[\e[0m\]:\[\e[1;34m\]\w\[\e[0m\]$ VIRTUAL_ENV_PROMPT=(arm_venv) /usr/bin/cmake --build /home/jongbob/dev_ws/ros2-study/week1_ros2_basics/build/vicpinky_description -- -j8 -l8
[0.761s] Invoking command in '/home/jongbob/dev_ws/ros2-study/week1_ros2_basics/build/vicpinky_description': CMAKE_PREFIX_PATH=/home/jongbob/dev_ws/ros2-study/week1_ros2_basics/install/vicpinky_navigation:/home/jongbob/dev_ws/ros2-study/week1_ros2_basics/install/vicpinky_gazebo:/home/jongbob/dev_ws/ros2-study/week1_ros2_basics/install/vicpinky_description:/home/jongbob/dev_ws/ros2-study/week1_ros2_basics/install/simple_communication:/home/jongbob/dev_ws/ros2-study/week1_ros2_basics/install/vicpinky_bringup:/home/jongbob/dev_ws/ros2-study/week1_ros2_basics/install/robot_communication:/home/jongbob/dev_ws/ros2-study/week1_ros2_basics/src/install/robot_communication:/opt/ros/jazzy:/home/jongbob/dev_ws/ros2-study/week1_ros2_basics/src/install/simple_communication:/opt/ros/jazzy/opt/gz_sim_vendor:/opt/ros/jazzy/opt/gz_sensors_vendor:/opt/ros/jazzy/opt/gz_physics_vendor:/opt/ros/jazzy/opt/sdformat_vendor:/opt/ros/jazzy/opt/gz_gui_vendor:/opt/ros/jazzy/opt/gz_transport_vendor:/opt/ros/jazzy/opt/gz_rendering_vendor:/opt/ros/jazzy/opt/gz_plugin_vendor:/opt/ros/jazzy/opt/gz_fuel_tools_vendor:/opt/ros/jazzy/opt/gz_msgs_vendor:/opt/ros/jazzy/opt/gz_common_vendor:/opt/ros/jazzy/opt/gz_math_vendor:/opt/ros/jazzy/opt/gz_utils_vendor:/opt/ros/jazzy/opt/gz_tools_vendor:/opt/ros/jazzy/opt/gz_ogre_next_vendor:/opt/ros/jazzy/opt/gz_dartsim_vendor:/opt/ros/jazzy/opt/gz_cmake_vendor DEBUGINFOD_URLS=https://debuginfod.ubuntu.com PS1=(arm_venv) \[\e[1;34m\](ID: ${ROS_DOMAIN_ID:-0})\[\e[1;32m\]\u\[\e[0m\]:\[\e[1;34m\]\w\[\e[0m\]$ VIRTUAL_ENV_PROMPT=(arm_venv) /usr/bin/cmake --install /home/jongbob/dev_ws/ros2-study/week1_ros2_basics/build/vicpinky_description
[0.769s] -- Install configuration: ""
[0.770s] -- Installing: /home/jongbob/dev_ws/ros2-study/week1_ros2_basics/install/vicpinky_description/share/vicpinky_description/rviz
[0.770s] -- Installing: /home/jongbob/dev_ws/ros2-study/week1_ros2_basics/install/vicpinky_description/share/vicpinky_description/rviz/urdf_config.rviz
[0.770s] -- Installing: /home/jongbob/dev_ws/ros2-study/week1_ros2_basics/install/vicpinky_description/share/vicpinky_description/urdf
[0.770s] -- Installing: /home/jongbob/dev_ws/ros2-study/week1_ros2_basics/install/vicpinky_description/share/vicpinky_description/urdf/inertial_macros.xacro
[0.770s] -- Installing: /home/jongbob/dev_ws/ros2-study/week1_ros2_basics/install/vicpinky_description/share/vicpinky_description/urdf/robot_core.xacro
[0.770s] -- Installing: /home/jongbob/dev_ws/ros2-study/week1_ros2_basics/install/vicpinky_description/share/vicpinky_description/urdf/camera.xacro
[0.770s] -- Installing: /home/jongbob/dev_ws/ros2-study/week1_ros2_basics/install/vicpinky_description/share/vicpinky_description/urdf/robot.urdf.xacro
[0.770s] -- Installing: /home/jongbob/dev_ws/ros2-study/week1_ros2_basics/install/vicpinky_description/share/vicpinky_description/urdf/lidar.xacro
[0.770s] -- Installing: /home/jongbob/dev_ws/ros2-study/week1_ros2_basics/install/vicpinky_description/share/vicpinky_description/urdf/gazebo_control.xacro
[0.770s] -- Installing: /home/jongbob/dev_ws/ros2-study/week1_ros2_basics/install/vicpinky_description/share/vicpinky_description/urdf/robot_gazebo.xacro
[0.771s] -- Installing: /home/jongbob/dev_ws/ros2-study/week1_ros2_basics/install/vicpinky_description/share/vicpinky_description/launch
[0.771s] -- Installing: /home/jongbob/dev_ws/ros2-study/week1_ros2_basics/install/vicpinky_description/share/vicpinky_description/launch/display.launch.xml
[0.771s] -- Installing: /home/jongbob/dev_ws/ros2-study/week1_ros2_basics/install/vicpinky_description/share/vicpinky_description/launch/upload.launch.xml
[0.771s] -- Installing: /home/jongbob/dev_ws/ros2-study/week1_ros2_basics/install/vicpinky_description/share/vicpinky_description/meshes
[0.771s] -- Installing: /home/jongbob/dev_ws/ros2-study/week1_ros2_basics/install/vicpinky_description/share/vicpinky_description/meshes/collision
[0.771s] -- Installing: /home/jongbob/dev_ws/ros2-study/week1_ros2_basics/install/vicpinky_description/share/vicpinky_description/meshes/collision/lidar.stl
[0.772s] -- Installing: /home/jongbob/dev_ws/ros2-study/week1_ros2_basics/install/vicpinky_description/share/vicpinky_description/meshes/visual
[0.772s] -- Installing: /home/jongbob/dev_ws/ros2-study/week1_ros2_basics/install/vicpinky_description/share/vicpinky_description/meshes/visual/lidar.dae
[0.774s] -- Installing: /home/jongbob/dev_ws/ros2-study/week1_ros2_basics/install/vicpinky_description/share/ament_index/resource_index/package_run_dependencies/vicpinky_description
[0.774s] -- Installing: /home/jongbob/dev_ws/ros2-study/week1_ros2_basics/install/vicpinky_description/share/ament_index/resource_index/parent_prefix_path/vicpinky_description
[0.775s] -- Installing: /home/jongbob/dev_ws/ros2-study/week1_ros2_basics/install/vicpinky_description/share/vicpinky_description/environment/ament_prefix_path.sh
[0.775s] -- Installing: /home/jongbob/dev_ws/ros2-study/week1_ros2_basics/install/vicpinky_description/share/vicpinky_description/environment/ament_prefix_path.dsv
[0.775s] -- Installing: /home/jongbob/dev_ws/ros2-study/week1_ros2_basics/install/vicpinky_description/share/vicpinky_description/environment/path.sh
[0.775s] -- Installing: /home/jongbob/dev_ws/ros2-study/week1_ros2_basics/install/vicpinky_description/share/vicpinky_description/environment/path.dsv
[0.776s] -- Installing: /home/jongbob/dev_ws/ros2-study/week1_ros2_basics/install/vicpinky_description/share/vicpinky_description/local_setup.bash
[0.776s] -- Installing: /home/jongbob/dev_ws/ros2-study/week1_ros2_basics/install/vicpinky_description/share/vicpinky_description/local_setup.sh
[0.776s] -- Installing: /home/jongbob/dev_ws/ros2-study/week1_ros2_basics/install/vicpinky_description/share/vicpinky_description/local_setup.zsh
[0.776s] -- Installing: /home/jongbob/dev_ws/ros2-study/week1_ros2_basics/install/vicpinky_description/share/vicpinky_description/local_setup.dsv
[0.777s] -- Installing: /home/jongbob/dev_ws/ros2-study/week1_ros2_basics/install/vicpinky_description/share/vicpinky_description/package.dsv
[0.777s] -- Installing: /home/jongbob/dev_ws/ros2-study/week1_ros2_basics/install/vicpinky_description/share/ament_index/resource_index/packages/vicpinky_description
[0.777s] -- Installing: /home/jongbob/dev_ws/ros2-study/week1_ros2_basics/install/vicpinky_description/share/vicpinky_description/cmake/vicpinky_descriptionConfig.cmake
[0.777s] -- Installing: /home/jongbob/dev_ws/ros2-study/week1_ros2_basics/install/vicpinky_description/share/vicpinky_description/cmake/vicpinky_descriptionConfig-version.cmake
[0.777s] -- Installing: /home/jongbob/dev_ws/ros2-study/week1_ros2_basics/install/vicpinky_description/share/vicpinky_description/package.xml
[0.780s] Invoked command in '/home/jongbob/dev_ws/ros2-study/week1_ros2_basics/build/vicpinky_description' returned '0': CMAKE_PREFIX_PATH=/home/jongbob/dev_ws/ros2-study/week1_ros2_basics/install/vicpinky_navigation:/home/jongbob/dev_ws/ros2-study/week1_ros2_basics/install/vicpinky_gazebo:/home/jongbob/dev_ws/ros2-study/week1_ros2_basics/install/vicpinky_description:/home/jongbob/dev_ws/ros2-study/week1_ros2_basics/install/simple_communication:/home/jongbob/dev_ws/ros2-study/week1_ros2_basics/install/vicpinky_bringup:/home/jongbob/dev_ws/ros2-study/week1_ros2_basics/install/robot_communication:/home/jongbob/dev_ws/ros2-study/week1_ros2_basics/src/install/robot_communication:/opt/ros/jazzy:/home/jongbob/dev_ws/ros2-study/week1_ros2_basics/src/install/simple_communication:/opt/ros/jazzy/opt/gz_sim_vendor:/opt/ros/jazzy/opt/gz_sensors_vendor:/opt/ros/jazzy/opt/gz_physics_vendor:/opt/ros/jazzy/opt/sdformat_vendor:/opt/ros/jazzy/opt/gz_gui_vendor:/opt/ros/jazzy/opt/gz_transport_vendor:/opt/ros/jazzy/opt/gz_rendering_vendor:/opt/ros/jazzy/opt/gz_plugin_vendor:/opt/ros/jazzy/opt/gz_fuel_tools_vendor:/opt/ros/jazzy/opt/gz_msgs_vendor:/opt/ros/jazzy/opt/gz_common_vendor:/opt/ros/jazzy/opt/gz_math_vendor:/opt/ros/jazzy/opt/gz_utils_vendor:/opt/ros/jazzy/opt/gz_tools_vendor:/opt/ros/jazzy/opt/gz_ogre_next_vendor:/opt/ros/jazzy/opt/gz_dartsim_vendor:/opt/ros/jazzy/opt/gz_cmake_vendor DEBUGINFOD_URLS=https://debuginfod.ubuntu.com PS1=(arm_venv) \[\e[1;34m\](ID: ${ROS_DOMAIN_ID:-0})\[\e[1;32m\]\u\[\e[0m\]:\[\e[1;34m\]\w\[\e[0m\]$ VIRTUAL_ENV_PROMPT=(arm_venv) /usr/bin/cmake --install /home/jongbob/dev_ws/ros2-study/week1_ros2_basics/build/vicpinky_description
