[1.138s] Invoking command in '/home/jongbob/dev_ws/ros2-study/week1_ros2_basics/src/robot_communication': DEBUGINFOD_URLS=https://debuginfod.ubuntu.com PS1=(arm_venv) \[\e[1;34m\](ID: ${ROS_DOMAIN_ID:-0})\[\e[1;32m\]\u\[\e[0m\]:\[\e[1;34m\]\w\[\e[0m\]$ PYTHONPATH=/home/jongbob/dev_ws/ros2-study/week1_ros2_basics/build/robot_communication/prefix_override:/usr/lib/python3/dist-packages/colcon_core/task/python/colcon_distutils_commands:/home/jongbob/dev_ws/ros2-study/week1_ros2_basics/install/robot_communication/lib/python3.12/site-packages:${PYTHONPATH} VIRTUAL_ENV_PROMPT=(arm_venv) /usr/bin/python3 -W ignore:setup.py install is deprecated -W ignore:easy_install command is deprecated setup.py egg_info --egg-base ../../build/robot_communication build --build-base /home/jongbob/dev_ws/ros2-study/week1_ros2_basics/build/robot_communication/build install --record /home/jongbob/dev_ws/ros2-study/week1_ros2_basics/build/robot_communication/install.log --single-version-externally-managed install_data
[1.644s] running egg_info
[1.645s] creating ../../build/robot_communication/robot_communication.egg-info
[1.670s] writing ../../build/robot_communication/robot_communication.egg-info/PKG-INFO
[1.671s] writing dependency_links to ../../build/robot_communication/robot_communication.egg-info/dependency_links.txt
[1.672s] writing entry points to ../../build/robot_communication/robot_communication.egg-info/entry_points.txt
[1.673s] writing requirements to ../../build/robot_communication/robot_communication.egg-info/requires.txt
[1.673s] writing top-level names to ../../build/robot_communication/robot_communication.egg-info/top_level.txt
[1.673s] writing manifest file '../../build/robot_communication/robot_communication.egg-info/SOURCES.txt'
[1.725s] reading manifest file '../../build/robot_communication/robot_communication.egg-info/SOURCES.txt'
[1.725s] writing manifest file '../../build/robot_communication/robot_communication.egg-info/SOURCES.txt'
[1.726s] running build
[1.726s] running build_py
[1.726s] creating /home/jongbob/dev_ws/ros2-study/week1_ros2_basics/build/robot_communication/build
[1.726s] creating /home/jongbob/dev_ws/ros2-study/week1_ros2_basics/build/robot_communication/build/lib
[1.726s] creating /home/jongbob/dev_ws/ros2-study/week1_ros2_basics/build/robot_communication/build/lib/robot_communication
[1.726s] copying robot_communication/real_robot_data.py -> /home/jongbob/dev_ws/ros2-study/week1_ros2_basics/build/robot_communication/build/lib/robot_communication
[1.726s] copying robot_communication/__init__.py -> /home/jongbob/dev_ws/ros2-study/week1_ros2_basics/build/robot_communication/build/lib/robot_communication
[1.726s] running install
[1.735s] running install_lib
[1.759s] creating /home/jongbob/dev_ws/ros2-study/week1_ros2_basics/install/robot_communication/lib/python3.12/site-packages/robot_communication
[1.759s] copying /home/jongbob/dev_ws/ros2-study/week1_ros2_basics/build/robot_communication/build/lib/robot_communication/real_robot_data.py -> /home/jongbob/dev_ws/ros2-study/week1_ros2_basics/install/robot_communication/lib/python3.12/site-packages/robot_communication
[1.759s] copying /home/jongbob/dev_ws/ros2-study/week1_ros2_basics/build/robot_communication/build/lib/robot_communication/__init__.py -> /home/jongbob/dev_ws/ros2-study/week1_ros2_basics/install/robot_communication/lib/python3.12/site-packages/robot_communication
[1.760s] byte-compiling /home/jongbob/dev_ws/ros2-study/week1_ros2_basics/install/robot_communication/lib/python3.12/site-packages/robot_communication/real_robot_data.py to real_robot_data.cpython-312.pyc
[1.761s] byte-compiling /home/jongbob/dev_ws/ros2-study/week1_ros2_basics/install/robot_communication/lib/python3.12/site-packages/robot_communication/__init__.py to __init__.cpython-312.pyc
[1.761s] running install_data
[1.761s] creating /home/jongbob/dev_ws/ros2-study/week1_ros2_basics/install/robot_communication/share/ament_index
[1.761s] creating /home/jongbob/dev_ws/ros2-study/week1_ros2_basics/install/robot_communication/share/ament_index/resource_index
[1.761s] creating /home/jongbob/dev_ws/ros2-study/week1_ros2_basics/install/robot_communication/share/ament_index/resource_index/packages
[1.761s] copying resource/robot_communication -> /home/jongbob/dev_ws/ros2-study/week1_ros2_basics/install/robot_communication/share/ament_index/resource_index/packages
[1.762s] copying package.xml -> /home/jongbob/dev_ws/ros2-study/week1_ros2_basics/install/robot_communication/share/robot_communication
[1.762s] running install_egg_info
[1.782s] Copying ../../build/robot_communication/robot_communication.egg-info to /home/jongbob/dev_ws/ros2-study/week1_ros2_basics/install/robot_communication/lib/python3.12/site-packages/robot_communication-0.0.0-py3.12.egg-info
[1.782s] running install_scripts
[1.966s] Installing real_robot_data script to /home/jongbob/dev_ws/ros2-study/week1_ros2_basics/install/robot_communication/lib/robot_communication
[1.967s] writing list of installed files to '/home/jongbob/dev_ws/ros2-study/week1_ros2_basics/build/robot_communication/install.log'
[2.048s] Invoked command in '/home/jongbob/dev_ws/ros2-study/week1_ros2_basics/src/robot_communication' returned '0': DEBUGINFOD_URLS=https://debuginfod.ubuntu.com PS1=(arm_venv) \[\e[1;34m\](ID: ${ROS_DOMAIN_ID:-0})\[\e[1;32m\]\u\[\e[0m\]:\[\e[1;34m\]\w\[\e[0m\]$ PYTHONPATH=/home/jongbob/dev_ws/ros2-study/week1_ros2_basics/build/robot_communication/prefix_override:/usr/lib/python3/dist-packages/colcon_core/task/python/colcon_distutils_commands:/home/jongbob/dev_ws/ros2-study/week1_ros2_basics/install/robot_communication/lib/python3.12/site-packages:${PYTHONPATH} VIRTUAL_ENV_PROMPT=(arm_venv) /usr/bin/python3 -W ignore:setup.py install is deprecated -W ignore:easy_install command is deprecated setup.py egg_info --egg-base ../../build/robot_communication build --build-base /home/jongbob/dev_ws/ros2-study/week1_ros2_basics/build/robot_communication/build install --record /home/jongbob/dev_ws/ros2-study/week1_ros2_basics/build/robot_communication/install.log --single-version-externally-managed install_data
