[0.014s] Invoking command in '/home/jongbob/dev_ws/ros2-study/week1_ros2_basics/build/vicpinky_gazebo': CMAKE_PREFIX_PATH=/home/jongbob/dev_ws/ros2-study/week1_ros2_basics/install/vicpinky_description:/home/jongbob/dev_ws/ros2-study/week1_ros2_basics/install/vicpinky_navigation:/home/jongbob/dev_ws/ros2-study/week1_ros2_basics/install/vicpinky_gazebo:/home/jongbob/dev_ws/ros2-study/week1_ros2_basics/install/simple_communication:/home/jongbob/dev_ws/ros2-study/week1_ros2_basics/install/vicpinky_bringup:/home/jongbob/dev_ws/ros2-study/week1_ros2_basics/install/robot_communication:/home/jongbob/dev_ws/ros2-study/week1_ros2_basics/src/install/robot_communication:/opt/ros/jazzy:/home/jongbob/dev_ws/ros2-study/week1_ros2_basics/src/install/simple_communication:/opt/ros/jazzy/opt/gz_sim_vendor:/opt/ros/jazzy/opt/gz_sensors_vendor:/opt/ros/jazzy/opt/gz_physics_vendor:/opt/ros/jazzy/opt/sdformat_vendor:/opt/ros/jazzy/opt/gz_gui_vendor:/opt/ros/jazzy/opt/gz_transport_vendor:/opt/ros/jazzy/opt/gz_rendering_vendor:/opt/ros/jazzy/opt/gz_plugin_vendor:/opt/ros/jazzy/opt/gz_fuel_tools_vendor:/opt/ros/jazzy/opt/gz_msgs_vendor:/opt/ros/jazzy/opt/gz_common_vendor:/opt/ros/jazzy/opt/gz_math_vendor:/opt/ros/jazzy/opt/gz_utils_vendor:/opt/ros/jazzy/opt/gz_tools_vendor:/opt/ros/jazzy/opt/gz_ogre_next_vendor:/opt/ros/jazzy/opt/gz_dartsim_vendor:/opt/ros/jazzy/opt/gz_cmake_vendor DEBUGINFOD_URLS=https://debuginfod.ubuntu.com PS1=(arm_venv) \[\e[1;34m\](ID: ${ROS_DOMAIN_ID:-0})\[\e[1;32m\]\u\[\e[0m\]:\[\e[1;34m\]\w\[\e[0m\]$ VIRTUAL_ENV_PROMPT=(arm_venv) /usr/bin/cmake /home/jongbob/dev_ws/ros2-study/week1_ros2_basics/src/vic_pinky/vicpinky_gazebo -DCMAKE_INSTALL_PREFIX=/home/jongbob/dev_ws/ros2-study/week1_ros2_basics/install/vicpinky_gazebo
[0.078s] -- The C compiler identification is GNU 13.3.0
[0.143s] -- The CXX compiler identification is GNU 13.3.0
[0.165s] -- Detecting C compiler ABI info
[0.326s] -- Detecting C compiler ABI info - done
[0.359s] -- Check for working C compiler: /usr/bin/cc - skipped
[0.359s] -- Detecting C compile features
[0.360s] -- Detecting C compile features - done
[0.386s] -- Detecting CXX compiler ABI info
[0.570s] -- Detecting CXX compiler ABI info - done
[0.597s] -- Check for working CXX compiler: /usr/bin/c++ - skipped
[0.599s] -- Detecting CXX compile features
[0.600s] -- Detecting CXX compile features - done
[0.613s] -- Found ament_cmake: 2.5.4 (/opt/ros/jazzy/share/ament_cmake/cmake)
[0.882s] -- Found Python3: /home/jongbob/venv/arm_venv/bin/python3 (found version "3.12.3") found components: Interpreter 
[1.002s] -- Found ament_lint_auto: 0.17.3 (/opt/ros/jazzy/share/ament_lint_auto/cmake)
[1.183s] -- Added test 'lint_cmake' to check CMake code style
[1.191s] -- Added test 'xmllint' to check XML markup files
[1.194s] -- Configuring done (1.2s)
[1.200s] -- Generating done (0.0s)
[1.206s] -- Build files have been written to: /home/jongbob/dev_ws/ros2-study/week1_ros2_basics/build/vicpinky_gazebo
[1.223s] Invoked command in '/home/jongbob/dev_ws/ros2-study/week1_ros2_basics/build/vicpinky_gazebo' returned '0': CMAKE_PREFIX_PATH=/home/jongbob/dev_ws/ros2-study/week1_ros2_basics/install/vicpinky_description:/home/jongbob/dev_ws/ros2-study/week1_ros2_basics/install/vicpinky_navigation:/home/jongbob/dev_ws/ros2-study/week1_ros2_basics/install/vicpinky_gazebo:/home/jongbob/dev_ws/ros2-study/week1_ros2_basics/install/simple_communication:/home/jongbob/dev_ws/ros2-study/week1_ros2_basics/install/vicpinky_bringup:/home/jongbob/dev_ws/ros2-study/week1_ros2_basics/install/robot_communication:/home/jongbob/dev_ws/ros2-study/week1_ros2_basics/src/install/robot_communication:/opt/ros/jazzy:/home/jongbob/dev_ws/ros2-study/week1_ros2_basics/src/install/simple_communication:/opt/ros/jazzy/opt/gz_sim_vendor:/opt/ros/jazzy/opt/gz_sensors_vendor:/opt/ros/jazzy/opt/gz_physics_vendor:/opt/ros/jazzy/opt/sdformat_vendor:/opt/ros/jazzy/opt/gz_gui_vendor:/opt/ros/jazzy/opt/gz_transport_vendor:/opt/ros/jazzy/opt/gz_rendering_vendor:/opt/ros/jazzy/opt/gz_plugin_vendor:/opt/ros/jazzy/opt/gz_fuel_tools_vendor:/opt/ros/jazzy/opt/gz_msgs_vendor:/opt/ros/jazzy/opt/gz_common_vendor:/opt/ros/jazzy/opt/gz_math_vendor:/opt/ros/jazzy/opt/gz_utils_vendor:/opt/ros/jazzy/opt/gz_tools_vendor:/opt/ros/jazzy/opt/gz_ogre_next_vendor:/opt/ros/jazzy/opt/gz_dartsim_vendor:/opt/ros/jazzy/opt/gz_cmake_vendor DEBUGINFOD_URLS=https://debuginfod.ubuntu.com PS1=(arm_venv) \[\e[1;34m\](ID: ${ROS_DOMAIN_ID:-0})\[\e[1;32m\]\u\[\e[0m\]:\[\e[1;34m\]\w\[\e[0m\]$ VIRTUAL_ENV_PROMPT=(arm_venv) /usr/bin/cmake /home/jongbob/dev_ws/ros2-study/week1_ros2_basics/src/vic_pinky/vicpinky_gazebo -DCMAKE_INSTALL_PREFIX=/home/jongbob/dev_ws/ros2-study/week1_ros2_basics/install/vicpinky_gazebo
[1.224s] Invoking command in '/home/jongbob/dev_ws/ros2-study/week1_ros2_basics/build/vicpinky_gazebo': CMAKE_PREFIX_PATH=/home/jongbob/dev_ws/ros2-study/week1_ros2_basics/install/vicpinky_description:/home/jongbob/dev_ws/ros2-study/week1_ros2_basics/install/vicpinky_navigation:/home/jongbob/dev_ws/ros2-study/week1_ros2_basics/install/vicpinky_gazebo:/home/jongbob/dev_ws/ros2-study/week1_ros2_basics/install/simple_communication:/home/jongbob/dev_ws/ros2-study/week1_ros2_basics/install/vicpinky_bringup:/home/jongbob/dev_ws/ros2-study/week1_ros2_basics/install/robot_communication:/home/jongbob/dev_ws/ros2-study/week1_ros2_basics/src/install/robot_communication:/opt/ros/jazzy:/home/jongbob/dev_ws/ros2-study/week1_ros2_basics/src/install/simple_communication:/opt/ros/jazzy/opt/gz_sim_vendor:/opt/ros/jazzy/opt/gz_sensors_vendor:/opt/ros/jazzy/opt/gz_physics_vendor:/opt/ros/jazzy/opt/sdformat_vendor:/opt/ros/jazzy/opt/gz_gui_vendor:/opt/ros/jazzy/opt/gz_transport_vendor:/opt/ros/jazzy/opt/gz_rendering_vendor:/opt/ros/jazzy/opt/gz_plugin_vendor:/opt/ros/jazzy/opt/gz_fuel_tools_vendor:/opt/ros/jazzy/opt/gz_msgs_vendor:/opt/ros/jazzy/opt/gz_common_vendor:/opt/ros/jazzy/opt/gz_math_vendor:/opt/ros/jazzy/opt/gz_utils_vendor:/opt/ros/jazzy/opt/gz_tools_vendor:/opt/ros/jazzy/opt/gz_ogre_next_vendor:/opt/ros/jazzy/opt/gz_dartsim_vendor:/opt/ros/jazzy/opt/gz_cmake_vendor DEBUGINFOD_URLS=https://debuginfod.ubuntu.com PS1=(arm_venv) \[\e[1;34m\](ID: ${ROS_DOMAIN_ID:-0})\[\e[1;32m\]\u\[\e[0m\]:\[\e[1;34m\]\w\[\e[0m\]$ VIRTUAL_ENV_PROMPT=(arm_venv) /usr/bin/cmake --build /home/jongbob/dev_ws/ros2-study/week1_ros2_basics/build/vicpinky_gazebo -- -j8 -l8
[1.340s] Invoked command in '/home/jongbob/dev_ws/ros2-study/week1_ros2_basics/build/vicpinky_gazebo' returned '0': CMAKE_PREFIX_PATH=/home/jongbob/dev_ws/ros2-study/week1_ros2_basics/install/vicpinky_description:/home/jongbob/dev_ws/ros2-study/week1_ros2_basics/install/vicpinky_navigation:/home/jongbob/dev_ws/ros2-study/week1_ros2_basics/install/vicpinky_gazebo:/home/jongbob/dev_ws/ros2-study/week1_ros2_basics/install/simple_communication:/home/jongbob/dev_ws/ros2-study/week1_ros2_basics/install/vicpinky_bringup:/home/jongbob/dev_ws/ros2-study/week1_ros2_basics/install/robot_communication:/home/jongbob/dev_ws/ros2-study/week1_ros2_basics/src/install/robot_communication:/opt/ros/jazzy:/home/jongbob/dev_ws/ros2-study/week1_ros2_basics/src/install/simple_communication:/opt/ros/jazzy/opt/gz_sim_vendor:/opt/ros/jazzy/opt/gz_sensors_vendor:/opt/ros/jazzy/opt/gz_physics_vendor:/opt/ros/jazzy/opt/sdformat_vendor:/opt/ros/jazzy/opt/gz_gui_vendor:/opt/ros/jazzy/opt/gz_transport_vendor:/opt/ros/jazzy/opt/gz_rendering_vendor:/opt/ros/jazzy/opt/gz_plugin_vendor:/opt/ros/jazzy/opt/gz_fuel_tools_vendor:/opt/ros/jazzy/opt/gz_msgs_vendor:/opt/ros/jazzy/opt/gz_common_vendor:/opt/ros/jazzy/opt/gz_math_vendor:/opt/ros/jazzy/opt/gz_utils_vendor:/opt/ros/jazzy/opt/gz_tools_vendor:/opt/ros/jazzy/opt/gz_ogre_next_vendor:/opt/ros/jazzy/opt/gz_dartsim_vendor:/opt/ros/jazzy/opt/gz_cmake_vendor DEBUGINFOD_URLS=https://debuginfod.ubuntu.com PS1=(arm_venv) \[\e[1;34m\](ID: ${ROS_DOMAIN_ID:-0})\[\e[1;32m\]\u\[\e[0m\]:\[\e[1;34m\]\w\[\e[0m\]$ VIRTUAL_ENV_PROMPT=(arm_venv) /usr/bin/cmake --build /home/jongbob/dev_ws/ros2-study/week1_ros2_basics/build/vicpinky_gazebo -- -j8 -l8
[1.341s] Invoking command in '/home/jongbob/dev_ws/ros2-study/week1_ros2_basics/build/vicpinky_gazebo': CMAKE_PREFIX_PATH=/home/jongbob/dev_ws/ros2-study/week1_ros2_basics/install/vicpinky_description:/home/jongbob/dev_ws/ros2-study/week1_ros2_basics/install/vicpinky_navigation:/home/jongbob/dev_ws/ros2-study/week1_ros2_basics/install/vicpinky_gazebo:/home/jongbob/dev_ws/ros2-study/week1_ros2_basics/install/simple_communication:/home/jongbob/dev_ws/ros2-study/week1_ros2_basics/install/vicpinky_bringup:/home/jongbob/dev_ws/ros2-study/week1_ros2_basics/install/robot_communication:/home/jongbob/dev_ws/ros2-study/week1_ros2_basics/src/install/robot_communication:/opt/ros/jazzy:/home/jongbob/dev_ws/ros2-study/week1_ros2_basics/src/install/simple_communication:/opt/ros/jazzy/opt/gz_sim_vendor:/opt/ros/jazzy/opt/gz_sensors_vendor:/opt/ros/jazzy/opt/gz_physics_vendor:/opt/ros/jazzy/opt/sdformat_vendor:/opt/ros/jazzy/opt/gz_gui_vendor:/opt/ros/jazzy/opt/gz_transport_vendor:/opt/ros/jazzy/opt/gz_rendering_vendor:/opt/ros/jazzy/opt/gz_plugin_vendor:/opt/ros/jazzy/opt/gz_fuel_tools_vendor:/opt/ros/jazzy/opt/gz_msgs_vendor:/opt/ros/jazzy/opt/gz_common_vendor:/opt/ros/jazzy/opt/gz_math_vendor:/opt/ros/jazzy/opt/gz_utils_vendor:/opt/ros/jazzy/opt/gz_tools_vendor:/opt/ros/jazzy/opt/gz_ogre_next_vendor:/opt/ros/jazzy/opt/gz_dartsim_vendor:/opt/ros/jazzy/opt/gz_cmake_vendor DEBUGINFOD_URLS=https://debuginfod.ubuntu.com PS1=(arm_venv) \[\e[1;34m\](ID: ${ROS_DOMAIN_ID:-0})\[\e[1;32m\]\u\[\e[0m\]:\[\e[1;34m\]\w\[\e[0m\]$ VIRTUAL_ENV_PROMPT=(arm_venv) /usr/bin/cmake --install /home/jongbob/dev_ws/ros2-study/week1_ros2_basics/build/vicpinky_gazebo
[1.362s] -- Install configuration: ""
[1.362s] -- Installing: /home/jongbob/dev_ws/ros2-study/week1_ros2_basics/install/vicpinky_gazebo/share/vicpinky_gazebo/launch
[1.363s] -- Installing: /home/jongbob/dev_ws/ros2-study/week1_ros2_basics/install/vicpinky_gazebo/share/vicpinky_gazebo/launch/launch_sim.launch.xml
[1.363s] -- Installing: /home/jongbob/dev_ws/ros2-study/week1_ros2_basics/install/vicpinky_gazebo/share/vicpinky_gazebo/launch/spawn.launch.xml
[1.368s] -- Installing: /home/jongbob/dev_ws/ros2-study/week1_ros2_basics/install/vicpinky_gazebo/share/vicpinky_gazebo/worlds
[1.368s] -- Installing: /home/jongbob/dev_ws/ros2-study/week1_ros2_basics/install/vicpinky_gazebo/share/vicpinky_gazebo/worlds/factory_L1.world
[1.368s] -- Installing: /home/jongbob/dev_ws/ros2-study/week1_ros2_basics/install/vicpinky_gazebo/share/vicpinky_gazebo/worlds/empty.world
[1.368s] -- Installing: /home/jongbob/dev_ws/ros2-study/week1_ros2_basics/install/vicpinky_gazebo/share/vicpinky_gazebo/models
[1.369s] -- Installing: /home/jongbob/dev_ws/ros2-study/week1_ros2_basics/install/vicpinky_gazebo/share/vicpinky_gazebo/models/img
[1.369s] -- Installing: /home/jongbob/dev_ws/ros2-study/week1_ros2_basics/install/vicpinky_gazebo/share/vicpinky_gazebo/models/img/pinklab.jpg
[1.369s] -- Installing: /home/jongbob/dev_ws/ros2-study/week1_ros2_basics/install/vicpinky_gazebo/share/vicpinky_gazebo/models/img/pinklab_half.jpg
[1.369s] -- Installing: /home/jongbob/dev_ws/ros2-study/week1_ros2_basics/install/vicpinky_gazebo/share/vicpinky_gazebo/models/shelf
[1.369s] -- Installing: /home/jongbob/dev_ws/ros2-study/week1_ros2_basics/install/vicpinky_gazebo/share/vicpinky_gazebo/models/shelf/model.sdf
[1.369s] -- Installing: /home/jongbob/dev_ws/ros2-study/week1_ros2_basics/install/vicpinky_gazebo/share/vicpinky_gazebo/models/shelf/thumbnails
[1.369s] -- Installing: /home/jongbob/dev_ws/ros2-study/week1_ros2_basics/install/vicpinky_gazebo/share/vicpinky_gazebo/models/shelf/thumbnails/1.png
[1.369s] -- Installing: /home/jongbob/dev_ws/ros2-study/week1_ros2_basics/install/vicpinky_gazebo/share/vicpinky_gazebo/models/shelf/meshes
[1.369s] -- Installing: /home/jongbob/dev_ws/ros2-study/week1_ros2_basics/install/vicpinky_gazebo/share/vicpinky_gazebo/models/shelf/meshes/Box_paper_04_1_Base_Color.png
[1.369s] -- Installing: /home/jongbob/dev_ws/ros2-study/week1_ros2_basics/install/vicpinky_gazebo/share/vicpinky_gazebo/models/shelf/meshes/shelf_big_movai.dae
[1.369s] -- Installing: /home/jongbob/dev_ws/ros2-study/week1_ros2_basics/install/vicpinky_gazebo/share/vicpinky_gazebo/models/shelf/model.config
[1.369s] -- Installing: /home/jongbob/dev_ws/ros2-study/week1_ros2_basics/install/vicpinky_gazebo/share/vicpinky_gazebo/models/shelf/original_modl.sdf
[1.369s] -- Installing: /home/jongbob/dev_ws/ros2-study/week1_ros2_basics/install/vicpinky_gazebo/share/vicpinky_gazebo/models/desk
[1.370s] -- Installing: /home/jongbob/dev_ws/ros2-study/week1_ros2_basics/install/vicpinky_gazebo/share/vicpinky_gazebo/models/desk/model.sdf
[1.371s] -- Installing: /home/jongbob/dev_ws/ros2-study/week1_ros2_basics/install/vicpinky_gazebo/share/vicpinky_gazebo/models/desk/thumbnails
[1.372s] -- Installing: /home/jongbob/dev_ws/ros2-study/week1_ros2_basics/install/vicpinky_gazebo/share/vicpinky_gazebo/models/desk/thumbnails/5.png
[1.372s] -- Installing: /home/jongbob/dev_ws/ros2-study/week1_ros2_basics/install/vicpinky_gazebo/share/vicpinky_gazebo/models/desk/thumbnails/4.png
[1.372s] -- Installing: /home/jongbob/dev_ws/ros2-study/week1_ros2_basics/install/vicpinky_gazebo/share/vicpinky_gazebo/models/desk/thumbnails/1.png
[1.372s] -- Installing: /home/jongbob/dev_ws/ros2-study/week1_ros2_basics/install/vicpinky_gazebo/share/vicpinky_gazebo/models/desk/thumbnails/3.png
[1.372s] -- Installing: /home/jongbob/dev_ws/ros2-study/week1_ros2_basics/install/vicpinky_gazebo/share/vicpinky_gazebo/models/desk/thumbnails/2.png
[1.372s] -- Installing: /home/jongbob/dev_ws/ros2-study/week1_ros2_basics/install/vicpinky_gazebo/share/vicpinky_gazebo/models/desk/meshes
[1.372s] -- Installing: /home/jongbob/dev_ws/ros2-study/week1_ros2_basics/install/vicpinky_gazebo/share/vicpinky_gazebo/models/desk/meshes/desk.obj
[1.373s] -- Installing: /home/jongbob/dev_ws/ros2-study/week1_ros2_basics/install/vicpinky_gazebo/share/vicpinky_gazebo/models/desk/meshes/Desk_Diffuse.png
[1.374s] -- Installing: /home/jongbob/dev_ws/ros2-study/week1_ros2_basics/install/vicpinky_gazebo/share/vicpinky_gazebo/models/desk/meshes/desk.mtl
[1.374s] -- Installing: /home/jongbob/dev_ws/ros2-study/week1_ros2_basics/install/vicpinky_gazebo/share/vicpinky_gazebo/models/desk/model.config
[1.375s] -- Installing: /home/jongbob/dev_ws/ros2-study/week1_ros2_basics/install/vicpinky_gazebo/share/vicpinky_gazebo/models/factory_L1
[1.375s] -- Installing: /home/jongbob/dev_ws/ros2-study/week1_ros2_basics/install/vicpinky_gazebo/share/vicpinky_gazebo/models/factory_L1/model.sdf
[1.375s] -- Installing: /home/jongbob/dev_ws/ros2-study/week1_ros2_basics/install/vicpinky_gazebo/share/vicpinky_gazebo/models/factory_L1/meshes
[1.375s] -- Installing: /home/jongbob/dev_ws/ros2-study/week1_ros2_basics/install/vicpinky_gazebo/share/vicpinky_gazebo/models/factory_L1/meshes/concrete2.png
[1.375s] -- Installing: /home/jongbob/dev_ws/ros2-study/week1_ros2_basics/install/vicpinky_gazebo/share/vicpinky_gazebo/models/factory_L1/meshes/model.material
[1.375s] -- Installing: /home/jongbob/dev_ws/ros2-study/week1_ros2_basics/install/vicpinky_gazebo/share/vicpinky_gazebo/models/factory_L1/meshes/floor_1.mtl
[1.375s] -- Installing: /home/jongbob/dev_ws/ros2-study/week1_ros2_basics/install/vicpinky_gazebo/share/vicpinky_gazebo/models/factory_L1/meshes/default.png
[1.375s] -- Installing: /home/jongbob/dev_ws/ros2-study/week1_ros2_basics/install/vicpinky_gazebo/share/vicpinky_gazebo/models/factory_L1/meshes/wall_3.obj
[1.376s] -- Installing: /home/jongbob/dev_ws/ros2-study/week1_ros2_basics/install/vicpinky_gazebo/share/vicpinky_gazebo/models/factory_L1/meshes/wall_2.obj
[1.376s] -- Installing: /home/jongbob/dev_ws/ros2-study/week1_ros2_basics/install/vicpinky_gazebo/share/vicpinky_gazebo/models/factory_L1/meshes/wall_3.mtl
[1.376s] -- Installing: /home/jongbob/dev_ws/ros2-study/week1_ros2_basics/install/vicpinky_gazebo/share/vicpinky_gazebo/models/factory_L1/meshes/wall_1.obj
[1.376s] -- Installing: /home/jongbob/dev_ws/ros2-study/week1_ros2_basics/install/vicpinky_gazebo/share/vicpinky_gazebo/models/factory_L1/meshes/wall_1.mtl
[1.377s] -- Installing: /home/jongbob/dev_ws/ros2-study/week1_ros2_basics/install/vicpinky_gazebo/share/vicpinky_gazebo/models/factory_L1/meshes/floor_1.obj
[1.377s] -- Installing: /home/jongbob/dev_ws/ros2-study/week1_ros2_basics/install/vicpinky_gazebo/share/vicpinky_gazebo/models/factory_L1/meshes/wall_2.mtl
[1.377s] -- Installing: /home/jongbob/dev_ws/ros2-study/week1_ros2_basics/install/vicpinky_gazebo/share/vicpinky_gazebo/models/factory_L1/meshes/blue_linoleum.png
[1.377s] -- Installing: /home/jongbob/dev_ws/ros2-study/week1_ros2_basics/install/vicpinky_gazebo/share/vicpinky_gazebo/models/factory_L1/model.config
[1.377s] -- Installing: /home/jongbob/dev_ws/ros2-study/week1_ros2_basics/install/vicpinky_gazebo/share/vicpinky_gazebo/params
[1.378s] -- Installing: /home/jongbob/dev_ws/ros2-study/week1_ros2_basics/install/vicpinky_gazebo/share/vicpinky_gazebo/params/pinky_bridge.yaml
[1.380s] -- Installing: /home/jongbob/dev_ws/ros2-study/week1_ros2_basics/install/vicpinky_gazebo/share/ament_index/resource_index/package_run_dependencies/vicpinky_gazebo
[1.380s] -- Installing: /home/jongbob/dev_ws/ros2-study/week1_ros2_basics/install/vicpinky_gazebo/share/ament_index/resource_index/parent_prefix_path/vicpinky_gazebo
[1.380s] -- Installing: /home/jongbob/dev_ws/ros2-study/week1_ros2_basics/install/vicpinky_gazebo/share/vicpinky_gazebo/environment/ament_prefix_path.sh
[1.380s] -- Installing: /home/jongbob/dev_ws/ros2-study/week1_ros2_basics/install/vicpinky_gazebo/share/vicpinky_gazebo/environment/ament_prefix_path.dsv
[1.381s] -- Installing: /home/jongbob/dev_ws/ros2-study/week1_ros2_basics/install/vicpinky_gazebo/share/vicpinky_gazebo/environment/path.sh
[1.381s] -- Installing: /home/jongbob/dev_ws/ros2-study/week1_ros2_basics/install/vicpinky_gazebo/share/vicpinky_gazebo/environment/path.dsv
[1.386s] -- Installing: /home/jongbob/dev_ws/ros2-study/week1_ros2_basics/install/vicpinky_gazebo/share/vicpinky_gazebo/local_setup.bash
[1.386s] -- Installing: /home/jongbob/dev_ws/ros2-study/week1_ros2_basics/install/vicpinky_gazebo/share/vicpinky_gazebo/local_setup.sh
[1.386s] -- Installing: /home/jongbob/dev_ws/ros2-study/week1_ros2_basics/install/vicpinky_gazebo/share/vicpinky_gazebo/local_setup.zsh
[1.386s] -- Installing: /home/jongbob/dev_ws/ros2-study/week1_ros2_basics/install/vicpinky_gazebo/share/vicpinky_gazebo/local_setup.dsv
[1.392s] -- Installing: /home/jongbob/dev_ws/ros2-study/week1_ros2_basics/install/vicpinky_gazebo/share/vicpinky_gazebo/package.dsv
[1.394s] -- Installing: /home/jongbob/dev_ws/ros2-study/week1_ros2_basics/install/vicpinky_gazebo/share/ament_index/resource_index/packages/vicpinky_gazebo
[1.394s] -- Installing: /home/jongbob/dev_ws/ros2-study/week1_ros2_basics/install/vicpinky_gazebo/share/vicpinky_gazebo/cmake/vicpinky_gazeboConfig.cmake
[1.395s] -- Installing: /home/jongbob/dev_ws/ros2-study/week1_ros2_basics/install/vicpinky_gazebo/share/vicpinky_gazebo/cmake/vicpinky_gazeboConfig-version.cmake
[1.395s] -- Installing: /home/jongbob/dev_ws/ros2-study/week1_ros2_basics/install/vicpinky_gazebo/share/vicpinky_gazebo/package.xml
[1.410s] Invoked command in '/home/jongbob/dev_ws/ros2-study/week1_ros2_basics/build/vicpinky_gazebo' returned '0': CMAKE_PREFIX_PATH=/home/jongbob/dev_ws/ros2-study/week1_ros2_basics/install/vicpinky_description:/home/jongbob/dev_ws/ros2-study/week1_ros2_basics/install/vicpinky_navigation:/home/jongbob/dev_ws/ros2-study/week1_ros2_basics/install/vicpinky_gazebo:/home/jongbob/dev_ws/ros2-study/week1_ros2_basics/install/simple_communication:/home/jongbob/dev_ws/ros2-study/week1_ros2_basics/install/vicpinky_bringup:/home/jongbob/dev_ws/ros2-study/week1_ros2_basics/install/robot_communication:/home/jongbob/dev_ws/ros2-study/week1_ros2_basics/src/install/robot_communication:/opt/ros/jazzy:/home/jongbob/dev_ws/ros2-study/week1_ros2_basics/src/install/simple_communication:/opt/ros/jazzy/opt/gz_sim_vendor:/opt/ros/jazzy/opt/gz_sensors_vendor:/opt/ros/jazzy/opt/gz_physics_vendor:/opt/ros/jazzy/opt/sdformat_vendor:/opt/ros/jazzy/opt/gz_gui_vendor:/opt/ros/jazzy/opt/gz_transport_vendor:/opt/ros/jazzy/opt/gz_rendering_vendor:/opt/ros/jazzy/opt/gz_plugin_vendor:/opt/ros/jazzy/opt/gz_fuel_tools_vendor:/opt/ros/jazzy/opt/gz_msgs_vendor:/opt/ros/jazzy/opt/gz_common_vendor:/opt/ros/jazzy/opt/gz_math_vendor:/opt/ros/jazzy/opt/gz_utils_vendor:/opt/ros/jazzy/opt/gz_tools_vendor:/opt/ros/jazzy/opt/gz_ogre_next_vendor:/opt/ros/jazzy/opt/gz_dartsim_vendor:/opt/ros/jazzy/opt/gz_cmake_vendor DEBUGINFOD_URLS=https://debuginfod.ubuntu.com PS1=(arm_venv) \[\e[1;34m\](ID: ${ROS_DOMAIN_ID:-0})\[\e[1;32m\]\u\[\e[0m\]:\[\e[1;34m\]\w\[\e[0m\]$ VIRTUAL_ENV_PROMPT=(arm_venv) /usr/bin/cmake --install /home/jongbob/dev_ws/ros2-study/week1_ros2_basics/build/vicpinky_gazebo
