[0.007s] Invoking command in '/home/jongbob/dev_ws/ros2-study/week1_ros2_basics/src/build/simple_communication': DEBUGINFOD_URLS=https://debuginfod.ubuntu.com PS1=(arm_venv) \[\e[1;34m\](ID: ${ROS_DOMAIN_ID:-0})\[\e[1;32m\]\u\[\e[0m\]:\[\e[1;34m\]\w\[\e[0m\]$ VIRTUAL_ENV_PROMPT=(arm_venv) /usr/bin/cmake /home/jongbob/dev_ws/ros2-study/week1_ros2_basics/src/simple_communication -DCATKIN_INSTALL_INTO_PREFIX_ROOT=0 -DCMAKE_INSTALL_PREFIX=/home/jongbob/dev_ws/ros2-study/week1_ros2_basics/src/install/simple_communication
[0.052s] -- The C compiler identification is GNU 13.3.0
[0.093s] -- The CXX compiler identification is GNU 13.3.0
[0.108s] -- Detecting C compiler ABI info
[0.174s] -- Detecting C compiler ABI info - done
[0.181s] -- Check for working C compiler: /usr/bin/cc - skipped
[0.181s] -- Detecting C compile features
[0.181s] -- Detecting C compile features - done
[0.188s] -- Detecting CXX compiler ABI info
[0.267s] -- Detecting CXX compiler ABI info - done
[0.274s] -- Check for working CXX compiler: /usr/bin/c++ - skipped
[0.274s] -- Detecting CXX compile features
[0.274s] -- Detecting CXX compile features - done
[0.277s] -- Found ament_cmake: 2.5.4 (/opt/ros/jazzy/share/ament_cmake/cmake)
[0.368s] -- Found Python3: /home/jongbob/venv/arm_venv/bin/python3 (found version "3.12.3") found components: Interpreter 
[0.463s] -- Found rosidl_default_generators: 1.6.0 (/opt/ros/jazzy/share/rosidl_default_generators/cmake)
[0.470s] -- Using all available rosidl_typesupport_c: rosidl_typesupport_fastrtps_c;rosidl_typesupport_introspection_c
[0.526s] -- Using all available rosidl_typesupport_cpp: rosidl_typesupport_fastrtps_cpp;rosidl_typesupport_introspection_cpp
[0.565s] -- Found rosidl_adapter: 4.6.6 (/opt/ros/jazzy/share/rosidl_adapter/cmake)
[0.994s] -- Found ament_cmake_ros: 0.12.0 (/opt/ros/jazzy/share/ament_cmake_ros/cmake)
[1.273s] -- Using all available rosidl_typesupport_c: rosidl_typesupport_fastrtps_c;rosidl_typesupport_introspection_c
[1.644s] -- Using all available rosidl_typesupport_cpp: rosidl_typesupport_fastrtps_cpp;rosidl_typesupport_introspection_cpp
[1.647s] -- Found python_cmake_module: 0.11.1 (/opt/ros/jazzy/share/python_cmake_module/cmake)
[1.740s] -- Found PythonExtra: /home/jongbob/venv/arm_venv/bin/python3  
[2.053s] -- Found Python3: /home/jongbob/venv/arm_venv/bin/python3 (found version "3.12.3") found components: Interpreter Development NumPy Development.Module Development.Embed 
[2.081s] -- Configuring done (2.1s)
[2.103s] -- Generating done (0.0s)
[2.105s] [33mCMake Warning:
[2.105s]   Manually-specified variables were not used by the project:
[2.105s] 
[2.105s]     CATKIN_INSTALL_INTO_PREFIX_ROOT
[2.105s] 
[2.105s] [0m
[2.113s] -- Build files have been written to: /home/jongbob/dev_ws/ros2-study/week1_ros2_basics/src/build/simple_communication
[2.119s] Invoked command in '/home/jongbob/dev_ws/ros2-study/week1_ros2_basics/src/build/simple_communication' returned '0': DEBUGINFOD_URLS=https://debuginfod.ubuntu.com PS1=(arm_venv) \[\e[1;34m\](ID: ${ROS_DOMAIN_ID:-0})\[\e[1;32m\]\u\[\e[0m\]:\[\e[1;34m\]\w\[\e[0m\]$ VIRTUAL_ENV_PROMPT=(arm_venv) /usr/bin/cmake /home/jongbob/dev_ws/ros2-study/week1_ros2_basics/src/simple_communication -DCATKIN_INSTALL_INTO_PREFIX_ROOT=0 -DCMAKE_INSTALL_PREFIX=/home/jongbob/dev_ws/ros2-study/week1_ros2_basics/src/install/simple_communication
[2.120s] Invoking command in '/home/jongbob/dev_ws/ros2-study/week1_ros2_basics/src/build/simple_communication': DEBUGINFOD_URLS=https://debuginfod.ubuntu.com PS1=(arm_venv) \[\e[1;34m\](ID: ${ROS_DOMAIN_ID:-0})\[\e[1;32m\]\u\[\e[0m\]:\[\e[1;34m\]\w\[\e[0m\]$ VIRTUAL_ENV_PROMPT=(arm_venv) /usr/bin/cmake --build /home/jongbob/dev_ws/ros2-study/week1_ros2_basics/src/build/simple_communication -- -j8 -l8
[2.159s] [  2%] [34m[1mGenerating type hashes for ROS interfaces[0m
[2.167s] [  2%] Built target ament_cmake_python_copy_simple_communication
[2.314s] [  2%] Built target simple_communication__rosidl_generator_type_description
[2.323s] [  5%] [34m[1mGenerating C code for ROS interfaces[0m
[2.331s] [  8%] [34m[1mGenerating C++ code for ROS interfaces[0m
[2.342s] running egg_info
[2.355s] creating simple_communication.egg-info
[2.355s] writing simple_communication.egg-info/PKG-INFO
[2.355s] writing dependency_links to simple_communication.egg-info/dependency_links.txt
[2.355s] writing top-level names to simple_communication.egg-info/top_level.txt
[2.355s] writing manifest file 'simple_communication.egg-info/SOURCES.txt'
[2.395s] reading manifest file 'simple_communication.egg-info/SOURCES.txt'
[2.395s] writing manifest file 'simple_communication.egg-info/SOURCES.txt'
[2.426s] [  8%] Built target ament_cmake_python_build_simple_communication_egg
[2.581s] [  8%] Built target simple_communication__cpp
[2.604s] [ 17%] [32mBuilding C object CMakeFiles/simple_communication__rosidl_generator_c.dir/rosidl_generator_c/simple_communication/srv/detail/get_robot_info__functions.c.o[0m
[2.604s] [ 17%] [32mBuilding C object CMakeFiles/simple_communication__rosidl_generator_c.dir/rosidl_generator_c/simple_communication/srv/detail/get_robot_info__description.c.o[0m
[2.604s] [ 17%] [32mBuilding C object CMakeFiles/simple_communication__rosidl_generator_c.dir/rosidl_generator_c/simple_communication/srv/detail/get_robot_info__type_support.c.o[0m
[2.658s] [ 20%] [32m[1mLinking C shared library libsimple_communication__rosidl_generator_c.so[0m
[2.690s] [ 20%] Built target simple_communication__rosidl_generator_c
[2.700s] [ 23%] [34m[1mGenerating C++ type support for eProsima Fast-RTPS[0m
[2.700s] [ 26%] [34m[1mGenerating C type support for eProsima Fast-RTPS[0m
[2.701s] [ 32%] [34m[1mGenerating C type support dispatch for ROS interfaces[0m
[2.701s] [ 32%] [34m[1mGenerating C++ introspection for ROS interfaces[0m
[2.701s] [ 35%] [34m[1mGenerating C++ type support dispatch for ROS interfaces[0m
[2.701s] [ 38%] [34m[1mGenerating C introspection for ROS interfaces[0m
[2.968s] [ 41%] [32mBuilding C object CMakeFiles/simple_communication__rosidl_typesupport_introspection_c.dir/rosidl_typesupport_introspection_c/simple_communication/srv/detail/get_robot_info__type_support.c.o[0m
[2.978s] [ 44%] [32mBuilding CXX object CMakeFiles/simple_communication__rosidl_typesupport_introspection_cpp.dir/rosidl_typesupport_introspection_cpp/simple_communication/srv/detail/get_robot_info__type_support.cpp.o[0m
[3.013s] [ 47%] [32m[1mLinking C shared library libsimple_communication__rosidl_typesupport_introspection_c.so[0m
[3.048s] [ 47%] Built target simple_communication__rosidl_typesupport_introspection_c
[3.051s] [ 50%] [32mBuilding CXX object CMakeFiles/simple_communication__rosidl_typesupport_c.dir/rosidl_typesupport_c/simple_communication/srv/get_robot_info__type_support.cpp.o[0m
[3.053s] [ 52%] [32mBuilding CXX object CMakeFiles/simple_communication__rosidl_typesupport_cpp.dir/rosidl_typesupport_cpp/simple_communication/srv/get_robot_info__type_support.cpp.o[0m
[3.088s] [ 55%] [32m[1mLinking CXX shared library libsimple_communication__rosidl_typesupport_c.so[0m
[3.131s] [ 55%] Built target simple_communication__rosidl_typesupport_c
[3.134s] [ 58%] [32mBuilding CXX object CMakeFiles/simple_communication__rosidl_typesupport_fastrtps_cpp.dir/rosidl_typesupport_fastrtps_cpp/simple_communication/srv/detail/dds_fastrtps/get_robot_info__type_support.cpp.o[0m
[3.149s] [ 61%] [32mBuilding CXX object CMakeFiles/simple_communication__rosidl_typesupport_fastrtps_c.dir/rosidl_typesupport_fastrtps_c/simple_communication/srv/detail/get_robot_info__type_support_c.cpp.o[0m
[3.448s] [ 64%] [32m[1mLinking CXX shared library libsimple_communication__rosidl_typesupport_introspection_cpp.so[0m
[3.493s] [ 67%] [32m[1mLinking CXX shared library libsimple_communication__rosidl_typesupport_cpp.so[0m
[3.523s] [ 67%] Built target simple_communication__rosidl_typesupport_introspection_cpp
[3.551s] [ 70%] [32m[1mLinking CXX shared library libsimple_communication__rosidl_typesupport_fastrtps_c.so[0m
[3.565s] [ 70%] Built target simple_communication__rosidl_typesupport_cpp
[3.617s] [ 70%] Built target simple_communication__rosidl_typesupport_fastrtps_c
[3.628s] [ 73%] [32m[1mLinking CXX shared library libsimple_communication__rosidl_typesupport_fastrtps_cpp.so[0m
[3.694s] [ 73%] Built target simple_communication__rosidl_typesupport_fastrtps_cpp
[3.713s] [ 73%] Built target simple_communication
[3.729s] [ 76%] [34m[1mGenerating Python code for ROS interfaces[0m
[4.058s] [ 76%] Built target simple_communication__py
[4.077s] [ 79%] [32mBuilding C object CMakeFiles/simple_communication__rosidl_generator_py.dir/rosidl_generator_py/simple_communication/srv/_get_robot_info_s.c.o[0m
[4.186s] [ 82%] [32m[1mLinking C shared library libsimple_communication__rosidl_generator_py.so[0m
[4.222s] [ 82%] Built target simple_communication__rosidl_generator_py
[4.241s] [ 91%] [32mBuilding C object CMakeFiles/simple_communication_s__rosidl_typesupport_fastrtps_c.dir/rosidl_generator_py/simple_communication/_simple_communication_s.ep.rosidl_typesupport_fastrtps_c.c.o[0m
[4.241s] [ 91%] [32mBuilding C object CMakeFiles/simple_communication_s__rosidl_typesupport_c.dir/rosidl_generator_py/simple_communication/_simple_communication_s.ep.rosidl_typesupport_c.c.o[0m
[4.241s] [ 91%] [32mBuilding C object CMakeFiles/simple_communication_s__rosidl_typesupport_introspection_c.dir/rosidl_generator_py/simple_communication/_simple_communication_s.ep.rosidl_typesupport_introspection_c.c.o[0m
[4.334s] [100%] [32m[1mLinking C shared module rosidl_generator_py/simple_communication/simple_communication_s__rosidl_typesupport_c.so[0m
[4.335s] [100%] [32m[1mLinking C shared module rosidl_generator_py/simple_communication/simple_communication_s__rosidl_typesupport_fastrtps_c.so[0m
[4.335s] [100%] [32m[1mLinking C shared module rosidl_generator_py/simple_communication/simple_communication_s__rosidl_typesupport_introspection_c.so[0m
[4.360s] [100%] Built target simple_communication_s__rosidl_typesupport_c
[4.361s] [100%] Built target simple_communication_s__rosidl_typesupport_fastrtps_c
[4.361s] [100%] Built target simple_communication_s__rosidl_typesupport_introspection_c
[4.375s] Invoked command in '/home/jongbob/dev_ws/ros2-study/week1_ros2_basics/src/build/simple_communication' returned '0': DEBUGINFOD_URLS=https://debuginfod.ubuntu.com PS1=(arm_venv) \[\e[1;34m\](ID: ${ROS_DOMAIN_ID:-0})\[\e[1;32m\]\u\[\e[0m\]:\[\e[1;34m\]\w\[\e[0m\]$ VIRTUAL_ENV_PROMPT=(arm_venv) /usr/bin/cmake --build /home/jongbob/dev_ws/ros2-study/week1_ros2_basics/src/build/simple_communication -- -j8 -l8
[4.384s] Invoking command in '/home/jongbob/dev_ws/ros2-study/week1_ros2_basics/src/build/simple_communication': DEBUGINFOD_URLS=https://debuginfod.ubuntu.com PS1=(arm_venv) \[\e[1;34m\](ID: ${ROS_DOMAIN_ID:-0})\[\e[1;32m\]\u\[\e[0m\]:\[\e[1;34m\]\w\[\e[0m\]$ VIRTUAL_ENV_PROMPT=(arm_venv) /usr/bin/cmake --install /home/jongbob/dev_ws/ros2-study/week1_ros2_basics/src/build/simple_communication
[4.392s] -- Install configuration: ""
[4.392s] -- Installing: /home/jongbob/dev_ws/ros2-study/week1_ros2_basics/src/install/simple_communication/share/ament_index/resource_index/rosidl_interfaces/simple_communication
[4.392s] -- Installing: /home/jongbob/dev_ws/ros2-study/week1_ros2_basics/src/install/simple_communication/share/simple_communication/srv/GetRobotInfo.json
[4.393s] -- Installing: /home/jongbob/dev_ws/ros2-study/week1_ros2_basics/src/install/simple_communication/include/simple_communication/simple_communication
[4.393s] -- Installing: /home/jongbob/dev_ws/ros2-study/week1_ros2_basics/src/install/simple_communication/include/simple_communication/simple_communication/msg
[4.393s] -- Installing: /home/jongbob/dev_ws/ros2-study/week1_ros2_basics/src/install/simple_communication/include/simple_communication/simple_communication/msg/rosidl_generator_c__visibility_control.h
[4.393s] -- Installing: /home/jongbob/dev_ws/ros2-study/week1_ros2_basics/src/install/simple_communication/include/simple_communication/simple_communication/srv
[4.393s] -- Installing: /home/jongbob/dev_ws/ros2-study/week1_ros2_basics/src/install/simple_communication/include/simple_communication/simple_communication/srv/get_robot_info.h
[4.393s] -- Installing: /home/jongbob/dev_ws/ros2-study/week1_ros2_basics/src/install/simple_communication/include/simple_communication/simple_communication/srv/detail
[4.394s] -- Installing: /home/jongbob/dev_ws/ros2-study/week1_ros2_basics/src/install/simple_communication/include/simple_communication/simple_communication/srv/detail/get_robot_info__struct.h
[4.394s] -- Installing: /home/jongbob/dev_ws/ros2-study/week1_ros2_basics/src/install/simple_communication/include/simple_communication/simple_communication/srv/detail/get_robot_info__type_support.c
[4.394s] -- Installing: /home/jongbob/dev_ws/ros2-study/week1_ros2_basics/src/install/simple_communication/include/simple_communication/simple_communication/srv/detail/get_robot_info__functions.c
[4.394s] -- Installing: /home/jongbob/dev_ws/ros2-study/week1_ros2_basics/src/install/simple_communication/include/simple_communication/simple_communication/srv/detail/get_robot_info__type_support.h
[4.395s] -- Installing: /home/jongbob/dev_ws/ros2-study/week1_ros2_basics/src/install/simple_communication/include/simple_communication/simple_communication/srv/detail/get_robot_info__description.c
[4.395s] -- Installing: /home/jongbob/dev_ws/ros2-study/week1_ros2_basics/src/install/simple_communication/include/simple_communication/simple_communication/srv/detail/get_robot_info__functions.h
[4.395s] -- Installing: /home/jongbob/dev_ws/ros2-study/week1_ros2_basics/src/install/simple_communication/share/simple_communication/environment/library_path.sh
[4.395s] -- Installing: /home/jongbob/dev_ws/ros2-study/week1_ros2_basics/src/install/simple_communication/share/simple_communication/environment/library_path.dsv
[4.395s] -- Installing: /home/jongbob/dev_ws/ros2-study/week1_ros2_basics/src/install/simple_communication/lib/libsimple_communication__rosidl_generator_c.so
[4.395s] -- Set non-toolchain portion of runtime path of "/home/jongbob/dev_ws/ros2-study/week1_ros2_basics/src/install/simple_communication/lib/libsimple_communication__rosidl_generator_c.so" to ""
[4.395s] -- Up-to-date: /home/jongbob/dev_ws/ros2-study/week1_ros2_basics/src/install/simple_communication/include/simple_communication/simple_communication
[4.395s] -- Up-to-date: /home/jongbob/dev_ws/ros2-study/week1_ros2_basics/src/install/simple_communication/include/simple_communication/simple_communication/msg
[4.395s] -- Installing: /home/jongbob/dev_ws/ros2-study/week1_ros2_basics/src/install/simple_communication/include/simple_communication/simple_communication/msg/rosidl_typesupport_fastrtps_c__visibility_control.h
[4.395s] -- Up-to-date: /home/jongbob/dev_ws/ros2-study/week1_ros2_basics/src/install/simple_communication/include/simple_communication/simple_communication/srv
[4.395s] -- Up-to-date: /home/jongbob/dev_ws/ros2-study/week1_ros2_basics/src/install/simple_communication/include/simple_communication/simple_communication/srv/detail
[4.395s] -- Installing: /home/jongbob/dev_ws/ros2-study/week1_ros2_basics/src/install/simple_communication/include/simple_communication/simple_communication/srv/detail/get_robot_info__rosidl_typesupport_fastrtps_c.h
[4.396s] -- Installing: /home/jongbob/dev_ws/ros2-study/week1_ros2_basics/src/install/simple_communication/lib/libsimple_communication__rosidl_typesupport_fastrtps_c.so
[4.396s] -- Set non-toolchain portion of runtime path of "/home/jongbob/dev_ws/ros2-study/week1_ros2_basics/src/install/simple_communication/lib/libsimple_communication__rosidl_typesupport_fastrtps_c.so" to ""
[4.396s] -- Up-to-date: /home/jongbob/dev_ws/ros2-study/week1_ros2_basics/src/install/simple_communication/include/simple_communication/simple_communication
[4.396s] -- Up-to-date: /home/jongbob/dev_ws/ros2-study/week1_ros2_basics/src/install/simple_communication/include/simple_communication/simple_communication/msg
[4.396s] -- Installing: /home/jongbob/dev_ws/ros2-study/week1_ros2_basics/src/install/simple_communication/include/simple_communication/simple_communication/msg/rosidl_typesupport_introspection_c__visibility_control.h
[4.396s] -- Up-to-date: /home/jongbob/dev_ws/ros2-study/week1_ros2_basics/src/install/simple_communication/include/simple_communication/simple_communication/srv
[4.396s] -- Up-to-date: /home/jongbob/dev_ws/ros2-study/week1_ros2_basics/src/install/simple_communication/include/simple_communication/simple_communication/srv/detail
[4.396s] -- Up-to-date: /home/jongbob/dev_ws/ros2-study/week1_ros2_basics/src/install/simple_communication/include/simple_communication/simple_communication/srv/detail/get_robot_info__type_support.c
[4.396s] -- Installing: /home/jongbob/dev_ws/ros2-study/week1_ros2_basics/src/install/simple_communication/include/simple_communication/simple_communication/srv/detail/get_robot_info__rosidl_typesupport_introspection_c.h
[4.396s] -- Installing: /home/jongbob/dev_ws/ros2-study/week1_ros2_basics/src/install/simple_communication/lib/libsimple_communication__rosidl_typesupport_introspection_c.so
[4.397s] -- Set non-toolchain portion of runtime path of "/home/jongbob/dev_ws/ros2-study/week1_ros2_basics/src/install/simple_communication/lib/libsimple_communication__rosidl_typesupport_introspection_c.so" to ""
[4.397s] -- Installing: /home/jongbob/dev_ws/ros2-study/week1_ros2_basics/src/install/simple_communication/lib/libsimple_communication__rosidl_typesupport_c.so
[4.397s] -- Set non-toolchain portion of runtime path of "/home/jongbob/dev_ws/ros2-study/week1_ros2_basics/src/install/simple_communication/lib/libsimple_communication__rosidl_typesupport_c.so" to ""
[4.397s] -- Up-to-date: /home/jongbob/dev_ws/ros2-study/week1_ros2_basics/src/install/simple_communication/include/simple_communication/simple_communication
[4.397s] -- Up-to-date: /home/jongbob/dev_ws/ros2-study/week1_ros2_basics/src/install/simple_communication/include/simple_communication/simple_communication/msg
[4.397s] -- Installing: /home/jongbob/dev_ws/ros2-study/week1_ros2_basics/src/install/simple_communication/include/simple_communication/simple_communication/msg/rosidl_generator_cpp__visibility_control.hpp
[4.397s] -- Up-to-date: /home/jongbob/dev_ws/ros2-study/week1_ros2_basics/src/install/simple_communication/include/simple_communication/simple_communication/srv
[4.397s] -- Up-to-date: /home/jongbob/dev_ws/ros2-study/week1_ros2_basics/src/install/simple_communication/include/simple_communication/simple_communication/srv/detail
[4.397s] -- Installing: /home/jongbob/dev_ws/ros2-study/week1_ros2_basics/src/install/simple_communication/include/simple_communication/simple_communication/srv/detail/get_robot_info__builder.hpp
[4.397s] -- Installing: /home/jongbob/dev_ws/ros2-study/week1_ros2_basics/src/install/simple_communication/include/simple_communication/simple_communication/srv/detail/get_robot_info__traits.hpp
[4.398s] -- Installing: /home/jongbob/dev_ws/ros2-study/week1_ros2_basics/src/install/simple_communication/include/simple_communication/simple_communication/srv/detail/get_robot_info__type_support.hpp
[4.398s] -- Installing: /home/jongbob/dev_ws/ros2-study/week1_ros2_basics/src/install/simple_communication/include/simple_communication/simple_communication/srv/detail/get_robot_info__struct.hpp
[4.398s] -- Installing: /home/jongbob/dev_ws/ros2-study/week1_ros2_basics/src/install/simple_communication/include/simple_communication/simple_communication/srv/get_robot_info.hpp
[4.398s] -- Up-to-date: /home/jongbob/dev_ws/ros2-study/week1_ros2_basics/src/install/simple_communication/include/simple_communication/simple_communication
[4.398s] -- Up-to-date: /home/jongbob/dev_ws/ros2-study/week1_ros2_basics/src/install/simple_communication/include/simple_communication/simple_communication/msg
[4.398s] -- Installing: /home/jongbob/dev_ws/ros2-study/week1_ros2_basics/src/install/simple_communication/include/simple_communication/simple_communication/msg/rosidl_typesupport_fastrtps_cpp__visibility_control.h
[4.398s] -- Up-to-date: /home/jongbob/dev_ws/ros2-study/week1_ros2_basics/src/install/simple_communication/include/simple_communication/simple_communication/srv
[4.398s] -- Up-to-date: /home/jongbob/dev_ws/ros2-study/week1_ros2_basics/src/install/simple_communication/include/simple_communication/simple_communication/srv/detail
[4.398s] -- Installing: /home/jongbob/dev_ws/ros2-study/week1_ros2_basics/src/install/simple_communication/include/simple_communication/simple_communication/srv/detail/dds_fastrtps
[4.399s] -- Installing: /home/jongbob/dev_ws/ros2-study/week1_ros2_basics/src/install/simple_communication/include/simple_communication/simple_communication/srv/detail/get_robot_info__rosidl_typesupport_fastrtps_cpp.hpp
[4.400s] -- Installing: /home/jongbob/dev_ws/ros2-study/week1_ros2_basics/src/install/simple_communication/lib/libsimple_communication__rosidl_typesupport_fastrtps_cpp.so
[4.400s] -- Set non-toolchain portion of runtime path of "/home/jongbob/dev_ws/ros2-study/week1_ros2_basics/src/install/simple_communication/lib/libsimple_communication__rosidl_typesupport_fastrtps_cpp.so" to ""
[4.400s] -- Up-to-date: /home/jongbob/dev_ws/ros2-study/week1_ros2_basics/src/install/simple_communication/include/simple_communication/simple_communication
[4.400s] -- Up-to-date: /home/jongbob/dev_ws/ros2-study/week1_ros2_basics/src/install/simple_communication/include/simple_communication/simple_communication/srv
[4.400s] -- Up-to-date: /home/jongbob/dev_ws/ros2-study/week1_ros2_basics/src/install/simple_communication/include/simple_communication/simple_communication/srv/detail
[4.402s] -- Installing: /home/jongbob/dev_ws/ros2-study/week1_ros2_basics/src/install/simple_communication/include/simple_communication/simple_communication/srv/detail/get_robot_info__rosidl_typesupport_introspection_cpp.hpp
[4.402s] -- Installing: /home/jongbob/dev_ws/ros2-study/week1_ros2_basics/src/install/simple_communication/include/simple_communication/simple_communication/srv/detail/get_robot_info__type_support.cpp
[4.402s] -- Installing: /home/jongbob/dev_ws/ros2-study/week1_ros2_basics/src/install/simple_communication/lib/libsimple_communication__rosidl_typesupport_introspection_cpp.so
[4.403s] -- Set non-toolchain portion of runtime path of "/home/jongbob/dev_ws/ros2-study/week1_ros2_basics/src/install/simple_communication/lib/libsimple_communication__rosidl_typesupport_introspection_cpp.so" to ""
[4.403s] -- Installing: /home/jongbob/dev_ws/ros2-study/week1_ros2_basics/src/install/simple_communication/lib/libsimple_communication__rosidl_typesupport_cpp.so
[4.404s] -- Set non-toolchain portion of runtime path of "/home/jongbob/dev_ws/ros2-study/week1_ros2_basics/src/install/simple_communication/lib/libsimple_communication__rosidl_typesupport_cpp.so" to ""
[4.404s] -- Installing: /home/jongbob/dev_ws/ros2-study/week1_ros2_basics/src/install/simple_communication/share/simple_communication/environment/pythonpath.sh
[4.404s] -- Installing: /home/jongbob/dev_ws/ros2-study/week1_ros2_basics/src/install/simple_communication/share/simple_communication/environment/pythonpath.dsv
[4.404s] -- Installing: /home/jongbob/dev_ws/ros2-study/week1_ros2_basics/src/install/simple_communication/lib/python3.12/site-packages/simple_communication-0.0.0-py3.12.egg-info
[4.404s] -- Installing: /home/jongbob/dev_ws/ros2-study/week1_ros2_basics/src/install/simple_communication/lib/python3.12/site-packages/simple_communication-0.0.0-py3.12.egg-info/dependency_links.txt
[4.405s] -- Installing: /home/jongbob/dev_ws/ros2-study/week1_ros2_basics/src/install/simple_communication/lib/python3.12/site-packages/simple_communication-0.0.0-py3.12.egg-info/SOURCES.txt
[4.406s] -- Installing: /home/jongbob/dev_ws/ros2-study/week1_ros2_basics/src/install/simple_communication/lib/python3.12/site-packages/simple_communication-0.0.0-py3.12.egg-info/top_level.txt
[4.406s] -- Installing: /home/jongbob/dev_ws/ros2-study/week1_ros2_basics/src/install/simple_communication/lib/python3.12/site-packages/simple_communication-0.0.0-py3.12.egg-info/PKG-INFO
[4.406s] -- Installing: /home/jongbob/dev_ws/ros2-study/week1_ros2_basics/src/install/simple_communication/lib/python3.12/site-packages/simple_communication
[4.406s] -- Installing: /home/jongbob/dev_ws/ros2-study/week1_ros2_basics/src/install/simple_communication/lib/python3.12/site-packages/simple_communication/_simple_communication_s.ep.rosidl_typesupport_c.c
[4.406s] -- Installing: /home/jongbob/dev_ws/ros2-study/week1_ros2_basics/src/install/simple_communication/lib/python3.12/site-packages/simple_communication/__init__.py
[4.406s] -- Installing: /home/jongbob/dev_ws/ros2-study/week1_ros2_basics/src/install/simple_communication/lib/python3.12/site-packages/simple_communication/simple_communication_s__rosidl_typesupport_fastrtps_c.so
[4.406s] -- Installing: /home/jongbob/dev_ws/ros2-study/week1_ros2_basics/src/install/simple_communication/lib/python3.12/site-packages/simple_communication/_simple_communication_s.ep.rosidl_typesupport_fastrtps_c.c
[4.406s] -- Installing: /home/jongbob/dev_ws/ros2-study/week1_ros2_basics/src/install/simple_communication/lib/python3.12/site-packages/simple_communication/simple_communication_s__rosidl_typesupport_c.so
[4.406s] -- Installing: /home/jongbob/dev_ws/ros2-study/week1_ros2_basics/src/install/simple_communication/lib/python3.12/site-packages/simple_communication/srv
[4.406s] -- Installing: /home/jongbob/dev_ws/ros2-study/week1_ros2_basics/src/install/simple_communication/lib/python3.12/site-packages/simple_communication/srv/_get_robot_info.py
[4.406s] -- Installing: /home/jongbob/dev_ws/ros2-study/week1_ros2_basics/src/install/simple_communication/lib/python3.12/site-packages/simple_communication/srv/__init__.py
[4.406s] -- Installing: /home/jongbob/dev_ws/ros2-study/week1_ros2_basics/src/install/simple_communication/lib/python3.12/site-packages/simple_communication/srv/_get_robot_info_s.c
[4.407s] -- Installing: /home/jongbob/dev_ws/ros2-study/week1_ros2_basics/src/install/simple_communication/lib/python3.12/site-packages/simple_communication/simple_communication_s__rosidl_typesupport_introspection_c.so
[4.407s] -- Installing: /home/jongbob/dev_ws/ros2-study/week1_ros2_basics/src/install/simple_communication/lib/python3.12/site-packages/simple_communication/_simple_communication_s.ep.rosidl_typesupport_introspection_c.c
[4.465s] Listing '/home/jongbob/dev_ws/ros2-study/week1_ros2_basics/src/install/simple_communication/lib/python3.12/site-packages/simple_communication'...
[4.465s] Compiling '/home/jongbob/dev_ws/ros2-study/week1_ros2_basics/src/install/simple_communication/lib/python3.12/site-packages/simple_communication/__init__.py'...
[4.465s] Listing '/home/jongbob/dev_ws/ros2-study/week1_ros2_basics/src/install/simple_communication/lib/python3.12/site-packages/simple_communication/srv'...
[4.465s] Compiling '/home/jongbob/dev_ws/ros2-study/week1_ros2_basics/src/install/simple_communication/lib/python3.12/site-packages/simple_communication/srv/__init__.py'...
[4.465s] Compiling '/home/jongbob/dev_ws/ros2-study/week1_ros2_basics/src/install/simple_communication/lib/python3.12/site-packages/simple_communication/srv/_get_robot_info.py'...
[4.473s] -- Installing: /home/jongbob/dev_ws/ros2-study/week1_ros2_basics/src/install/simple_communication/lib/python3.12/site-packages/simple_communication/simple_communication_s__rosidl_typesupport_fastrtps_c.so
[4.474s] -- Set non-toolchain portion of runtime path of "/home/jongbob/dev_ws/ros2-study/week1_ros2_basics/src/install/simple_communication/lib/python3.12/site-packages/simple_communication/simple_communication_s__rosidl_typesupport_fastrtps_c.so" to ""
[4.474s] -- Installing: /home/jongbob/dev_ws/ros2-study/week1_ros2_basics/src/install/simple_communication/lib/python3.12/site-packages/simple_communication/simple_communication_s__rosidl_typesupport_introspection_c.so
[4.474s] -- Set non-toolchain portion of runtime path of "/home/jongbob/dev_ws/ros2-study/week1_ros2_basics/src/install/simple_communication/lib/python3.12/site-packages/simple_communication/simple_communication_s__rosidl_typesupport_introspection_c.so" to ""
[4.475s] -- Installing: /home/jongbob/dev_ws/ros2-study/week1_ros2_basics/src/install/simple_communication/lib/python3.12/site-packages/simple_communication/simple_communication_s__rosidl_typesupport_c.so
[4.475s] -- Set non-toolchain portion of runtime path of "/home/jongbob/dev_ws/ros2-study/week1_ros2_basics/src/install/simple_communication/lib/python3.12/site-packages/simple_communication/simple_communication_s__rosidl_typesupport_c.so" to ""
[4.475s] -- Installing: /home/jongbob/dev_ws/ros2-study/week1_ros2_basics/src/install/simple_communication/lib/libsimple_communication__rosidl_generator_py.so
[4.475s] -- Set non-toolchain portion of runtime path of "/home/jongbob/dev_ws/ros2-study/week1_ros2_basics/src/install/simple_communication/lib/libsimple_communication__rosidl_generator_py.so" to ""
[4.475s] -- Installing: /home/jongbob/dev_ws/ros2-study/week1_ros2_basics/src/install/simple_communication/share/simple_communication/srv/GetRobotInfo.idl
[4.475s] -- Installing: /home/jongbob/dev_ws/ros2-study/week1_ros2_basics/src/install/simple_communication/share/simple_communication/srv/GetRobotInfo.srv
[4.475s] -- Installing: /home/jongbob/dev_ws/ros2-study/week1_ros2_basics/src/install/simple_communication/share/ament_index/resource_index/package_run_dependencies/simple_communication
[4.475s] -- Installing: /home/jongbob/dev_ws/ros2-study/week1_ros2_basics/src/install/simple_communication/share/ament_index/resource_index/parent_prefix_path/simple_communication
[4.476s] -- Installing: /home/jongbob/dev_ws/ros2-study/week1_ros2_basics/src/install/simple_communication/share/simple_communication/environment/ament_prefix_path.sh
[4.476s] -- Installing: /home/jongbob/dev_ws/ros2-study/week1_ros2_basics/src/install/simple_communication/share/simple_communication/environment/ament_prefix_path.dsv
[4.476s] -- Installing: /home/jongbob/dev_ws/ros2-study/week1_ros2_basics/src/install/simple_communication/share/simple_communication/environment/path.sh
[4.476s] -- Installing: /home/jongbob/dev_ws/ros2-study/week1_ros2_basics/src/install/simple_communication/share/simple_communication/environment/path.dsv
[4.476s] -- Installing: /home/jongbob/dev_ws/ros2-study/week1_ros2_basics/src/install/simple_communication/share/simple_communication/local_setup.bash
[4.476s] -- Installing: /home/jongbob/dev_ws/ros2-study/week1_ros2_basics/src/install/simple_communication/share/simple_communication/local_setup.sh
[4.476s] -- Installing: /home/jongbob/dev_ws/ros2-study/week1_ros2_basics/src/install/simple_communication/share/simple_communication/local_setup.zsh
[4.476s] -- Installing: /home/jongbob/dev_ws/ros2-study/week1_ros2_basics/src/install/simple_communication/share/simple_communication/local_setup.dsv
[4.476s] -- Installing: /home/jongbob/dev_ws/ros2-study/week1_ros2_basics/src/install/simple_communication/share/simple_communication/package.dsv
[4.476s] -- Installing: /home/jongbob/dev_ws/ros2-study/week1_ros2_basics/src/install/simple_communication/share/ament_index/resource_index/packages/simple_communication
[4.476s] -- Installing: /home/jongbob/dev_ws/ros2-study/week1_ros2_basics/src/install/simple_communication/share/simple_communication/cmake/export_simple_communication__rosidl_generator_cExport.cmake
[4.476s] -- Installing: /home/jongbob/dev_ws/ros2-study/week1_ros2_basics/src/install/simple_communication/share/simple_communication/cmake/export_simple_communication__rosidl_generator_cExport-noconfig.cmake
[4.477s] -- Installing: /home/jongbob/dev_ws/ros2-study/week1_ros2_basics/src/install/simple_communication/share/simple_communication/cmake/export_simple_communication__rosidl_typesupport_fastrtps_cExport.cmake
[4.477s] -- Installing: /home/jongbob/dev_ws/ros2-study/week1_ros2_basics/src/install/simple_communication/share/simple_communication/cmake/export_simple_communication__rosidl_typesupport_fastrtps_cExport-noconfig.cmake
[4.477s] -- Installing: /home/jongbob/dev_ws/ros2-study/week1_ros2_basics/src/install/simple_communication/share/simple_communication/cmake/simple_communication__rosidl_typesupport_introspection_cExport.cmake
[4.477s] -- Installing: /home/jongbob/dev_ws/ros2-study/week1_ros2_basics/src/install/simple_communication/share/simple_communication/cmake/simple_communication__rosidl_typesupport_introspection_cExport-noconfig.cmake
[4.477s] -- Installing: /home/jongbob/dev_ws/ros2-study/week1_ros2_basics/src/install/simple_communication/share/simple_communication/cmake/simple_communication__rosidl_typesupport_cExport.cmake
[4.477s] -- Installing: /home/jongbob/dev_ws/ros2-study/week1_ros2_basics/src/install/simple_communication/share/simple_communication/cmake/simple_communication__rosidl_typesupport_cExport-noconfig.cmake
[4.477s] -- Installing: /home/jongbob/dev_ws/ros2-study/week1_ros2_basics/src/install/simple_communication/share/simple_communication/cmake/export_simple_communication__rosidl_generator_cppExport.cmake
[4.477s] -- Installing: /home/jongbob/dev_ws/ros2-study/week1_ros2_basics/src/install/simple_communication/share/simple_communication/cmake/export_simple_communication__rosidl_typesupport_fastrtps_cppExport.cmake
[4.477s] -- Installing: /home/jongbob/dev_ws/ros2-study/week1_ros2_basics/src/install/simple_communication/share/simple_communication/cmake/export_simple_communication__rosidl_typesupport_fastrtps_cppExport-noconfig.cmake
[4.477s] -- Installing: /home/jongbob/dev_ws/ros2-study/week1_ros2_basics/src/install/simple_communication/share/simple_communication/cmake/simple_communication__rosidl_typesupport_introspection_cppExport.cmake
[4.478s] -- Installing: /home/jongbob/dev_ws/ros2-study/week1_ros2_basics/src/install/simple_communication/share/simple_communication/cmake/simple_communication__rosidl_typesupport_introspection_cppExport-noconfig.cmake
[4.478s] -- Installing: /home/jongbob/dev_ws/ros2-study/week1_ros2_basics/src/install/simple_communication/share/simple_communication/cmake/simple_communication__rosidl_typesupport_cppExport.cmake
[4.478s] -- Installing: /home/jongbob/dev_ws/ros2-study/week1_ros2_basics/src/install/simple_communication/share/simple_communication/cmake/simple_communication__rosidl_typesupport_cppExport-noconfig.cmake
[4.478s] -- Installing: /home/jongbob/dev_ws/ros2-study/week1_ros2_basics/src/install/simple_communication/share/simple_communication/cmake/export_simple_communication__rosidl_generator_pyExport.cmake
[4.478s] -- Installing: /home/jongbob/dev_ws/ros2-study/week1_ros2_basics/src/install/simple_communication/share/simple_communication/cmake/export_simple_communication__rosidl_generator_pyExport-noconfig.cmake
[4.478s] -- Installing: /home/jongbob/dev_ws/ros2-study/week1_ros2_basics/src/install/simple_communication/share/simple_communication/cmake/rosidl_cmake-extras.cmake
[4.478s] -- Installing: /home/jongbob/dev_ws/ros2-study/week1_ros2_basics/src/install/simple_communication/share/simple_communication/cmake/ament_cmake_export_dependencies-extras.cmake
[4.478s] -- Installing: /home/jongbob/dev_ws/ros2-study/week1_ros2_basics/src/install/simple_communication/share/simple_communication/cmake/ament_cmake_export_include_directories-extras.cmake
[4.478s] -- Installing: /home/jongbob/dev_ws/ros2-study/week1_ros2_basics/src/install/simple_communication/share/simple_communication/cmake/ament_cmake_export_libraries-extras.cmake
[4.478s] -- Installing: /home/jongbob/dev_ws/ros2-study/week1_ros2_basics/src/install/simple_communication/share/simple_communication/cmake/ament_cmake_export_targets-extras.cmake
[4.478s] -- Installing: /home/jongbob/dev_ws/ros2-study/week1_ros2_basics/src/install/simple_communication/share/simple_communication/cmake/rosidl_cmake_export_typesupport_targets-extras.cmake
[4.478s] -- Installing: /home/jongbob/dev_ws/ros2-study/week1_ros2_basics/src/install/simple_communication/share/simple_communication/cmake/rosidl_cmake_export_typesupport_libraries-extras.cmake
[4.478s] -- Installing: /home/jongbob/dev_ws/ros2-study/week1_ros2_basics/src/install/simple_communication/share/simple_communication/cmake/simple_communicationConfig.cmake
[4.478s] -- Installing: /home/jongbob/dev_ws/ros2-study/week1_ros2_basics/src/install/simple_communication/share/simple_communication/cmake/simple_communicationConfig-version.cmake
[4.479s] -- Installing: /home/jongbob/dev_ws/ros2-study/week1_ros2_basics/src/install/simple_communication/share/simple_communication/package.xml
[4.480s] Invoked command in '/home/jongbob/dev_ws/ros2-study/week1_ros2_basics/src/build/simple_communication' returned '0': DEBUGINFOD_URLS=https://debuginfod.ubuntu.com PS1=(arm_venv) \[\e[1;34m\](ID: ${ROS_DOMAIN_ID:-0})\[\e[1;32m\]\u\[\e[0m\]:\[\e[1;34m\]\w\[\e[0m\]$ VIRTUAL_ENV_PROMPT=(arm_venv) /usr/bin/cmake --install /home/jongbob/dev_ws/ros2-study/week1_ros2_basics/src/build/simple_communication
