[0.171s] Invoking command in '/home/jongbob/dev_ws/ros2-study/week2_slam/build/vicpinky_navigation': CMAKE_PREFIX_PATH=/home/jongbob/dev_ws/ros2-study/week2_slam/install/vicpinky_navigation:/home/jongbob/dev_ws/ros2-study/week2_slam/install/vicpinky_gazebo:/home/jongbob/dev_ws/ros2-study/week2_slam/install/vicpinky_description:/home/jongbob/dev_ws/ros2-study/week1_ros2_basics/install/vicpinky_navigation:/home/jongbob/dev_ws/ros2-study/week1_ros2_basics/install/vicpinky_gazebo:/home/jongbob/dev_ws/ros2-study/week1_ros2_basics/install/vicpinky_description:/home/jongbob/dev_ws/ros2-study/week1_ros2_basics/install/sllidar_ros2:/home/jongbob/dev_ws/ros2-study/week2_slam/install/vicpinky_bringup:/home/jongbob/dev_ws/ros2-study/week1_ros2_basics/install/vicpinky_bringup:/home/jongbob/dev_ws/ros2-study/week1_ros2_basics/install/robot_communication:/opt/ros/jazzy:/home/jongbob/dev_ws/ros2-study/week1_ros2_basics/install/simple_communication:/opt/ros/jazzy/opt/gz_sim_vendor:/opt/ros/jazzy/opt/gz_sensors_vendor:/opt/ros/jazzy/opt/gz_physics_vendor:/opt/ros/jazzy/opt/sdformat_vendor:/opt/ros/jazzy/opt/gz_gui_vendor:/opt/ros/jazzy/opt/gz_transport_vendor:/opt/ros/jazzy/opt/gz_rendering_vendor:/opt/ros/jazzy/opt/gz_plugin_vendor:/opt/ros/jazzy/opt/gz_fuel_tools_vendor:/opt/ros/jazzy/opt/gz_msgs_vendor:/opt/ros/jazzy/opt/gz_common_vendor:/opt/ros/jazzy/opt/gz_math_vendor:/opt/ros/jazzy/opt/gz_utils_vendor:/opt/ros/jazzy/opt/gz_tools_vendor:/opt/ros/jazzy/opt/gz_ogre_next_vendor:/opt/ros/jazzy/opt/gz_dartsim_vendor:/opt/ros/jazzy/opt/gz_cmake_vendor DEBUGINFOD_URLS=https://debuginfod.ubuntu.com /usr/bin/cmake /home/jongbob/dev_ws/ros2-study/week2_slam/src/vic_pinky_VSLAM/vicpinky_navigation -DCMAKE_INSTALL_PREFIX=/home/jongbob/dev_ws/ros2-study/week2_slam/install/vicpinky_navigation
[0.212s] -- The C compiler identification is GNU 13.3.0
[0.254s] -- The CXX compiler identification is GNU 13.3.0
[0.265s] -- Detecting C compiler ABI info
[0.329s] -- Detecting C compiler ABI info - done
[0.340s] -- Check for working C compiler: /usr/bin/cc - skipped
[0.340s] -- Detecting C compile features
[0.341s] -- Detecting C compile features - done
[0.347s] -- Detecting CXX compiler ABI info
[0.445s] -- Detecting CXX compiler ABI info - done
[0.455s] -- Check for working CXX compiler: /usr/bin/c++ - skipped
[0.456s] -- Detecting CXX compile features
[0.456s] -- Detecting CXX compile features - done
[0.456s] -- Found ament_cmake: 2.5.4 (/opt/ros/jazzy/share/ament_cmake/cmake)
[0.587s] -- Found Python3: /usr/bin/python3 (found version "3.12.3") found components: Interpreter 
[0.685s] -- Found ament_lint_auto: 0.17.3 (/opt/ros/jazzy/share/ament_lint_auto/cmake)
[0.772s] -- Found slam_toolbox: 2.8.3 (/opt/ros/jazzy/share/slam_toolbox/cmake)
[0.803s] -- Found rosidl_generator_c: 4.6.6 (/opt/ros/jazzy/share/rosidl_generator_c/cmake)
[0.813s] -- Found rosidl_generator_cpp: 4.6.6 (/opt/ros/jazzy/share/rosidl_generator_cpp/cmake)
[0.825s] -- Using all available rosidl_typesupport_c: rosidl_typesupport_fastrtps_c;rosidl_typesupport_introspection_c
[0.839s] -- Using all available rosidl_typesupport_cpp: rosidl_typesupport_fastrtps_cpp;rosidl_typesupport_introspection_cpp
[1.019s] -- Found rmw_implementation_cmake: 7.3.2 (/opt/ros/jazzy/share/rmw_implementation_cmake/cmake)
[1.021s] -- Found rmw_fastrtps_cpp: 8.4.3 (/opt/ros/jazzy/share/rmw_fastrtps_cpp/cmake)
[1.089s] -- Found OpenSSL: /usr/lib/x86_64-linux-gnu/libcrypto.so (found version "3.0.13")  
[1.110s] -- Found FastRTPS: /opt/ros/jazzy/include (Required is at least version "2.13") 
[1.133s] -- Using RMW implementation 'rmw_fastrtps_cpp' as default
[1.330s] -- Found eigen3_cmake_module: 0.3.0 (/opt/ros/jazzy/share/eigen3_cmake_module/cmake)
[1.331s] -- Found Eigen3: TRUE (found version "3.4.0") 
[1.331s] -- Ensuring Eigen3 include directory is part of orocos-kdl CMake target
[1.412s] -- Setting OGRE_DIR to: '/opt/ros/jazzy/share/rviz_ogre_vendor/cmake/../../../opt/rviz_ogre_vendor/lib/OGRE/cmake'
[1.412s] -- Found OGRE
[1.412s] --   static     : OFF
[1.413s] --   components : MeshLodGenerator;Overlay;Paging;Property;RTShaderSystem;Terrain;Volume
[1.413s] --   plugins    : Plugin_BSPSceneManager;Plugin_OctreeSceneManager;Plugin_PCZSceneManager;Plugin_ParticleFX;RenderSystem_GL;RenderSystem_GL3Plus;Codec_STBI
[1.413s] --   media      : /opt/ros/jazzy/opt/rviz_ogre_vendor/share/OGRE/Media
[1.413s] -- OGRE_LIBRARIES: OgreMeshLodGenerator;OgreOverlay;OgrePaging;OgreProperty;OgreRTShaderSystem;OgreTerrain;OgreVolume;OgreMain
[1.413s] -- OGRE_LIBRARY_DIRS: /opt/ros/jazzy/opt/rviz_ogre_vendor/lib
[1.413s] -- OGRE_PLUGINS: Plugin_BSPSceneManager;Plugin_OctreeSceneManager;Plugin_PCZSceneManager;Plugin_ParticleFX;RenderSystem_GL;RenderSystem_GL3Plus;Codec_STBI
[1.413s] -- OGRE_PLUGIN_DIR: /opt/ros/jazzy/opt/rviz_ogre_vendor/lib/OGRE
[1.413s] -- rviz_ogre_vendor::OgreOverlay for IMPORTED_LOCATION_RELEASE: /opt/ros/jazzy/opt/rviz_ogre_vendor/lib/libOgreOverlay.so
[1.413s] -- rviz_ogre_vendor::OgreOverlay for IMPORTED_LOCATION_DEBUG: /opt/ros/jazzy/opt/rviz_ogre_vendor/lib/libOgreOverlay.so
[1.413s] -- rviz_ogre_vendor::OgreMain for IMPORTED_LOCATION_RELEASE: /opt/ros/jazzy/opt/rviz_ogre_vendor/lib/libOgreMain.so
[1.413s] -- rviz_ogre_vendor::OgreMain for IMPORTED_LOCATION_DEBUG: /opt/ros/jazzy/opt/rviz_ogre_vendor/lib/libOgreMain.so
[1.435s] -- Found ZLIB: /usr/lib/x86_64-linux-gnu/libz.so (found version "1.3")  
[1.444s] -- Found OpenGL: /usr/lib/x86_64-linux-gnu/libOpenGL.so   
[1.562s] -- Found X11: /usr/include   
[1.562s] -- Looking for XOpenDisplay in /usr/lib/x86_64-linux-gnu/libX11.so;/usr/lib/x86_64-linux-gnu/libXext.so
[1.633s] -- Looking for XOpenDisplay in /usr/lib/x86_64-linux-gnu/libX11.so;/usr/lib/x86_64-linux-gnu/libXext.so - found
[1.633s] -- Looking for gethostbyname
[1.692s] -- Looking for gethostbyname - found
[1.692s] -- Looking for connect
[1.761s] -- Looking for connect - found
[1.761s] -- Looking for remove
[1.837s] -- Looking for remove - found
[1.837s] -- Looking for shmat
[1.908s] -- Looking for shmat - found
[1.908s] -- Looking for IceConnectionNumber in ICE
[1.970s] -- Looking for IceConnectionNumber in ICE - found
[1.982s] -- Setting yaml-cpp_DIR to: '/opt/ros/jazzy/share/yaml_cpp_vendor/cmake/../../../opt/yaml_cpp_vendor/share/cmake/yaml-cpp'
[2.064s] -- Added test 'lint_cmake' to check CMake code style
[2.065s] -- Added test 'xmllint' to check XML markup files
[2.067s] -- Configuring done (1.9s)
[2.071s] -- Generating done (0.0s)
[2.073s] -- Build files have been written to: /home/jongbob/dev_ws/ros2-study/week2_slam/build/vicpinky_navigation
[2.083s] Invoked command in '/home/jongbob/dev_ws/ros2-study/week2_slam/build/vicpinky_navigation' returned '0': CMAKE_PREFIX_PATH=/home/jongbob/dev_ws/ros2-study/week2_slam/install/vicpinky_navigation:/home/jongbob/dev_ws/ros2-study/week2_slam/install/vicpinky_gazebo:/home/jongbob/dev_ws/ros2-study/week2_slam/install/vicpinky_description:/home/jongbob/dev_ws/ros2-study/week1_ros2_basics/install/vicpinky_navigation:/home/jongbob/dev_ws/ros2-study/week1_ros2_basics/install/vicpinky_gazebo:/home/jongbob/dev_ws/ros2-study/week1_ros2_basics/install/vicpinky_description:/home/jongbob/dev_ws/ros2-study/week1_ros2_basics/install/sllidar_ros2:/home/jongbob/dev_ws/ros2-study/week2_slam/install/vicpinky_bringup:/home/jongbob/dev_ws/ros2-study/week1_ros2_basics/install/vicpinky_bringup:/home/jongbob/dev_ws/ros2-study/week1_ros2_basics/install/robot_communication:/opt/ros/jazzy:/home/jongbob/dev_ws/ros2-study/week1_ros2_basics/install/simple_communication:/opt/ros/jazzy/opt/gz_sim_vendor:/opt/ros/jazzy/opt/gz_sensors_vendor:/opt/ros/jazzy/opt/gz_physics_vendor:/opt/ros/jazzy/opt/sdformat_vendor:/opt/ros/jazzy/opt/gz_gui_vendor:/opt/ros/jazzy/opt/gz_transport_vendor:/opt/ros/jazzy/opt/gz_rendering_vendor:/opt/ros/jazzy/opt/gz_plugin_vendor:/opt/ros/jazzy/opt/gz_fuel_tools_vendor:/opt/ros/jazzy/opt/gz_msgs_vendor:/opt/ros/jazzy/opt/gz_common_vendor:/opt/ros/jazzy/opt/gz_math_vendor:/opt/ros/jazzy/opt/gz_utils_vendor:/opt/ros/jazzy/opt/gz_tools_vendor:/opt/ros/jazzy/opt/gz_ogre_next_vendor:/opt/ros/jazzy/opt/gz_dartsim_vendor:/opt/ros/jazzy/opt/gz_cmake_vendor DEBUGINFOD_URLS=https://debuginfod.ubuntu.com /usr/bin/cmake /home/jongbob/dev_ws/ros2-study/week2_slam/src/vic_pinky_VSLAM/vicpinky_navigation -DCMAKE_INSTALL_PREFIX=/home/jongbob/dev_ws/ros2-study/week2_slam/install/vicpinky_navigation
[2.084s] Invoking command in '/home/jongbob/dev_ws/ros2-study/week2_slam/build/vicpinky_navigation': CMAKE_PREFIX_PATH=/home/jongbob/dev_ws/ros2-study/week2_slam/install/vicpinky_navigation:/home/jongbob/dev_ws/ros2-study/week2_slam/install/vicpinky_gazebo:/home/jongbob/dev_ws/ros2-study/week2_slam/install/vicpinky_description:/home/jongbob/dev_ws/ros2-study/week1_ros2_basics/install/vicpinky_navigation:/home/jongbob/dev_ws/ros2-study/week1_ros2_basics/install/vicpinky_gazebo:/home/jongbob/dev_ws/ros2-study/week1_ros2_basics/install/vicpinky_description:/home/jongbob/dev_ws/ros2-study/week1_ros2_basics/install/sllidar_ros2:/home/jongbob/dev_ws/ros2-study/week2_slam/install/vicpinky_bringup:/home/jongbob/dev_ws/ros2-study/week1_ros2_basics/install/vicpinky_bringup:/home/jongbob/dev_ws/ros2-study/week1_ros2_basics/install/robot_communication:/opt/ros/jazzy:/home/jongbob/dev_ws/ros2-study/week1_ros2_basics/install/simple_communication:/opt/ros/jazzy/opt/gz_sim_vendor:/opt/ros/jazzy/opt/gz_sensors_vendor:/opt/ros/jazzy/opt/gz_physics_vendor:/opt/ros/jazzy/opt/sdformat_vendor:/opt/ros/jazzy/opt/gz_gui_vendor:/opt/ros/jazzy/opt/gz_transport_vendor:/opt/ros/jazzy/opt/gz_rendering_vendor:/opt/ros/jazzy/opt/gz_plugin_vendor:/opt/ros/jazzy/opt/gz_fuel_tools_vendor:/opt/ros/jazzy/opt/gz_msgs_vendor:/opt/ros/jazzy/opt/gz_common_vendor:/opt/ros/jazzy/opt/gz_math_vendor:/opt/ros/jazzy/opt/gz_utils_vendor:/opt/ros/jazzy/opt/gz_tools_vendor:/opt/ros/jazzy/opt/gz_ogre_next_vendor:/opt/ros/jazzy/opt/gz_dartsim_vendor:/opt/ros/jazzy/opt/gz_cmake_vendor DEBUGINFOD_URLS=https://debuginfod.ubuntu.com /usr/bin/cmake --build /home/jongbob/dev_ws/ros2-study/week2_slam/build/vicpinky_navigation -- -j8 -l8
[2.122s] Invoked command in '/home/jongbob/dev_ws/ros2-study/week2_slam/build/vicpinky_navigation' returned '0': CMAKE_PREFIX_PATH=/home/jongbob/dev_ws/ros2-study/week2_slam/install/vicpinky_navigation:/home/jongbob/dev_ws/ros2-study/week2_slam/install/vicpinky_gazebo:/home/jongbob/dev_ws/ros2-study/week2_slam/install/vicpinky_description:/home/jongbob/dev_ws/ros2-study/week1_ros2_basics/install/vicpinky_navigation:/home/jongbob/dev_ws/ros2-study/week1_ros2_basics/install/vicpinky_gazebo:/home/jongbob/dev_ws/ros2-study/week1_ros2_basics/install/vicpinky_description:/home/jongbob/dev_ws/ros2-study/week1_ros2_basics/install/sllidar_ros2:/home/jongbob/dev_ws/ros2-study/week2_slam/install/vicpinky_bringup:/home/jongbob/dev_ws/ros2-study/week1_ros2_basics/install/vicpinky_bringup:/home/jongbob/dev_ws/ros2-study/week1_ros2_basics/install/robot_communication:/opt/ros/jazzy:/home/jongbob/dev_ws/ros2-study/week1_ros2_basics/install/simple_communication:/opt/ros/jazzy/opt/gz_sim_vendor:/opt/ros/jazzy/opt/gz_sensors_vendor:/opt/ros/jazzy/opt/gz_physics_vendor:/opt/ros/jazzy/opt/sdformat_vendor:/opt/ros/jazzy/opt/gz_gui_vendor:/opt/ros/jazzy/opt/gz_transport_vendor:/opt/ros/jazzy/opt/gz_rendering_vendor:/opt/ros/jazzy/opt/gz_plugin_vendor:/opt/ros/jazzy/opt/gz_fuel_tools_vendor:/opt/ros/jazzy/opt/gz_msgs_vendor:/opt/ros/jazzy/opt/gz_common_vendor:/opt/ros/jazzy/opt/gz_math_vendor:/opt/ros/jazzy/opt/gz_utils_vendor:/opt/ros/jazzy/opt/gz_tools_vendor:/opt/ros/jazzy/opt/gz_ogre_next_vendor:/opt/ros/jazzy/opt/gz_dartsim_vendor:/opt/ros/jazzy/opt/gz_cmake_vendor DEBUGINFOD_URLS=https://debuginfod.ubuntu.com /usr/bin/cmake --build /home/jongbob/dev_ws/ros2-study/week2_slam/build/vicpinky_navigation -- -j8 -l8
[2.123s] Invoking command in '/home/jongbob/dev_ws/ros2-study/week2_slam/build/vicpinky_navigation': CMAKE_PREFIX_PATH=/home/jongbob/dev_ws/ros2-study/week2_slam/install/vicpinky_navigation:/home/jongbob/dev_ws/ros2-study/week2_slam/install/vicpinky_gazebo:/home/jongbob/dev_ws/ros2-study/week2_slam/install/vicpinky_description:/home/jongbob/dev_ws/ros2-study/week1_ros2_basics/install/vicpinky_navigation:/home/jongbob/dev_ws/ros2-study/week1_ros2_basics/install/vicpinky_gazebo:/home/jongbob/dev_ws/ros2-study/week1_ros2_basics/install/vicpinky_description:/home/jongbob/dev_ws/ros2-study/week1_ros2_basics/install/sllidar_ros2:/home/jongbob/dev_ws/ros2-study/week2_slam/install/vicpinky_bringup:/home/jongbob/dev_ws/ros2-study/week1_ros2_basics/install/vicpinky_bringup:/home/jongbob/dev_ws/ros2-study/week1_ros2_basics/install/robot_communication:/opt/ros/jazzy:/home/jongbob/dev_ws/ros2-study/week1_ros2_basics/install/simple_communication:/opt/ros/jazzy/opt/gz_sim_vendor:/opt/ros/jazzy/opt/gz_sensors_vendor:/opt/ros/jazzy/opt/gz_physics_vendor:/opt/ros/jazzy/opt/sdformat_vendor:/opt/ros/jazzy/opt/gz_gui_vendor:/opt/ros/jazzy/opt/gz_transport_vendor:/opt/ros/jazzy/opt/gz_rendering_vendor:/opt/ros/jazzy/opt/gz_plugin_vendor:/opt/ros/jazzy/opt/gz_fuel_tools_vendor:/opt/ros/jazzy/opt/gz_msgs_vendor:/opt/ros/jazzy/opt/gz_common_vendor:/opt/ros/jazzy/opt/gz_math_vendor:/opt/ros/jazzy/opt/gz_utils_vendor:/opt/ros/jazzy/opt/gz_tools_vendor:/opt/ros/jazzy/opt/gz_ogre_next_vendor:/opt/ros/jazzy/opt/gz_dartsim_vendor:/opt/ros/jazzy/opt/gz_cmake_vendor DEBUGINFOD_URLS=https://debuginfod.ubuntu.com /usr/bin/cmake --install /home/jongbob/dev_ws/ros2-study/week2_slam/build/vicpinky_navigation
[2.130s] -- Install configuration: ""
[2.130s] -- Installing: /home/jongbob/dev_ws/ros2-study/week2_slam/install/vicpinky_navigation/share/vicpinky_navigation/launch
[2.130s] -- Installing: /home/jongbob/dev_ws/ros2-study/week2_slam/install/vicpinky_navigation/share/vicpinky_navigation/launch/map_building.launch.xml
[2.130s] -- Installing: /home/jongbob/dev_ws/ros2-study/week2_slam/install/vicpinky_navigation/share/vicpinky_navigation/launch/map_view.launch.xml
[2.130s] -- Installing: /home/jongbob/dev_ws/ros2-study/week2_slam/install/vicpinky_navigation/share/vicpinky_navigation/launch/nav2_view.launch.xml
[2.130s] -- Installing: /home/jongbob/dev_ws/ros2-study/week2_slam/install/vicpinky_navigation/share/vicpinky_navigation/launch/navigation_launch.xml
[2.130s] -- Installing: /home/jongbob/dev_ws/ros2-study/week2_slam/install/vicpinky_navigation/share/vicpinky_navigation/launch/localization_launch.xml
[2.131s] -- Installing: /home/jongbob/dev_ws/ros2-study/week2_slam/install/vicpinky_navigation/share/vicpinky_navigation/launch/bringup_launch.xml
[2.131s] -- Installing: /home/jongbob/dev_ws/ros2-study/week2_slam/install/vicpinky_navigation/share/vicpinky_navigation/map
[2.131s] -- Installing: /home/jongbob/dev_ws/ros2-study/week2_slam/install/vicpinky_navigation/share/vicpinky_navigation/map/factory.pgm
[2.131s] -- Installing: /home/jongbob/dev_ws/ros2-study/week2_slam/install/vicpinky_navigation/share/vicpinky_navigation/map/factory2.yaml
[2.131s] -- Installing: /home/jongbob/dev_ws/ros2-study/week2_slam/install/vicpinky_navigation/share/vicpinky_navigation/map/pinklab.yaml
[2.131s] -- Installing: /home/jongbob/dev_ws/ros2-study/week2_slam/install/vicpinky_navigation/share/vicpinky_navigation/map/factory.yaml
[2.131s] -- Installing: /home/jongbob/dev_ws/ros2-study/week2_slam/install/vicpinky_navigation/share/vicpinky_navigation/map/pinklab.png
[2.131s] -- Installing: /home/jongbob/dev_ws/ros2-study/week2_slam/install/vicpinky_navigation/share/vicpinky_navigation/map/factory2.pgm
[2.131s] -- Installing: /home/jongbob/dev_ws/ros2-study/week2_slam/install/vicpinky_navigation/share/vicpinky_navigation/params
[2.131s] -- Installing: /home/jongbob/dev_ws/ros2-study/week2_slam/install/vicpinky_navigation/share/vicpinky_navigation/params/mapper_params.yaml
[2.132s] -- Installing: /home/jongbob/dev_ws/ros2-study/week2_slam/install/vicpinky_navigation/share/vicpinky_navigation/params/nav2_params.yaml
[2.132s] -- Installing: /home/jongbob/dev_ws/ros2-study/week2_slam/install/vicpinky_navigation/share/vicpinky_navigation/rviz
[2.132s] -- Installing: /home/jongbob/dev_ws/ros2-study/week2_slam/install/vicpinky_navigation/share/vicpinky_navigation/rviz/nav2_view.rviz
[2.132s] -- Installing: /home/jongbob/dev_ws/ros2-study/week2_slam/install/vicpinky_navigation/share/vicpinky_navigation/rviz/map_view.rviz
[2.132s] -- Installing: /home/jongbob/dev_ws/ros2-study/week2_slam/install/vicpinky_navigation/share/ament_index/resource_index/package_run_dependencies/vicpinky_navigation
[2.132s] -- Installing: /home/jongbob/dev_ws/ros2-study/week2_slam/install/vicpinky_navigation/share/ament_index/resource_index/parent_prefix_path/vicpinky_navigation
[2.132s] -- Installing: /home/jongbob/dev_ws/ros2-study/week2_slam/install/vicpinky_navigation/share/vicpinky_navigation/environment/ament_prefix_path.sh
[2.132s] -- Installing: /home/jongbob/dev_ws/ros2-study/week2_slam/install/vicpinky_navigation/share/vicpinky_navigation/environment/ament_prefix_path.dsv
[2.132s] -- Installing: /home/jongbob/dev_ws/ros2-study/week2_slam/install/vicpinky_navigation/share/vicpinky_navigation/environment/path.sh
[2.132s] -- Installing: /home/jongbob/dev_ws/ros2-study/week2_slam/install/vicpinky_navigation/share/vicpinky_navigation/environment/path.dsv
[2.132s] -- Installing: /home/jongbob/dev_ws/ros2-study/week2_slam/install/vicpinky_navigation/share/vicpinky_navigation/local_setup.bash
[2.132s] -- Installing: /home/jongbob/dev_ws/ros2-study/week2_slam/install/vicpinky_navigation/share/vicpinky_navigation/local_setup.sh
[2.132s] -- Installing: /home/jongbob/dev_ws/ros2-study/week2_slam/install/vicpinky_navigation/share/vicpinky_navigation/local_setup.zsh
[2.132s] -- Installing: /home/jongbob/dev_ws/ros2-study/week2_slam/install/vicpinky_navigation/share/vicpinky_navigation/local_setup.dsv
[2.132s] -- Installing: /home/jongbob/dev_ws/ros2-study/week2_slam/install/vicpinky_navigation/share/vicpinky_navigation/package.dsv
[2.133s] -- Installing: /home/jongbob/dev_ws/ros2-study/week2_slam/install/vicpinky_navigation/share/ament_index/resource_index/packages/vicpinky_navigation
[2.133s] -- Installing: /home/jongbob/dev_ws/ros2-study/week2_slam/install/vicpinky_navigation/share/vicpinky_navigation/cmake/vicpinky_navigationConfig.cmake
[2.133s] -- Installing: /home/jongbob/dev_ws/ros2-study/week2_slam/install/vicpinky_navigation/share/vicpinky_navigation/cmake/vicpinky_navigationConfig-version.cmake
[2.133s] -- Installing: /home/jongbob/dev_ws/ros2-study/week2_slam/install/vicpinky_navigation/share/vicpinky_navigation/package.xml
[2.134s] Invoked command in '/home/jongbob/dev_ws/ros2-study/week2_slam/build/vicpinky_navigation' returned '0': CMAKE_PREFIX_PATH=/home/jongbob/dev_ws/ros2-study/week2_slam/install/vicpinky_navigation:/home/jongbob/dev_ws/ros2-study/week2_slam/install/vicpinky_gazebo:/home/jongbob/dev_ws/ros2-study/week2_slam/install/vicpinky_description:/home/jongbob/dev_ws/ros2-study/week1_ros2_basics/install/vicpinky_navigation:/home/jongbob/dev_ws/ros2-study/week1_ros2_basics/install/vicpinky_gazebo:/home/jongbob/dev_ws/ros2-study/week1_ros2_basics/install/vicpinky_description:/home/jongbob/dev_ws/ros2-study/week1_ros2_basics/install/sllidar_ros2:/home/jongbob/dev_ws/ros2-study/week2_slam/install/vicpinky_bringup:/home/jongbob/dev_ws/ros2-study/week1_ros2_basics/install/vicpinky_bringup:/home/jongbob/dev_ws/ros2-study/week1_ros2_basics/install/robot_communication:/opt/ros/jazzy:/home/jongbob/dev_ws/ros2-study/week1_ros2_basics/install/simple_communication:/opt/ros/jazzy/opt/gz_sim_vendor:/opt/ros/jazzy/opt/gz_sensors_vendor:/opt/ros/jazzy/opt/gz_physics_vendor:/opt/ros/jazzy/opt/sdformat_vendor:/opt/ros/jazzy/opt/gz_gui_vendor:/opt/ros/jazzy/opt/gz_transport_vendor:/opt/ros/jazzy/opt/gz_rendering_vendor:/opt/ros/jazzy/opt/gz_plugin_vendor:/opt/ros/jazzy/opt/gz_fuel_tools_vendor:/opt/ros/jazzy/opt/gz_msgs_vendor:/opt/ros/jazzy/opt/gz_common_vendor:/opt/ros/jazzy/opt/gz_math_vendor:/opt/ros/jazzy/opt/gz_utils_vendor:/opt/ros/jazzy/opt/gz_tools_vendor:/opt/ros/jazzy/opt/gz_ogre_next_vendor:/opt/ros/jazzy/opt/gz_dartsim_vendor:/opt/ros/jazzy/opt/gz_cmake_vendor DEBUGINFOD_URLS=https://debuginfod.ubuntu.com /usr/bin/cmake --install /home/jongbob/dev_ws/ros2-study/week2_slam/build/vicpinky_navigation
