[0.175s] Invoking command in '/home/jongbob/dev_ws/ros2-study/week1_ros2_basics/build/simple_communication': DEBUGINFOD_URLS=https://debuginfod.ubuntu.com PS1=(arm_venv) \[\e[1;34m\](ID: ${ROS_DOMAIN_ID:-0})\[\e[1;32m\]\u\[\e[0m\]:\[\e[1;34m\]\w\[\e[0m\]$ VIRTUAL_ENV_PROMPT=(arm_venv) /usr/bin/cmake --build /home/jongbob/dev_ws/ros2-study/week1_ros2_basics/build/simple_communication -- -j8 -l8
[0.398s] [  2%] Built target simple_communication__rosidl_generator_type_description
[0.399s] [  2%] Built target ament_cmake_python_copy_simple_communication
[0.399s] [  5%] Built target simple_communication__cpp
[0.399s] [ 20%] Built target simple_communication__rosidl_generator_c
[0.399s] [ 29%] Built target simple_communication__rosidl_typesupport_introspection_cpp
[0.399s] [ 38%] Built target simple_communication__rosidl_typesupport_fastrtps_c
[0.399s] [ 47%] Built target simple_communication__rosidl_typesupport_fastrtps_cpp
[0.399s] [ 55%] Built target simple_communication__rosidl_typesupport_c
[0.399s] [ 64%] Built target simple_communication__rosidl_typesupport_cpp
[0.399s] [ 73%] Built target simple_communication__rosidl_typesupport_introspection_c
[0.399s] [ 73%] Built target simple_communication
[0.400s] [ 76%] Built target simple_communication__py
[0.400s] [ 82%] Built target simple_communication__rosidl_generator_py
[0.400s] [ 88%] Built target simple_communication_s__rosidl_typesupport_fastrtps_c
[0.400s] [ 94%] Built target simple_communication_s__rosidl_typesupport_c
[0.400s] [100%] Built target simple_communication_s__rosidl_typesupport_introspection_c
[0.515s] running egg_info
[0.539s] writing simple_communication.egg-info/PKG-INFO
[0.540s] writing dependency_links to simple_communication.egg-info/dependency_links.txt
[0.540s] writing top-level names to simple_communication.egg-info/top_level.txt
[0.615s] reading manifest file 'simple_communication.egg-info/SOURCES.txt'
[0.616s] writing manifest file 'simple_communication.egg-info/SOURCES.txt'
[0.640s] [100%] Built target ament_cmake_python_build_simple_communication_egg
[0.648s] Invoked command in '/home/jongbob/dev_ws/ros2-study/week1_ros2_basics/build/simple_communication' returned '0': DEBUGINFOD_URLS=https://debuginfod.ubuntu.com PS1=(arm_venv) \[\e[1;34m\](ID: ${ROS_DOMAIN_ID:-0})\[\e[1;32m\]\u\[\e[0m\]:\[\e[1;34m\]\w\[\e[0m\]$ VIRTUAL_ENV_PROMPT=(arm_venv) /usr/bin/cmake --build /home/jongbob/dev_ws/ros2-study/week1_ros2_basics/build/simple_communication -- -j8 -l8
[0.650s] Invoking command in '/home/jongbob/dev_ws/ros2-study/week1_ros2_basics/build/simple_communication': DEBUGINFOD_URLS=https://debuginfod.ubuntu.com PS1=(arm_venv) \[\e[1;34m\](ID: ${ROS_DOMAIN_ID:-0})\[\e[1;32m\]\u\[\e[0m\]:\[\e[1;34m\]\w\[\e[0m\]$ VIRTUAL_ENV_PROMPT=(arm_venv) /usr/bin/cmake --install /home/jongbob/dev_ws/ros2-study/week1_ros2_basics/build/simple_communication
[0.656s] -- Install configuration: ""
[0.656s] -- Up-to-date: /home/jongbob/dev_ws/ros2-study/week1_ros2_basics/install/simple_communication/share/ament_index/resource_index/rosidl_interfaces/simple_communication
[0.656s] -- Up-to-date: /home/jongbob/dev_ws/ros2-study/week1_ros2_basics/install/simple_communication/share/simple_communication/srv/GetRobotInfo.json
[0.656s] -- Up-to-date: /home/jongbob/dev_ws/ros2-study/week1_ros2_basics/install/simple_communication/include/simple_communication/simple_communication
[0.656s] -- Up-to-date: /home/jongbob/dev_ws/ros2-study/week1_ros2_basics/install/simple_communication/include/simple_communication/simple_communication/msg
[0.656s] -- Up-to-date: /home/jongbob/dev_ws/ros2-study/week1_ros2_basics/install/simple_communication/include/simple_communication/simple_communication/msg/rosidl_generator_c__visibility_control.h
[0.656s] -- Up-to-date: /home/jongbob/dev_ws/ros2-study/week1_ros2_basics/install/simple_communication/include/simple_communication/simple_communication/srv
[0.657s] -- Up-to-date: /home/jongbob/dev_ws/ros2-study/week1_ros2_basics/install/simple_communication/include/simple_communication/simple_communication/srv/get_robot_info.h
[0.657s] -- Up-to-date: /home/jongbob/dev_ws/ros2-study/week1_ros2_basics/install/simple_communication/include/simple_communication/simple_communication/srv/detail
[0.657s] -- Up-to-date: /home/jongbob/dev_ws/ros2-study/week1_ros2_basics/install/simple_communication/include/simple_communication/simple_communication/srv/detail/get_robot_info__struct.h
[0.657s] -- Up-to-date: /home/jongbob/dev_ws/ros2-study/week1_ros2_basics/install/simple_communication/include/simple_communication/simple_communication/srv/detail/get_robot_info__type_support.c
[0.657s] -- Up-to-date: /home/jongbob/dev_ws/ros2-study/week1_ros2_basics/install/simple_communication/include/simple_communication/simple_communication/srv/detail/get_robot_info__functions.c
[0.657s] -- Up-to-date: /home/jongbob/dev_ws/ros2-study/week1_ros2_basics/install/simple_communication/include/simple_communication/simple_communication/srv/detail/get_robot_info__type_support.h
[0.657s] -- Up-to-date: /home/jongbob/dev_ws/ros2-study/week1_ros2_basics/install/simple_communication/include/simple_communication/simple_communication/srv/detail/get_robot_info__description.c
[0.657s] -- Up-to-date: /home/jongbob/dev_ws/ros2-study/week1_ros2_basics/install/simple_communication/include/simple_communication/simple_communication/srv/detail/get_robot_info__functions.h
[0.657s] -- Up-to-date: /home/jongbob/dev_ws/ros2-study/week1_ros2_basics/install/simple_communication/share/simple_communication/environment/library_path.sh
[0.657s] -- Up-to-date: /home/jongbob/dev_ws/ros2-study/week1_ros2_basics/install/simple_communication/share/simple_communication/environment/library_path.dsv
[0.657s] -- Up-to-date: /home/jongbob/dev_ws/ros2-study/week1_ros2_basics/install/simple_communication/lib/libsimple_communication__rosidl_generator_c.so
[0.657s] -- Up-to-date: /home/jongbob/dev_ws/ros2-study/week1_ros2_basics/install/simple_communication/include/simple_communication/simple_communication
[0.657s] -- Up-to-date: /home/jongbob/dev_ws/ros2-study/week1_ros2_basics/install/simple_communication/include/simple_communication/simple_communication/msg
[0.657s] -- Up-to-date: /home/jongbob/dev_ws/ros2-study/week1_ros2_basics/install/simple_communication/include/simple_communication/simple_communication/msg/rosidl_typesupport_fastrtps_c__visibility_control.h
[0.657s] -- Up-to-date: /home/jongbob/dev_ws/ros2-study/week1_ros2_basics/install/simple_communication/include/simple_communication/simple_communication/srv
[0.657s] -- Up-to-date: /home/jongbob/dev_ws/ros2-study/week1_ros2_basics/install/simple_communication/include/simple_communication/simple_communication/srv/detail
[0.657s] -- Up-to-date: /home/jongbob/dev_ws/ros2-study/week1_ros2_basics/install/simple_communication/include/simple_communication/simple_communication/srv/detail/get_robot_info__rosidl_typesupport_fastrtps_c.h
[0.658s] -- Up-to-date: /home/jongbob/dev_ws/ros2-study/week1_ros2_basics/install/simple_communication/lib/libsimple_communication__rosidl_typesupport_fastrtps_c.so
[0.658s] -- Up-to-date: /home/jongbob/dev_ws/ros2-study/week1_ros2_basics/install/simple_communication/include/simple_communication/simple_communication
[0.658s] -- Up-to-date: /home/jongbob/dev_ws/ros2-study/week1_ros2_basics/install/simple_communication/include/simple_communication/simple_communication/msg
[0.658s] -- Up-to-date: /home/jongbob/dev_ws/ros2-study/week1_ros2_basics/install/simple_communication/include/simple_communication/simple_communication/msg/rosidl_typesupport_introspection_c__visibility_control.h
[0.658s] -- Up-to-date: /home/jongbob/dev_ws/ros2-study/week1_ros2_basics/install/simple_communication/include/simple_communication/simple_communication/srv
[0.658s] -- Up-to-date: /home/jongbob/dev_ws/ros2-study/week1_ros2_basics/install/simple_communication/include/simple_communication/simple_communication/srv/detail
[0.658s] -- Up-to-date: /home/jongbob/dev_ws/ros2-study/week1_ros2_basics/install/simple_communication/include/simple_communication/simple_communication/srv/detail/get_robot_info__type_support.c
[0.658s] -- Up-to-date: /home/jongbob/dev_ws/ros2-study/week1_ros2_basics/install/simple_communication/include/simple_communication/simple_communication/srv/detail/get_robot_info__rosidl_typesupport_introspection_c.h
[0.658s] -- Up-to-date: /home/jongbob/dev_ws/ros2-study/week1_ros2_basics/install/simple_communication/lib/libsimple_communication__rosidl_typesupport_introspection_c.so
[0.659s] -- Up-to-date: /home/jongbob/dev_ws/ros2-study/week1_ros2_basics/install/simple_communication/lib/libsimple_communication__rosidl_typesupport_c.so
[0.659s] -- Up-to-date: /home/jongbob/dev_ws/ros2-study/week1_ros2_basics/install/simple_communication/include/simple_communication/simple_communication
[0.659s] -- Up-to-date: /home/jongbob/dev_ws/ros2-study/week1_ros2_basics/install/simple_communication/include/simple_communication/simple_communication/msg
[0.659s] -- Up-to-date: /home/jongbob/dev_ws/ros2-study/week1_ros2_basics/install/simple_communication/include/simple_communication/simple_communication/msg/rosidl_generator_cpp__visibility_control.hpp
[0.659s] -- Up-to-date: /home/jongbob/dev_ws/ros2-study/week1_ros2_basics/install/simple_communication/include/simple_communication/simple_communication/srv
[0.659s] -- Up-to-date: /home/jongbob/dev_ws/ros2-study/week1_ros2_basics/install/simple_communication/include/simple_communication/simple_communication/srv/detail
[0.659s] -- Up-to-date: /home/jongbob/dev_ws/ros2-study/week1_ros2_basics/install/simple_communication/include/simple_communication/simple_communication/srv/detail/get_robot_info__builder.hpp
[0.659s] -- Up-to-date: /home/jongbob/dev_ws/ros2-study/week1_ros2_basics/install/simple_communication/include/simple_communication/simple_communication/srv/detail/get_robot_info__traits.hpp
[0.659s] -- Up-to-date: /home/jongbob/dev_ws/ros2-study/week1_ros2_basics/install/simple_communication/include/simple_communication/simple_communication/srv/detail/get_robot_info__type_support.hpp
[0.659s] -- Up-to-date: /home/jongbob/dev_ws/ros2-study/week1_ros2_basics/install/simple_communication/include/simple_communication/simple_communication/srv/detail/get_robot_info__struct.hpp
[0.659s] -- Up-to-date: /home/jongbob/dev_ws/ros2-study/week1_ros2_basics/install/simple_communication/include/simple_communication/simple_communication/srv/get_robot_info.hpp
[0.659s] -- Up-to-date: /home/jongbob/dev_ws/ros2-study/week1_ros2_basics/install/simple_communication/include/simple_communication/simple_communication
[0.659s] -- Up-to-date: /home/jongbob/dev_ws/ros2-study/week1_ros2_basics/install/simple_communication/include/simple_communication/simple_communication/msg
[0.659s] -- Up-to-date: /home/jongbob/dev_ws/ros2-study/week1_ros2_basics/install/simple_communication/include/simple_communication/simple_communication/msg/rosidl_typesupport_fastrtps_cpp__visibility_control.h
[0.659s] -- Up-to-date: /home/jongbob/dev_ws/ros2-study/week1_ros2_basics/install/simple_communication/include/simple_communication/simple_communication/srv
[0.659s] -- Up-to-date: /home/jongbob/dev_ws/ros2-study/week1_ros2_basics/install/simple_communication/include/simple_communication/simple_communication/srv/detail
[0.659s] -- Up-to-date: /home/jongbob/dev_ws/ros2-study/week1_ros2_basics/install/simple_communication/include/simple_communication/simple_communication/srv/detail/dds_fastrtps
[0.659s] -- Up-to-date: /home/jongbob/dev_ws/ros2-study/week1_ros2_basics/install/simple_communication/include/simple_communication/simple_communication/srv/detail/get_robot_info__rosidl_typesupport_fastrtps_cpp.hpp
[0.660s] -- Up-to-date: /home/jongbob/dev_ws/ros2-study/week1_ros2_basics/install/simple_communication/lib/libsimple_communication__rosidl_typesupport_fastrtps_cpp.so
[0.660s] -- Up-to-date: /home/jongbob/dev_ws/ros2-study/week1_ros2_basics/install/simple_communication/include/simple_communication/simple_communication
[0.660s] -- Up-to-date: /home/jongbob/dev_ws/ros2-study/week1_ros2_basics/install/simple_communication/include/simple_communication/simple_communication/srv
[0.660s] -- Up-to-date: /home/jongbob/dev_ws/ros2-study/week1_ros2_basics/install/simple_communication/include/simple_communication/simple_communication/srv/detail
[0.660s] -- Up-to-date: /home/jongbob/dev_ws/ros2-study/week1_ros2_basics/install/simple_communication/include/simple_communication/simple_communication/srv/detail/get_robot_info__rosidl_typesupport_introspection_cpp.hpp
[0.660s] -- Up-to-date: /home/jongbob/dev_ws/ros2-study/week1_ros2_basics/install/simple_communication/include/simple_communication/simple_communication/srv/detail/get_robot_info__type_support.cpp
[0.660s] -- Up-to-date: /home/jongbob/dev_ws/ros2-study/week1_ros2_basics/install/simple_communication/lib/libsimple_communication__rosidl_typesupport_introspection_cpp.so
[0.661s] -- Up-to-date: /home/jongbob/dev_ws/ros2-study/week1_ros2_basics/install/simple_communication/lib/libsimple_communication__rosidl_typesupport_cpp.so
[0.661s] -- Up-to-date: /home/jongbob/dev_ws/ros2-study/week1_ros2_basics/install/simple_communication/share/simple_communication/environment/pythonpath.sh
[0.661s] -- Up-to-date: /home/jongbob/dev_ws/ros2-study/week1_ros2_basics/install/simple_communication/share/simple_communication/environment/pythonpath.dsv
[0.661s] -- Up-to-date: /home/jongbob/dev_ws/ros2-study/week1_ros2_basics/install/simple_communication/lib/python3.12/site-packages/simple_communication-0.0.0-py3.12.egg-info
[0.661s] -- Installing: /home/jongbob/dev_ws/ros2-study/week1_ros2_basics/install/simple_communication/lib/python3.12/site-packages/simple_communication-0.0.0-py3.12.egg-info/dependency_links.txt
[0.661s] -- Installing: /home/jongbob/dev_ws/ros2-study/week1_ros2_basics/install/simple_communication/lib/python3.12/site-packages/simple_communication-0.0.0-py3.12.egg-info/SOURCES.txt
[0.661s] -- Installing: /home/jongbob/dev_ws/ros2-study/week1_ros2_basics/install/simple_communication/lib/python3.12/site-packages/simple_communication-0.0.0-py3.12.egg-info/top_level.txt
[0.661s] -- Installing: /home/jongbob/dev_ws/ros2-study/week1_ros2_basics/install/simple_communication/lib/python3.12/site-packages/simple_communication-0.0.0-py3.12.egg-info/PKG-INFO
[0.661s] -- Up-to-date: /home/jongbob/dev_ws/ros2-study/week1_ros2_basics/install/simple_communication/lib/python3.12/site-packages/simple_communication
[0.661s] -- Up-to-date: /home/jongbob/dev_ws/ros2-study/week1_ros2_basics/install/simple_communication/lib/python3.12/site-packages/simple_communication/_simple_communication_s.ep.rosidl_typesupport_c.c
[0.662s] -- Up-to-date: /home/jongbob/dev_ws/ros2-study/week1_ros2_basics/install/simple_communication/lib/python3.12/site-packages/simple_communication/__init__.py
[0.662s] -- Up-to-date: /home/jongbob/dev_ws/ros2-study/week1_ros2_basics/install/simple_communication/lib/python3.12/site-packages/simple_communication/simple_communication_s__rosidl_typesupport_fastrtps_c.so
[0.662s] -- Up-to-date: /home/jongbob/dev_ws/ros2-study/week1_ros2_basics/install/simple_communication/lib/python3.12/site-packages/simple_communication/_simple_communication_s.ep.rosidl_typesupport_fastrtps_c.c
[0.662s] -- Up-to-date: /home/jongbob/dev_ws/ros2-study/week1_ros2_basics/install/simple_communication/lib/python3.12/site-packages/simple_communication/simple_communication_s__rosidl_typesupport_c.so
[0.662s] -- Up-to-date: /home/jongbob/dev_ws/ros2-study/week1_ros2_basics/install/simple_communication/lib/python3.12/site-packages/simple_communication/srv
[0.662s] -- Up-to-date: /home/jongbob/dev_ws/ros2-study/week1_ros2_basics/install/simple_communication/lib/python3.12/site-packages/simple_communication/srv/_get_robot_info.py
[0.662s] -- Up-to-date: /home/jongbob/dev_ws/ros2-study/week1_ros2_basics/install/simple_communication/lib/python3.12/site-packages/simple_communication/srv/__init__.py
[0.662s] -- Up-to-date: /home/jongbob/dev_ws/ros2-study/week1_ros2_basics/install/simple_communication/lib/python3.12/site-packages/simple_communication/srv/_get_robot_info_s.c
[0.662s] -- Up-to-date: /home/jongbob/dev_ws/ros2-study/week1_ros2_basics/install/simple_communication/lib/python3.12/site-packages/simple_communication/simple_communication_s__rosidl_typesupport_introspection_c.so
[0.662s] -- Up-to-date: /home/jongbob/dev_ws/ros2-study/week1_ros2_basics/install/simple_communication/lib/python3.12/site-packages/simple_communication/_simple_communication_s.ep.rosidl_typesupport_introspection_c.c
[0.687s] Listing '/home/jongbob/dev_ws/ros2-study/week1_ros2_basics/install/simple_communication/lib/python3.12/site-packages/simple_communication'...
[0.687s] Listing '/home/jongbob/dev_ws/ros2-study/week1_ros2_basics/install/simple_communication/lib/python3.12/site-packages/simple_communication/srv'...
[0.692s] -- Up-to-date: /home/jongbob/dev_ws/ros2-study/week1_ros2_basics/install/simple_communication/lib/python3.12/site-packages/simple_communication/simple_communication_s__rosidl_typesupport_fastrtps_c.so
[0.692s] -- Up-to-date: /home/jongbob/dev_ws/ros2-study/week1_ros2_basics/install/simple_communication/lib/python3.12/site-packages/simple_communication/simple_communication_s__rosidl_typesupport_introspection_c.so
[0.693s] -- Up-to-date: /home/jongbob/dev_ws/ros2-study/week1_ros2_basics/install/simple_communication/lib/python3.12/site-packages/simple_communication/simple_communication_s__rosidl_typesupport_c.so
[0.694s] -- Up-to-date: /home/jongbob/dev_ws/ros2-study/week1_ros2_basics/install/simple_communication/lib/libsimple_communication__rosidl_generator_py.so
[0.694s] -- Up-to-date: /home/jongbob/dev_ws/ros2-study/week1_ros2_basics/install/simple_communication/share/simple_communication/srv/GetRobotInfo.idl
[0.694s] -- Up-to-date: /home/jongbob/dev_ws/ros2-study/week1_ros2_basics/install/simple_communication/share/simple_communication/srv/GetRobotInfo.srv
[0.694s] -- Up-to-date: /home/jongbob/dev_ws/ros2-study/week1_ros2_basics/install/simple_communication/share/ament_index/resource_index/package_run_dependencies/simple_communication
[0.694s] -- Up-to-date: /home/jongbob/dev_ws/ros2-study/week1_ros2_basics/install/simple_communication/share/ament_index/resource_index/parent_prefix_path/simple_communication
[0.694s] -- Up-to-date: /home/jongbob/dev_ws/ros2-study/week1_ros2_basics/install/simple_communication/share/simple_communication/environment/ament_prefix_path.sh
[0.694s] -- Up-to-date: /home/jongbob/dev_ws/ros2-study/week1_ros2_basics/install/simple_communication/share/simple_communication/environment/ament_prefix_path.dsv
[0.694s] -- Up-to-date: /home/jongbob/dev_ws/ros2-study/week1_ros2_basics/install/simple_communication/share/simple_communication/environment/path.sh
[0.694s] -- Up-to-date: /home/jongbob/dev_ws/ros2-study/week1_ros2_basics/install/simple_communication/share/simple_communication/environment/path.dsv
[0.694s] -- Up-to-date: /home/jongbob/dev_ws/ros2-study/week1_ros2_basics/install/simple_communication/share/simple_communication/local_setup.bash
[0.695s] -- Up-to-date: /home/jongbob/dev_ws/ros2-study/week1_ros2_basics/install/simple_communication/share/simple_communication/local_setup.sh
[0.695s] -- Up-to-date: /home/jongbob/dev_ws/ros2-study/week1_ros2_basics/install/simple_communication/share/simple_communication/local_setup.zsh
[0.695s] -- Up-to-date: /home/jongbob/dev_ws/ros2-study/week1_ros2_basics/install/simple_communication/share/simple_communication/local_setup.dsv
[0.695s] -- Installing: /home/jongbob/dev_ws/ros2-study/week1_ros2_basics/install/simple_communication/share/simple_communication/package.dsv
[0.695s] -- Up-to-date: /home/jongbob/dev_ws/ros2-study/week1_ros2_basics/install/simple_communication/share/ament_index/resource_index/packages/simple_communication
[0.695s] -- Up-to-date: /home/jongbob/dev_ws/ros2-study/week1_ros2_basics/install/simple_communication/share/simple_communication/cmake/export_simple_communication__rosidl_generator_cExport.cmake
[0.695s] -- Up-to-date: /home/jongbob/dev_ws/ros2-study/week1_ros2_basics/install/simple_communication/share/simple_communication/cmake/export_simple_communication__rosidl_generator_cExport-noconfig.cmake
[0.696s] -- Up-to-date: /home/jongbob/dev_ws/ros2-study/week1_ros2_basics/install/simple_communication/share/simple_communication/cmake/export_simple_communication__rosidl_typesupport_fastrtps_cExport.cmake
[0.696s] -- Up-to-date: /home/jongbob/dev_ws/ros2-study/week1_ros2_basics/install/simple_communication/share/simple_communication/cmake/export_simple_communication__rosidl_typesupport_fastrtps_cExport-noconfig.cmake
[0.696s] -- Up-to-date: /home/jongbob/dev_ws/ros2-study/week1_ros2_basics/install/simple_communication/share/simple_communication/cmake/simple_communication__rosidl_typesupport_introspection_cExport.cmake
[0.696s] -- Up-to-date: /home/jongbob/dev_ws/ros2-study/week1_ros2_basics/install/simple_communication/share/simple_communication/cmake/simple_communication__rosidl_typesupport_introspection_cExport-noconfig.cmake
[0.696s] -- Up-to-date: /home/jongbob/dev_ws/ros2-study/week1_ros2_basics/install/simple_communication/share/simple_communication/cmake/simple_communication__rosidl_typesupport_cExport.cmake
[0.696s] -- Up-to-date: /home/jongbob/dev_ws/ros2-study/week1_ros2_basics/install/simple_communication/share/simple_communication/cmake/simple_communication__rosidl_typesupport_cExport-noconfig.cmake
[0.697s] -- Up-to-date: /home/jongbob/dev_ws/ros2-study/week1_ros2_basics/install/simple_communication/share/simple_communication/cmake/export_simple_communication__rosidl_generator_cppExport.cmake
[0.697s] -- Up-to-date: /home/jongbob/dev_ws/ros2-study/week1_ros2_basics/install/simple_communication/share/simple_communication/cmake/export_simple_communication__rosidl_typesupport_fastrtps_cppExport.cmake
[0.697s] -- Up-to-date: /home/jongbob/dev_ws/ros2-study/week1_ros2_basics/install/simple_communication/share/simple_communication/cmake/export_simple_communication__rosidl_typesupport_fastrtps_cppExport-noconfig.cmake
[0.697s] -- Up-to-date: /home/jongbob/dev_ws/ros2-study/week1_ros2_basics/install/simple_communication/share/simple_communication/cmake/simple_communication__rosidl_typesupport_introspection_cppExport.cmake
[0.697s] -- Up-to-date: /home/jongbob/dev_ws/ros2-study/week1_ros2_basics/install/simple_communication/share/simple_communication/cmake/simple_communication__rosidl_typesupport_introspection_cppExport-noconfig.cmake
[0.697s] -- Up-to-date: /home/jongbob/dev_ws/ros2-study/week1_ros2_basics/install/simple_communication/share/simple_communication/cmake/simple_communication__rosidl_typesupport_cppExport.cmake
[0.698s] -- Up-to-date: /home/jongbob/dev_ws/ros2-study/week1_ros2_basics/install/simple_communication/share/simple_communication/cmake/simple_communication__rosidl_typesupport_cppExport-noconfig.cmake
[0.698s] -- Up-to-date: /home/jongbob/dev_ws/ros2-study/week1_ros2_basics/install/simple_communication/share/simple_communication/cmake/export_simple_communication__rosidl_generator_pyExport.cmake
[0.698s] -- Up-to-date: /home/jongbob/dev_ws/ros2-study/week1_ros2_basics/install/simple_communication/share/simple_communication/cmake/export_simple_communication__rosidl_generator_pyExport-noconfig.cmake
[0.698s] -- Up-to-date: /home/jongbob/dev_ws/ros2-study/week1_ros2_basics/install/simple_communication/share/simple_communication/cmake/rosidl_cmake-extras.cmake
[0.698s] -- Up-to-date: /home/jongbob/dev_ws/ros2-study/week1_ros2_basics/install/simple_communication/share/simple_communication/cmake/ament_cmake_export_dependencies-extras.cmake
[0.698s] -- Up-to-date: /home/jongbob/dev_ws/ros2-study/week1_ros2_basics/install/simple_communication/share/simple_communication/cmake/ament_cmake_export_include_directories-extras.cmake
[0.698s] -- Up-to-date: /home/jongbob/dev_ws/ros2-study/week1_ros2_basics/install/simple_communication/share/simple_communication/cmake/ament_cmake_export_libraries-extras.cmake
[0.698s] -- Up-to-date: /home/jongbob/dev_ws/ros2-study/week1_ros2_basics/install/simple_communication/share/simple_communication/cmake/ament_cmake_export_targets-extras.cmake
[0.698s] -- Up-to-date: /home/jongbob/dev_ws/ros2-study/week1_ros2_basics/install/simple_communication/share/simple_communication/cmake/rosidl_cmake_export_typesupport_targets-extras.cmake
[0.698s] -- Up-to-date: /home/jongbob/dev_ws/ros2-study/week1_ros2_basics/install/simple_communication/share/simple_communication/cmake/rosidl_cmake_export_typesupport_libraries-extras.cmake
[0.698s] -- Up-to-date: /home/jongbob/dev_ws/ros2-study/week1_ros2_basics/install/simple_communication/share/simple_communication/cmake/simple_communicationConfig.cmake
[0.699s] -- Up-to-date: /home/jongbob/dev_ws/ros2-study/week1_ros2_basics/install/simple_communication/share/simple_communication/cmake/simple_communicationConfig-version.cmake
[0.699s] -- Up-to-date: /home/jongbob/dev_ws/ros2-study/week1_ros2_basics/install/simple_communication/share/simple_communication/package.xml
[0.701s] Invoked command in '/home/jongbob/dev_ws/ros2-study/week1_ros2_basics/build/simple_communication' returned '0': DEBUGINFOD_URLS=https://debuginfod.ubuntu.com PS1=(arm_venv) \[\e[1;34m\](ID: ${ROS_DOMAIN_ID:-0})\[\e[1;32m\]\u\[\e[0m\]:\[\e[1;34m\]\w\[\e[0m\]$ VIRTUAL_ENV_PROMPT=(arm_venv) /usr/bin/cmake --install /home/jongbob/dev_ws/ros2-study/week1_ros2_basics/build/simple_communication
