-- Install configuration: ""
-- Up-to-date: /home/jongbob/dev_ws/ros2-study/week1_ros2_basics/install/vicpinky_description/share/vicpinky_description/rviz
-- Up-to-date: /home/jongbob/dev_ws/ros2-study/week1_ros2_basics/install/vicpinky_description/share/vicpinky_description/rviz/urdf_config.rviz
-- Up-to-date: /home/jongbob/dev_ws/ros2-study/week1_ros2_basics/install/vicpinky_description/share/vicpinky_description/urdf
-- Up-to-date: /home/jongbob/dev_ws/ros2-study/week1_ros2_basics/install/vicpinky_description/share/vicpinky_description/urdf/inertial_macros.xacro
-- Up-to-date: /home/jongbob/dev_ws/ros2-study/week1_ros2_basics/install/vicpinky_description/share/vicpinky_description/urdf/robot_core.xacro
-- Up-to-date: /home/jongbob/dev_ws/ros2-study/week1_ros2_basics/install/vicpinky_description/share/vicpinky_description/urdf/camera.xacro
-- Up-to-date: /home/jongbob/dev_ws/ros2-study/week1_ros2_basics/install/vicpinky_description/share/vicpinky_description/urdf/robot.urdf.xacro
-- Up-to-date: /home/jongbob/dev_ws/ros2-study/week1_ros2_basics/install/vicpinky_description/share/vicpinky_description/urdf/lidar.xacro
-- Up-to-date: /home/jongbob/dev_ws/ros2-study/week1_ros2_basics/install/vicpinky_description/share/vicpinky_description/urdf/gazebo_control.xacro
-- Up-to-date: /home/jongbob/dev_ws/ros2-study/week1_ros2_basics/install/vicpinky_description/share/vicpinky_description/urdf/robot_gazebo.xacro
-- Up-to-date: /home/jongbob/dev_ws/ros2-study/week1_ros2_basics/install/vicpinky_description/share/vicpinky_description/launch
-- Up-to-date: /home/jongbob/dev_ws/ros2-study/week1_ros2_basics/install/vicpinky_description/share/vicpinky_description/launch/display.launch.xml
-- Up-to-date: /home/jongbob/dev_ws/ros2-study/week1_ros2_basics/install/vicpinky_description/share/vicpinky_description/launch/upload.launch.xml
-- Up-to-date: /home/jongbob/dev_ws/ros2-study/week1_ros2_basics/install/vicpinky_description/share/vicpinky_description/meshes
-- Up-to-date: /home/jongbob/dev_ws/ros2-study/week1_ros2_basics/install/vicpinky_description/share/vicpinky_description/meshes/collision
-- Up-to-date: /home/jongbob/dev_ws/ros2-study/week1_ros2_basics/install/vicpinky_description/share/vicpinky_description/meshes/collision/lidar.stl
-- Up-to-date: /home/jongbob/dev_ws/ros2-study/week1_ros2_basics/install/vicpinky_description/share/vicpinky_description/meshes/visual
-- Up-to-date: /home/jongbob/dev_ws/ros2-study/week1_ros2_basics/install/vicpinky_description/share/vicpinky_description/meshes/visual/lidar.dae
-- Up-to-date: /home/jongbob/dev_ws/ros2-study/week1_ros2_basics/install/vicpinky_description/share/ament_index/resource_index/package_run_dependencies/vicpinky_description
-- Up-to-date: /home/jongbob/dev_ws/ros2-study/week1_ros2_basics/install/vicpinky_description/share/ament_index/resource_index/parent_prefix_path/vicpinky_description
-- Up-to-date: /home/jongbob/dev_ws/ros2-study/week1_ros2_basics/install/vicpinky_description/share/vicpinky_description/environment/ament_prefix_path.sh
-- Up-to-date: /home/jongbob/dev_ws/ros2-study/week1_ros2_basics/install/vicpinky_description/share/vicpinky_description/environment/ament_prefix_path.dsv
-- Up-to-date: /home/jongbob/dev_ws/ros2-study/week1_ros2_basics/install/vicpinky_description/share/vicpinky_description/environment/path.sh
-- Up-to-date: /home/jongbob/dev_ws/ros2-study/week1_ros2_basics/install/vicpinky_description/share/vicpinky_description/environment/path.dsv
-- Up-to-date: /home/jongbob/dev_ws/ros2-study/week1_ros2_basics/install/vicpinky_description/share/vicpinky_description/local_setup.bash
-- Up-to-date: /home/jongbob/dev_ws/ros2-study/week1_ros2_basics/install/vicpinky_description/share/vicpinky_description/local_setup.sh
-- Up-to-date: /home/jongbob/dev_ws/ros2-study/week1_ros2_basics/install/vicpinky_description/share/vicpinky_description/local_setup.zsh
-- Up-to-date: /home/jongbob/dev_ws/ros2-study/week1_ros2_basics/install/vicpinky_description/share/vicpinky_description/local_setup.dsv
-- Installing: /home/jongbob/dev_ws/ros2-study/week1_ros2_basics/install/vicpinky_description/share/vicpinky_description/package.dsv
-- Up-to-date: /home/jongbob/dev_ws/ros2-study/week1_ros2_basics/install/vicpinky_description/share/ament_index/resource_index/packages/vicpinky_description
-- Up-to-date: /home/jongbob/dev_ws/ros2-study/week1_ros2_basics/install/vicpinky_description/share/vicpinky_description/cmake/vicpinky_descriptionConfig.cmake
-- Up-to-date: /home/jongbob/dev_ws/ros2-study/week1_ros2_basics/install/vicpinky_description/share/vicpinky_description/cmake/vicpinky_descriptionConfig-version.cmake
-- Up-to-date: /home/jongbob/dev_ws/ros2-study/week1_ros2_basics/install/vicpinky_description/share/vicpinky_description/package.xml
