[0.346s] Invoking command in '/home/jongbob/dev_ws/ros2-study/week1_ros2_basics/build/vicpinky_navigation': CMAKE_PREFIX_PATH=${CMAKE_PREFIX_PATH}:/opt/ros/jazzy DEBUGINFOD_URLS=https://debuginfod.ubuntu.com PS1=(arm_venv) \[\e[1;34m\](ID: ${ROS_DOMAIN_ID:-0})\[\e[1;32m\]\u\[\e[0m\]:\[\e[1;34m\]\w\[\e[0m\]$ VIRTUAL_ENV_PROMPT=(arm_venv) /usr/bin/cmake --build /home/jongbob/dev_ws/ros2-study/week1_ros2_basics/build/vicpinky_navigation -- -j8 -l8
[0.399s] Invoked command in '/home/jongbob/dev_ws/ros2-study/week1_ros2_basics/build/vicpinky_navigation' returned '0': CMAKE_PREFIX_PATH=${CMAKE_PREFIX_PATH}:/opt/ros/jazzy DEBUGINFOD_URLS=https://debuginfod.ubuntu.com PS1=(arm_venv) \[\e[1;34m\](ID: ${ROS_DOMAIN_ID:-0})\[\e[1;32m\]\u\[\e[0m\]:\[\e[1;34m\]\w\[\e[0m\]$ VIRTUAL_ENV_PROMPT=(arm_venv) /usr/bin/cmake --build /home/jongbob/dev_ws/ros2-study/week1_ros2_basics/build/vicpinky_navigation -- -j8 -l8
[0.400s] Invoking command in '/home/jongbob/dev_ws/ros2-study/week1_ros2_basics/build/vicpinky_navigation': CMAKE_PREFIX_PATH=${CMAKE_PREFIX_PATH}:/opt/ros/jazzy DEBUGINFOD_URLS=https://debuginfod.ubuntu.com PS1=(arm_venv) \[\e[1;34m\](ID: ${ROS_DOMAIN_ID:-0})\[\e[1;32m\]\u\[\e[0m\]:\[\e[1;34m\]\w\[\e[0m\]$ VIRTUAL_ENV_PROMPT=(arm_venv) /usr/bin/cmake --install /home/jongbob/dev_ws/ros2-study/week1_ros2_basics/build/vicpinky_navigation
[0.409s] -- Install configuration: ""
[0.409s] -- Up-to-date: /home/jongbob/dev_ws/ros2-study/week1_ros2_basics/install/vicpinky_navigation/share/vicpinky_navigation/launch
[0.409s] -- Up-to-date: /home/jongbob/dev_ws/ros2-study/week1_ros2_basics/install/vicpinky_navigation/share/vicpinky_navigation/launch/map_building.launch.xml
[0.410s] -- Up-to-date: /home/jongbob/dev_ws/ros2-study/week1_ros2_basics/install/vicpinky_navigation/share/vicpinky_navigation/launch/map_view.launch.xml
[0.410s] -- Up-to-date: /home/jongbob/dev_ws/ros2-study/week1_ros2_basics/install/vicpinky_navigation/share/vicpinky_navigation/launch/nav2_view.launch.xml
[0.410s] -- Up-to-date: /home/jongbob/dev_ws/ros2-study/week1_ros2_basics/install/vicpinky_navigation/share/vicpinky_navigation/launch/navigation_launch.xml
[0.410s] -- Up-to-date: /home/jongbob/dev_ws/ros2-study/week1_ros2_basics/install/vicpinky_navigation/share/vicpinky_navigation/launch/localization_launch.xml
[0.410s] -- Up-to-date: /home/jongbob/dev_ws/ros2-study/week1_ros2_basics/install/vicpinky_navigation/share/vicpinky_navigation/launch/bringup_launch.xml
[0.410s] -- Up-to-date: /home/jongbob/dev_ws/ros2-study/week1_ros2_basics/install/vicpinky_navigation/share/vicpinky_navigation/map
[0.410s] -- Up-to-date: /home/jongbob/dev_ws/ros2-study/week1_ros2_basics/install/vicpinky_navigation/share/vicpinky_navigation/map/factory.pgm
[0.410s] -- Up-to-date: /home/jongbob/dev_ws/ros2-study/week1_ros2_basics/install/vicpinky_navigation/share/vicpinky_navigation/map/factory2.yaml
[0.410s] -- Up-to-date: /home/jongbob/dev_ws/ros2-study/week1_ros2_basics/install/vicpinky_navigation/share/vicpinky_navigation/map/pinklab.yaml
[0.410s] -- Up-to-date: /home/jongbob/dev_ws/ros2-study/week1_ros2_basics/install/vicpinky_navigation/share/vicpinky_navigation/map/factory.yaml
[0.410s] -- Up-to-date: /home/jongbob/dev_ws/ros2-study/week1_ros2_basics/install/vicpinky_navigation/share/vicpinky_navigation/map/pinklab.png
[0.410s] -- Up-to-date: /home/jongbob/dev_ws/ros2-study/week1_ros2_basics/install/vicpinky_navigation/share/vicpinky_navigation/map/factory2.pgm
[0.410s] -- Up-to-date: /home/jongbob/dev_ws/ros2-study/week1_ros2_basics/install/vicpinky_navigation/share/vicpinky_navigation/params
[0.410s] -- Up-to-date: /home/jongbob/dev_ws/ros2-study/week1_ros2_basics/install/vicpinky_navigation/share/vicpinky_navigation/params/mapper_params.yaml
[0.410s] -- Up-to-date: /home/jongbob/dev_ws/ros2-study/week1_ros2_basics/install/vicpinky_navigation/share/vicpinky_navigation/params/nav2_params.yaml
[0.410s] -- Up-to-date: /home/jongbob/dev_ws/ros2-study/week1_ros2_basics/install/vicpinky_navigation/share/vicpinky_navigation/rviz
[0.411s] -- Up-to-date: /home/jongbob/dev_ws/ros2-study/week1_ros2_basics/install/vicpinky_navigation/share/vicpinky_navigation/rviz/nav2_view.rviz
[0.411s] -- Installing: /home/jongbob/dev_ws/ros2-study/week1_ros2_basics/install/vicpinky_navigation/share/vicpinky_navigation/rviz/map_view.rviz
[0.411s] -- Up-to-date: /home/jongbob/dev_ws/ros2-study/week1_ros2_basics/install/vicpinky_navigation/share/ament_index/resource_index/package_run_dependencies/vicpinky_navigation
[0.411s] -- Up-to-date: /home/jongbob/dev_ws/ros2-study/week1_ros2_basics/install/vicpinky_navigation/share/ament_index/resource_index/parent_prefix_path/vicpinky_navigation
[0.411s] -- Up-to-date: /home/jongbob/dev_ws/ros2-study/week1_ros2_basics/install/vicpinky_navigation/share/vicpinky_navigation/environment/ament_prefix_path.sh
[0.411s] -- Up-to-date: /home/jongbob/dev_ws/ros2-study/week1_ros2_basics/install/vicpinky_navigation/share/vicpinky_navigation/environment/ament_prefix_path.dsv
[0.411s] -- Up-to-date: /home/jongbob/dev_ws/ros2-study/week1_ros2_basics/install/vicpinky_navigation/share/vicpinky_navigation/environment/path.sh
[0.412s] -- Up-to-date: /home/jongbob/dev_ws/ros2-study/week1_ros2_basics/install/vicpinky_navigation/share/vicpinky_navigation/environment/path.dsv
[0.412s] -- Up-to-date: /home/jongbob/dev_ws/ros2-study/week1_ros2_basics/install/vicpinky_navigation/share/vicpinky_navigation/local_setup.bash
[0.412s] -- Up-to-date: /home/jongbob/dev_ws/ros2-study/week1_ros2_basics/install/vicpinky_navigation/share/vicpinky_navigation/local_setup.sh
[0.412s] -- Up-to-date: /home/jongbob/dev_ws/ros2-study/week1_ros2_basics/install/vicpinky_navigation/share/vicpinky_navigation/local_setup.zsh
[0.412s] -- Up-to-date: /home/jongbob/dev_ws/ros2-study/week1_ros2_basics/install/vicpinky_navigation/share/vicpinky_navigation/local_setup.dsv
[0.412s] -- Installing: /home/jongbob/dev_ws/ros2-study/week1_ros2_basics/install/vicpinky_navigation/share/vicpinky_navigation/package.dsv
[0.412s] -- Up-to-date: /home/jongbob/dev_ws/ros2-study/week1_ros2_basics/install/vicpinky_navigation/share/ament_index/resource_index/packages/vicpinky_navigation
[0.412s] -- Up-to-date: /home/jongbob/dev_ws/ros2-study/week1_ros2_basics/install/vicpinky_navigation/share/vicpinky_navigation/cmake/vicpinky_navigationConfig.cmake
[0.412s] -- Up-to-date: /home/jongbob/dev_ws/ros2-study/week1_ros2_basics/install/vicpinky_navigation/share/vicpinky_navigation/cmake/vicpinky_navigationConfig-version.cmake
[0.412s] -- Up-to-date: /home/jongbob/dev_ws/ros2-study/week1_ros2_basics/install/vicpinky_navigation/share/vicpinky_navigation/package.xml
[0.414s] Invoked command in '/home/jongbob/dev_ws/ros2-study/week1_ros2_basics/build/vicpinky_navigation' returned '0': CMAKE_PREFIX_PATH=${CMAKE_PREFIX_PATH}:/opt/ros/jazzy DEBUGINFOD_URLS=https://debuginfod.ubuntu.com PS1=(arm_venv) \[\e[1;34m\](ID: ${ROS_DOMAIN_ID:-0})\[\e[1;32m\]\u\[\e[0m\]:\[\e[1;34m\]\w\[\e[0m\]$ VIRTUAL_ENV_PROMPT=(arm_venv) /usr/bin/cmake --install /home/jongbob/dev_ws/ros2-study/week1_ros2_basics/build/vicpinky_navigation
