[0.953s] Invoking command in '/home/jongbob/dev_ws/ros2-study/week1_ros2_basics/src/simple_communication': DEBUGINFOD_URLS=https://debuginfod.ubuntu.com PS1=(arm_venv) \[\e[1;34m\](ID: ${ROS_DOMAIN_ID:-0})\[\e[1;32m\]\u\[\e[0m\]:\[\e[1;34m\]\w\[\e[0m\]$ PYTHONPATH=/home/jongbob/dev_ws/ros2-study/week1_ros2_basics/build/simple_communication/prefix_override:/usr/lib/python3/dist-packages/colcon_core/task/python/colcon_distutils_commands:/home/jongbob/dev_ws/ros2-study/week1_ros2_basics/install/simple_communication/lib/python3.12/site-packages:${PYTHONPATH} VIRTUAL_ENV_PROMPT=(arm_venv) /usr/bin/python3 -W ignore:setup.py install is deprecated -W ignore:easy_install command is deprecated setup.py egg_info --egg-base ../../build/simple_communication build --build-base /home/jongbob/dev_ws/ros2-study/week1_ros2_basics/build/simple_communication/build install --record /home/jongbob/dev_ws/ros2-study/week1_ros2_basics/build/simple_communication/install.log --single-version-externally-managed install_data
[1.237s] running egg_info
[1.237s] creating ../../build/simple_communication/simple_communication.egg-info
[1.258s] writing ../../build/simple_communication/simple_communication.egg-info/PKG-INFO
[1.258s] writing dependency_links to ../../build/simple_communication/simple_communication.egg-info/dependency_links.txt
[1.258s] writing entry points to ../../build/simple_communication/simple_communication.egg-info/entry_points.txt
[1.258s] writing requirements to ../../build/simple_communication/simple_communication.egg-info/requires.txt
[1.258s] writing top-level names to ../../build/simple_communication/simple_communication.egg-info/top_level.txt
[1.258s] writing manifest file '../../build/simple_communication/simple_communication.egg-info/SOURCES.txt'
[1.301s] reading manifest file '../../build/simple_communication/simple_communication.egg-info/SOURCES.txt'
[1.301s] writing manifest file '../../build/simple_communication/simple_communication.egg-info/SOURCES.txt'
[1.302s] running build
[1.302s] running build_py
[1.302s] creating /home/jongbob/dev_ws/ros2-study/week1_ros2_basics/build/simple_communication/build
[1.302s] creating /home/jongbob/dev_ws/ros2-study/week1_ros2_basics/build/simple_communication/build/lib
[1.302s] creating /home/jongbob/dev_ws/ros2-study/week1_ros2_basics/build/simple_communication/build/lib/simple_communication
[1.302s] copying simple_communication/__init__.py -> /home/jongbob/dev_ws/ros2-study/week1_ros2_basics/build/simple_communication/build/lib/simple_communication
[1.302s] copying simple_communication/robot_state_subcriber.py -> /home/jongbob/dev_ws/ros2-study/week1_ros2_basics/build/simple_communication/build/lib/simple_communication
[1.303s] copying simple_communication/robot_state_publisher.py -> /home/jongbob/dev_ws/ros2-study/week1_ros2_basics/build/simple_communication/build/lib/simple_communication
[1.303s] running install
[1.310s] running install_lib
[1.331s] creating /home/jongbob/dev_ws/ros2-study/week1_ros2_basics/install/simple_communication/lib/python3.12/site-packages/simple_communication
[1.331s] copying /home/jongbob/dev_ws/ros2-study/week1_ros2_basics/build/simple_communication/build/lib/simple_communication/__init__.py -> /home/jongbob/dev_ws/ros2-study/week1_ros2_basics/install/simple_communication/lib/python3.12/site-packages/simple_communication
[1.332s] copying /home/jongbob/dev_ws/ros2-study/week1_ros2_basics/build/simple_communication/build/lib/simple_communication/robot_state_subcriber.py -> /home/jongbob/dev_ws/ros2-study/week1_ros2_basics/install/simple_communication/lib/python3.12/site-packages/simple_communication
[1.332s] copying /home/jongbob/dev_ws/ros2-study/week1_ros2_basics/build/simple_communication/build/lib/simple_communication/robot_state_publisher.py -> /home/jongbob/dev_ws/ros2-study/week1_ros2_basics/install/simple_communication/lib/python3.12/site-packages/simple_communication
[1.332s] byte-compiling /home/jongbob/dev_ws/ros2-study/week1_ros2_basics/install/simple_communication/lib/python3.12/site-packages/simple_communication/__init__.py to __init__.cpython-312.pyc
[1.332s] byte-compiling /home/jongbob/dev_ws/ros2-study/week1_ros2_basics/install/simple_communication/lib/python3.12/site-packages/simple_communication/robot_state_subcriber.py to robot_state_subcriber.cpython-312.pyc
[1.333s] byte-compiling /home/jongbob/dev_ws/ros2-study/week1_ros2_basics/install/simple_communication/lib/python3.12/site-packages/simple_communication/robot_state_publisher.py to robot_state_publisher.cpython-312.pyc
[1.333s] running install_data
[1.334s] creating /home/jongbob/dev_ws/ros2-study/week1_ros2_basics/install/simple_communication/share/ament_index
[1.334s] creating /home/jongbob/dev_ws/ros2-study/week1_ros2_basics/install/simple_communication/share/ament_index/resource_index
[1.334s] creating /home/jongbob/dev_ws/ros2-study/week1_ros2_basics/install/simple_communication/share/ament_index/resource_index/packages
[1.334s] copying resource/simple_communication -> /home/jongbob/dev_ws/ros2-study/week1_ros2_basics/install/simple_communication/share/ament_index/resource_index/packages
[1.334s] copying package.xml -> /home/jongbob/dev_ws/ros2-study/week1_ros2_basics/install/simple_communication/share/simple_communication
[1.334s] running install_egg_info
[1.357s] Copying ../../build/simple_communication/simple_communication.egg-info to /home/jongbob/dev_ws/ros2-study/week1_ros2_basics/install/simple_communication/lib/python3.12/site-packages/simple_communication-0.0.0-py3.12.egg-info
[1.357s] running install_scripts
[1.501s] Installing robot_status_publisher script to /home/jongbob/dev_ws/ros2-study/week1_ros2_basics/install/simple_communication/lib/simple_communication
[1.501s] Installing robot_status_subscriber script to /home/jongbob/dev_ws/ros2-study/week1_ros2_basics/install/simple_communication/lib/simple_communication
[1.501s] writing list of installed files to '/home/jongbob/dev_ws/ros2-study/week1_ros2_basics/build/simple_communication/install.log'
[1.537s] Invoked command in '/home/jongbob/dev_ws/ros2-study/week1_ros2_basics/src/simple_communication' returned '0': DEBUGINFOD_URLS=https://debuginfod.ubuntu.com PS1=(arm_venv) \[\e[1;34m\](ID: ${ROS_DOMAIN_ID:-0})\[\e[1;32m\]\u\[\e[0m\]:\[\e[1;34m\]\w\[\e[0m\]$ PYTHONPATH=/home/jongbob/dev_ws/ros2-study/week1_ros2_basics/build/simple_communication/prefix_override:/usr/lib/python3/dist-packages/colcon_core/task/python/colcon_distutils_commands:/home/jongbob/dev_ws/ros2-study/week1_ros2_basics/install/simple_communication/lib/python3.12/site-packages:${PYTHONPATH} VIRTUAL_ENV_PROMPT=(arm_venv) /usr/bin/python3 -W ignore:setup.py install is deprecated -W ignore:easy_install command is deprecated setup.py egg_info --egg-base ../../build/simple_communication build --build-base /home/jongbob/dev_ws/ros2-study/week1_ros2_basics/build/simple_communication/build install --record /home/jongbob/dev_ws/ros2-study/week1_ros2_basics/build/simple_communication/install.log --single-version-externally-managed install_data
