-- Install configuration: ""
-- Up-to-date: /home/jongbob/dev_ws/ros2-study/week2_slam/install/vicpinky_gazebo/share/vicpinky_gazebo/launch
-- Installing: /home/jongbob/dev_ws/ros2-study/week2_slam/install/vicpinky_gazebo/share/vicpinky_gazebo/launch/launch_sim.launch.xml
-- Up-to-date: /home/jongbob/dev_ws/ros2-study/week2_slam/install/vicpinky_gazebo/share/vicpinky_gazebo/launch/spawn.launch.xml
-- Up-to-date: /home/jongbob/dev_ws/ros2-study/week2_slam/install/vicpinky_gazebo/share/vicpinky_gazebo/worlds
-- Up-to-date: /home/jongbob/dev_ws/ros2-study/week2_slam/install/vicpinky_gazebo/share/vicpinky_gazebo/worlds/factory_L1.world
-- Up-to-date: /home/jongbob/dev_ws/ros2-study/week2_slam/install/vicpinky_gazebo/share/vicpinky_gazebo/worlds/empty.world
-- Up-to-date: /home/jongbob/dev_ws/ros2-study/week2_slam/install/vicpinky_gazebo/share/vicpinky_gazebo/models
-- Up-to-date: /home/jongbob/dev_ws/ros2-study/week2_slam/install/vicpinky_gazebo/share/vicpinky_gazebo/models/img
-- Up-to-date: /home/jongbob/dev_ws/ros2-study/week2_slam/install/vicpinky_gazebo/share/vicpinky_gazebo/models/img/pinklab.jpg
-- Up-to-date: /home/jongbob/dev_ws/ros2-study/week2_slam/install/vicpinky_gazebo/share/vicpinky_gazebo/models/img/pinklab_half.jpg
-- Up-to-date: /home/jongbob/dev_ws/ros2-study/week2_slam/install/vicpinky_gazebo/share/vicpinky_gazebo/models/shelf
-- Up-to-date: /home/jongbob/dev_ws/ros2-study/week2_slam/install/vicpinky_gazebo/share/vicpinky_gazebo/models/shelf/model.sdf
-- Up-to-date: /home/jongbob/dev_ws/ros2-study/week2_slam/install/vicpinky_gazebo/share/vicpinky_gazebo/models/shelf/thumbnails
-- Up-to-date: /home/jongbob/dev_ws/ros2-study/week2_slam/install/vicpinky_gazebo/share/vicpinky_gazebo/models/shelf/thumbnails/1.png
-- Up-to-date: /home/jongbob/dev_ws/ros2-study/week2_slam/install/vicpinky_gazebo/share/vicpinky_gazebo/models/shelf/meshes
-- Up-to-date: /home/jongbob/dev_ws/ros2-study/week2_slam/install/vicpinky_gazebo/share/vicpinky_gazebo/models/shelf/meshes/Box_paper_04_1_Base_Color.png
-- Up-to-date: /home/jongbob/dev_ws/ros2-study/week2_slam/install/vicpinky_gazebo/share/vicpinky_gazebo/models/shelf/meshes/shelf_big_movai.dae
-- Up-to-date: /home/jongbob/dev_ws/ros2-study/week2_slam/install/vicpinky_gazebo/share/vicpinky_gazebo/models/shelf/model.config
-- Up-to-date: /home/jongbob/dev_ws/ros2-study/week2_slam/install/vicpinky_gazebo/share/vicpinky_gazebo/models/shelf/original_modl.sdf
-- Up-to-date: /home/jongbob/dev_ws/ros2-study/week2_slam/install/vicpinky_gazebo/share/vicpinky_gazebo/models/desk
-- Up-to-date: /home/jongbob/dev_ws/ros2-study/week2_slam/install/vicpinky_gazebo/share/vicpinky_gazebo/models/desk/model.sdf
-- Up-to-date: /home/jongbob/dev_ws/ros2-study/week2_slam/install/vicpinky_gazebo/share/vicpinky_gazebo/models/desk/thumbnails
-- Up-to-date: /home/jongbob/dev_ws/ros2-study/week2_slam/install/vicpinky_gazebo/share/vicpinky_gazebo/models/desk/thumbnails/5.png
-- Up-to-date: /home/jongbob/dev_ws/ros2-study/week2_slam/install/vicpinky_gazebo/share/vicpinky_gazebo/models/desk/thumbnails/4.png
-- Up-to-date: /home/jongbob/dev_ws/ros2-study/week2_slam/install/vicpinky_gazebo/share/vicpinky_gazebo/models/desk/thumbnails/1.png
-- Up-to-date: /home/jongbob/dev_ws/ros2-study/week2_slam/install/vicpinky_gazebo/share/vicpinky_gazebo/models/desk/thumbnails/3.png
-- Up-to-date: /home/jongbob/dev_ws/ros2-study/week2_slam/install/vicpinky_gazebo/share/vicpinky_gazebo/models/desk/thumbnails/2.png
-- Up-to-date: /home/jongbob/dev_ws/ros2-study/week2_slam/install/vicpinky_gazebo/share/vicpinky_gazebo/models/desk/meshes
-- Up-to-date: /home/jongbob/dev_ws/ros2-study/week2_slam/install/vicpinky_gazebo/share/vicpinky_gazebo/models/desk/meshes/desk.obj
-- Up-to-date: /home/jongbob/dev_ws/ros2-study/week2_slam/install/vicpinky_gazebo/share/vicpinky_gazebo/models/desk/meshes/Desk_Diffuse.png
-- Up-to-date: /home/jongbob/dev_ws/ros2-study/week2_slam/install/vicpinky_gazebo/share/vicpinky_gazebo/models/desk/meshes/desk.mtl
-- Up-to-date: /home/jongbob/dev_ws/ros2-study/week2_slam/install/vicpinky_gazebo/share/vicpinky_gazebo/models/desk/model.config
-- Up-to-date: /home/jongbob/dev_ws/ros2-study/week2_slam/install/vicpinky_gazebo/share/vicpinky_gazebo/models/factory_L1
-- Up-to-date: /home/jongbob/dev_ws/ros2-study/week2_slam/install/vicpinky_gazebo/share/vicpinky_gazebo/models/factory_L1/model.sdf
-- Up-to-date: /home/jongbob/dev_ws/ros2-study/week2_slam/install/vicpinky_gazebo/share/vicpinky_gazebo/models/factory_L1/meshes
-- Up-to-date: /home/jongbob/dev_ws/ros2-study/week2_slam/install/vicpinky_gazebo/share/vicpinky_gazebo/models/factory_L1/meshes/concrete2.png
-- Up-to-date: /home/jongbob/dev_ws/ros2-study/week2_slam/install/vicpinky_gazebo/share/vicpinky_gazebo/models/factory_L1/meshes/model.material
-- Up-to-date: /home/jongbob/dev_ws/ros2-study/week2_slam/install/vicpinky_gazebo/share/vicpinky_gazebo/models/factory_L1/meshes/floor_1.mtl
-- Up-to-date: /home/jongbob/dev_ws/ros2-study/week2_slam/install/vicpinky_gazebo/share/vicpinky_gazebo/models/factory_L1/meshes/default.png
-- Up-to-date: /home/jongbob/dev_ws/ros2-study/week2_slam/install/vicpinky_gazebo/share/vicpinky_gazebo/models/factory_L1/meshes/wall_3.obj
-- Up-to-date: /home/jongbob/dev_ws/ros2-study/week2_slam/install/vicpinky_gazebo/share/vicpinky_gazebo/models/factory_L1/meshes/wall_2.obj
-- Up-to-date: /home/jongbob/dev_ws/ros2-study/week2_slam/install/vicpinky_gazebo/share/vicpinky_gazebo/models/factory_L1/meshes/wall_3.mtl
-- Up-to-date: /home/jongbob/dev_ws/ros2-study/week2_slam/install/vicpinky_gazebo/share/vicpinky_gazebo/models/factory_L1/meshes/wall_1.obj
-- Up-to-date: /home/jongbob/dev_ws/ros2-study/week2_slam/install/vicpinky_gazebo/share/vicpinky_gazebo/models/factory_L1/meshes/wall_1.mtl
-- Up-to-date: /home/jongbob/dev_ws/ros2-study/week2_slam/install/vicpinky_gazebo/share/vicpinky_gazebo/models/factory_L1/meshes/floor_1.obj
-- Up-to-date: /home/jongbob/dev_ws/ros2-study/week2_slam/install/vicpinky_gazebo/share/vicpinky_gazebo/models/factory_L1/meshes/wall_2.mtl
-- Up-to-date: /home/jongbob/dev_ws/ros2-study/week2_slam/install/vicpinky_gazebo/share/vicpinky_gazebo/models/factory_L1/meshes/blue_linoleum.png
-- Up-to-date: /home/jongbob/dev_ws/ros2-study/week2_slam/install/vicpinky_gazebo/share/vicpinky_gazebo/models/factory_L1/model.config
-- Up-to-date: /home/jongbob/dev_ws/ros2-study/week2_slam/install/vicpinky_gazebo/share/vicpinky_gazebo/params
-- Up-to-date: /home/jongbob/dev_ws/ros2-study/week2_slam/install/vicpinky_gazebo/share/vicpinky_gazebo/params/pinky_bridge.yaml
-- Up-to-date: /home/jongbob/dev_ws/ros2-study/week2_slam/install/vicpinky_gazebo/share/ament_index/resource_index/package_run_dependencies/vicpinky_gazebo
-- Up-to-date: /home/jongbob/dev_ws/ros2-study/week2_slam/install/vicpinky_gazebo/share/ament_index/resource_index/parent_prefix_path/vicpinky_gazebo
-- Up-to-date: /home/jongbob/dev_ws/ros2-study/week2_slam/install/vicpinky_gazebo/share/vicpinky_gazebo/environment/ament_prefix_path.sh
-- Up-to-date: /home/jongbob/dev_ws/ros2-study/week2_slam/install/vicpinky_gazebo/share/vicpinky_gazebo/environment/ament_prefix_path.dsv
-- Up-to-date: /home/jongbob/dev_ws/ros2-study/week2_slam/install/vicpinky_gazebo/share/vicpinky_gazebo/environment/path.sh
-- Up-to-date: /home/jongbob/dev_ws/ros2-study/week2_slam/install/vicpinky_gazebo/share/vicpinky_gazebo/environment/path.dsv
-- Up-to-date: /home/jongbob/dev_ws/ros2-study/week2_slam/install/vicpinky_gazebo/share/vicpinky_gazebo/local_setup.bash
-- Up-to-date: /home/jongbob/dev_ws/ros2-study/week2_slam/install/vicpinky_gazebo/share/vicpinky_gazebo/local_setup.sh
-- Up-to-date: /home/jongbob/dev_ws/ros2-study/week2_slam/install/vicpinky_gazebo/share/vicpinky_gazebo/local_setup.zsh
-- Up-to-date: /home/jongbob/dev_ws/ros2-study/week2_slam/install/vicpinky_gazebo/share/vicpinky_gazebo/local_setup.dsv
-- Installing: /home/jongbob/dev_ws/ros2-study/week2_slam/install/vicpinky_gazebo/share/vicpinky_gazebo/package.dsv
-- Up-to-date: /home/jongbob/dev_ws/ros2-study/week2_slam/install/vicpinky_gazebo/share/ament_index/resource_index/packages/vicpinky_gazebo
-- Up-to-date: /home/jongbob/dev_ws/ros2-study/week2_slam/install/vicpinky_gazebo/share/vicpinky_gazebo/cmake/vicpinky_gazeboConfig.cmake
-- Up-to-date: /home/jongbob/dev_ws/ros2-study/week2_slam/install/vicpinky_gazebo/share/vicpinky_gazebo/cmake/vicpinky_gazeboConfig-version.cmake
-- Up-to-date: /home/jongbob/dev_ws/ros2-study/week2_slam/install/vicpinky_gazebo/share/vicpinky_gazebo/package.xml
