-- The C compiler identification is GNU 13.3.0
-- The CXX compiler identification is GNU 13.3.0
-- Detecting C compiler ABI info
-- Detecting C compiler ABI info - done
-- Check for working C compiler: /usr/bin/cc - skipped
-- Detecting C compile features
-- Detecting C compile features - done
-- Detecting CXX compiler ABI info
-- Detecting CXX compiler ABI info - done
-- Check for working CXX compiler: /usr/bin/c++ - skipped
-- Detecting CXX compile features
-- Detecting CXX compile features - done
-- Found ament_cmake: 2.5.4 (/opt/ros/jazzy/share/ament_cmake/cmake)
-- Found Python3: /home/jongbob/venv/arm_venv/bin/python3 (found version "3.12.3") found components: Interpreter 
-- Found ament_lint_auto: 0.17.3 (/opt/ros/jazzy/share/ament_lint_auto/cmake)
-- Found slam_toolbox: 2.8.3 (/opt/ros/jazzy/share/slam_toolbox/cmake)
-- Found rosidl_generator_c: 4.6.6 (/opt/ros/jazzy/share/rosidl_generator_c/cmake)
-- Found rosidl_generator_cpp: 4.6.6 (/opt/ros/jazzy/share/rosidl_generator_cpp/cmake)
-- Using all available rosidl_typesupport_c: rosidl_typesupport_fastrtps_c;rosidl_typesupport_introspection_c
-- Using all available rosidl_typesupport_cpp: rosidl_typesupport_fastrtps_cpp;rosidl_typesupport_introspection_cpp
-- Found rmw_implementation_cmake: 7.3.2 (/opt/ros/jazzy/share/rmw_implementation_cmake/cmake)
-- Found rmw_fastrtps_cpp: 8.4.3 (/opt/ros/jazzy/share/rmw_fastrtps_cpp/cmake)
-- Found OpenSSL: /usr/lib/x86_64-linux-gnu/libcrypto.so (found version "3.0.13")  
-- Found FastRTPS: /opt/ros/jazzy/include (Required is at least version "2.13") 
-- Using RMW implementation 'rmw_fastrtps_cpp' as default
-- Found eigen3_cmake_module: 0.3.0 (/opt/ros/jazzy/share/eigen3_cmake_module/cmake)
-- Found Eigen3: TRUE (found version "3.4.0") 
-- Ensuring Eigen3 include directory is part of orocos-kdl CMake target
-- Setting OGRE_DIR to: '/opt/ros/jazzy/share/rviz_ogre_vendor/cmake/../../../opt/rviz_ogre_vendor/lib/OGRE/cmake'
-- Found OGRE
--   static     : OFF
--   components : MeshLodGenerator;Overlay;Paging;Property;RTShaderSystem;Terrain;Volume
--   plugins    : Plugin_BSPSceneManager;Plugin_OctreeSceneManager;Plugin_PCZSceneManager;Plugin_ParticleFX;RenderSystem_GL;RenderSystem_GL3Plus;Codec_STBI
--   media      : /opt/ros/jazzy/opt/rviz_ogre_vendor/share/OGRE/Media
-- OGRE_LIBRARIES: OgreMeshLodGenerator;OgreOverlay;OgrePaging;OgreProperty;OgreRTShaderSystem;OgreTerrain;OgreVolume;OgreMain
-- OGRE_LIBRARY_DIRS: /opt/ros/jazzy/opt/rviz_ogre_vendor/lib
-- OGRE_PLUGINS: Plugin_BSPSceneManager;Plugin_OctreeSceneManager;Plugin_PCZSceneManager;Plugin_ParticleFX;RenderSystem_GL;RenderSystem_GL3Plus;Codec_STBI
-- OGRE_PLUGIN_DIR: /opt/ros/jazzy/opt/rviz_ogre_vendor/lib/OGRE
-- rviz_ogre_vendor::OgreOverlay for IMPORTED_LOCATION_RELEASE: /opt/ros/jazzy/opt/rviz_ogre_vendor/lib/libOgreOverlay.so
-- rviz_ogre_vendor::OgreOverlay for IMPORTED_LOCATION_DEBUG: /opt/ros/jazzy/opt/rviz_ogre_vendor/lib/libOgreOverlay.so
-- rviz_ogre_vendor::OgreMain for IMPORTED_LOCATION_RELEASE: /opt/ros/jazzy/opt/rviz_ogre_vendor/lib/libOgreMain.so
-- rviz_ogre_vendor::OgreMain for IMPORTED_LOCATION_DEBUG: /opt/ros/jazzy/opt/rviz_ogre_vendor/lib/libOgreMain.so
-- Found ZLIB: /usr/lib/x86_64-linux-gnu/libz.so (found version "1.3")  
-- Found OpenGL: /usr/lib/x86_64-linux-gnu/libOpenGL.so   
-- Found X11: /usr/include   
-- Looking for XOpenDisplay in /usr/lib/x86_64-linux-gnu/libX11.so;/usr/lib/x86_64-linux-gnu/libXext.so
-- Looking for XOpenDisplay in /usr/lib/x86_64-linux-gnu/libX11.so;/usr/lib/x86_64-linux-gnu/libXext.so - found
-- Looking for gethostbyname
-- Looking for gethostbyname - found
-- Looking for connect
-- Looking for connect - found
-- Looking for remove
-- Looking for remove - found
-- Looking for shmat
-- Looking for shmat - found
-- Looking for IceConnectionNumber in ICE
-- Looking for IceConnectionNumber in ICE - found
-- Setting yaml-cpp_DIR to: '/opt/ros/jazzy/share/yaml_cpp_vendor/cmake/../../../opt/yaml_cpp_vendor/share/cmake/yaml-cpp'
-- Added test 'lint_cmake' to check CMake code style
-- Added test 'xmllint' to check XML markup files
-- Configuring done (4.1s)
-- Generating done (0.0s)
-- Build files have been written to: /home/jongbob/dev_ws/ros2-study/week1_ros2_basics/build/vicpinky_navigation
-- Install configuration: ""
-- Installing: /home/jongbob/dev_ws/ros2-study/week1_ros2_basics/install/vicpinky_navigation/share/vicpinky_navigation/launch
-- Installing: /home/jongbob/dev_ws/ros2-study/week1_ros2_basics/install/vicpinky_navigation/share/vicpinky_navigation/launch/map_building.launch.xml
-- Installing: /home/jongbob/dev_ws/ros2-study/week1_ros2_basics/install/vicpinky_navigation/share/vicpinky_navigation/launch/map_view.launch.xml
-- Installing: /home/jongbob/dev_ws/ros2-study/week1_ros2_basics/install/vicpinky_navigation/share/vicpinky_navigation/launch/nav2_view.launch.xml
-- Installing: /home/jongbob/dev_ws/ros2-study/week1_ros2_basics/install/vicpinky_navigation/share/vicpinky_navigation/launch/navigation_launch.xml
-- Installing: /home/jongbob/dev_ws/ros2-study/week1_ros2_basics/install/vicpinky_navigation/share/vicpinky_navigation/launch/localization_launch.xml
-- Installing: /home/jongbob/dev_ws/ros2-study/week1_ros2_basics/install/vicpinky_navigation/share/vicpinky_navigation/launch/bringup_launch.xml
-- Installing: /home/jongbob/dev_ws/ros2-study/week1_ros2_basics/install/vicpinky_navigation/share/vicpinky_navigation/map
-- Installing: /home/jongbob/dev_ws/ros2-study/week1_ros2_basics/install/vicpinky_navigation/share/vicpinky_navigation/map/factory.pgm
-- Installing: /home/jongbob/dev_ws/ros2-study/week1_ros2_basics/install/vicpinky_navigation/share/vicpinky_navigation/map/factory2.yaml
-- Installing: /home/jongbob/dev_ws/ros2-study/week1_ros2_basics/install/vicpinky_navigation/share/vicpinky_navigation/map/pinklab.yaml
-- Installing: /home/jongbob/dev_ws/ros2-study/week1_ros2_basics/install/vicpinky_navigation/share/vicpinky_navigation/map/factory.yaml
-- Installing: /home/jongbob/dev_ws/ros2-study/week1_ros2_basics/install/vicpinky_navigation/share/vicpinky_navigation/map/pinklab.png
-- Installing: /home/jongbob/dev_ws/ros2-study/week1_ros2_basics/install/vicpinky_navigation/share/vicpinky_navigation/map/factory2.pgm
-- Installing: /home/jongbob/dev_ws/ros2-study/week1_ros2_basics/install/vicpinky_navigation/share/vicpinky_navigation/params
-- Installing: /home/jongbob/dev_ws/ros2-study/week1_ros2_basics/install/vicpinky_navigation/share/vicpinky_navigation/params/mapper_params.yaml
-- Installing: /home/jongbob/dev_ws/ros2-study/week1_ros2_basics/install/vicpinky_navigation/share/vicpinky_navigation/params/nav2_params.yaml
-- Installing: /home/jongbob/dev_ws/ros2-study/week1_ros2_basics/install/vicpinky_navigation/share/vicpinky_navigation/rviz
-- Installing: /home/jongbob/dev_ws/ros2-study/week1_ros2_basics/install/vicpinky_navigation/share/vicpinky_navigation/rviz/nav2_view.rviz
-- Installing: /home/jongbob/dev_ws/ros2-study/week1_ros2_basics/install/vicpinky_navigation/share/vicpinky_navigation/rviz/map_view.rviz
-- Installing: /home/jongbob/dev_ws/ros2-study/week1_ros2_basics/install/vicpinky_navigation/share/ament_index/resource_index/package_run_dependencies/vicpinky_navigation
-- Installing: /home/jongbob/dev_ws/ros2-study/week1_ros2_basics/install/vicpinky_navigation/share/ament_index/resource_index/parent_prefix_path/vicpinky_navigation
-- Installing: /home/jongbob/dev_ws/ros2-study/week1_ros2_basics/install/vicpinky_navigation/share/vicpinky_navigation/environment/ament_prefix_path.sh
-- Installing: /home/jongbob/dev_ws/ros2-study/week1_ros2_basics/install/vicpinky_navigation/share/vicpinky_navigation/environment/ament_prefix_path.dsv
-- Installing: /home/jongbob/dev_ws/ros2-study/week1_ros2_basics/install/vicpinky_navigation/share/vicpinky_navigation/environment/path.sh
-- Installing: /home/jongbob/dev_ws/ros2-study/week1_ros2_basics/install/vicpinky_navigation/share/vicpinky_navigation/environment/path.dsv
-- Installing: /home/jongbob/dev_ws/ros2-study/week1_ros2_basics/install/vicpinky_navigation/share/vicpinky_navigation/local_setup.bash
-- Installing: /home/jongbob/dev_ws/ros2-study/week1_ros2_basics/install/vicpinky_navigation/share/vicpinky_navigation/local_setup.sh
-- Installing: /home/jongbob/dev_ws/ros2-study/week1_ros2_basics/install/vicpinky_navigation/share/vicpinky_navigation/local_setup.zsh
-- Installing: /home/jongbob/dev_ws/ros2-study/week1_ros2_basics/install/vicpinky_navigation/share/vicpinky_navigation/local_setup.dsv
-- Installing: /home/jongbob/dev_ws/ros2-study/week1_ros2_basics/install/vicpinky_navigation/share/vicpinky_navigation/package.dsv
-- Installing: /home/jongbob/dev_ws/ros2-study/week1_ros2_basics/install/vicpinky_navigation/share/ament_index/resource_index/packages/vicpinky_navigation
-- Installing: /home/jongbob/dev_ws/ros2-study/week1_ros2_basics/install/vicpinky_navigation/share/vicpinky_navigation/cmake/vicpinky_navigationConfig.cmake
-- Installing: /home/jongbob/dev_ws/ros2-study/week1_ros2_basics/install/vicpinky_navigation/share/vicpinky_navigation/cmake/vicpinky_navigationConfig-version.cmake
-- Installing: /home/jongbob/dev_ws/ros2-study/week1_ros2_basics/install/vicpinky_navigation/share/vicpinky_navigation/package.xml
