[0.377s] Invoking command in '/home/jongbob/dev_ws/ros2-study/week1_ros2_basics/build/vicpinky_navigation': CMAKE_PREFIX_PATH=/home/jongbob/dev_ws/ros2-study/week1_ros2_basics/install/vicpinky_navigation:/home/jongbob/dev_ws/ros2-study/week1_ros2_basics/install/vicpinky_gazebo:/home/jongbob/dev_ws/ros2-study/week1_ros2_basics/install/vicpinky_description:/home/jongbob/dev_ws/ros2-study/week1_ros2_basics/install/simple_communication:/home/jongbob/dev_ws/ros2-study/week1_ros2_basics/install/vicpinky_bringup:/home/jongbob/dev_ws/ros2-study/week1_ros2_basics/install/robot_communication:/home/jongbob/dev_ws/ros2-study/week1_ros2_basics/src/install/robot_communication:/opt/ros/jazzy:/home/jongbob/dev_ws/ros2-study/week1_ros2_basics/src/install/simple_communication:/opt/ros/jazzy/opt/gz_sim_vendor:/opt/ros/jazzy/opt/gz_sensors_vendor:/opt/ros/jazzy/opt/gz_physics_vendor:/opt/ros/jazzy/opt/sdformat_vendor:/opt/ros/jazzy/opt/gz_gui_vendor:/opt/ros/jazzy/opt/gz_transport_vendor:/opt/ros/jazzy/opt/gz_rendering_vendor:/opt/ros/jazzy/opt/gz_plugin_vendor:/opt/ros/jazzy/opt/gz_fuel_tools_vendor:/opt/ros/jazzy/opt/gz_msgs_vendor:/opt/ros/jazzy/opt/gz_common_vendor:/opt/ros/jazzy/opt/gz_math_vendor:/opt/ros/jazzy/opt/gz_utils_vendor:/opt/ros/jazzy/opt/gz_tools_vendor:/opt/ros/jazzy/opt/gz_ogre_next_vendor:/opt/ros/jazzy/opt/gz_dartsim_vendor:/opt/ros/jazzy/opt/gz_cmake_vendor DEBUGINFOD_URLS=https://debuginfod.ubuntu.com PS1=(arm_venv) \[\e[1;34m\](ID: ${ROS_DOMAIN_ID:-0})\[\e[1;32m\]\u\[\e[0m\]:\[\e[1;34m\]\w\[\e[0m\]$ VIRTUAL_ENV_PROMPT=(arm_venv) /usr/bin/cmake /home/jongbob/dev_ws/ros2-study/week1_ros2_basics/src/vic_pinky/vicpinky_navigation -DCMAKE_INSTALL_PREFIX=/home/jongbob/dev_ws/ros2-study/week1_ros2_basics/install/vicpinky_navigation
[0.435s] -- The C compiler identification is GNU 13.3.0
[0.507s] -- The CXX compiler identification is GNU 13.3.0
[0.541s] -- Detecting C compiler ABI info
[0.695s] -- Detecting C compiler ABI info - done
[0.705s] -- Check for working C compiler: /usr/bin/cc - skipped
[0.705s] -- Detecting C compile features
[0.706s] -- Detecting C compile features - done
[0.717s] -- Detecting CXX compiler ABI info
[0.817s] -- Detecting CXX compiler ABI info - done
[0.826s] -- Check for working CXX compiler: /usr/bin/c++ - skipped
[0.826s] -- Detecting CXX compile features
[0.827s] -- Detecting CXX compile features - done
[0.830s] -- Found ament_cmake: 2.5.4 (/opt/ros/jazzy/share/ament_cmake/cmake)
[0.964s] -- Found Python3: /home/jongbob/venv/arm_venv/bin/python3 (found version "3.12.3") found components: Interpreter 
[1.123s] -- Found ament_lint_auto: 0.17.3 (/opt/ros/jazzy/share/ament_lint_auto/cmake)
[1.309s] -- Found slam_toolbox: 2.8.3 (/opt/ros/jazzy/share/slam_toolbox/cmake)
[1.365s] -- Found rosidl_generator_c: 4.6.6 (/opt/ros/jazzy/share/rosidl_generator_c/cmake)
[1.385s] -- Found rosidl_generator_cpp: 4.6.6 (/opt/ros/jazzy/share/rosidl_generator_cpp/cmake)
[1.410s] -- Using all available rosidl_typesupport_c: rosidl_typesupport_fastrtps_c;rosidl_typesupport_introspection_c
[1.441s] -- Using all available rosidl_typesupport_cpp: rosidl_typesupport_fastrtps_cpp;rosidl_typesupport_introspection_cpp
[1.739s] -- Found rmw_implementation_cmake: 7.3.2 (/opt/ros/jazzy/share/rmw_implementation_cmake/cmake)
[1.742s] -- Found rmw_fastrtps_cpp: 8.4.3 (/opt/ros/jazzy/share/rmw_fastrtps_cpp/cmake)
[1.850s] -- Found OpenSSL: /usr/lib/x86_64-linux-gnu/libcrypto.so (found version "3.0.13")  
[1.908s] -- Found FastRTPS: /opt/ros/jazzy/include (Required is at least version "2.13") 
[1.964s] -- Using RMW implementation 'rmw_fastrtps_cpp' as default
[2.474s] -- Found eigen3_cmake_module: 0.3.0 (/opt/ros/jazzy/share/eigen3_cmake_module/cmake)
[2.476s] -- Found Eigen3: TRUE (found version "3.4.0") 
[2.477s] -- Ensuring Eigen3 include directory is part of orocos-kdl CMake target
[2.631s] -- Setting OGRE_DIR to: '/opt/ros/jazzy/share/rviz_ogre_vendor/cmake/../../../opt/rviz_ogre_vendor/lib/OGRE/cmake'
[2.633s] -- Found OGRE
[2.633s] --   static     : OFF
[2.633s] --   components : MeshLodGenerator;Overlay;Paging;Property;RTShaderSystem;Terrain;Volume
[2.633s] --   plugins    : Plugin_BSPSceneManager;Plugin_OctreeSceneManager;Plugin_PCZSceneManager;Plugin_ParticleFX;RenderSystem_GL;RenderSystem_GL3Plus;Codec_STBI
[2.633s] --   media      : /opt/ros/jazzy/opt/rviz_ogre_vendor/share/OGRE/Media
[2.633s] -- OGRE_LIBRARIES: OgreMeshLodGenerator;OgreOverlay;OgrePaging;OgreProperty;OgreRTShaderSystem;OgreTerrain;OgreVolume;OgreMain
[2.633s] -- OGRE_LIBRARY_DIRS: /opt/ros/jazzy/opt/rviz_ogre_vendor/lib
[2.633s] -- OGRE_PLUGINS: Plugin_BSPSceneManager;Plugin_OctreeSceneManager;Plugin_PCZSceneManager;Plugin_ParticleFX;RenderSystem_GL;RenderSystem_GL3Plus;Codec_STBI
[2.633s] -- OGRE_PLUGIN_DIR: /opt/ros/jazzy/opt/rviz_ogre_vendor/lib/OGRE
[2.634s] -- rviz_ogre_vendor::OgreOverlay for IMPORTED_LOCATION_RELEASE: /opt/ros/jazzy/opt/rviz_ogre_vendor/lib/libOgreOverlay.so
[2.634s] -- rviz_ogre_vendor::OgreOverlay for IMPORTED_LOCATION_DEBUG: /opt/ros/jazzy/opt/rviz_ogre_vendor/lib/libOgreOverlay.so
[2.634s] -- rviz_ogre_vendor::OgreMain for IMPORTED_LOCATION_RELEASE: /opt/ros/jazzy/opt/rviz_ogre_vendor/lib/libOgreMain.so
[2.634s] -- rviz_ogre_vendor::OgreMain for IMPORTED_LOCATION_DEBUG: /opt/ros/jazzy/opt/rviz_ogre_vendor/lib/libOgreMain.so
[2.682s] -- Found ZLIB: /usr/lib/x86_64-linux-gnu/libz.so (found version "1.3")  
[2.699s] -- Found OpenGL: /usr/lib/x86_64-linux-gnu/libOpenGL.so   
[3.163s] -- Found X11: /usr/include   
[3.163s] -- Looking for XOpenDisplay in /usr/lib/x86_64-linux-gnu/libX11.so;/usr/lib/x86_64-linux-gnu/libXext.so
[3.388s] -- Looking for XOpenDisplay in /usr/lib/x86_64-linux-gnu/libX11.so;/usr/lib/x86_64-linux-gnu/libXext.so - found
[3.388s] -- Looking for gethostbyname
[3.623s] -- Looking for gethostbyname - found
[3.623s] -- Looking for connect
[3.850s] -- Looking for connect - found
[3.851s] -- Looking for remove
[3.976s] -- Looking for remove - found
[3.976s] -- Looking for shmat
[4.071s] -- Looking for shmat - found
[4.072s] -- Looking for IceConnectionNumber in ICE
[4.174s] -- Looking for IceConnectionNumber in ICE - found
[4.199s] -- Setting yaml-cpp_DIR to: '/opt/ros/jazzy/share/yaml_cpp_vendor/cmake/../../../opt/yaml_cpp_vendor/share/cmake/yaml-cpp'
[4.437s] -- Added test 'lint_cmake' to check CMake code style
[4.446s] -- Added test 'xmllint' to check XML markup files
[4.449s] -- Configuring done (4.1s)
[4.458s] -- Generating done (0.0s)
[4.462s] -- Build files have been written to: /home/jongbob/dev_ws/ros2-study/week1_ros2_basics/build/vicpinky_navigation
[4.481s] Invoked command in '/home/jongbob/dev_ws/ros2-study/week1_ros2_basics/build/vicpinky_navigation' returned '0': CMAKE_PREFIX_PATH=/home/jongbob/dev_ws/ros2-study/week1_ros2_basics/install/vicpinky_navigation:/home/jongbob/dev_ws/ros2-study/week1_ros2_basics/install/vicpinky_gazebo:/home/jongbob/dev_ws/ros2-study/week1_ros2_basics/install/vicpinky_description:/home/jongbob/dev_ws/ros2-study/week1_ros2_basics/install/simple_communication:/home/jongbob/dev_ws/ros2-study/week1_ros2_basics/install/vicpinky_bringup:/home/jongbob/dev_ws/ros2-study/week1_ros2_basics/install/robot_communication:/home/jongbob/dev_ws/ros2-study/week1_ros2_basics/src/install/robot_communication:/opt/ros/jazzy:/home/jongbob/dev_ws/ros2-study/week1_ros2_basics/src/install/simple_communication:/opt/ros/jazzy/opt/gz_sim_vendor:/opt/ros/jazzy/opt/gz_sensors_vendor:/opt/ros/jazzy/opt/gz_physics_vendor:/opt/ros/jazzy/opt/sdformat_vendor:/opt/ros/jazzy/opt/gz_gui_vendor:/opt/ros/jazzy/opt/gz_transport_vendor:/opt/ros/jazzy/opt/gz_rendering_vendor:/opt/ros/jazzy/opt/gz_plugin_vendor:/opt/ros/jazzy/opt/gz_fuel_tools_vendor:/opt/ros/jazzy/opt/gz_msgs_vendor:/opt/ros/jazzy/opt/gz_common_vendor:/opt/ros/jazzy/opt/gz_math_vendor:/opt/ros/jazzy/opt/gz_utils_vendor:/opt/ros/jazzy/opt/gz_tools_vendor:/opt/ros/jazzy/opt/gz_ogre_next_vendor:/opt/ros/jazzy/opt/gz_dartsim_vendor:/opt/ros/jazzy/opt/gz_cmake_vendor DEBUGINFOD_URLS=https://debuginfod.ubuntu.com PS1=(arm_venv) \[\e[1;34m\](ID: ${ROS_DOMAIN_ID:-0})\[\e[1;32m\]\u\[\e[0m\]:\[\e[1;34m\]\w\[\e[0m\]$ VIRTUAL_ENV_PROMPT=(arm_venv) /usr/bin/cmake /home/jongbob/dev_ws/ros2-study/week1_ros2_basics/src/vic_pinky/vicpinky_navigation -DCMAKE_INSTALL_PREFIX=/home/jongbob/dev_ws/ros2-study/week1_ros2_basics/install/vicpinky_navigation
[4.482s] Invoking command in '/home/jongbob/dev_ws/ros2-study/week1_ros2_basics/build/vicpinky_navigation': CMAKE_PREFIX_PATH=/home/jongbob/dev_ws/ros2-study/week1_ros2_basics/install/vicpinky_navigation:/home/jongbob/dev_ws/ros2-study/week1_ros2_basics/install/vicpinky_gazebo:/home/jongbob/dev_ws/ros2-study/week1_ros2_basics/install/vicpinky_description:/home/jongbob/dev_ws/ros2-study/week1_ros2_basics/install/simple_communication:/home/jongbob/dev_ws/ros2-study/week1_ros2_basics/install/vicpinky_bringup:/home/jongbob/dev_ws/ros2-study/week1_ros2_basics/install/robot_communication:/home/jongbob/dev_ws/ros2-study/week1_ros2_basics/src/install/robot_communication:/opt/ros/jazzy:/home/jongbob/dev_ws/ros2-study/week1_ros2_basics/src/install/simple_communication:/opt/ros/jazzy/opt/gz_sim_vendor:/opt/ros/jazzy/opt/gz_sensors_vendor:/opt/ros/jazzy/opt/gz_physics_vendor:/opt/ros/jazzy/opt/sdformat_vendor:/opt/ros/jazzy/opt/gz_gui_vendor:/opt/ros/jazzy/opt/gz_transport_vendor:/opt/ros/jazzy/opt/gz_rendering_vendor:/opt/ros/jazzy/opt/gz_plugin_vendor:/opt/ros/jazzy/opt/gz_fuel_tools_vendor:/opt/ros/jazzy/opt/gz_msgs_vendor:/opt/ros/jazzy/opt/gz_common_vendor:/opt/ros/jazzy/opt/gz_math_vendor:/opt/ros/jazzy/opt/gz_utils_vendor:/opt/ros/jazzy/opt/gz_tools_vendor:/opt/ros/jazzy/opt/gz_ogre_next_vendor:/opt/ros/jazzy/opt/gz_dartsim_vendor:/opt/ros/jazzy/opt/gz_cmake_vendor DEBUGINFOD_URLS=https://debuginfod.ubuntu.com PS1=(arm_venv) \[\e[1;34m\](ID: ${ROS_DOMAIN_ID:-0})\[\e[1;32m\]\u\[\e[0m\]:\[\e[1;34m\]\w\[\e[0m\]$ VIRTUAL_ENV_PROMPT=(arm_venv) /usr/bin/cmake --build /home/jongbob/dev_ws/ros2-study/week1_ros2_basics/build/vicpinky_navigation -- -j8 -l8
[4.534s] Invoked command in '/home/jongbob/dev_ws/ros2-study/week1_ros2_basics/build/vicpinky_navigation' returned '0': CMAKE_PREFIX_PATH=/home/jongbob/dev_ws/ros2-study/week1_ros2_basics/install/vicpinky_navigation:/home/jongbob/dev_ws/ros2-study/week1_ros2_basics/install/vicpinky_gazebo:/home/jongbob/dev_ws/ros2-study/week1_ros2_basics/install/vicpinky_description:/home/jongbob/dev_ws/ros2-study/week1_ros2_basics/install/simple_communication:/home/jongbob/dev_ws/ros2-study/week1_ros2_basics/install/vicpinky_bringup:/home/jongbob/dev_ws/ros2-study/week1_ros2_basics/install/robot_communication:/home/jongbob/dev_ws/ros2-study/week1_ros2_basics/src/install/robot_communication:/opt/ros/jazzy:/home/jongbob/dev_ws/ros2-study/week1_ros2_basics/src/install/simple_communication:/opt/ros/jazzy/opt/gz_sim_vendor:/opt/ros/jazzy/opt/gz_sensors_vendor:/opt/ros/jazzy/opt/gz_physics_vendor:/opt/ros/jazzy/opt/sdformat_vendor:/opt/ros/jazzy/opt/gz_gui_vendor:/opt/ros/jazzy/opt/gz_transport_vendor:/opt/ros/jazzy/opt/gz_rendering_vendor:/opt/ros/jazzy/opt/gz_plugin_vendor:/opt/ros/jazzy/opt/gz_fuel_tools_vendor:/opt/ros/jazzy/opt/gz_msgs_vendor:/opt/ros/jazzy/opt/gz_common_vendor:/opt/ros/jazzy/opt/gz_math_vendor:/opt/ros/jazzy/opt/gz_utils_vendor:/opt/ros/jazzy/opt/gz_tools_vendor:/opt/ros/jazzy/opt/gz_ogre_next_vendor:/opt/ros/jazzy/opt/gz_dartsim_vendor:/opt/ros/jazzy/opt/gz_cmake_vendor DEBUGINFOD_URLS=https://debuginfod.ubuntu.com PS1=(arm_venv) \[\e[1;34m\](ID: ${ROS_DOMAIN_ID:-0})\[\e[1;32m\]\u\[\e[0m\]:\[\e[1;34m\]\w\[\e[0m\]$ VIRTUAL_ENV_PROMPT=(arm_venv) /usr/bin/cmake --build /home/jongbob/dev_ws/ros2-study/week1_ros2_basics/build/vicpinky_navigation -- -j8 -l8
[4.535s] Invoking command in '/home/jongbob/dev_ws/ros2-study/week1_ros2_basics/build/vicpinky_navigation': CMAKE_PREFIX_PATH=/home/jongbob/dev_ws/ros2-study/week1_ros2_basics/install/vicpinky_navigation:/home/jongbob/dev_ws/ros2-study/week1_ros2_basics/install/vicpinky_gazebo:/home/jongbob/dev_ws/ros2-study/week1_ros2_basics/install/vicpinky_description:/home/jongbob/dev_ws/ros2-study/week1_ros2_basics/install/simple_communication:/home/jongbob/dev_ws/ros2-study/week1_ros2_basics/install/vicpinky_bringup:/home/jongbob/dev_ws/ros2-study/week1_ros2_basics/install/robot_communication:/home/jongbob/dev_ws/ros2-study/week1_ros2_basics/src/install/robot_communication:/opt/ros/jazzy:/home/jongbob/dev_ws/ros2-study/week1_ros2_basics/src/install/simple_communication:/opt/ros/jazzy/opt/gz_sim_vendor:/opt/ros/jazzy/opt/gz_sensors_vendor:/opt/ros/jazzy/opt/gz_physics_vendor:/opt/ros/jazzy/opt/sdformat_vendor:/opt/ros/jazzy/opt/gz_gui_vendor:/opt/ros/jazzy/opt/gz_transport_vendor:/opt/ros/jazzy/opt/gz_rendering_vendor:/opt/ros/jazzy/opt/gz_plugin_vendor:/opt/ros/jazzy/opt/gz_fuel_tools_vendor:/opt/ros/jazzy/opt/gz_msgs_vendor:/opt/ros/jazzy/opt/gz_common_vendor:/opt/ros/jazzy/opt/gz_math_vendor:/opt/ros/jazzy/opt/gz_utils_vendor:/opt/ros/jazzy/opt/gz_tools_vendor:/opt/ros/jazzy/opt/gz_ogre_next_vendor:/opt/ros/jazzy/opt/gz_dartsim_vendor:/opt/ros/jazzy/opt/gz_cmake_vendor DEBUGINFOD_URLS=https://debuginfod.ubuntu.com PS1=(arm_venv) \[\e[1;34m\](ID: ${ROS_DOMAIN_ID:-0})\[\e[1;32m\]\u\[\e[0m\]:\[\e[1;34m\]\w\[\e[0m\]$ VIRTUAL_ENV_PROMPT=(arm_venv) /usr/bin/cmake --install /home/jongbob/dev_ws/ros2-study/week1_ros2_basics/build/vicpinky_navigation
[4.543s] -- Install configuration: ""
[4.543s] -- Installing: /home/jongbob/dev_ws/ros2-study/week1_ros2_basics/install/vicpinky_navigation/share/vicpinky_navigation/launch
[4.544s] -- Installing: /home/jongbob/dev_ws/ros2-study/week1_ros2_basics/install/vicpinky_navigation/share/vicpinky_navigation/launch/map_building.launch.xml
[4.544s] -- Installing: /home/jongbob/dev_ws/ros2-study/week1_ros2_basics/install/vicpinky_navigation/share/vicpinky_navigation/launch/map_view.launch.xml
[4.544s] -- Installing: /home/jongbob/dev_ws/ros2-study/week1_ros2_basics/install/vicpinky_navigation/share/vicpinky_navigation/launch/nav2_view.launch.xml
[4.544s] -- Installing: /home/jongbob/dev_ws/ros2-study/week1_ros2_basics/install/vicpinky_navigation/share/vicpinky_navigation/launch/navigation_launch.xml
[4.544s] -- Installing: /home/jongbob/dev_ws/ros2-study/week1_ros2_basics/install/vicpinky_navigation/share/vicpinky_navigation/launch/localization_launch.xml
[4.544s] -- Installing: /home/jongbob/dev_ws/ros2-study/week1_ros2_basics/install/vicpinky_navigation/share/vicpinky_navigation/launch/bringup_launch.xml
[4.544s] -- Installing: /home/jongbob/dev_ws/ros2-study/week1_ros2_basics/install/vicpinky_navigation/share/vicpinky_navigation/map
[4.544s] -- Installing: /home/jongbob/dev_ws/ros2-study/week1_ros2_basics/install/vicpinky_navigation/share/vicpinky_navigation/map/factory.pgm
[4.544s] -- Installing: /home/jongbob/dev_ws/ros2-study/week1_ros2_basics/install/vicpinky_navigation/share/vicpinky_navigation/map/factory2.yaml
[4.544s] -- Installing: /home/jongbob/dev_ws/ros2-study/week1_ros2_basics/install/vicpinky_navigation/share/vicpinky_navigation/map/pinklab.yaml
[4.545s] -- Installing: /home/jongbob/dev_ws/ros2-study/week1_ros2_basics/install/vicpinky_navigation/share/vicpinky_navigation/map/factory.yaml
[4.545s] -- Installing: /home/jongbob/dev_ws/ros2-study/week1_ros2_basics/install/vicpinky_navigation/share/vicpinky_navigation/map/pinklab.png
[4.545s] -- Installing: /home/jongbob/dev_ws/ros2-study/week1_ros2_basics/install/vicpinky_navigation/share/vicpinky_navigation/map/factory2.pgm
[4.545s] -- Installing: /home/jongbob/dev_ws/ros2-study/week1_ros2_basics/install/vicpinky_navigation/share/vicpinky_navigation/params
[4.545s] -- Installing: /home/jongbob/dev_ws/ros2-study/week1_ros2_basics/install/vicpinky_navigation/share/vicpinky_navigation/params/mapper_params.yaml
[4.545s] -- Installing: /home/jongbob/dev_ws/ros2-study/week1_ros2_basics/install/vicpinky_navigation/share/vicpinky_navigation/params/nav2_params.yaml
[4.545s] -- Installing: /home/jongbob/dev_ws/ros2-study/week1_ros2_basics/install/vicpinky_navigation/share/vicpinky_navigation/rviz
[4.545s] -- Installing: /home/jongbob/dev_ws/ros2-study/week1_ros2_basics/install/vicpinky_navigation/share/vicpinky_navigation/rviz/nav2_view.rviz
[4.545s] -- Installing: /home/jongbob/dev_ws/ros2-study/week1_ros2_basics/install/vicpinky_navigation/share/vicpinky_navigation/rviz/map_view.rviz
[4.545s] -- Installing: /home/jongbob/dev_ws/ros2-study/week1_ros2_basics/install/vicpinky_navigation/share/ament_index/resource_index/package_run_dependencies/vicpinky_navigation
[4.545s] -- Installing: /home/jongbob/dev_ws/ros2-study/week1_ros2_basics/install/vicpinky_navigation/share/ament_index/resource_index/parent_prefix_path/vicpinky_navigation
[4.546s] -- Installing: /home/jongbob/dev_ws/ros2-study/week1_ros2_basics/install/vicpinky_navigation/share/vicpinky_navigation/environment/ament_prefix_path.sh
[4.546s] -- Installing: /home/jongbob/dev_ws/ros2-study/week1_ros2_basics/install/vicpinky_navigation/share/vicpinky_navigation/environment/ament_prefix_path.dsv
[4.546s] -- Installing: /home/jongbob/dev_ws/ros2-study/week1_ros2_basics/install/vicpinky_navigation/share/vicpinky_navigation/environment/path.sh
[4.546s] -- Installing: /home/jongbob/dev_ws/ros2-study/week1_ros2_basics/install/vicpinky_navigation/share/vicpinky_navigation/environment/path.dsv
[4.546s] -- Installing: /home/jongbob/dev_ws/ros2-study/week1_ros2_basics/install/vicpinky_navigation/share/vicpinky_navigation/local_setup.bash
[4.546s] -- Installing: /home/jongbob/dev_ws/ros2-study/week1_ros2_basics/install/vicpinky_navigation/share/vicpinky_navigation/local_setup.sh
[4.546s] -- Installing: /home/jongbob/dev_ws/ros2-study/week1_ros2_basics/install/vicpinky_navigation/share/vicpinky_navigation/local_setup.zsh
[4.546s] -- Installing: /home/jongbob/dev_ws/ros2-study/week1_ros2_basics/install/vicpinky_navigation/share/vicpinky_navigation/local_setup.dsv
[4.546s] -- Installing: /home/jongbob/dev_ws/ros2-study/week1_ros2_basics/install/vicpinky_navigation/share/vicpinky_navigation/package.dsv
[4.547s] -- Installing: /home/jongbob/dev_ws/ros2-study/week1_ros2_basics/install/vicpinky_navigation/share/ament_index/resource_index/packages/vicpinky_navigation
[4.547s] -- Installing: /home/jongbob/dev_ws/ros2-study/week1_ros2_basics/install/vicpinky_navigation/share/vicpinky_navigation/cmake/vicpinky_navigationConfig.cmake
[4.547s] -- Installing: /home/jongbob/dev_ws/ros2-study/week1_ros2_basics/install/vicpinky_navigation/share/vicpinky_navigation/cmake/vicpinky_navigationConfig-version.cmake
[4.547s] -- Installing: /home/jongbob/dev_ws/ros2-study/week1_ros2_basics/install/vicpinky_navigation/share/vicpinky_navigation/package.xml
[4.550s] Invoked command in '/home/jongbob/dev_ws/ros2-study/week1_ros2_basics/build/vicpinky_navigation' returned '0': CMAKE_PREFIX_PATH=/home/jongbob/dev_ws/ros2-study/week1_ros2_basics/install/vicpinky_navigation:/home/jongbob/dev_ws/ros2-study/week1_ros2_basics/install/vicpinky_gazebo:/home/jongbob/dev_ws/ros2-study/week1_ros2_basics/install/vicpinky_description:/home/jongbob/dev_ws/ros2-study/week1_ros2_basics/install/simple_communication:/home/jongbob/dev_ws/ros2-study/week1_ros2_basics/install/vicpinky_bringup:/home/jongbob/dev_ws/ros2-study/week1_ros2_basics/install/robot_communication:/home/jongbob/dev_ws/ros2-study/week1_ros2_basics/src/install/robot_communication:/opt/ros/jazzy:/home/jongbob/dev_ws/ros2-study/week1_ros2_basics/src/install/simple_communication:/opt/ros/jazzy/opt/gz_sim_vendor:/opt/ros/jazzy/opt/gz_sensors_vendor:/opt/ros/jazzy/opt/gz_physics_vendor:/opt/ros/jazzy/opt/sdformat_vendor:/opt/ros/jazzy/opt/gz_gui_vendor:/opt/ros/jazzy/opt/gz_transport_vendor:/opt/ros/jazzy/opt/gz_rendering_vendor:/opt/ros/jazzy/opt/gz_plugin_vendor:/opt/ros/jazzy/opt/gz_fuel_tools_vendor:/opt/ros/jazzy/opt/gz_msgs_vendor:/opt/ros/jazzy/opt/gz_common_vendor:/opt/ros/jazzy/opt/gz_math_vendor:/opt/ros/jazzy/opt/gz_utils_vendor:/opt/ros/jazzy/opt/gz_tools_vendor:/opt/ros/jazzy/opt/gz_ogre_next_vendor:/opt/ros/jazzy/opt/gz_dartsim_vendor:/opt/ros/jazzy/opt/gz_cmake_vendor DEBUGINFOD_URLS=https://debuginfod.ubuntu.com PS1=(arm_venv) \[\e[1;34m\](ID: ${ROS_DOMAIN_ID:-0})\[\e[1;32m\]\u\[\e[0m\]:\[\e[1;34m\]\w\[\e[0m\]$ VIRTUAL_ENV_PROMPT=(arm_venv) /usr/bin/cmake --install /home/jongbob/dev_ws/ros2-study/week1_ros2_basics/build/vicpinky_navigation
