[1.140s] Invoking command in '/home/jongbob/dev_ws/ros2-study/week1_ros2_basics/src/vic_pinky/vicpinky_bringup': DEBUGINFOD_URLS=https://debuginfod.ubuntu.com PS1=(arm_venv) \[\e[1;34m\](ID: ${ROS_DOMAIN_ID:-0})\[\e[1;32m\]\u\[\e[0m\]:\[\e[1;34m\]\w\[\e[0m\]$ PYTHONPATH=/home/jongbob/dev_ws/ros2-study/week1_ros2_basics/build/vicpinky_bringup/prefix_override:/usr/lib/python3/dist-packages/colcon_core/task/python/colcon_distutils_commands:/home/jongbob/dev_ws/ros2-study/week1_ros2_basics/install/vicpinky_bringup/lib/python3.12/site-packages:${PYTHONPATH} VIRTUAL_ENV_PROMPT=(arm_venv) /usr/bin/python3 -W ignore:setup.py install is deprecated -W ignore:easy_install command is deprecated setup.py egg_info --egg-base ../../../build/vicpinky_bringup build --build-base /home/jongbob/dev_ws/ros2-study/week1_ros2_basics/build/vicpinky_bringup/build install --record /home/jongbob/dev_ws/ros2-study/week1_ros2_basics/build/vicpinky_bringup/install.log --single-version-externally-managed install_data
[1.645s] running egg_info
[1.645s] creating ../../../build/vicpinky_bringup/vicpinky_bringup.egg-info
[1.670s] writing ../../../build/vicpinky_bringup/vicpinky_bringup.egg-info/PKG-INFO
[1.671s] writing dependency_links to ../../../build/vicpinky_bringup/vicpinky_bringup.egg-info/dependency_links.txt
[1.671s] writing entry points to ../../../build/vicpinky_bringup/vicpinky_bringup.egg-info/entry_points.txt
[1.671s] writing requirements to ../../../build/vicpinky_bringup/vicpinky_bringup.egg-info/requires.txt
[1.672s] writing top-level names to ../../../build/vicpinky_bringup/vicpinky_bringup.egg-info/top_level.txt
[1.672s] writing manifest file '../../../build/vicpinky_bringup/vicpinky_bringup.egg-info/SOURCES.txt'
[1.712s] reading manifest file '../../../build/vicpinky_bringup/vicpinky_bringup.egg-info/SOURCES.txt'
[1.712s] writing manifest file '../../../build/vicpinky_bringup/vicpinky_bringup.egg-info/SOURCES.txt'
[1.713s] running build
[1.713s] running build_py
[1.713s] creating /home/jongbob/dev_ws/ros2-study/week1_ros2_basics/build/vicpinky_bringup/build
[1.713s] creating /home/jongbob/dev_ws/ros2-study/week1_ros2_basics/build/vicpinky_bringup/build/lib
[1.713s] creating /home/jongbob/dev_ws/ros2-study/week1_ros2_basics/build/vicpinky_bringup/build/lib/vicpinky_bringup
[1.713s] copying vicpinky_bringup/__init__.py -> /home/jongbob/dev_ws/ros2-study/week1_ros2_basics/build/vicpinky_bringup/build/lib/vicpinky_bringup
[1.714s] copying vicpinky_bringup/zlac_driver.py -> /home/jongbob/dev_ws/ros2-study/week1_ros2_basics/build/vicpinky_bringup/build/lib/vicpinky_bringup
[1.714s] copying vicpinky_bringup/bringup.py -> /home/jongbob/dev_ws/ros2-study/week1_ros2_basics/build/vicpinky_bringup/build/lib/vicpinky_bringup
[1.714s] running install
[1.719s] running install_lib
[1.736s] creating /home/jongbob/dev_ws/ros2-study/week1_ros2_basics/install/vicpinky_bringup/lib/python3.12/site-packages/vicpinky_bringup
[1.736s] copying /home/jongbob/dev_ws/ros2-study/week1_ros2_basics/build/vicpinky_bringup/build/lib/vicpinky_bringup/__init__.py -> /home/jongbob/dev_ws/ros2-study/week1_ros2_basics/install/vicpinky_bringup/lib/python3.12/site-packages/vicpinky_bringup
[1.736s] copying /home/jongbob/dev_ws/ros2-study/week1_ros2_basics/build/vicpinky_bringup/build/lib/vicpinky_bringup/zlac_driver.py -> /home/jongbob/dev_ws/ros2-study/week1_ros2_basics/install/vicpinky_bringup/lib/python3.12/site-packages/vicpinky_bringup
[1.737s] copying /home/jongbob/dev_ws/ros2-study/week1_ros2_basics/build/vicpinky_bringup/build/lib/vicpinky_bringup/bringup.py -> /home/jongbob/dev_ws/ros2-study/week1_ros2_basics/install/vicpinky_bringup/lib/python3.12/site-packages/vicpinky_bringup
[1.737s] byte-compiling /home/jongbob/dev_ws/ros2-study/week1_ros2_basics/install/vicpinky_bringup/lib/python3.12/site-packages/vicpinky_bringup/__init__.py to __init__.cpython-312.pyc
[1.737s] byte-compiling /home/jongbob/dev_ws/ros2-study/week1_ros2_basics/install/vicpinky_bringup/lib/python3.12/site-packages/vicpinky_bringup/zlac_driver.py to zlac_driver.cpython-312.pyc
[1.738s] byte-compiling /home/jongbob/dev_ws/ros2-study/week1_ros2_basics/install/vicpinky_bringup/lib/python3.12/site-packages/vicpinky_bringup/bringup.py to bringup.cpython-312.pyc
[1.740s] running install_data
[1.740s] creating /home/jongbob/dev_ws/ros2-study/week1_ros2_basics/install/vicpinky_bringup/share/ament_index
[1.740s] creating /home/jongbob/dev_ws/ros2-study/week1_ros2_basics/install/vicpinky_bringup/share/ament_index/resource_index
[1.740s] creating /home/jongbob/dev_ws/ros2-study/week1_ros2_basics/install/vicpinky_bringup/share/ament_index/resource_index/packages
[1.740s] copying resource/vicpinky_bringup -> /home/jongbob/dev_ws/ros2-study/week1_ros2_basics/install/vicpinky_bringup/share/ament_index/resource_index/packages
[1.741s] copying package.xml -> /home/jongbob/dev_ws/ros2-study/week1_ros2_basics/install/vicpinky_bringup/share/vicpinky_bringup
[1.741s] creating /home/jongbob/dev_ws/ros2-study/week1_ros2_basics/install/vicpinky_bringup/share/vicpinky_bringup/launch
[1.741s] copying launch/gazebo_bringup.launch.xml -> /home/jongbob/dev_ws/ros2-study/week1_ros2_basics/install/vicpinky_bringup/share/vicpinky_bringup/launch
[1.741s] copying launch/bringup.launch.xml -> /home/jongbob/dev_ws/ros2-study/week1_ros2_basics/install/vicpinky_bringup/share/vicpinky_bringup/launch
[1.741s] copying launch/gazebo_multi_spwan.launch.xml -> /home/jongbob/dev_ws/ros2-study/week1_ros2_basics/install/vicpinky_bringup/share/vicpinky_bringup/launch
[1.741s] creating /home/jongbob/dev_ws/ros2-study/week1_ros2_basics/install/vicpinky_bringup/share/vicpinky_bringup/config
[1.741s] copying config/laser_filter.yaml -> /home/jongbob/dev_ws/ros2-study/week1_ros2_basics/install/vicpinky_bringup/share/vicpinky_bringup/config
[1.741s] running install_egg_info
[1.758s] Copying ../../../build/vicpinky_bringup/vicpinky_bringup.egg-info to /home/jongbob/dev_ws/ros2-study/week1_ros2_basics/install/vicpinky_bringup/lib/python3.12/site-packages/vicpinky_bringup-0.0.0-py3.12.egg-info
[1.759s] running install_scripts
[1.915s] Installing bringup script to /home/jongbob/dev_ws/ros2-study/week1_ros2_basics/install/vicpinky_bringup/lib/vicpinky_bringup
[1.915s] writing list of installed files to '/home/jongbob/dev_ws/ros2-study/week1_ros2_basics/build/vicpinky_bringup/install.log'
[1.964s] Invoked command in '/home/jongbob/dev_ws/ros2-study/week1_ros2_basics/src/vic_pinky/vicpinky_bringup' returned '0': DEBUGINFOD_URLS=https://debuginfod.ubuntu.com PS1=(arm_venv) \[\e[1;34m\](ID: ${ROS_DOMAIN_ID:-0})\[\e[1;32m\]\u\[\e[0m\]:\[\e[1;34m\]\w\[\e[0m\]$ PYTHONPATH=/home/jongbob/dev_ws/ros2-study/week1_ros2_basics/build/vicpinky_bringup/prefix_override:/usr/lib/python3/dist-packages/colcon_core/task/python/colcon_distutils_commands:/home/jongbob/dev_ws/ros2-study/week1_ros2_basics/install/vicpinky_bringup/lib/python3.12/site-packages:${PYTHONPATH} VIRTUAL_ENV_PROMPT=(arm_venv) /usr/bin/python3 -W ignore:setup.py install is deprecated -W ignore:easy_install command is deprecated setup.py egg_info --egg-base ../../../build/vicpinky_bringup build --build-base /home/jongbob/dev_ws/ros2-study/week1_ros2_basics/build/vicpinky_bringup/build install --record /home/jongbob/dev_ws/ros2-study/week1_ros2_basics/build/vicpinky_bringup/install.log --single-version-externally-managed install_data
