running egg_info
writing ../../build/simple_communication/simple_communication.egg-info/PKG-INFO
writing dependency_links to ../../build/simple_communication/simple_communication.egg-info/dependency_links.txt
writing entry points to ../../build/simple_communication/simple_communication.egg-info/entry_points.txt
writing requirements to ../../build/simple_communication/simple_communication.egg-info/requires.txt
writing top-level names to ../../build/simple_communication/simple_communication.egg-info/top_level.txt
reading manifest file '../../build/simple_communication/simple_communication.egg-info/SOURCES.txt'
writing manifest file '../../build/simple_communication/simple_communication.egg-info/SOURCES.txt'
running build
running build_py
copying simple_communication/robot_status_subcriber.py -> /home/jongbob/dev_ws/ros2-study/week1_ros2_basics/build/simple_communication/build/lib/simple_communication
copying simple_communication/robot_status_publisher.py -> /home/jongbob/dev_ws/ros2-study/week1_ros2_basics/build/simple_communication/build/lib/simple_communication
running install
running install_lib
copying /home/jongbob/dev_ws/ros2-study/week1_ros2_basics/build/simple_communication/build/lib/simple_communication/robot_status_subcriber.py -> /home/jongbob/dev_ws/ros2-study/week1_ros2_basics/install/simple_communication/lib/python3.12/site-packages/simple_communication
copying /home/jongbob/dev_ws/ros2-study/week1_ros2_basics/build/simple_communication/build/lib/simple_communication/robot_status_publisher.py -> /home/jongbob/dev_ws/ros2-study/week1_ros2_basics/install/simple_communication/lib/python3.12/site-packages/simple_communication
byte-compiling /home/jongbob/dev_ws/ros2-study/week1_ros2_basics/install/simple_communication/lib/python3.12/site-packages/simple_communication/robot_status_subcriber.py to robot_status_subcriber.cpython-312.pyc
byte-compiling /home/jongbob/dev_ws/ros2-study/week1_ros2_basics/install/simple_communication/lib/python3.12/site-packages/simple_communication/robot_status_publisher.py to robot_status_publisher.cpython-312.pyc
running install_data
running install_egg_info
removing '/home/jongbob/dev_ws/ros2-study/week1_ros2_basics/install/simple_communication/lib/python3.12/site-packages/simple_communication-0.0.0-py3.12.egg-info' (and everything under it)
Copying ../../build/simple_communication/simple_communication.egg-info to /home/jongbob/dev_ws/ros2-study/week1_ros2_basics/install/simple_communication/lib/python3.12/site-packages/simple_communication-0.0.0-py3.12.egg-info
running install_scripts
Installing robot_status_publisher script to /home/jongbob/dev_ws/ros2-study/week1_ros2_basics/install/simple_communication/lib/simple_communication
Installing robot_status_subscriber script to /home/jongbob/dev_ws/ros2-study/week1_ros2_basics/install/simple_communication/lib/simple_communication
writing list of installed files to '/home/jongbob/dev_ws/ros2-study/week1_ros2_basics/build/simple_communication/install.log'
