[0.956s] Invoking command in '/home/jongbob/dev_ws/ros2-study/week1_ros2_basics/src/simple_communication': DEBUGINFOD_URLS=https://debuginfod.ubuntu.com PS1=(arm_venv) \[\e[1;34m\](ID: ${ROS_DOMAIN_ID:-0})\[\e[1;32m\]\u\[\e[0m\]:\[\e[1;34m\]\w\[\e[0m\]$ PYTHONPATH=/home/jongbob/dev_ws/ros2-study/week1_ros2_basics/build/simple_communication/prefix_override:/usr/lib/python3/dist-packages/colcon_core/task/python/colcon_distutils_commands:/home/jongbob/dev_ws/ros2-study/week1_ros2_basics/install/simple_communication/lib/python3.12/site-packages:${PYTHONPATH} VIRTUAL_ENV_PROMPT=(arm_venv) /usr/bin/python3 -W ignore:setup.py install is deprecated -W ignore:easy_install command is deprecated setup.py egg_info --egg-base ../../build/simple_communication build --build-base /home/jongbob/dev_ws/ros2-study/week1_ros2_basics/build/simple_communication/build install --record /home/jongbob/dev_ws/ros2-study/week1_ros2_basics/build/simple_communication/install.log --single-version-externally-managed install_data
[1.251s] running egg_info
[1.272s] writing ../../build/simple_communication/simple_communication.egg-info/PKG-INFO
[1.273s] writing dependency_links to ../../build/simple_communication/simple_communication.egg-info/dependency_links.txt
[1.273s] writing entry points to ../../build/simple_communication/simple_communication.egg-info/entry_points.txt
[1.273s] writing requirements to ../../build/simple_communication/simple_communication.egg-info/requires.txt
[1.273s] writing top-level names to ../../build/simple_communication/simple_communication.egg-info/top_level.txt
[1.315s] reading manifest file '../../build/simple_communication/simple_communication.egg-info/SOURCES.txt'
[1.316s] writing manifest file '../../build/simple_communication/simple_communication.egg-info/SOURCES.txt'
[1.316s] running build
[1.316s] running build_py
[1.316s] copying simple_communication/robot_status_subcriber.py -> /home/jongbob/dev_ws/ros2-study/week1_ros2_basics/build/simple_communication/build/lib/simple_communication
[1.317s] copying simple_communication/robot_status_publisher.py -> /home/jongbob/dev_ws/ros2-study/week1_ros2_basics/build/simple_communication/build/lib/simple_communication
[1.317s] running install
[1.323s] running install_lib
[1.345s] copying /home/jongbob/dev_ws/ros2-study/week1_ros2_basics/build/simple_communication/build/lib/simple_communication/robot_status_subcriber.py -> /home/jongbob/dev_ws/ros2-study/week1_ros2_basics/install/simple_communication/lib/python3.12/site-packages/simple_communication
[1.345s] copying /home/jongbob/dev_ws/ros2-study/week1_ros2_basics/build/simple_communication/build/lib/simple_communication/robot_status_publisher.py -> /home/jongbob/dev_ws/ros2-study/week1_ros2_basics/install/simple_communication/lib/python3.12/site-packages/simple_communication
[1.345s] byte-compiling /home/jongbob/dev_ws/ros2-study/week1_ros2_basics/install/simple_communication/lib/python3.12/site-packages/simple_communication/robot_status_subcriber.py to robot_status_subcriber.cpython-312.pyc
[1.346s] byte-compiling /home/jongbob/dev_ws/ros2-study/week1_ros2_basics/install/simple_communication/lib/python3.12/site-packages/simple_communication/robot_status_publisher.py to robot_status_publisher.cpython-312.pyc
[1.347s] running install_data
[1.347s] running install_egg_info
[1.370s] removing '/home/jongbob/dev_ws/ros2-study/week1_ros2_basics/install/simple_communication/lib/python3.12/site-packages/simple_communication-0.0.0-py3.12.egg-info' (and everything under it)
[1.370s] Copying ../../build/simple_communication/simple_communication.egg-info to /home/jongbob/dev_ws/ros2-study/week1_ros2_basics/install/simple_communication/lib/python3.12/site-packages/simple_communication-0.0.0-py3.12.egg-info
[1.371s] running install_scripts
[1.516s] Installing robot_status_publisher script to /home/jongbob/dev_ws/ros2-study/week1_ros2_basics/install/simple_communication/lib/simple_communication
[1.516s] Installing robot_status_subscriber script to /home/jongbob/dev_ws/ros2-study/week1_ros2_basics/install/simple_communication/lib/simple_communication
[1.516s] writing list of installed files to '/home/jongbob/dev_ws/ros2-study/week1_ros2_basics/build/simple_communication/install.log'
[1.550s] Invoked command in '/home/jongbob/dev_ws/ros2-study/week1_ros2_basics/src/simple_communication' returned '0': DEBUGINFOD_URLS=https://debuginfod.ubuntu.com PS1=(arm_venv) \[\e[1;34m\](ID: ${ROS_DOMAIN_ID:-0})\[\e[1;32m\]\u\[\e[0m\]:\[\e[1;34m\]\w\[\e[0m\]$ PYTHONPATH=/home/jongbob/dev_ws/ros2-study/week1_ros2_basics/build/simple_communication/prefix_override:/usr/lib/python3/dist-packages/colcon_core/task/python/colcon_distutils_commands:/home/jongbob/dev_ws/ros2-study/week1_ros2_basics/install/simple_communication/lib/python3.12/site-packages:${PYTHONPATH} VIRTUAL_ENV_PROMPT=(arm_venv) /usr/bin/python3 -W ignore:setup.py install is deprecated -W ignore:easy_install command is deprecated setup.py egg_info --egg-base ../../build/simple_communication build --build-base /home/jongbob/dev_ws/ros2-study/week1_ros2_basics/build/simple_communication/build install --record /home/jongbob/dev_ws/ros2-study/week1_ros2_basics/build/simple_communication/install.log --single-version-externally-managed install_data
