-- Install configuration: ""
-- Up-to-date: /home/jongbob/dev_ws/ros2-study/week2_slam/install/vicpinky_navigation/share/vicpinky_navigation/launch
-- Up-to-date: /home/jongbob/dev_ws/ros2-study/week2_slam/install/vicpinky_navigation/share/vicpinky_navigation/launch/map_building.launch.xml
-- Up-to-date: /home/jongbob/dev_ws/ros2-study/week2_slam/install/vicpinky_navigation/share/vicpinky_navigation/launch/map_view.launch.xml
-- Up-to-date: /home/jongbob/dev_ws/ros2-study/week2_slam/install/vicpinky_navigation/share/vicpinky_navigation/launch/nav2_view.launch.xml
-- Up-to-date: /home/jongbob/dev_ws/ros2-study/week2_slam/install/vicpinky_navigation/share/vicpinky_navigation/launch/navigation_launch.xml
-- Up-to-date: /home/jongbob/dev_ws/ros2-study/week2_slam/install/vicpinky_navigation/share/vicpinky_navigation/launch/localization_launch.xml
-- Up-to-date: /home/jongbob/dev_ws/ros2-study/week2_slam/install/vicpinky_navigation/share/vicpinky_navigation/launch/bringup_launch.xml
-- Up-to-date: /home/jongbob/dev_ws/ros2-study/week2_slam/install/vicpinky_navigation/share/vicpinky_navigation/map
-- Up-to-date: /home/jongbob/dev_ws/ros2-study/week2_slam/install/vicpinky_navigation/share/vicpinky_navigation/map/factory.pgm
-- Up-to-date: /home/jongbob/dev_ws/ros2-study/week2_slam/install/vicpinky_navigation/share/vicpinky_navigation/map/factory2.yaml
-- Up-to-date: /home/jongbob/dev_ws/ros2-study/week2_slam/install/vicpinky_navigation/share/vicpinky_navigation/map/pinklab.yaml
-- Up-to-date: /home/jongbob/dev_ws/ros2-study/week2_slam/install/vicpinky_navigation/share/vicpinky_navigation/map/factory.yaml
-- Up-to-date: /home/jongbob/dev_ws/ros2-study/week2_slam/install/vicpinky_navigation/share/vicpinky_navigation/map/pinklab.png
-- Up-to-date: /home/jongbob/dev_ws/ros2-study/week2_slam/install/vicpinky_navigation/share/vicpinky_navigation/map/factory2.pgm
-- Up-to-date: /home/jongbob/dev_ws/ros2-study/week2_slam/install/vicpinky_navigation/share/vicpinky_navigation/params
-- Up-to-date: /home/jongbob/dev_ws/ros2-study/week2_slam/install/vicpinky_navigation/share/vicpinky_navigation/params/mapper_params.yaml
-- Up-to-date: /home/jongbob/dev_ws/ros2-study/week2_slam/install/vicpinky_navigation/share/vicpinky_navigation/params/nav2_params.yaml
-- Up-to-date: /home/jongbob/dev_ws/ros2-study/week2_slam/install/vicpinky_navigation/share/vicpinky_navigation/rviz
-- Up-to-date: /home/jongbob/dev_ws/ros2-study/week2_slam/install/vicpinky_navigation/share/vicpinky_navigation/rviz/nav2_view.rviz
-- Up-to-date: /home/jongbob/dev_ws/ros2-study/week2_slam/install/vicpinky_navigation/share/vicpinky_navigation/rviz/map_view.rviz
-- Up-to-date: /home/jongbob/dev_ws/ros2-study/week2_slam/install/vicpinky_navigation/share/ament_index/resource_index/package_run_dependencies/vicpinky_navigation
-- Up-to-date: /home/jongbob/dev_ws/ros2-study/week2_slam/install/vicpinky_navigation/share/ament_index/resource_index/parent_prefix_path/vicpinky_navigation
-- Up-to-date: /home/jongbob/dev_ws/ros2-study/week2_slam/install/vicpinky_navigation/share/vicpinky_navigation/environment/ament_prefix_path.sh
-- Up-to-date: /home/jongbob/dev_ws/ros2-study/week2_slam/install/vicpinky_navigation/share/vicpinky_navigation/environment/ament_prefix_path.dsv
-- Up-to-date: /home/jongbob/dev_ws/ros2-study/week2_slam/install/vicpinky_navigation/share/vicpinky_navigation/environment/path.sh
-- Up-to-date: /home/jongbob/dev_ws/ros2-study/week2_slam/install/vicpinky_navigation/share/vicpinky_navigation/environment/path.dsv
-- Up-to-date: /home/jongbob/dev_ws/ros2-study/week2_slam/install/vicpinky_navigation/share/vicpinky_navigation/local_setup.bash
-- Up-to-date: /home/jongbob/dev_ws/ros2-study/week2_slam/install/vicpinky_navigation/share/vicpinky_navigation/local_setup.sh
-- Up-to-date: /home/jongbob/dev_ws/ros2-study/week2_slam/install/vicpinky_navigation/share/vicpinky_navigation/local_setup.zsh
-- Up-to-date: /home/jongbob/dev_ws/ros2-study/week2_slam/install/vicpinky_navigation/share/vicpinky_navigation/local_setup.dsv
-- Up-to-date: /home/jongbob/dev_ws/ros2-study/week2_slam/install/vicpinky_navigation/share/vicpinky_navigation/package.dsv
-- Up-to-date: /home/jongbob/dev_ws/ros2-study/week2_slam/install/vicpinky_navigation/share/ament_index/resource_index/packages/vicpinky_navigation
-- Up-to-date: /home/jongbob/dev_ws/ros2-study/week2_slam/install/vicpinky_navigation/share/vicpinky_navigation/cmake/vicpinky_navigationConfig.cmake
-- Up-to-date: /home/jongbob/dev_ws/ros2-study/week2_slam/install/vicpinky_navigation/share/vicpinky_navigation/cmake/vicpinky_navigationConfig-version.cmake
-- Up-to-date: /home/jongbob/dev_ws/ros2-study/week2_slam/install/vicpinky_navigation/share/vicpinky_navigation/package.xml
