[0.162s] Invoking command in '/home/jongbob/dev_ws/ros2-study/week2_slam/build/vicpinky_navigation': CMAKE_PREFIX_PATH=/home/jongbob/dev_ws/ros2-study/week2_slam/install/vicpinky_navigation:/home/jongbob/dev_ws/ros2-study/week2_slam/install/vicpinky_gazebo:/home/jongbob/dev_ws/ros2-study/week2_slam/install/vicpinky_description:/home/jongbob/dev_ws/ros2-study/week1_ros2_basics/install/vicpinky_navigation:/home/jongbob/dev_ws/ros2-study/week1_ros2_basics/install/vicpinky_gazebo:/home/jongbob/dev_ws/ros2-study/week1_ros2_basics/install/vicpinky_description:/home/jongbob/dev_ws/ros2-study/week1_ros2_basics/install/sllidar_ros2:/home/jongbob/dev_ws/ros2-study/week2_slam/install/vicpinky_bringup:/home/jongbob/dev_ws/ros2-study/week1_ros2_basics/install/vicpinky_bringup:/home/jongbob/dev_ws/ros2-study/week1_ros2_basics/install/robot_communication:/opt/ros/jazzy:/home/jongbob/dev_ws/ros2-study/week1_ros2_basics/install/simple_communication:/opt/ros/jazzy/opt/gz_sim_vendor:/opt/ros/jazzy/opt/gz_sensors_vendor:/opt/ros/jazzy/opt/gz_physics_vendor:/opt/ros/jazzy/opt/sdformat_vendor:/opt/ros/jazzy/opt/gz_gui_vendor:/opt/ros/jazzy/opt/gz_transport_vendor:/opt/ros/jazzy/opt/gz_rendering_vendor:/opt/ros/jazzy/opt/gz_plugin_vendor:/opt/ros/jazzy/opt/gz_fuel_tools_vendor:/opt/ros/jazzy/opt/gz_msgs_vendor:/opt/ros/jazzy/opt/gz_common_vendor:/opt/ros/jazzy/opt/gz_math_vendor:/opt/ros/jazzy/opt/gz_utils_vendor:/opt/ros/jazzy/opt/gz_tools_vendor:/opt/ros/jazzy/opt/gz_ogre_next_vendor:/opt/ros/jazzy/opt/gz_dartsim_vendor:/opt/ros/jazzy/opt/gz_cmake_vendor DEBUGINFOD_URLS=https://debuginfod.ubuntu.com /usr/bin/cmake --build /home/jongbob/dev_ws/ros2-study/week2_slam/build/vicpinky_navigation -- -j8 -l8
[0.203s] Invoked command in '/home/jongbob/dev_ws/ros2-study/week2_slam/build/vicpinky_navigation' returned '0': CMAKE_PREFIX_PATH=/home/jongbob/dev_ws/ros2-study/week2_slam/install/vicpinky_navigation:/home/jongbob/dev_ws/ros2-study/week2_slam/install/vicpinky_gazebo:/home/jongbob/dev_ws/ros2-study/week2_slam/install/vicpinky_description:/home/jongbob/dev_ws/ros2-study/week1_ros2_basics/install/vicpinky_navigation:/home/jongbob/dev_ws/ros2-study/week1_ros2_basics/install/vicpinky_gazebo:/home/jongbob/dev_ws/ros2-study/week1_ros2_basics/install/vicpinky_description:/home/jongbob/dev_ws/ros2-study/week1_ros2_basics/install/sllidar_ros2:/home/jongbob/dev_ws/ros2-study/week2_slam/install/vicpinky_bringup:/home/jongbob/dev_ws/ros2-study/week1_ros2_basics/install/vicpinky_bringup:/home/jongbob/dev_ws/ros2-study/week1_ros2_basics/install/robot_communication:/opt/ros/jazzy:/home/jongbob/dev_ws/ros2-study/week1_ros2_basics/install/simple_communication:/opt/ros/jazzy/opt/gz_sim_vendor:/opt/ros/jazzy/opt/gz_sensors_vendor:/opt/ros/jazzy/opt/gz_physics_vendor:/opt/ros/jazzy/opt/sdformat_vendor:/opt/ros/jazzy/opt/gz_gui_vendor:/opt/ros/jazzy/opt/gz_transport_vendor:/opt/ros/jazzy/opt/gz_rendering_vendor:/opt/ros/jazzy/opt/gz_plugin_vendor:/opt/ros/jazzy/opt/gz_fuel_tools_vendor:/opt/ros/jazzy/opt/gz_msgs_vendor:/opt/ros/jazzy/opt/gz_common_vendor:/opt/ros/jazzy/opt/gz_math_vendor:/opt/ros/jazzy/opt/gz_utils_vendor:/opt/ros/jazzy/opt/gz_tools_vendor:/opt/ros/jazzy/opt/gz_ogre_next_vendor:/opt/ros/jazzy/opt/gz_dartsim_vendor:/opt/ros/jazzy/opt/gz_cmake_vendor DEBUGINFOD_URLS=https://debuginfod.ubuntu.com /usr/bin/cmake --build /home/jongbob/dev_ws/ros2-study/week2_slam/build/vicpinky_navigation -- -j8 -l8
[0.205s] Invoking command in '/home/jongbob/dev_ws/ros2-study/week2_slam/build/vicpinky_navigation': CMAKE_PREFIX_PATH=/home/jongbob/dev_ws/ros2-study/week2_slam/install/vicpinky_navigation:/home/jongbob/dev_ws/ros2-study/week2_slam/install/vicpinky_gazebo:/home/jongbob/dev_ws/ros2-study/week2_slam/install/vicpinky_description:/home/jongbob/dev_ws/ros2-study/week1_ros2_basics/install/vicpinky_navigation:/home/jongbob/dev_ws/ros2-study/week1_ros2_basics/install/vicpinky_gazebo:/home/jongbob/dev_ws/ros2-study/week1_ros2_basics/install/vicpinky_description:/home/jongbob/dev_ws/ros2-study/week1_ros2_basics/install/sllidar_ros2:/home/jongbob/dev_ws/ros2-study/week2_slam/install/vicpinky_bringup:/home/jongbob/dev_ws/ros2-study/week1_ros2_basics/install/vicpinky_bringup:/home/jongbob/dev_ws/ros2-study/week1_ros2_basics/install/robot_communication:/opt/ros/jazzy:/home/jongbob/dev_ws/ros2-study/week1_ros2_basics/install/simple_communication:/opt/ros/jazzy/opt/gz_sim_vendor:/opt/ros/jazzy/opt/gz_sensors_vendor:/opt/ros/jazzy/opt/gz_physics_vendor:/opt/ros/jazzy/opt/sdformat_vendor:/opt/ros/jazzy/opt/gz_gui_vendor:/opt/ros/jazzy/opt/gz_transport_vendor:/opt/ros/jazzy/opt/gz_rendering_vendor:/opt/ros/jazzy/opt/gz_plugin_vendor:/opt/ros/jazzy/opt/gz_fuel_tools_vendor:/opt/ros/jazzy/opt/gz_msgs_vendor:/opt/ros/jazzy/opt/gz_common_vendor:/opt/ros/jazzy/opt/gz_math_vendor:/opt/ros/jazzy/opt/gz_utils_vendor:/opt/ros/jazzy/opt/gz_tools_vendor:/opt/ros/jazzy/opt/gz_ogre_next_vendor:/opt/ros/jazzy/opt/gz_dartsim_vendor:/opt/ros/jazzy/opt/gz_cmake_vendor DEBUGINFOD_URLS=https://debuginfod.ubuntu.com /usr/bin/cmake --install /home/jongbob/dev_ws/ros2-study/week2_slam/build/vicpinky_navigation
[0.211s] -- Install configuration: ""
[0.211s] -- Up-to-date: /home/jongbob/dev_ws/ros2-study/week2_slam/install/vicpinky_navigation/share/vicpinky_navigation/launch
[0.211s] -- Up-to-date: /home/jongbob/dev_ws/ros2-study/week2_slam/install/vicpinky_navigation/share/vicpinky_navigation/launch/map_building.launch.xml
[0.212s] -- Up-to-date: /home/jongbob/dev_ws/ros2-study/week2_slam/install/vicpinky_navigation/share/vicpinky_navigation/launch/map_view.launch.xml
[0.212s] -- Up-to-date: /home/jongbob/dev_ws/ros2-study/week2_slam/install/vicpinky_navigation/share/vicpinky_navigation/launch/nav2_view.launch.xml
[0.212s] -- Up-to-date: /home/jongbob/dev_ws/ros2-study/week2_slam/install/vicpinky_navigation/share/vicpinky_navigation/launch/navigation_launch.xml
[0.212s] -- Up-to-date: /home/jongbob/dev_ws/ros2-study/week2_slam/install/vicpinky_navigation/share/vicpinky_navigation/launch/localization_launch.xml
[0.212s] -- Up-to-date: /home/jongbob/dev_ws/ros2-study/week2_slam/install/vicpinky_navigation/share/vicpinky_navigation/launch/bringup_launch.xml
[0.212s] -- Up-to-date: /home/jongbob/dev_ws/ros2-study/week2_slam/install/vicpinky_navigation/share/vicpinky_navigation/map
[0.212s] -- Up-to-date: /home/jongbob/dev_ws/ros2-study/week2_slam/install/vicpinky_navigation/share/vicpinky_navigation/map/factory.pgm
[0.212s] -- Up-to-date: /home/jongbob/dev_ws/ros2-study/week2_slam/install/vicpinky_navigation/share/vicpinky_navigation/map/factory2.yaml
[0.212s] -- Up-to-date: /home/jongbob/dev_ws/ros2-study/week2_slam/install/vicpinky_navigation/share/vicpinky_navigation/map/pinklab.yaml
[0.212s] -- Up-to-date: /home/jongbob/dev_ws/ros2-study/week2_slam/install/vicpinky_navigation/share/vicpinky_navigation/map/factory.yaml
[0.213s] -- Up-to-date: /home/jongbob/dev_ws/ros2-study/week2_slam/install/vicpinky_navigation/share/vicpinky_navigation/map/pinklab.png
[0.213s] -- Up-to-date: /home/jongbob/dev_ws/ros2-study/week2_slam/install/vicpinky_navigation/share/vicpinky_navigation/map/factory2.pgm
[0.213s] -- Up-to-date: /home/jongbob/dev_ws/ros2-study/week2_slam/install/vicpinky_navigation/share/vicpinky_navigation/params
[0.213s] -- Up-to-date: /home/jongbob/dev_ws/ros2-study/week2_slam/install/vicpinky_navigation/share/vicpinky_navigation/params/mapper_params.yaml
[0.213s] -- Up-to-date: /home/jongbob/dev_ws/ros2-study/week2_slam/install/vicpinky_navigation/share/vicpinky_navigation/params/nav2_params.yaml
[0.213s] -- Up-to-date: /home/jongbob/dev_ws/ros2-study/week2_slam/install/vicpinky_navigation/share/vicpinky_navigation/rviz
[0.213s] -- Up-to-date: /home/jongbob/dev_ws/ros2-study/week2_slam/install/vicpinky_navigation/share/vicpinky_navigation/rviz/nav2_view.rviz
[0.213s] -- Up-to-date: /home/jongbob/dev_ws/ros2-study/week2_slam/install/vicpinky_navigation/share/vicpinky_navigation/rviz/map_view.rviz
[0.213s] -- Up-to-date: /home/jongbob/dev_ws/ros2-study/week2_slam/install/vicpinky_navigation/share/ament_index/resource_index/package_run_dependencies/vicpinky_navigation
[0.213s] -- Up-to-date: /home/jongbob/dev_ws/ros2-study/week2_slam/install/vicpinky_navigation/share/ament_index/resource_index/parent_prefix_path/vicpinky_navigation
[0.213s] -- Up-to-date: /home/jongbob/dev_ws/ros2-study/week2_slam/install/vicpinky_navigation/share/vicpinky_navigation/environment/ament_prefix_path.sh
[0.214s] -- Up-to-date: /home/jongbob/dev_ws/ros2-study/week2_slam/install/vicpinky_navigation/share/vicpinky_navigation/environment/ament_prefix_path.dsv
[0.214s] -- Up-to-date: /home/jongbob/dev_ws/ros2-study/week2_slam/install/vicpinky_navigation/share/vicpinky_navigation/environment/path.sh
[0.214s] -- Up-to-date: /home/jongbob/dev_ws/ros2-study/week2_slam/install/vicpinky_navigation/share/vicpinky_navigation/environment/path.dsv
[0.215s] -- Up-to-date: /home/jongbob/dev_ws/ros2-study/week2_slam/install/vicpinky_navigation/share/vicpinky_navigation/local_setup.bash
[0.215s] -- Up-to-date: /home/jongbob/dev_ws/ros2-study/week2_slam/install/vicpinky_navigation/share/vicpinky_navigation/local_setup.sh
[0.215s] -- Up-to-date: /home/jongbob/dev_ws/ros2-study/week2_slam/install/vicpinky_navigation/share/vicpinky_navigation/local_setup.zsh
[0.215s] -- Up-to-date: /home/jongbob/dev_ws/ros2-study/week2_slam/install/vicpinky_navigation/share/vicpinky_navigation/local_setup.dsv
[0.215s] -- Up-to-date: /home/jongbob/dev_ws/ros2-study/week2_slam/install/vicpinky_navigation/share/vicpinky_navigation/package.dsv
[0.215s] -- Up-to-date: /home/jongbob/dev_ws/ros2-study/week2_slam/install/vicpinky_navigation/share/ament_index/resource_index/packages/vicpinky_navigation
[0.215s] -- Up-to-date: /home/jongbob/dev_ws/ros2-study/week2_slam/install/vicpinky_navigation/share/vicpinky_navigation/cmake/vicpinky_navigationConfig.cmake
[0.216s] -- Up-to-date: /home/jongbob/dev_ws/ros2-study/week2_slam/install/vicpinky_navigation/share/vicpinky_navigation/cmake/vicpinky_navigationConfig-version.cmake
[0.216s] -- Up-to-date: /home/jongbob/dev_ws/ros2-study/week2_slam/install/vicpinky_navigation/share/vicpinky_navigation/package.xml
[0.216s] Invoked command in '/home/jongbob/dev_ws/ros2-study/week2_slam/build/vicpinky_navigation' returned '0': CMAKE_PREFIX_PATH=/home/jongbob/dev_ws/ros2-study/week2_slam/install/vicpinky_navigation:/home/jongbob/dev_ws/ros2-study/week2_slam/install/vicpinky_gazebo:/home/jongbob/dev_ws/ros2-study/week2_slam/install/vicpinky_description:/home/jongbob/dev_ws/ros2-study/week1_ros2_basics/install/vicpinky_navigation:/home/jongbob/dev_ws/ros2-study/week1_ros2_basics/install/vicpinky_gazebo:/home/jongbob/dev_ws/ros2-study/week1_ros2_basics/install/vicpinky_description:/home/jongbob/dev_ws/ros2-study/week1_ros2_basics/install/sllidar_ros2:/home/jongbob/dev_ws/ros2-study/week2_slam/install/vicpinky_bringup:/home/jongbob/dev_ws/ros2-study/week1_ros2_basics/install/vicpinky_bringup:/home/jongbob/dev_ws/ros2-study/week1_ros2_basics/install/robot_communication:/opt/ros/jazzy:/home/jongbob/dev_ws/ros2-study/week1_ros2_basics/install/simple_communication:/opt/ros/jazzy/opt/gz_sim_vendor:/opt/ros/jazzy/opt/gz_sensors_vendor:/opt/ros/jazzy/opt/gz_physics_vendor:/opt/ros/jazzy/opt/sdformat_vendor:/opt/ros/jazzy/opt/gz_gui_vendor:/opt/ros/jazzy/opt/gz_transport_vendor:/opt/ros/jazzy/opt/gz_rendering_vendor:/opt/ros/jazzy/opt/gz_plugin_vendor:/opt/ros/jazzy/opt/gz_fuel_tools_vendor:/opt/ros/jazzy/opt/gz_msgs_vendor:/opt/ros/jazzy/opt/gz_common_vendor:/opt/ros/jazzy/opt/gz_math_vendor:/opt/ros/jazzy/opt/gz_utils_vendor:/opt/ros/jazzy/opt/gz_tools_vendor:/opt/ros/jazzy/opt/gz_ogre_next_vendor:/opt/ros/jazzy/opt/gz_dartsim_vendor:/opt/ros/jazzy/opt/gz_cmake_vendor DEBUGINFOD_URLS=https://debuginfod.ubuntu.com /usr/bin/cmake --install /home/jongbob/dev_ws/ros2-study/week2_slam/build/vicpinky_navigation
