[0.174s] Invoking command in '/home/jongbob/dev_ws/ros2-study/week1_ros2_basics/build/sllidar_ros2': CMAKE_PREFIX_PATH=/home/jongbob/dev_ws/ros2-study/week1_ros2_basics/install/vicpinky_navigation:/home/jongbob/dev_ws/ros2-study/week1_ros2_basics/install/vicpinky_gazebo:/home/jongbob/dev_ws/ros2-study/week1_ros2_basics/install/vicpinky_description:/home/jongbob/dev_ws/ros2-study/week1_ros2_basics/install/sllidar_ros2:/home/jongbob/dev_ws/ros2-study/week1_ros2_basics/install/vicpinky_bringup:/home/jongbob/dev_ws/ros2-study/week1_ros2_basics/install/robot_communication:/home/jongbob/dev_ws/ros2-study/week1_ros2_basics/src/install/robot_communication:/opt/ros/jazzy:/home/jongbob/dev_ws/ros2-study/week1_ros2_basics/install/simple_communication:/home/jongbob/dev_ws/ros2-study/week1_ros2_basics/src/install/simple_communication:/opt/ros/jazzy/opt/gz_sim_vendor:/opt/ros/jazzy/opt/gz_sensors_vendor:/opt/ros/jazzy/opt/gz_physics_vendor:/opt/ros/jazzy/opt/sdformat_vendor:/opt/ros/jazzy/opt/gz_gui_vendor:/opt/ros/jazzy/opt/gz_transport_vendor:/opt/ros/jazzy/opt/gz_rendering_vendor:/opt/ros/jazzy/opt/gz_plugin_vendor:/opt/ros/jazzy/opt/gz_fuel_tools_vendor:/opt/ros/jazzy/opt/gz_msgs_vendor:/opt/ros/jazzy/opt/gz_common_vendor:/opt/ros/jazzy/opt/gz_math_vendor:/opt/ros/jazzy/opt/gz_utils_vendor:/opt/ros/jazzy/opt/gz_tools_vendor:/opt/ros/jazzy/opt/gz_ogre_next_vendor:/opt/ros/jazzy/opt/gz_dartsim_vendor:/opt/ros/jazzy/opt/gz_cmake_vendor DEBUGINFOD_URLS=https://debuginfod.ubuntu.com PS1=(arm_venv) \[\e[1;34m\](ID: ${ROS_DOMAIN_ID:-0})\[\e[1;32m\]\u\[\e[0m\]:\[\e[1;34m\]\w\[\e[0m\]$ VIRTUAL_ENV_PROMPT=(arm_venv) /usr/bin/cmake --build /home/jongbob/dev_ws/ros2-study/week1_ros2_basics/build/sllidar_ros2 -- -j8 -l8
[0.397s] [ 10%] Built target sllidar_client
[0.397s] [100%] Built target sllidar_node
[0.406s] Invoked command in '/home/jongbob/dev_ws/ros2-study/week1_ros2_basics/build/sllidar_ros2' returned '0': CMAKE_PREFIX_PATH=/home/jongbob/dev_ws/ros2-study/week1_ros2_basics/install/vicpinky_navigation:/home/jongbob/dev_ws/ros2-study/week1_ros2_basics/install/vicpinky_gazebo:/home/jongbob/dev_ws/ros2-study/week1_ros2_basics/install/vicpinky_description:/home/jongbob/dev_ws/ros2-study/week1_ros2_basics/install/sllidar_ros2:/home/jongbob/dev_ws/ros2-study/week1_ros2_basics/install/vicpinky_bringup:/home/jongbob/dev_ws/ros2-study/week1_ros2_basics/install/robot_communication:/home/jongbob/dev_ws/ros2-study/week1_ros2_basics/src/install/robot_communication:/opt/ros/jazzy:/home/jongbob/dev_ws/ros2-study/week1_ros2_basics/install/simple_communication:/home/jongbob/dev_ws/ros2-study/week1_ros2_basics/src/install/simple_communication:/opt/ros/jazzy/opt/gz_sim_vendor:/opt/ros/jazzy/opt/gz_sensors_vendor:/opt/ros/jazzy/opt/gz_physics_vendor:/opt/ros/jazzy/opt/sdformat_vendor:/opt/ros/jazzy/opt/gz_gui_vendor:/opt/ros/jazzy/opt/gz_transport_vendor:/opt/ros/jazzy/opt/gz_rendering_vendor:/opt/ros/jazzy/opt/gz_plugin_vendor:/opt/ros/jazzy/opt/gz_fuel_tools_vendor:/opt/ros/jazzy/opt/gz_msgs_vendor:/opt/ros/jazzy/opt/gz_common_vendor:/opt/ros/jazzy/opt/gz_math_vendor:/opt/ros/jazzy/opt/gz_utils_vendor:/opt/ros/jazzy/opt/gz_tools_vendor:/opt/ros/jazzy/opt/gz_ogre_next_vendor:/opt/ros/jazzy/opt/gz_dartsim_vendor:/opt/ros/jazzy/opt/gz_cmake_vendor DEBUGINFOD_URLS=https://debuginfod.ubuntu.com PS1=(arm_venv) \[\e[1;34m\](ID: ${ROS_DOMAIN_ID:-0})\[\e[1;32m\]\u\[\e[0m\]:\[\e[1;34m\]\w\[\e[0m\]$ VIRTUAL_ENV_PROMPT=(arm_venv) /usr/bin/cmake --build /home/jongbob/dev_ws/ros2-study/week1_ros2_basics/build/sllidar_ros2 -- -j8 -l8
[0.407s] Invoking command in '/home/jongbob/dev_ws/ros2-study/week1_ros2_basics/build/sllidar_ros2': CMAKE_PREFIX_PATH=/home/jongbob/dev_ws/ros2-study/week1_ros2_basics/install/vicpinky_navigation:/home/jongbob/dev_ws/ros2-study/week1_ros2_basics/install/vicpinky_gazebo:/home/jongbob/dev_ws/ros2-study/week1_ros2_basics/install/vicpinky_description:/home/jongbob/dev_ws/ros2-study/week1_ros2_basics/install/sllidar_ros2:/home/jongbob/dev_ws/ros2-study/week1_ros2_basics/install/vicpinky_bringup:/home/jongbob/dev_ws/ros2-study/week1_ros2_basics/install/robot_communication:/home/jongbob/dev_ws/ros2-study/week1_ros2_basics/src/install/robot_communication:/opt/ros/jazzy:/home/jongbob/dev_ws/ros2-study/week1_ros2_basics/install/simple_communication:/home/jongbob/dev_ws/ros2-study/week1_ros2_basics/src/install/simple_communication:/opt/ros/jazzy/opt/gz_sim_vendor:/opt/ros/jazzy/opt/gz_sensors_vendor:/opt/ros/jazzy/opt/gz_physics_vendor:/opt/ros/jazzy/opt/sdformat_vendor:/opt/ros/jazzy/opt/gz_gui_vendor:/opt/ros/jazzy/opt/gz_transport_vendor:/opt/ros/jazzy/opt/gz_rendering_vendor:/opt/ros/jazzy/opt/gz_plugin_vendor:/opt/ros/jazzy/opt/gz_fuel_tools_vendor:/opt/ros/jazzy/opt/gz_msgs_vendor:/opt/ros/jazzy/opt/gz_common_vendor:/opt/ros/jazzy/opt/gz_math_vendor:/opt/ros/jazzy/opt/gz_utils_vendor:/opt/ros/jazzy/opt/gz_tools_vendor:/opt/ros/jazzy/opt/gz_ogre_next_vendor:/opt/ros/jazzy/opt/gz_dartsim_vendor:/opt/ros/jazzy/opt/gz_cmake_vendor DEBUGINFOD_URLS=https://debuginfod.ubuntu.com PS1=(arm_venv) \[\e[1;34m\](ID: ${ROS_DOMAIN_ID:-0})\[\e[1;32m\]\u\[\e[0m\]:\[\e[1;34m\]\w\[\e[0m\]$ VIRTUAL_ENV_PROMPT=(arm_venv) /usr/bin/cmake --install /home/jongbob/dev_ws/ros2-study/week1_ros2_basics/build/sllidar_ros2
[0.417s] -- Install configuration: ""
[0.417s] -- Up-to-date: /home/jongbob/dev_ws/ros2-study/week1_ros2_basics/install/sllidar_ros2/share/sllidar_ros2/launch
[0.417s] -- Up-to-date: /home/jongbob/dev_ws/ros2-study/week1_ros2_basics/install/sllidar_ros2/share/sllidar_ros2/launch/view_sllidar_a2m12_launch.py
[0.417s] -- Up-to-date: /home/jongbob/dev_ws/ros2-study/week1_ros2_basics/install/sllidar_ros2/share/sllidar_ros2/launch/view_sllidar_a2m7_launch.py
[0.417s] -- Up-to-date: /home/jongbob/dev_ws/ros2-study/week1_ros2_basics/install/sllidar_ros2/share/sllidar_ros2/launch/sllidar_a2m7_launch.py
[0.417s] -- Up-to-date: /home/jongbob/dev_ws/ros2-study/week1_ros2_basics/install/sllidar_ros2/share/sllidar_ros2/launch/sllidar_a1_launch.py
[0.417s] -- Up-to-date: /home/jongbob/dev_ws/ros2-study/week1_ros2_basics/install/sllidar_ros2/share/sllidar_ros2/launch/sllidar_s1_launch.py
[0.417s] -- Up-to-date: /home/jongbob/dev_ws/ros2-study/week1_ros2_basics/install/sllidar_ros2/share/sllidar_ros2/launch/view_sllidar_s2_launch.py
[0.417s] -- Up-to-date: /home/jongbob/dev_ws/ros2-study/week1_ros2_basics/install/sllidar_ros2/share/sllidar_ros2/launch/sllidar_t1_launch.py
[0.417s] -- Up-to-date: /home/jongbob/dev_ws/ros2-study/week1_ros2_basics/install/sllidar_ros2/share/sllidar_ros2/launch/view_sllidar_a1_launch.py
[0.417s] -- Up-to-date: /home/jongbob/dev_ws/ros2-study/week1_ros2_basics/install/sllidar_ros2/share/sllidar_ros2/launch/sllidar_a2m8_launch.py
[0.417s] -- Up-to-date: /home/jongbob/dev_ws/ros2-study/week1_ros2_basics/install/sllidar_ros2/share/sllidar_ros2/launch/view_sllidar_s1_tcp_launch.py
[0.418s] -- Up-to-date: /home/jongbob/dev_ws/ros2-study/week1_ros2_basics/install/sllidar_ros2/share/sllidar_ros2/launch/view_sllidar_s1_launch.py
[0.418s] -- Up-to-date: /home/jongbob/dev_ws/ros2-study/week1_ros2_basics/install/sllidar_ros2/share/sllidar_ros2/launch/view_sllidar_s3_launch.py
[0.419s] -- Up-to-date: /home/jongbob/dev_ws/ros2-study/week1_ros2_basics/install/sllidar_ros2/share/sllidar_ros2/launch/view_sllidar_t1_launch.py
[0.419s] -- Up-to-date: /home/jongbob/dev_ws/ros2-study/week1_ros2_basics/install/sllidar_ros2/share/sllidar_ros2/launch/sllidar_c1_launch.py
[0.419s] -- Up-to-date: /home/jongbob/dev_ws/ros2-study/week1_ros2_basics/install/sllidar_ros2/share/sllidar_ros2/launch/sllidar_s3_launch.py
[0.419s] -- Up-to-date: /home/jongbob/dev_ws/ros2-study/week1_ros2_basics/install/sllidar_ros2/share/sllidar_ros2/launch/sllidar_s1_tcp_launch.py
[0.419s] -- Up-to-date: /home/jongbob/dev_ws/ros2-study/week1_ros2_basics/install/sllidar_ros2/share/sllidar_ros2/launch/sllidar_a2m12_launch .py
[0.419s] -- Up-to-date: /home/jongbob/dev_ws/ros2-study/week1_ros2_basics/install/sllidar_ros2/share/sllidar_ros2/launch/view_sllidar_s2e_launch.py
[0.419s] -- Up-to-date: /home/jongbob/dev_ws/ros2-study/week1_ros2_basics/install/sllidar_ros2/share/sllidar_ros2/launch/view_sllidar_a2m8_launch.py
[0.419s] -- Up-to-date: /home/jongbob/dev_ws/ros2-study/week1_ros2_basics/install/sllidar_ros2/share/sllidar_ros2/launch/sllidar_s2e_launch.py
[0.419s] -- Up-to-date: /home/jongbob/dev_ws/ros2-study/week1_ros2_basics/install/sllidar_ros2/share/sllidar_ros2/launch/view_sllidar_a3_launch.py
[0.419s] -- Up-to-date: /home/jongbob/dev_ws/ros2-study/week1_ros2_basics/install/sllidar_ros2/share/sllidar_ros2/launch/sllidar_s2_launch.py
[0.419s] -- Up-to-date: /home/jongbob/dev_ws/ros2-study/week1_ros2_basics/install/sllidar_ros2/share/sllidar_ros2/launch/view_sllidar_c1_launch.py
[0.419s] -- Up-to-date: /home/jongbob/dev_ws/ros2-study/week1_ros2_basics/install/sllidar_ros2/share/sllidar_ros2/launch/sllidar_a3_launch.py
[0.419s] -- Up-to-date: /home/jongbob/dev_ws/ros2-study/week1_ros2_basics/install/sllidar_ros2/share/sllidar_ros2/rviz
[0.420s] -- Up-to-date: /home/jongbob/dev_ws/ros2-study/week1_ros2_basics/install/sllidar_ros2/share/sllidar_ros2/rviz/sllidar_ros2.rviz
[0.420s] -- Up-to-date: /home/jongbob/dev_ws/ros2-study/week1_ros2_basics/install/sllidar_ros2/lib/sllidar_ros2/sllidar_node
[0.420s] -- Up-to-date: /home/jongbob/dev_ws/ros2-study/week1_ros2_basics/install/sllidar_ros2/lib/sllidar_ros2/sllidar_client
[0.420s] -- Up-to-date: /home/jongbob/dev_ws/ros2-study/week1_ros2_basics/install/sllidar_ros2/share/ament_index/resource_index/package_run_dependencies/sllidar_ros2
[0.420s] -- Up-to-date: /home/jongbob/dev_ws/ros2-study/week1_ros2_basics/install/sllidar_ros2/share/ament_index/resource_index/parent_prefix_path/sllidar_ros2
[0.420s] -- Up-to-date: /home/jongbob/dev_ws/ros2-study/week1_ros2_basics/install/sllidar_ros2/share/sllidar_ros2/environment/ament_prefix_path.sh
[0.420s] -- Up-to-date: /home/jongbob/dev_ws/ros2-study/week1_ros2_basics/install/sllidar_ros2/share/sllidar_ros2/environment/ament_prefix_path.dsv
[0.420s] -- Up-to-date: /home/jongbob/dev_ws/ros2-study/week1_ros2_basics/install/sllidar_ros2/share/sllidar_ros2/environment/path.sh
[0.420s] -- Up-to-date: /home/jongbob/dev_ws/ros2-study/week1_ros2_basics/install/sllidar_ros2/share/sllidar_ros2/environment/path.dsv
[0.420s] -- Up-to-date: /home/jongbob/dev_ws/ros2-study/week1_ros2_basics/install/sllidar_ros2/share/sllidar_ros2/local_setup.bash
[0.420s] -- Up-to-date: /home/jongbob/dev_ws/ros2-study/week1_ros2_basics/install/sllidar_ros2/share/sllidar_ros2/local_setup.sh
[0.420s] -- Up-to-date: /home/jongbob/dev_ws/ros2-study/week1_ros2_basics/install/sllidar_ros2/share/sllidar_ros2/local_setup.zsh
[0.420s] -- Up-to-date: /home/jongbob/dev_ws/ros2-study/week1_ros2_basics/install/sllidar_ros2/share/sllidar_ros2/local_setup.dsv
[0.420s] -- Installing: /home/jongbob/dev_ws/ros2-study/week1_ros2_basics/install/sllidar_ros2/share/sllidar_ros2/package.dsv
[0.421s] -- Up-to-date: /home/jongbob/dev_ws/ros2-study/week1_ros2_basics/install/sllidar_ros2/share/ament_index/resource_index/packages/sllidar_ros2
[0.421s] -- Up-to-date: /home/jongbob/dev_ws/ros2-study/week1_ros2_basics/install/sllidar_ros2/share/sllidar_ros2/cmake/ament_cmake_export_dependencies-extras.cmake
[0.421s] -- Up-to-date: /home/jongbob/dev_ws/ros2-study/week1_ros2_basics/install/sllidar_ros2/share/sllidar_ros2/cmake/ament_cmake_export_include_directories-extras.cmake
[0.421s] -- Up-to-date: /home/jongbob/dev_ws/ros2-study/week1_ros2_basics/install/sllidar_ros2/share/sllidar_ros2/cmake/sllidar_ros2Config.cmake
[0.421s] -- Up-to-date: /home/jongbob/dev_ws/ros2-study/week1_ros2_basics/install/sllidar_ros2/share/sllidar_ros2/cmake/sllidar_ros2Config-version.cmake
[0.421s] -- Up-to-date: /home/jongbob/dev_ws/ros2-study/week1_ros2_basics/install/sllidar_ros2/share/sllidar_ros2/package.xml
[0.445s] Invoked command in '/home/jongbob/dev_ws/ros2-study/week1_ros2_basics/build/sllidar_ros2' returned '0': CMAKE_PREFIX_PATH=/home/jongbob/dev_ws/ros2-study/week1_ros2_basics/install/vicpinky_navigation:/home/jongbob/dev_ws/ros2-study/week1_ros2_basics/install/vicpinky_gazebo:/home/jongbob/dev_ws/ros2-study/week1_ros2_basics/install/vicpinky_description:/home/jongbob/dev_ws/ros2-study/week1_ros2_basics/install/sllidar_ros2:/home/jongbob/dev_ws/ros2-study/week1_ros2_basics/install/vicpinky_bringup:/home/jongbob/dev_ws/ros2-study/week1_ros2_basics/install/robot_communication:/home/jongbob/dev_ws/ros2-study/week1_ros2_basics/src/install/robot_communication:/opt/ros/jazzy:/home/jongbob/dev_ws/ros2-study/week1_ros2_basics/install/simple_communication:/home/jongbob/dev_ws/ros2-study/week1_ros2_basics/src/install/simple_communication:/opt/ros/jazzy/opt/gz_sim_vendor:/opt/ros/jazzy/opt/gz_sensors_vendor:/opt/ros/jazzy/opt/gz_physics_vendor:/opt/ros/jazzy/opt/sdformat_vendor:/opt/ros/jazzy/opt/gz_gui_vendor:/opt/ros/jazzy/opt/gz_transport_vendor:/opt/ros/jazzy/opt/gz_rendering_vendor:/opt/ros/jazzy/opt/gz_plugin_vendor:/opt/ros/jazzy/opt/gz_fuel_tools_vendor:/opt/ros/jazzy/opt/gz_msgs_vendor:/opt/ros/jazzy/opt/gz_common_vendor:/opt/ros/jazzy/opt/gz_math_vendor:/opt/ros/jazzy/opt/gz_utils_vendor:/opt/ros/jazzy/opt/gz_tools_vendor:/opt/ros/jazzy/opt/gz_ogre_next_vendor:/opt/ros/jazzy/opt/gz_dartsim_vendor:/opt/ros/jazzy/opt/gz_cmake_vendor DEBUGINFOD_URLS=https://debuginfod.ubuntu.com PS1=(arm_venv) \[\e[1;34m\](ID: ${ROS_DOMAIN_ID:-0})\[\e[1;32m\]\u\[\e[0m\]:\[\e[1;34m\]\w\[\e[0m\]$ VIRTUAL_ENV_PROMPT=(arm_venv) /usr/bin/cmake --install /home/jongbob/dev_ws/ros2-study/week1_ros2_basics/build/sllidar_ros2
