[0.022s] Invoking command in '/home/jongbob/dev_ws/ros2-study/week1_ros2_basics/build/vicpinky_description': CMAKE_PREFIX_PATH=${CMAKE_PREFIX_PATH}:/opt/ros/jazzy DEBUGINFOD_URLS=https://debuginfod.ubuntu.com PS1=(arm_venv) \[\e[1;34m\](ID: ${ROS_DOMAIN_ID:-0})\[\e[1;32m\]\u\[\e[0m\]:\[\e[1;34m\]\w\[\e[0m\]$ VIRTUAL_ENV_PROMPT=(arm_venv) /usr/bin/cmake --build /home/jongbob/dev_ws/ros2-study/week1_ros2_basics/build/vicpinky_description -- -j8 -l8
[0.355s] Invoked command in '/home/jongbob/dev_ws/ros2-study/week1_ros2_basics/build/vicpinky_description' returned '0': CMAKE_PREFIX_PATH=${CMAKE_PREFIX_PATH}:/opt/ros/jazzy DEBUGINFOD_URLS=https://debuginfod.ubuntu.com PS1=(arm_venv) \[\e[1;34m\](ID: ${ROS_DOMAIN_ID:-0})\[\e[1;32m\]\u\[\e[0m\]:\[\e[1;34m\]\w\[\e[0m\]$ VIRTUAL_ENV_PROMPT=(arm_venv) /usr/bin/cmake --build /home/jongbob/dev_ws/ros2-study/week1_ros2_basics/build/vicpinky_description -- -j8 -l8
[0.361s] Invoking command in '/home/jongbob/dev_ws/ros2-study/week1_ros2_basics/build/vicpinky_description': CMAKE_PREFIX_PATH=${CMAKE_PREFIX_PATH}:/opt/ros/jazzy DEBUGINFOD_URLS=https://debuginfod.ubuntu.com PS1=(arm_venv) \[\e[1;34m\](ID: ${ROS_DOMAIN_ID:-0})\[\e[1;32m\]\u\[\e[0m\]:\[\e[1;34m\]\w\[\e[0m\]$ VIRTUAL_ENV_PROMPT=(arm_venv) /usr/bin/cmake --install /home/jongbob/dev_ws/ros2-study/week1_ros2_basics/build/vicpinky_description
[0.367s] -- Install configuration: ""
[0.371s] -- Up-to-date: /home/jongbob/dev_ws/ros2-study/week1_ros2_basics/install/vicpinky_description/share/vicpinky_description/rviz
[0.371s] -- Up-to-date: /home/jongbob/dev_ws/ros2-study/week1_ros2_basics/install/vicpinky_description/share/vicpinky_description/rviz/urdf_config.rviz
[0.371s] -- Up-to-date: /home/jongbob/dev_ws/ros2-study/week1_ros2_basics/install/vicpinky_description/share/vicpinky_description/urdf
[0.371s] -- Up-to-date: /home/jongbob/dev_ws/ros2-study/week1_ros2_basics/install/vicpinky_description/share/vicpinky_description/urdf/inertial_macros.xacro
[0.371s] -- Up-to-date: /home/jongbob/dev_ws/ros2-study/week1_ros2_basics/install/vicpinky_description/share/vicpinky_description/urdf/robot_core.xacro
[0.371s] -- Up-to-date: /home/jongbob/dev_ws/ros2-study/week1_ros2_basics/install/vicpinky_description/share/vicpinky_description/urdf/camera.xacro
[0.372s] -- Up-to-date: /home/jongbob/dev_ws/ros2-study/week1_ros2_basics/install/vicpinky_description/share/vicpinky_description/urdf/robot.urdf.xacro
[0.372s] -- Up-to-date: /home/jongbob/dev_ws/ros2-study/week1_ros2_basics/install/vicpinky_description/share/vicpinky_description/urdf/lidar.xacro
[0.372s] -- Up-to-date: /home/jongbob/dev_ws/ros2-study/week1_ros2_basics/install/vicpinky_description/share/vicpinky_description/urdf/gazebo_control.xacro
[0.372s] -- Up-to-date: /home/jongbob/dev_ws/ros2-study/week1_ros2_basics/install/vicpinky_description/share/vicpinky_description/urdf/robot_gazebo.xacro
[0.372s] -- Up-to-date: /home/jongbob/dev_ws/ros2-study/week1_ros2_basics/install/vicpinky_description/share/vicpinky_description/launch
[0.372s] -- Up-to-date: /home/jongbob/dev_ws/ros2-study/week1_ros2_basics/install/vicpinky_description/share/vicpinky_description/launch/display.launch.xml
[0.372s] -- Up-to-date: /home/jongbob/dev_ws/ros2-study/week1_ros2_basics/install/vicpinky_description/share/vicpinky_description/launch/upload.launch.xml
[0.372s] -- Up-to-date: /home/jongbob/dev_ws/ros2-study/week1_ros2_basics/install/vicpinky_description/share/vicpinky_description/meshes
[0.372s] -- Up-to-date: /home/jongbob/dev_ws/ros2-study/week1_ros2_basics/install/vicpinky_description/share/vicpinky_description/meshes/collision
[0.372s] -- Up-to-date: /home/jongbob/dev_ws/ros2-study/week1_ros2_basics/install/vicpinky_description/share/vicpinky_description/meshes/collision/lidar.stl
[0.372s] -- Up-to-date: /home/jongbob/dev_ws/ros2-study/week1_ros2_basics/install/vicpinky_description/share/vicpinky_description/meshes/visual
[0.372s] -- Up-to-date: /home/jongbob/dev_ws/ros2-study/week1_ros2_basics/install/vicpinky_description/share/vicpinky_description/meshes/visual/lidar.dae
[0.372s] -- Up-to-date: /home/jongbob/dev_ws/ros2-study/week1_ros2_basics/install/vicpinky_description/share/ament_index/resource_index/package_run_dependencies/vicpinky_description
[0.372s] -- Up-to-date: /home/jongbob/dev_ws/ros2-study/week1_ros2_basics/install/vicpinky_description/share/ament_index/resource_index/parent_prefix_path/vicpinky_description
[0.372s] -- Up-to-date: /home/jongbob/dev_ws/ros2-study/week1_ros2_basics/install/vicpinky_description/share/vicpinky_description/environment/ament_prefix_path.sh
[0.372s] -- Up-to-date: /home/jongbob/dev_ws/ros2-study/week1_ros2_basics/install/vicpinky_description/share/vicpinky_description/environment/ament_prefix_path.dsv
[0.373s] -- Up-to-date: /home/jongbob/dev_ws/ros2-study/week1_ros2_basics/install/vicpinky_description/share/vicpinky_description/environment/path.sh
[0.373s] -- Up-to-date: /home/jongbob/dev_ws/ros2-study/week1_ros2_basics/install/vicpinky_description/share/vicpinky_description/environment/path.dsv
[0.373s] -- Up-to-date: /home/jongbob/dev_ws/ros2-study/week1_ros2_basics/install/vicpinky_description/share/vicpinky_description/local_setup.bash
[0.373s] -- Up-to-date: /home/jongbob/dev_ws/ros2-study/week1_ros2_basics/install/vicpinky_description/share/vicpinky_description/local_setup.sh
[0.373s] -- Up-to-date: /home/jongbob/dev_ws/ros2-study/week1_ros2_basics/install/vicpinky_description/share/vicpinky_description/local_setup.zsh
[0.373s] -- Up-to-date: /home/jongbob/dev_ws/ros2-study/week1_ros2_basics/install/vicpinky_description/share/vicpinky_description/local_setup.dsv
[0.373s] -- Installing: /home/jongbob/dev_ws/ros2-study/week1_ros2_basics/install/vicpinky_description/share/vicpinky_description/package.dsv
[0.373s] -- Up-to-date: /home/jongbob/dev_ws/ros2-study/week1_ros2_basics/install/vicpinky_description/share/ament_index/resource_index/packages/vicpinky_description
[0.373s] -- Up-to-date: /home/jongbob/dev_ws/ros2-study/week1_ros2_basics/install/vicpinky_description/share/vicpinky_description/cmake/vicpinky_descriptionConfig.cmake
[0.373s] -- Up-to-date: /home/jongbob/dev_ws/ros2-study/week1_ros2_basics/install/vicpinky_description/share/vicpinky_description/cmake/vicpinky_descriptionConfig-version.cmake
[0.373s] -- Up-to-date: /home/jongbob/dev_ws/ros2-study/week1_ros2_basics/install/vicpinky_description/share/vicpinky_description/package.xml
[0.377s] Invoked command in '/home/jongbob/dev_ws/ros2-study/week1_ros2_basics/build/vicpinky_description' returned '0': CMAKE_PREFIX_PATH=${CMAKE_PREFIX_PATH}:/opt/ros/jazzy DEBUGINFOD_URLS=https://debuginfod.ubuntu.com PS1=(arm_venv) \[\e[1;34m\](ID: ${ROS_DOMAIN_ID:-0})\[\e[1;32m\]\u\[\e[0m\]:\[\e[1;34m\]\w\[\e[0m\]$ VIRTUAL_ENV_PROMPT=(arm_venv) /usr/bin/cmake --install /home/jongbob/dev_ws/ros2-study/week1_ros2_basics/build/vicpinky_description
