[0.674s] Invoking command in '/home/jongbob/dev_ws/ros2-study/week2_slam/src/vic_pinky_VSLAM/vicpinky_bringup': DEBUGINFOD_URLS=https://debuginfod.ubuntu.com PYTHONPATH=/home/jongbob/dev_ws/ros2-study/week2_slam/build/vicpinky_bringup/prefix_override:/usr/lib/python3/dist-packages/colcon_core/task/python/colcon_distutils_commands:/home/jongbob/dev_ws/ros2-study/week2_slam/install/vicpinky_bringup/lib/python3.12/site-packages:${PYTHONPATH} /usr/bin/python3 -W ignore:setup.py install is deprecated -W ignore:easy_install command is deprecated setup.py egg_info --egg-base ../../../build/vicpinky_bringup build --build-base /home/jongbob/dev_ws/ros2-study/week2_slam/build/vicpinky_bringup/build install --record /home/jongbob/dev_ws/ros2-study/week2_slam/build/vicpinky_bringup/install.log --single-version-externally-managed install_data
[0.894s] running egg_info
[0.894s] creating ../../../build/vicpinky_bringup/vicpinky_bringup.egg-info
[0.910s] writing ../../../build/vicpinky_bringup/vicpinky_bringup.egg-info/PKG-INFO
[0.910s] writing dependency_links to ../../../build/vicpinky_bringup/vicpinky_bringup.egg-info/dependency_links.txt
[0.910s] writing entry points to ../../../build/vicpinky_bringup/vicpinky_bringup.egg-info/entry_points.txt
[0.911s] writing requirements to ../../../build/vicpinky_bringup/vicpinky_bringup.egg-info/requires.txt
[0.911s] writing top-level names to ../../../build/vicpinky_bringup/vicpinky_bringup.egg-info/top_level.txt
[0.911s] writing manifest file '../../../build/vicpinky_bringup/vicpinky_bringup.egg-info/SOURCES.txt'
[0.943s] reading manifest file '../../../build/vicpinky_bringup/vicpinky_bringup.egg-info/SOURCES.txt'
[0.944s] writing manifest file '../../../build/vicpinky_bringup/vicpinky_bringup.egg-info/SOURCES.txt'
[0.944s] running build
[0.944s] running build_py
[0.944s] creating /home/jongbob/dev_ws/ros2-study/week2_slam/build/vicpinky_bringup/build
[0.944s] creating /home/jongbob/dev_ws/ros2-study/week2_slam/build/vicpinky_bringup/build/lib
[0.944s] creating /home/jongbob/dev_ws/ros2-study/week2_slam/build/vicpinky_bringup/build/lib/vicpinky_bringup
[0.944s] copying vicpinky_bringup/__init__.py -> /home/jongbob/dev_ws/ros2-study/week2_slam/build/vicpinky_bringup/build/lib/vicpinky_bringup
[0.944s] copying vicpinky_bringup/zlac_driver.py -> /home/jongbob/dev_ws/ros2-study/week2_slam/build/vicpinky_bringup/build/lib/vicpinky_bringup
[0.944s] copying vicpinky_bringup/bringup.py -> /home/jongbob/dev_ws/ros2-study/week2_slam/build/vicpinky_bringup/build/lib/vicpinky_bringup
[0.945s] running install
[0.954s] running install_lib
[0.973s] creating /home/jongbob/dev_ws/ros2-study/week2_slam/install/vicpinky_bringup/lib/python3.12/site-packages/vicpinky_bringup
[0.973s] copying /home/jongbob/dev_ws/ros2-study/week2_slam/build/vicpinky_bringup/build/lib/vicpinky_bringup/__init__.py -> /home/jongbob/dev_ws/ros2-study/week2_slam/install/vicpinky_bringup/lib/python3.12/site-packages/vicpinky_bringup
[0.973s] copying /home/jongbob/dev_ws/ros2-study/week2_slam/build/vicpinky_bringup/build/lib/vicpinky_bringup/zlac_driver.py -> /home/jongbob/dev_ws/ros2-study/week2_slam/install/vicpinky_bringup/lib/python3.12/site-packages/vicpinky_bringup
[0.973s] copying /home/jongbob/dev_ws/ros2-study/week2_slam/build/vicpinky_bringup/build/lib/vicpinky_bringup/bringup.py -> /home/jongbob/dev_ws/ros2-study/week2_slam/install/vicpinky_bringup/lib/python3.12/site-packages/vicpinky_bringup
[0.974s] byte-compiling /home/jongbob/dev_ws/ros2-study/week2_slam/install/vicpinky_bringup/lib/python3.12/site-packages/vicpinky_bringup/__init__.py to __init__.cpython-312.pyc
[0.974s] byte-compiling /home/jongbob/dev_ws/ros2-study/week2_slam/install/vicpinky_bringup/lib/python3.12/site-packages/vicpinky_bringup/zlac_driver.py to zlac_driver.cpython-312.pyc
[0.975s] byte-compiling /home/jongbob/dev_ws/ros2-study/week2_slam/install/vicpinky_bringup/lib/python3.12/site-packages/vicpinky_bringup/bringup.py to bringup.cpython-312.pyc
[0.976s] running install_data
[0.976s] creating /home/jongbob/dev_ws/ros2-study/week2_slam/install/vicpinky_bringup/share/ament_index
[0.977s] creating /home/jongbob/dev_ws/ros2-study/week2_slam/install/vicpinky_bringup/share/ament_index/resource_index
[0.977s] creating /home/jongbob/dev_ws/ros2-study/week2_slam/install/vicpinky_bringup/share/ament_index/resource_index/packages
[0.977s] copying resource/vicpinky_bringup -> /home/jongbob/dev_ws/ros2-study/week2_slam/install/vicpinky_bringup/share/ament_index/resource_index/packages
[0.977s] copying package.xml -> /home/jongbob/dev_ws/ros2-study/week2_slam/install/vicpinky_bringup/share/vicpinky_bringup
[0.977s] creating /home/jongbob/dev_ws/ros2-study/week2_slam/install/vicpinky_bringup/share/vicpinky_bringup/launch
[0.977s] copying launch/gazebo_bringup.launch.xml -> /home/jongbob/dev_ws/ros2-study/week2_slam/install/vicpinky_bringup/share/vicpinky_bringup/launch
[0.977s] copying launch/bringup.launch.xml -> /home/jongbob/dev_ws/ros2-study/week2_slam/install/vicpinky_bringup/share/vicpinky_bringup/launch
[0.977s] copying launch/gazebo_multi_spwan.launch.xml -> /home/jongbob/dev_ws/ros2-study/week2_slam/install/vicpinky_bringup/share/vicpinky_bringup/launch
[0.977s] creating /home/jongbob/dev_ws/ros2-study/week2_slam/install/vicpinky_bringup/share/vicpinky_bringup/config
[0.977s] copying config/laser_filter.yaml -> /home/jongbob/dev_ws/ros2-study/week2_slam/install/vicpinky_bringup/share/vicpinky_bringup/config
[0.977s] running install_egg_info
[0.993s] Copying ../../../build/vicpinky_bringup/vicpinky_bringup.egg-info to /home/jongbob/dev_ws/ros2-study/week2_slam/install/vicpinky_bringup/lib/python3.12/site-packages/vicpinky_bringup-0.0.0-py3.12.egg-info
[0.993s] running install_scripts
[1.100s] Installing bringup script to /home/jongbob/dev_ws/ros2-study/week2_slam/install/vicpinky_bringup/lib/vicpinky_bringup
[1.101s] writing list of installed files to '/home/jongbob/dev_ws/ros2-study/week2_slam/build/vicpinky_bringup/install.log'
[1.125s] Invoked command in '/home/jongbob/dev_ws/ros2-study/week2_slam/src/vic_pinky_VSLAM/vicpinky_bringup' returned '0': DEBUGINFOD_URLS=https://debuginfod.ubuntu.com PYTHONPATH=/home/jongbob/dev_ws/ros2-study/week2_slam/build/vicpinky_bringup/prefix_override:/usr/lib/python3/dist-packages/colcon_core/task/python/colcon_distutils_commands:/home/jongbob/dev_ws/ros2-study/week2_slam/install/vicpinky_bringup/lib/python3.12/site-packages:${PYTHONPATH} /usr/bin/python3 -W ignore:setup.py install is deprecated -W ignore:easy_install command is deprecated setup.py egg_info --egg-base ../../../build/vicpinky_bringup build --build-base /home/jongbob/dev_ws/ros2-study/week2_slam/build/vicpinky_bringup/build install --record /home/jongbob/dev_ws/ros2-study/week2_slam/build/vicpinky_bringup/install.log --single-version-externally-managed install_data
