[0.756s] Invoking command in '/home/jongbob/dev_ws/ros2-study/week2_slam/src/vic_pinky_VSLAM/vicpinky_bringup': DEBUGINFOD_URLS=https://debuginfod.ubuntu.com PS1=(arm_venv) \[\e[1;34m\](ID: ${ROS_DOMAIN_ID:-0})\[\e[1;32m\]\u\[\e[0m\]:\[\e[1;34m\]\w\[\e[0m\]$ PYTHONPATH=/home/jongbob/dev_ws/ros2-study/week2_slam/build/vicpinky_bringup/prefix_override:/usr/lib/python3/dist-packages/colcon_core/task/python/colcon_distutils_commands:/home/jongbob/dev_ws/ros2-study/week2_slam/install/vicpinky_bringup/lib/python3.12/site-packages:${PYTHONPATH} VIRTUAL_ENV_PROMPT=(arm_venv) /usr/bin/python3 -W ignore:setup.py install is deprecated -W ignore:easy_install command is deprecated setup.py egg_info --egg-base ../../../build/vicpinky_bringup build --build-base /home/jongbob/dev_ws/ros2-study/week2_slam/build/vicpinky_bringup/build install --record /home/jongbob/dev_ws/ros2-study/week2_slam/build/vicpinky_bringup/install.log --single-version-externally-managed install_data
[0.937s] running egg_info
[0.950s] writing ../../../build/vicpinky_bringup/vicpinky_bringup.egg-info/PKG-INFO
[0.950s] writing dependency_links to ../../../build/vicpinky_bringup/vicpinky_bringup.egg-info/dependency_links.txt
[0.950s] writing entry points to ../../../build/vicpinky_bringup/vicpinky_bringup.egg-info/entry_points.txt
[0.950s] writing requirements to ../../../build/vicpinky_bringup/vicpinky_bringup.egg-info/requires.txt
[0.951s] writing top-level names to ../../../build/vicpinky_bringup/vicpinky_bringup.egg-info/top_level.txt
[0.977s] reading manifest file '../../../build/vicpinky_bringup/vicpinky_bringup.egg-info/SOURCES.txt'
[0.978s] writing manifest file '../../../build/vicpinky_bringup/vicpinky_bringup.egg-info/SOURCES.txt'
[0.978s] running build
[0.978s] running build_py
[0.978s] running install
[0.983s] running install_lib
[0.996s] running install_data
[0.997s] running install_egg_info
[1.011s] removing '/home/jongbob/dev_ws/ros2-study/week2_slam/install/vicpinky_bringup/lib/python3.12/site-packages/vicpinky_bringup-0.0.0-py3.12.egg-info' (and everything under it)
[1.011s] Copying ../../../build/vicpinky_bringup/vicpinky_bringup.egg-info to /home/jongbob/dev_ws/ros2-study/week2_slam/install/vicpinky_bringup/lib/python3.12/site-packages/vicpinky_bringup-0.0.0-py3.12.egg-info
[1.012s] running install_scripts
[1.099s] Installing bringup script to /home/jongbob/dev_ws/ros2-study/week2_slam/install/vicpinky_bringup/lib/vicpinky_bringup
[1.099s] writing list of installed files to '/home/jongbob/dev_ws/ros2-study/week2_slam/build/vicpinky_bringup/install.log'
[1.120s] Invoked command in '/home/jongbob/dev_ws/ros2-study/week2_slam/src/vic_pinky_VSLAM/vicpinky_bringup' returned '0': DEBUGINFOD_URLS=https://debuginfod.ubuntu.com PS1=(arm_venv) \[\e[1;34m\](ID: ${ROS_DOMAIN_ID:-0})\[\e[1;32m\]\u\[\e[0m\]:\[\e[1;34m\]\w\[\e[0m\]$ PYTHONPATH=/home/jongbob/dev_ws/ros2-study/week2_slam/build/vicpinky_bringup/prefix_override:/usr/lib/python3/dist-packages/colcon_core/task/python/colcon_distutils_commands:/home/jongbob/dev_ws/ros2-study/week2_slam/install/vicpinky_bringup/lib/python3.12/site-packages:${PYTHONPATH} VIRTUAL_ENV_PROMPT=(arm_venv) /usr/bin/python3 -W ignore:setup.py install is deprecated -W ignore:easy_install command is deprecated setup.py egg_info --egg-base ../../../build/vicpinky_bringup build --build-base /home/jongbob/dev_ws/ros2-study/week2_slam/build/vicpinky_bringup/build install --record /home/jongbob/dev_ws/ros2-study/week2_slam/build/vicpinky_bringup/install.log --single-version-externally-managed install_data
